#
# There is insufficient memory for the Java Runtime Environment to continue.
# Native memory allocation (malloc) failed to allocate 1199536 bytes for Chunk::new
# Possible reasons:
#   The system is out of physical RAM or swap space
#   The process is running with CompressedOops enabled, and the Java Heap may be blocking the growth of the native heap
# Possible solutions:
#   Reduce memory load on the system
#   Increase physical memory or swap space
#   Check if swap backing store is full
#   Decrease Java heap size (-Xmx/-Xms)
#   Decrease number of Java threads
#   Decrease Java thread stack sizes (-Xss)
#   Set larger code cache with -XX:ReservedCodeCacheSize=
#   JVM is running with Unscaled Compressed Oops mode in which the Java heap is
#     placed in the first 4GB address space. The Java Heap base address is the
#     maximum limit for the native heap growth. Please use -XX:HeapBaseMinAddress
#     to set the Java Heap base and to place the Java Heap above 4GB virtual address.
# This output file may be truncated or incomplete.
#
#  Out of Memory Error (arena.cpp:191), pid=18136, tid=17864
#
# JRE version: OpenJDK Runtime Environment Temurin-17.0.10+7 (17.0.10+7) (build 17.0.10+7)
# Java VM: OpenJDK 64-Bit Server VM Temurin-17.0.10+7 (17.0.10+7, mixed mode, tiered, compressed oops, compressed class ptrs, parallel gc, windows-amd64)
# No core dump will be written. Minidumps are not enabled by default on client versions of Windows
#

---------------  S U M M A R Y ------------

Command Line: --add-modules=ALL-SYSTEM --add-opens=java.base/java.util=ALL-UNNAMED --add-opens=java.base/java.lang=ALL-UNNAMED --add-opens=java.base/sun.nio.fs=ALL-UNNAMED -Declipse.application=org.eclipse.jdt.ls.core.id1 -Dosgi.bundles.defaultStartLevel=4 -Declipse.product=org.eclipse.jdt.ls.core.product -Djava.import.generatesMetadataFilesAtProjectRoot=false -DDetectVMInstallationsJob.disabled=true -Dfile.encoding=utf8 -XX:+UseParallelGC -XX:GCTimeRatio=4 -XX:AdaptiveSizePolicyWeight=90 -Dsun.zip.disableMemoryMapping=true -Xmx1G -Xms100m -Xlog:disable -javaagent:c:\Users\USER\.vscode\extensions\redhat.java-1.28.1-win32-x64\lombok\lombok-1.18.31.jar -XX:+HeapDumpOnOutOfMemoryError -XX:HeapDumpPath=c:\Users\USER\AppData\Roaming\Code\User\workspaceStorage\2bc9def59a76bb2c09dd8f23c0cd6ce8\redhat.java -Daether.dependencyCollector.impl=bf c:\Users\USER\.vscode\extensions\redhat.java-1.28.1-win32-x64\server\plugins\org.eclipse.equinox.launcher_1.6.700.v20231214-2017.jar -configuration c:\Users\USER\AppData\Roaming\Code\User\globalStorage\redhat.java\1.28.1\config_win -data c:\Users\USER\AppData\Roaming\Code\User\workspaceStorage\2bc9def59a76bb2c09dd8f23c0cd6ce8\redhat.java\jdt_ws --stdio

Host: 12th Gen Intel(R) Core(TM) i5-12450H, 12 cores, 7G,  Windows 11 , 64 bit Build 22621 (10.0.22621.3085)
Time: Wed Feb 21 23:00:44 2024 SE Asia Standard Time elapsed time: 3.460364 seconds (0d 0h 0m 3s)

---------------  T H R E A D  ---------------

Current thread (0x0000015c47a81c70):  JavaThread "C2 CompilerThread0" daemon [_thread_in_native, id=17864, stack(0x00000011caa00000,0x00000011cab00000)]


Current CompileTask:
C2:   3460 3919       4       jdk.internal.org.objectweb.asm.Frame::execute (2318 bytes)

Stack: [0x00000011caa00000,0x00000011cab00000]
Native frames: (J=compiled Java code, j=interpreted, Vv=VM code, C=native code)
V  [jvm.dll+0x67d2c9]
V  [jvm.dll+0x834afa]
V  [jvm.dll+0x8365be]
V  [jvm.dll+0x836c23]
V  [jvm.dll+0x2477ff]
V  [jvm.dll+0xac514]
V  [jvm.dll+0xacb5c]
V  [jvm.dll+0x366782]
V  [jvm.dll+0x330bfa]
V  [jvm.dll+0x33009a]
V  [jvm.dll+0x219ef1]
V  [jvm.dll+0x219311]
V  [jvm.dll+0x1a502d]
V  [jvm.dll+0x2290de]
V  [jvm.dll+0x2272ac]
V  [jvm.dll+0x7e9bb7]
V  [jvm.dll+0x7e3fba]
V  [jvm.dll+0x67c1b5]
C  [ucrtbase.dll+0x29363]
C  [KERNEL32.DLL+0x1257d]
C  [ntdll.dll+0x5aa58]


---------------  P R O C E S S  ---------------

Threads class SMR info:
_java_thread_list=0x0000015c4bcfed50, length=26, elements={
0x0000015c2eb0fe50, 0x0000015c42990010, 0x0000015c42992290, 0x0000015c47a59320,
0x0000015c47a59cf0, 0x0000015c47a5b000, 0x0000015c47a5c310, 0x0000015c47a81c70,
0x0000015c47a82d20, 0x0000015c47a845e0, 0x0000015c47b55870, 0x0000015c47c4e270,
0x0000015c4929a0c0, 0x0000015c49391020, 0x0000015c49772080, 0x0000015c49cc0810,
0x0000015c49a520a0, 0x0000015c4a122f00, 0x0000015c4a196310, 0x0000015c4a2891e0,
0x0000015c4a33e3b0, 0x0000015c4a33d990, 0x0000015c4a33f2e0, 0x0000015c4a33dea0,
0x0000015c4a33fd00, 0x0000015c4a33f7f0
}

Java Threads: ( => current thread )
  0x0000015c2eb0fe50 JavaThread "main" [_thread_in_vm, id=13980, stack(0x00000011ca100000,0x00000011ca200000)]
  0x0000015c42990010 JavaThread "Reference Handler" daemon [_thread_blocked, id=10668, stack(0x00000011ca400000,0x00000011ca500000)]
  0x0000015c42992290 JavaThread "Finalizer" daemon [_thread_blocked, id=2596, stack(0x00000011ca500000,0x00000011ca600000)]
  0x0000015c47a59320 JavaThread "Signal Dispatcher" daemon [_thread_blocked, id=16556, stack(0x00000011ca600000,0x00000011ca700000)]
  0x0000015c47a59cf0 JavaThread "Attach Listener" daemon [_thread_blocked, id=8080, stack(0x00000011ca700000,0x00000011ca800000)]
  0x0000015c47a5b000 JavaThread "Service Thread" daemon [_thread_blocked, id=352, stack(0x00000011ca800000,0x00000011ca900000)]
  0x0000015c47a5c310 JavaThread "Monitor Deflation Thread" daemon [_thread_blocked, id=1616, stack(0x00000011ca900000,0x00000011caa00000)]
=>0x0000015c47a81c70 JavaThread "C2 CompilerThread0" daemon [_thread_in_native, id=17864, stack(0x00000011caa00000,0x00000011cab00000)]
  0x0000015c47a82d20 JavaThread "C1 CompilerThread0" daemon [_thread_blocked, id=13332, stack(0x00000011cab00000,0x00000011cac00000)]
  0x0000015c47a845e0 JavaThread "Sweeper thread" daemon [_thread_blocked, id=18544, stack(0x00000011cac00000,0x00000011cad00000)]
  0x0000015c47b55870 JavaThread "Common-Cleaner" daemon [_thread_blocked, id=13704, stack(0x00000011cad00000,0x00000011cae00000)]
  0x0000015c47c4e270 JavaThread "C2 CompilerThread1" daemon [_thread_blocked, id=14044, stack(0x00000011cae00000,0x00000011caf00000)]
  0x0000015c4929a0c0 JavaThread "Notification Thread" daemon [_thread_blocked, id=18080, stack(0x00000011caf00000,0x00000011cb000000)]
  0x0000015c49391020 JavaThread "C2 CompilerThread2" daemon [_thread_blocked, id=5368, stack(0x00000011cb100000,0x00000011cb200000)]
  0x0000015c49772080 JavaThread "Active Thread: Equinox Container: 8fd5f768-deb4-42ab-983f-9dc8d234fb12" [_thread_blocked, id=15160, stack(0x00000011cb800000,0x00000011cb900000)]
  0x0000015c49cc0810 JavaThread "Framework Event Dispatcher: Equinox Container: 8fd5f768-deb4-42ab-983f-9dc8d234fb12" daemon [_thread_blocked, id=2560, stack(0x00000011cb900000,0x00000011cba00000)]
  0x0000015c49a520a0 JavaThread "Start Level: Equinox Container: 8fd5f768-deb4-42ab-983f-9dc8d234fb12" daemon [_thread_blocked, id=18600, stack(0x00000011cba00000,0x00000011cbb00000)]
  0x0000015c4a122f00 JavaThread "Bundle File Closer" daemon [_thread_blocked, id=12084, stack(0x00000011cbc00000,0x00000011cbd00000)]
  0x0000015c4a196310 JavaThread "SCR Component Actor" daemon [_thread_blocked, id=3644, stack(0x00000011cbd00000,0x00000011cbe00000)]
  0x0000015c4a2891e0 JavaThread "SCR Component Registry" daemon [_thread_blocked, id=84, stack(0x00000011cc000000,0x00000011cc100000)]
  0x0000015c4a33e3b0 JavaThread "Worker-JM" [_thread_blocked, id=7812, stack(0x00000011cc100000,0x00000011cc200000)]
  0x0000015c4a33d990 JavaThread "Worker-0" [_thread_blocked, id=7532, stack(0x00000011cc200000,0x00000011cc300000)]
  0x0000015c4a33f2e0 JavaThread "Worker-1" [_thread_blocked, id=17608, stack(0x00000011cc300000,0x00000011cc400000)]
  0x0000015c4a33dea0 JavaThread "Java indexing" daemon [_thread_blocked, id=18468, stack(0x00000011cc400000,0x00000011cc500000)]
  0x0000015c4a33fd00 JavaThread "JNA Cleaner" daemon [_thread_blocked, id=1792, stack(0x00000011cc500000,0x00000011cc600000)]
  0x0000015c4a33f7f0 JavaThread "pool-2-thread-1" [_thread_blocked, id=19144, stack(0x00000011cc600000,0x00000011cc700000)]

Other Threads:
  0x0000015c2eb99040 VMThread "VM Thread" [stack: 0x00000011ca300000,0x00000011ca400000] [id=16456]
  0x0000015c47da7f60 WatcherThread [stack: 0x00000011cb000000,0x00000011cb100000] [id=13616]
  0x0000015c2eb25250 GCTaskThread "GC Thread#0" [stack: 0x00000011ca200000,0x00000011ca300000] [id=9576]
  0x0000015c49ab1030 GCTaskThread "GC Thread#1" [stack: 0x00000011cb200000,0x00000011cb300000] [id=16124]
  0x0000015c49ab12f0 GCTaskThread "GC Thread#2" [stack: 0x00000011cb300000,0x00000011cb400000] [id=1296]
  0x0000015c498c1400 GCTaskThread "GC Thread#3" [stack: 0x00000011cb400000,0x00000011cb500000] [id=6436]
  0x0000015c498c16c0 GCTaskThread "GC Thread#4" [stack: 0x00000011cb500000,0x00000011cb600000] [id=11180]
  0x0000015c496f73d0 GCTaskThread "GC Thread#5" [stack: 0x00000011cb600000,0x00000011cb700000] [id=13284]
  0x0000015c496f7690 GCTaskThread "GC Thread#6" [stack: 0x00000011cb700000,0x00000011cb800000] [id=16588]
  0x0000015c499f0ce0 GCTaskThread "GC Thread#7" [stack: 0x00000011cbb00000,0x00000011cbc00000] [id=18420]
  0x0000015c49dfee30 GCTaskThread "GC Thread#8" [stack: 0x00000011cbe00000,0x00000011cbf00000] [id=2264]
  0x0000015c49dff0f0 GCTaskThread "GC Thread#9" [stack: 0x00000011cbf00000,0x00000011cc000000] [id=17848]

Threads with active compile tasks:
C2 CompilerThread0     3475 3919       4       jdk.internal.org.objectweb.asm.Frame::execute (2318 bytes)

VM state: not at safepoint (normal execution)

VM Mutex/Monitor currently owned by a thread: None

Heap address: 0x00000000c0000000, size: 1024 MB, Compressed Oops mode: 32-bit

CDS archive(s) not mapped
Compressed class space mapped at: 0x0000000100000000-0x0000000140000000, reserved size: 1073741824
Narrow klass base: 0x0000000000000000, Narrow klass shift: 3, Narrow klass range: 0x140000000

GC Precious Log:
 CPUs: 12 total, 12 available
 Memory: 7814M
 Large Page Support: Disabled
 NUMA Support: Disabled
 Compressed Oops: Enabled (32-bit)
 Alignments: Space 512K, Generation 512K, Heap 2M
 Heap Min Capacity: 100M
 Heap Initial Capacity: 100M
 Heap Max Capacity: 1G
 Pre-touch: Disabled
 Parallel Workers: 10

Heap:
 PSYoungGen      total 24576K, used 13875K [0x00000000eab00000, 0x00000000eca00000, 0x0000000100000000)
  eden space 23552K, 58% used [0x00000000eab00000,0x00000000eb88cea0,0x00000000ec200000)
  from space 1024K, 0% used [0x00000000ec700000,0x00000000ec700000,0x00000000ec800000)
  to   space 4096K, 0% used [0x00000000ec200000,0x00000000ec200000,0x00000000ec600000)
 ParOldGen       total 68608K, used 14865K [0x00000000c0000000, 0x00000000c4300000, 0x00000000eab00000)
  object space 68608K, 21% used [0x00000000c0000000,0x00000000c0e84670,0x00000000c4300000)
 Metaspace       used 37075K, committed 37888K, reserved 1114112K
  class space    used 3698K, committed 4032K, reserved 1048576K

Card table byte_map: [0x0000015c2e4a0000,0x0000015c2e6b0000] _byte_map_base: 0x0000015c2dea0000

Marking Bits: (ParMarkBitMap*) 0x00007ffd680bd7d0
 Begin Bits: [0x0000015c407a0000, 0x0000015c417a0000)
 End Bits:   [0x0000015c417a0000, 0x0000015c427a0000)

Polling page: 0x0000015c2c820000

Metaspace:

Usage:
  Non-class:     32.60 MB used.
      Class:      3.61 MB used.
       Both:     36.21 MB used.

Virtual space:
  Non-class space:       64.00 MB reserved,      33.06 MB ( 52%) committed,  1 nodes.
      Class space:        1.00 GB reserved,       3.94 MB ( <1%) committed,  1 nodes.
             Both:        1.06 GB reserved,      37.00 MB (  3%) committed. 

Chunk freelists:
   Non-Class:  14.98 MB
       Class:  11.95 MB
        Both:  26.93 MB

MaxMetaspaceSize: unlimited
CompressedClassSpaceSize: 1.00 GB
Initial GC threshold: 21.00 MB
Current GC threshold: 58.38 MB
CDS: off
MetaspaceReclaimPolicy: balanced
 - commit_granule_bytes: 65536.
 - commit_granule_words: 8192.
 - virtual_space_node_default_size: 8388608.
 - enlarge_chunks_in_place: 1.
 - new_chunks_are_fully_committed: 0.
 - uncommit_free_chunks: 1.
 - use_allocation_guard: 0.
 - handle_deallocations: 1.


Internal statistics:

num_allocs_failed_limit: 6.
num_arena_births: 396.
num_arena_deaths: 14.
num_vsnodes_births: 2.
num_vsnodes_deaths: 0.
num_space_committed: 592.
num_space_uncommitted: 0.
num_chunks_returned_to_freelist: 20.
num_chunks_taken_from_freelist: 1531.
num_chunk_merges: 7.
num_chunk_splits: 1016.
num_chunks_enlarged: 717.
num_inconsistent_stats: 0.

CodeHeap 'non-profiled nmethods': size=120000Kb used=2006Kb max_used=2006Kb free=117993Kb
 bounds [0x0000015c39270000, 0x0000015c394e0000, 0x0000015c407a0000]
CodeHeap 'profiled nmethods': size=120000Kb used=8388Kb max_used=8388Kb free=111611Kb
 bounds [0x0000015c317a0000, 0x0000015c31fe0000, 0x0000015c38cd0000]
CodeHeap 'non-nmethods': size=5760Kb used=1271Kb max_used=1348Kb free=4488Kb
 bounds [0x0000015c38cd0000, 0x0000015c38f40000, 0x0000015c39270000]
 total_blobs=4568 nmethods=3978 adapters=504
 compilation: enabled
              stopped_count=0, restarted_count=0
 full_count=0

Compilation events (20 events):
Event: 3.448 Thread 0x0000015c47a82d20 3936       3       java.util.Objects::hashCode (13 bytes)
Event: 3.449 Thread 0x0000015c47a82d20 nmethod 3936 0x0000015c31fb4990 code [0x0000015c31fb4b40, 0x0000015c31fb4d68]
Event: 3.449 Thread 0x0000015c47a82d20 3937       3       java.nio.HeapByteBuffer::getShort (29 bytes)
Event: 3.449 Thread 0x0000015c47c4e270 3939       4       sun.reflect.generics.parser.SignatureParser::current (59 bytes)
Event: 3.449 Thread 0x0000015c49391020 3941       4       jdk.internal.reflect.ByteVectorImpl::getLength (7 bytes)
Event: 3.449 Thread 0x0000015c47a82d20 nmethod 3937 0x0000015c31fb4e10 code [0x0000015c31fb5060, 0x0000015c31fb5a28]
Event: 3.449 Thread 0x0000015c47a82d20 3940       3       jdk.internal.reflect.ClassFileAssembler::emitConstantPoolMethodref (28 bytes)
Event: 3.449 Thread 0x0000015c49391020 nmethod 3941 0x0000015c39462190 code [0x0000015c39462300, 0x0000015c39462378]
Event: 3.450 Thread 0x0000015c47a82d20 nmethod 3940 0x0000015c31fb5e10 code [0x0000015c31fb6040, 0x0000015c31fb66c8]
Event: 3.450 Thread 0x0000015c47a82d20 3938   !   3       jdk.internal.misc.ScopedMemoryAccess::getShortUnaligned (22 bytes)
Event: 3.450 Thread 0x0000015c47c4e270 nmethod 3939 0x0000015c39462490 code [0x0000015c39462620, 0x0000015c39462728]
Event: 3.450 Thread 0x0000015c47a82d20 nmethod 3938 0x0000015c31fb6a90 code [0x0000015c31fb6c80, 0x0000015c31fb7208]
Event: 3.450 Thread 0x0000015c47a82d20 3942       1       sun.reflect.generics.visitor.Reifier::getFactory (5 bytes)
Event: 3.450 Thread 0x0000015c47a82d20 nmethod 3942 0x0000015c39462890 code [0x0000015c39462a20, 0x0000015c39462af8]
Event: 3.450 Thread 0x0000015c47a82d20 3943       1       sun.reflect.generics.tree.SimpleClassTypeSignature::getTypeArguments (5 bytes)
Event: 3.450 Thread 0x0000015c47a82d20 nmethod 3943 0x0000015c39462b90 code [0x0000015c39462d20, 0x0000015c39462df8]
Event: 3.450 Thread 0x0000015c47a82d20 3944       3       jdk.internal.org.objectweb.asm.Type::getArgumentTypes (154 bytes)
Event: 3.452 Thread 0x0000015c47a82d20 nmethod 3944 0x0000015c31fb7510 code [0x0000015c31fb79e0, 0x0000015c31fba408]
Event: 3.452 Thread 0x0000015c47a82d20 3945       3       jdk.internal.org.objectweb.asm.SymbolTable::addConstant (330 bytes)
Event: 3.453 Thread 0x0000015c47a82d20 nmethod 3945 0x0000015c31fbb410 code [0x0000015c31fbb980, 0x0000015c31fbe9d8]

GC Heap History (20 events):
Event: 1.605 GC heap before
{Heap before GC invocations=3 (full 0):
 PSYoungGen      total 29696K, used 29684K [0x00000000eab00000, 0x00000000ecc00000, 0x0000000100000000)
  eden space 25600K, 100% used [0x00000000eab00000,0x00000000ec400000,0x00000000ec400000)
  from space 4096K, 99% used [0x00000000ec800000,0x00000000ecbfd130,0x00000000ecc00000)
  to   space 4096K, 0% used [0x00000000ec400000,0x00000000ec400000,0x00000000ec800000)
 ParOldGen       total 68608K, used 1476K [0x00000000c0000000, 0x00000000c4300000, 0x00000000eab00000)
  object space 68608K, 2% used [0x00000000c0000000,0x00000000c0171268,0x00000000c4300000)
 Metaspace       used 16519K, committed 16768K, reserved 1114112K
  class space    used 1663K, committed 1792K, reserved 1048576K
}
Event: 1.610 GC heap after
{Heap after GC invocations=3 (full 0):
 PSYoungGen      total 29696K, used 4090K [0x00000000eab00000, 0x00000000ecc00000, 0x0000000100000000)
  eden space 25600K, 0% used [0x00000000eab00000,0x00000000eab00000,0x00000000ec400000)
  from space 4096K, 99% used [0x00000000ec400000,0x00000000ec7feb78,0x00000000ec800000)
  to   space 4096K, 0% used [0x00000000ec800000,0x00000000ec800000,0x00000000ecc00000)
 ParOldGen       total 68608K, used 5019K [0x00000000c0000000, 0x00000000c4300000, 0x00000000eab00000)
  object space 68608K, 7% used [0x00000000c0000000,0x00000000c04e6e60,0x00000000c4300000)
 Metaspace       used 16519K, committed 16768K, reserved 1114112K
  class space    used 1663K, committed 1792K, reserved 1048576K
}
Event: 2.000 GC heap before
{Heap before GC invocations=4 (full 0):
 PSYoungGen      total 29696K, used 29690K [0x00000000eab00000, 0x00000000ecc00000, 0x0000000100000000)
  eden space 25600K, 100% used [0x00000000eab00000,0x00000000ec400000,0x00000000ec400000)
  from space 4096K, 99% used [0x00000000ec400000,0x00000000ec7feb78,0x00000000ec800000)
  to   space 4096K, 0% used [0x00000000ec800000,0x00000000ec800000,0x00000000ecc00000)
 ParOldGen       total 68608K, used 5019K [0x00000000c0000000, 0x00000000c4300000, 0x00000000eab00000)
  object space 68608K, 7% used [0x00000000c0000000,0x00000000c04e6e60,0x00000000c4300000)
 Metaspace       used 20268K, committed 20672K, reserved 1114112K
  class space    used 2032K, committed 2176K, reserved 1048576K
}
Event: 2.004 GC heap after
{Heap after GC invocations=4 (full 0):
 PSYoungGen      total 29696K, used 4075K [0x00000000eab00000, 0x00000000ecc00000, 0x0000000100000000)
  eden space 25600K, 0% used [0x00000000eab00000,0x00000000eab00000,0x00000000ec400000)
  from space 4096K, 99% used [0x00000000ec800000,0x00000000ecbfad18,0x00000000ecc00000)
  to   space 4096K, 0% used [0x00000000ec400000,0x00000000ec400000,0x00000000ec800000)
 ParOldGen       total 68608K, used 6495K [0x00000000c0000000, 0x00000000c4300000, 0x00000000eab00000)
  object space 68608K, 9% used [0x00000000c0000000,0x00000000c0657d78,0x00000000c4300000)
 Metaspace       used 20268K, committed 20672K, reserved 1114112K
  class space    used 2032K, committed 2176K, reserved 1048576K
}
Event: 2.055 GC heap before
{Heap before GC invocations=5 (full 0):
 PSYoungGen      total 29696K, used 9525K [0x00000000eab00000, 0x00000000ecc00000, 0x0000000100000000)
  eden space 25600K, 21% used [0x00000000eab00000,0x00000000eb052840,0x00000000ec400000)
  from space 4096K, 99% used [0x00000000ec800000,0x00000000ecbfad18,0x00000000ecc00000)
  to   space 4096K, 0% used [0x00000000ec400000,0x00000000ec400000,0x00000000ec800000)
 ParOldGen       total 68608K, used 6495K [0x00000000c0000000, 0x00000000c4300000, 0x00000000eab00000)
  object space 68608K, 9% used [0x00000000c0000000,0x00000000c0657d78,0x00000000c4300000)
 Metaspace       used 21136K, committed 21504K, reserved 1114112K
  class space    used 2129K, committed 2304K, reserved 1048576K
}
Event: 2.057 GC heap after
{Heap after GC invocations=5 (full 0):
 PSYoungGen      total 29696K, used 4071K [0x00000000eab00000, 0x00000000ece00000, 0x0000000100000000)
  eden space 25600K, 0% used [0x00000000eab00000,0x00000000eab00000,0x00000000ec400000)
  from space 4096K, 99% used [0x00000000ec400000,0x00000000ec7f9c58,0x00000000ec800000)
  to   space 5120K, 0% used [0x00000000ec900000,0x00000000ec900000,0x00000000ece00000)
 ParOldGen       total 68608K, used 6833K [0x00000000c0000000, 0x00000000c4300000, 0x00000000eab00000)
  object space 68608K, 9% used [0x00000000c0000000,0x00000000c06ac630,0x00000000c4300000)
 Metaspace       used 21136K, committed 21504K, reserved 1114112K
  class space    used 2129K, committed 2304K, reserved 1048576K
}
Event: 2.057 GC heap before
{Heap before GC invocations=6 (full 1):
 PSYoungGen      total 29696K, used 4071K [0x00000000eab00000, 0x00000000ece00000, 0x0000000100000000)
  eden space 25600K, 0% used [0x00000000eab00000,0x00000000eab00000,0x00000000ec400000)
  from space 4096K, 99% used [0x00000000ec400000,0x00000000ec7f9c58,0x00000000ec800000)
  to   space 5120K, 0% used [0x00000000ec900000,0x00000000ec900000,0x00000000ece00000)
 ParOldGen       total 68608K, used 6833K [0x00000000c0000000, 0x00000000c4300000, 0x00000000eab00000)
  object space 68608K, 9% used [0x00000000c0000000,0x00000000c06ac630,0x00000000c4300000)
 Metaspace       used 21136K, committed 21504K, reserved 1114112K
  class space    used 2129K, committed 2304K, reserved 1048576K
}
Event: 2.072 GC heap after
{Heap after GC invocations=6 (full 1):
 PSYoungGen      total 29696K, used 0K [0x00000000eab00000, 0x00000000ece00000, 0x0000000100000000)
  eden space 25600K, 0% used [0x00000000eab00000,0x00000000eab00000,0x00000000ec400000)
  from space 4096K, 0% used [0x00000000ec400000,0x00000000ec400000,0x00000000ec800000)
  to   space 5120K, 0% used [0x00000000ec900000,0x00000000ec900000,0x00000000ece00000)
 ParOldGen       total 68608K, used 10605K [0x00000000c0000000, 0x00000000c4300000, 0x00000000eab00000)
  object space 68608K, 15% used [0x00000000c0000000,0x00000000c0a5b598,0x00000000c4300000)
 Metaspace       used 21136K, committed 21504K, reserved 1114112K
  class space    used 2129K, committed 2304K, reserved 1048576K
}
Event: 2.346 GC heap before
{Heap before GC invocations=7 (full 1):
 PSYoungGen      total 29696K, used 25599K [0x00000000eab00000, 0x00000000ece00000, 0x0000000100000000)
  eden space 25600K, 99% used [0x00000000eab00000,0x00000000ec3fff48,0x00000000ec400000)
  from space 4096K, 0% used [0x00000000ec400000,0x00000000ec400000,0x00000000ec800000)
  to   space 5120K, 0% used [0x00000000ec900000,0x00000000ec900000,0x00000000ece00000)
 ParOldGen       total 68608K, used 10605K [0x00000000c0000000, 0x00000000c4300000, 0x00000000eab00000)
  object space 68608K, 15% used [0x00000000c0000000,0x00000000c0a5b598,0x00000000c4300000)
 Metaspace       used 24396K, committed 24896K, reserved 1114112K
  class space    used 2481K, committed 2688K, reserved 1048576K
}
Event: 2.347 GC heap after
{Heap after GC invocations=7 (full 1):
 PSYoungGen      total 26112K, used 848K [0x00000000eab00000, 0x00000000eca00000, 0x0000000100000000)
  eden space 25088K, 0% used [0x00000000eab00000,0x00000000eab00000,0x00000000ec380000)
  from space 1024K, 82% used [0x00000000ec900000,0x00000000ec9d40a8,0x00000000eca00000)
  to   space 2560K, 0% used [0x00000000ec500000,0x00000000ec500000,0x00000000ec780000)
 ParOldGen       total 68608K, used 10613K [0x00000000c0000000, 0x00000000c4300000, 0x00000000eab00000)
  object space 68608K, 15% used [0x00000000c0000000,0x00000000c0a5d598,0x00000000c4300000)
 Metaspace       used 24396K, committed 24896K, reserved 1114112K
  class space    used 2481K, committed 2688K, reserved 1048576K
}
Event: 2.519 GC heap before
{Heap before GC invocations=8 (full 1):
 PSYoungGen      total 26112K, used 25936K [0x00000000eab00000, 0x00000000eca00000, 0x0000000100000000)
  eden space 25088K, 100% used [0x00000000eab00000,0x00000000ec380000,0x00000000ec380000)
  from space 1024K, 82% used [0x00000000ec900000,0x00000000ec9d40a8,0x00000000eca00000)
  to   space 2560K, 0% used [0x00000000ec500000,0x00000000ec500000,0x00000000ec780000)
 ParOldGen       total 68608K, used 10613K [0x00000000c0000000, 0x00000000c4300000, 0x00000000eab00000)
  object space 68608K, 15% used [0x00000000c0000000,0x00000000c0a5d598,0x00000000c4300000)
 Metaspace       used 27531K, committed 28160K, reserved 1114112K
  class space    used 2813K, committed 3072K, reserved 1048576K
}
Event: 2.520 GC heap after
{Heap after GC invocations=8 (full 1):
 PSYoungGen      total 27136K, used 2548K [0x00000000eab00000, 0x00000000eca00000, 0x0000000100000000)
  eden space 24576K, 0% used [0x00000000eab00000,0x00000000eab00000,0x00000000ec300000)
  from space 2560K, 99% used [0x00000000ec500000,0x00000000ec77d2f0,0x00000000ec780000)
  to   space 2560K, 0% used [0x00000000ec780000,0x00000000ec780000,0x00000000eca00000)
 ParOldGen       total 68608K, used 10917K [0x00000000c0000000, 0x00000000c4300000, 0x00000000eab00000)
  object space 68608K, 15% used [0x00000000c0000000,0x00000000c0aa9598,0x00000000c4300000)
 Metaspace       used 27531K, committed 28160K, reserved 1114112K
  class space    used 2813K, committed 3072K, reserved 1048576K
}
Event: 2.651 GC heap before
{Heap before GC invocations=9 (full 1):
 PSYoungGen      total 27136K, used 27124K [0x00000000eab00000, 0x00000000eca00000, 0x0000000100000000)
  eden space 24576K, 100% used [0x00000000eab00000,0x00000000ec300000,0x00000000ec300000)
  from space 2560K, 99% used [0x00000000ec500000,0x00000000ec77d2f0,0x00000000ec780000)
  to   space 2560K, 0% used [0x00000000ec780000,0x00000000ec780000,0x00000000eca00000)
 ParOldGen       total 68608K, used 10917K [0x00000000c0000000, 0x00000000c4300000, 0x00000000eab00000)
  object space 68608K, 15% used [0x00000000c0000000,0x00000000c0aa9598,0x00000000c4300000)
 Metaspace       used 30084K, committed 30720K, reserved 1114112K
  class space    used 2980K, committed 3200K, reserved 1048576K
}
Event: 2.652 GC heap after
{Heap after GC invocations=9 (full 1):
 PSYoungGen      total 26624K, used 2557K [0x00000000eab00000, 0x00000000eca00000, 0x0000000100000000)
  eden space 24064K, 0% used [0x00000000eab00000,0x00000000eab00000,0x00000000ec280000)
  from space 2560K, 99% used [0x00000000ec780000,0x00000000ec9ff6b8,0x00000000eca00000)
  to   space 3072K, 0% used [0x00000000ec400000,0x00000000ec400000,0x00000000ec700000)
 ParOldGen       total 68608K, used 11077K [0x00000000c0000000, 0x00000000c4300000, 0x00000000eab00000)
  object space 68608K, 16% used [0x00000000c0000000,0x00000000c0ad1598,0x00000000c4300000)
 Metaspace       used 30084K, committed 30720K, reserved 1114112K
  class space    used 2980K, committed 3200K, reserved 1048576K
}
Event: 2.805 GC heap before
{Heap before GC invocations=10 (full 1):
 PSYoungGen      total 26624K, used 26621K [0x00000000eab00000, 0x00000000eca00000, 0x0000000100000000)
  eden space 24064K, 100% used [0x00000000eab00000,0x00000000ec280000,0x00000000ec280000)
  from space 2560K, 99% used [0x00000000ec780000,0x00000000ec9ff6b8,0x00000000eca00000)
  to   space 3072K, 0% used [0x00000000ec400000,0x00000000ec400000,0x00000000ec700000)
 ParOldGen       total 68608K, used 11077K [0x00000000c0000000, 0x00000000c4300000, 0x00000000eab00000)
  object space 68608K, 16% used [0x00000000c0000000,0x00000000c0ad1598,0x00000000c4300000)
 Metaspace       used 32122K, committed 32768K, reserved 1114112K
  class space    used 3130K, committed 3392K, reserved 1048576K
}
Event: 2.808 GC heap after
{Heap after GC invocations=10 (full 1):
 PSYoungGen      total 26624K, used 2642K [0x00000000eab00000, 0x00000000ec800000, 0x0000000100000000)
  eden space 23552K, 0% used [0x00000000eab00000,0x00000000eab00000,0x00000000ec200000)
  from space 3072K, 86% used [0x00000000ec400000,0x00000000ec694910,0x00000000ec700000)
  to   space 1024K, 0% used [0x00000000ec700000,0x00000000ec700000,0x00000000ec800000)
 ParOldGen       total 68608K, used 13097K [0x00000000c0000000, 0x00000000c4300000, 0x00000000eab00000)
  object space 68608K, 19% used [0x00000000c0000000,0x00000000c0cca488,0x00000000c4300000)
 Metaspace       used 32122K, committed 32768K, reserved 1114112K
  class space    used 3130K, committed 3392K, reserved 1048576K
}
Event: 3.264 GC heap before
{Heap before GC invocations=11 (full 1):
 PSYoungGen      total 26624K, used 20574K [0x00000000eab00000, 0x00000000ec800000, 0x0000000100000000)
  eden space 23552K, 76% used [0x00000000eab00000,0x00000000ebc83250,0x00000000ec200000)
  from space 3072K, 86% used [0x00000000ec400000,0x00000000ec694910,0x00000000ec700000)
  to   space 1024K, 0% used [0x00000000ec700000,0x00000000ec700000,0x00000000ec800000)
 ParOldGen       total 68608K, used 13097K [0x00000000c0000000, 0x00000000c4300000, 0x00000000eab00000)
  object space 68608K, 19% used [0x00000000c0000000,0x00000000c0cca488,0x00000000c4300000)
 Metaspace       used 35125K, committed 35840K, reserved 1114112K
  class space    used 3460K, committed 3776K, reserved 1048576K
}
Event: 3.266 GC heap after
{Heap after GC invocations=11 (full 1):
 PSYoungGen      total 24576K, used 1012K [0x00000000eab00000, 0x00000000eca00000, 0x0000000100000000)
  eden space 23552K, 0% used [0x00000000eab00000,0x00000000eab00000,0x00000000ec200000)
  from space 1024K, 98% used [0x00000000ec700000,0x00000000ec7fd0a0,0x00000000ec800000)
  to   space 4096K, 0% used [0x00000000ec200000,0x00000000ec200000,0x00000000ec600000)
 ParOldGen       total 68608K, used 15568K [0x00000000c0000000, 0x00000000c4300000, 0x00000000eab00000)
  object space 68608K, 22% used [0x00000000c0000000,0x00000000c0f340a8,0x00000000c4300000)
 Metaspace       used 35125K, committed 35840K, reserved 1114112K
  class space    used 3460K, committed 3776K, reserved 1048576K
}
Event: 3.266 GC heap before
{Heap before GC invocations=12 (full 2):
 PSYoungGen      total 24576K, used 1012K [0x00000000eab00000, 0x00000000eca00000, 0x0000000100000000)
  eden space 23552K, 0% used [0x00000000eab00000,0x00000000eab00000,0x00000000ec200000)
  from space 1024K, 98% used [0x00000000ec700000,0x00000000ec7fd0a0,0x00000000ec800000)
  to   space 4096K, 0% used [0x00000000ec200000,0x00000000ec200000,0x00000000ec600000)
 ParOldGen       total 68608K, used 15568K [0x00000000c0000000, 0x00000000c4300000, 0x00000000eab00000)
  object space 68608K, 22% used [0x00000000c0000000,0x00000000c0f340a8,0x00000000c4300000)
 Metaspace       used 35125K, committed 35840K, reserved 1114112K
  class space    used 3460K, committed 3776K, reserved 1048576K
}
Event: 3.283 GC heap after
{Heap after GC invocations=12 (full 2):
 PSYoungGen      total 24576K, used 0K [0x00000000eab00000, 0x00000000eca00000, 0x0000000100000000)
  eden space 23552K, 0% used [0x00000000eab00000,0x00000000eab00000,0x00000000ec200000)
  from space 1024K, 0% used [0x00000000ec700000,0x00000000ec700000,0x00000000ec800000)
  to   space 4096K, 0% used [0x00000000ec200000,0x00000000ec200000,0x00000000ec600000)
 ParOldGen       total 68608K, used 14865K [0x00000000c0000000, 0x00000000c4300000, 0x00000000eab00000)
  object space 68608K, 21% used [0x00000000c0000000,0x00000000c0e84670,0x00000000c4300000)
 Metaspace       used 35112K, committed 35840K, reserved 1114112K
  class space    used 3457K, committed 3776K, reserved 1048576K
}

Dll operation events (10 events):
Event: 0.007 Loaded shared library c:\Users\USER\.vscode\extensions\redhat.java-1.28.1-win32-x64\jre\17.0.10-win32-x86_64\bin\java.dll
Event: 0.091 Loaded shared library c:\Users\USER\.vscode\extensions\redhat.java-1.28.1-win32-x64\jre\17.0.10-win32-x86_64\bin\zip.dll
Event: 0.094 Loaded shared library C:\Users\USER\.vscode\extensions\redhat.java-1.28.1-win32-x64\jre\17.0.10-win32-x86_64\bin\instrument.dll
Event: 0.104 Loaded shared library C:\Users\USER\.vscode\extensions\redhat.java-1.28.1-win32-x64\jre\17.0.10-win32-x86_64\bin\net.dll
Event: 0.105 Loaded shared library C:\Users\USER\.vscode\extensions\redhat.java-1.28.1-win32-x64\jre\17.0.10-win32-x86_64\bin\nio.dll
Event: 0.112 Loaded shared library C:\Users\USER\.vscode\extensions\redhat.java-1.28.1-win32-x64\jre\17.0.10-win32-x86_64\bin\zip.dll
Event: 0.126 Loaded shared library C:\Users\USER\.vscode\extensions\redhat.java-1.28.1-win32-x64\jre\17.0.10-win32-x86_64\bin\jimage.dll
Event: 0.172 Loaded shared library c:\Users\USER\.vscode\extensions\redhat.java-1.28.1-win32-x64\jre\17.0.10-win32-x86_64\bin\verify.dll
Event: 1.099 Loaded shared library C:\Users\USER\AppData\Roaming\Code\User\globalStorage\redhat.java\1.28.1\config_win\org.eclipse.equinox.launcher\org.eclipse.equinox.launcher.win32.win32.x86_64_1.2.900.v20240129-1338\eclipse_11900.dll
Event: 3.253 Loaded shared library C:\Users\USER\AppData\Local\Temp\jna-2614219\jna2331350961989030752.dll

Deoptimization events (20 events):
Event: 3.353 Thread 0x0000015c2eb0fe50 Uncommon trap: trap_request=0xffffffbe fr.pc=0x0000015c3942545c relative=0x0000000000000b3c
Event: 3.353 Thread 0x0000015c2eb0fe50 Uncommon trap: reason=profile_predicate action=maybe_recompile pc=0x0000015c3942545c method=java.util.TreeMap.put(Ljava/lang/Object;Ljava/lang/Object;Z)Ljava/lang/Object; @ 27 c2
Event: 3.353 Thread 0x0000015c2eb0fe50 DEOPT PACKING pc=0x0000015c3942545c sp=0x00000011ca1fdd90
Event: 3.353 Thread 0x0000015c2eb0fe50 DEOPT UNPACKING pc=0x0000015c38d266a3 sp=0x00000011ca1fdcd8 mode 2
Event: 3.353 Thread 0x0000015c2eb0fe50 Uncommon trap: trap_request=0xffffffbe fr.pc=0x0000015c3942545c relative=0x0000000000000b3c
Event: 3.353 Thread 0x0000015c2eb0fe50 Uncommon trap: reason=profile_predicate action=maybe_recompile pc=0x0000015c3942545c method=java.util.TreeMap.put(Ljava/lang/Object;Ljava/lang/Object;Z)Ljava/lang/Object; @ 27 c2
Event: 3.353 Thread 0x0000015c2eb0fe50 DEOPT PACKING pc=0x0000015c3942545c sp=0x00000011ca1fdd90
Event: 3.353 Thread 0x0000015c2eb0fe50 DEOPT UNPACKING pc=0x0000015c38d266a3 sp=0x00000011ca1fdcd8 mode 2
Event: 3.353 Thread 0x0000015c2eb0fe50 Uncommon trap: trap_request=0xffffffbe fr.pc=0x0000015c3942545c relative=0x0000000000000b3c
Event: 3.353 Thread 0x0000015c2eb0fe50 Uncommon trap: reason=profile_predicate action=maybe_recompile pc=0x0000015c3942545c method=java.util.TreeMap.put(Ljava/lang/Object;Ljava/lang/Object;Z)Ljava/lang/Object; @ 27 c2
Event: 3.353 Thread 0x0000015c2eb0fe50 DEOPT PACKING pc=0x0000015c3942545c sp=0x00000011ca1fdd90
Event: 3.353 Thread 0x0000015c2eb0fe50 DEOPT UNPACKING pc=0x0000015c38d266a3 sp=0x00000011ca1fdcd8 mode 2
Event: 3.364 Thread 0x0000015c2eb0fe50 Uncommon trap: trap_request=0xffffff76 fr.pc=0x0000015c39421fb8 relative=0x00000000000005f8
Event: 3.364 Thread 0x0000015c2eb0fe50 Uncommon trap: reason=predicate action=maybe_recompile pc=0x0000015c39421fb8 method=java.util.TreeMap.getEntryUsingComparator(Ljava/lang/Object;)Ljava/util/TreeMap$Entry; @ 19 c2
Event: 3.364 Thread 0x0000015c2eb0fe50 DEOPT PACKING pc=0x0000015c39421fb8 sp=0x00000011ca1fe1c0
Event: 3.364 Thread 0x0000015c2eb0fe50 DEOPT UNPACKING pc=0x0000015c38d266a3 sp=0x00000011ca1fe170 mode 2
Event: 3.382 Thread 0x0000015c2eb0fe50 Uncommon trap: trap_request=0xffffff45 fr.pc=0x0000015c3941086c relative=0x000000000000120c
Event: 3.382 Thread 0x0000015c2eb0fe50 Uncommon trap: reason=unstable_if action=reinterpret pc=0x0000015c3941086c method=java.util.Properties.loadConvert([CIILjava/lang/StringBuilder;)Ljava/lang/String; @ 477 c2
Event: 3.382 Thread 0x0000015c2eb0fe50 DEOPT PACKING pc=0x0000015c3941086c sp=0x00000011ca1f93f0
Event: 3.382 Thread 0x0000015c2eb0fe50 DEOPT UNPACKING pc=0x0000015c38d266a3 sp=0x00000011ca1f93b8 mode 2

Classes unloaded (7 events):
Event: 3.269 Thread 0x0000015c2eb99040 Unloading class 0x000000010024a800 'java/lang/invoke/LambdaForm$MH+0x000000010024a800'
Event: 3.269 Thread 0x0000015c2eb99040 Unloading class 0x000000010024a400 'java/lang/invoke/LambdaForm$MH+0x000000010024a400'
Event: 3.269 Thread 0x0000015c2eb99040 Unloading class 0x000000010024a000 'java/lang/invoke/LambdaForm$MH+0x000000010024a000'
Event: 3.269 Thread 0x0000015c2eb99040 Unloading class 0x0000000100249c00 'java/lang/invoke/LambdaForm$MH+0x0000000100249c00'
Event: 3.269 Thread 0x0000015c2eb99040 Unloading class 0x0000000100249800 'java/lang/invoke/LambdaForm$BMH+0x0000000100249800'
Event: 3.269 Thread 0x0000015c2eb99040 Unloading class 0x0000000100249400 'java/lang/invoke/LambdaForm$DMH+0x0000000100249400'
Event: 3.269 Thread 0x0000015c2eb99040 Unloading class 0x0000000100240800 'java/lang/invoke/LambdaForm$DMH+0x0000000100240800'

Classes redefined (0 events):
No events

Internal exceptions (20 events):
Event: 2.344 Thread 0x0000015c49a520a0 Exception <a 'java/lang/NoSuchMethodError'{0x00000000ec3c5e88}: 'java.lang.Object java.lang.invoke.Invokers$Holder.linkToTargetMethod(java.lang.Object, long, java.lang.Object, java.lang.Object)'> (0x00000000ec3c5e88) 
thrown [s\src\hotspot\share\interpreter\linkResolver.cpp, line 759]
Event: 2.391 Thread 0x0000015c49a520a0 Exception <a 'java/io/FileNotFoundException'{0x00000000eb229230}> (0x00000000eb229230) 
thrown [s\src\hotspot\share\prims\jni.cpp, line 516]
Event: 2.393 Thread 0x0000015c49a520a0 Exception <a 'java/lang/NoSuchMethodError'{0x00000000eb2322a8}: 'java.lang.Object java.lang.invoke.DirectMethodHandle$Holder.newInvokeSpecial(java.lang.Object, int, java.lang.Object, java.lang.Object)'> (0x00000000eb2322a8) 
thrown [s\src\hotspot\share\interpreter\linkResolver.cpp, line 759]
Event: 2.448 Thread 0x0000015c49a520a0 Exception <a 'java/lang/NoSuchMethodError'{0x00000000eb9b2758}: 'void java.lang.invoke.DirectMethodHandle$Holder.invokeSpecial(java.lang.Object, java.lang.Object, java.lang.Object, int)'> (0x00000000eb9b2758) 
thrown [s\src\hotspot\share\interpreter\linkResolver.cpp, line 759]
Event: 2.855 Thread 0x0000015c49a520a0 Exception <a 'java/lang/ClassNotFoundException'{0x00000000eae4cd70}: com/sun/org/apache/xerces/internal/impl/msg/spi/DOMMessagesProvider> (0x00000000eae4cd70) 
thrown [s\src\hotspot\share\classfile\systemDictionary.cpp, line 256]
Event: 2.857 Thread 0x0000015c49a520a0 Exception <a 'java/lang/ClassNotFoundException'{0x00000000eae5e4f8}: com/sun/org/apache/xerces/internal/impl/msg/spi/XMLSerializerMessagesProvider> (0x00000000eae5e4f8) 
thrown [s\src\hotspot\share\classfile\systemDictionary.cpp, line 256]
Event: 2.858 Thread 0x0000015c49a520a0 Exception <a 'java/lang/ClassNotFoundException'{0x00000000eae6b780}: com/sun/org/apache/xerces/internal/impl/msg/spi/XMLMessagesProvider> (0x00000000eae6b780) 
thrown [s\src\hotspot\share\classfile\systemDictionary.cpp, line 256]
Event: 2.902 Thread 0x0000015c49a520a0 Exception <a 'java/lang/NoSuchMethodError'{0x00000000eb0f21f8}: 'java.lang.Object java.lang.invoke.DirectMethodHandle$Holder.invokeStaticInit(java.lang.Object, int, int, int, int)'> (0x00000000eb0f21f8) 
thrown [s\src\hotspot\share\interpreter\linkResolver.cpp, line 759]
Event: 2.945 Thread 0x0000015c49a520a0 Exception <a 'java/lang/NoSuchMethodError'{0x00000000eb1b64c8}: 'java.lang.Object java.lang.invoke.DirectMethodHandle$Holder.invokeStaticInit(java.lang.Object, java.lang.Object, int, int, int, int)'> (0x00000000eb1b64c8) 
thrown [s\src\hotspot\share\interpreter\linkResolver.cpp, line 759]
Event: 3.031 Thread 0x0000015c49a520a0 Exception <a 'java/lang/ClassNotFoundException'{0x00000000eb589348}: com/sun/org/apache/xml/internal/serializer/spi/XMLEntitiesProvider> (0x00000000eb589348) 
thrown [s\src\hotspot\share\classfile\systemDictionary.cpp, line 256]
Event: 3.165 Thread 0x0000015c49a520a0 Exception <a 'java/io/FileNotFoundException'{0x00000000eb9e99d0}> (0x00000000eb9e99d0) 
thrown [s\src\hotspot\share\prims\jni.cpp, line 516]
Event: 3.296 Thread 0x0000015c49a520a0 Exception <a 'java/lang/UnsatisfiedLinkError'{0x00000000eabc5d40}: The specified procedure could not be found.
> (0x00000000eabc5d40) 
thrown [s\src\hotspot\share\prims\jni.cpp, line 535]
Event: 3.299 Thread 0x0000015c49a520a0 Exception <a 'java/io/FileNotFoundException'{0x00000000eabf27a8}> (0x00000000eabf27a8) 
thrown [s\src\hotspot\share\prims\jni.cpp, line 516]
Event: 3.307 Thread 0x0000015c49a520a0 Exception <a 'java/io/FileNotFoundException'{0x00000000eac7afe0}> (0x00000000eac7afe0) 
thrown [s\src\hotspot\share\prims\jni.cpp, line 516]
Event: 3.318 Thread 0x0000015c49a520a0 Exception <a 'java/lang/UnsatisfiedLinkError'{0x00000000ead0da98}: The specified procedure could not be found.
> (0x00000000ead0da98) 
thrown [s\src\hotspot\share\prims\jni.cpp, line 535]
Event: 3.338 Thread 0x0000015c2eb0fe50 Exception <a 'sun/nio/fs/WindowsException'{0x00000000eadeb8f8}> (0x00000000eadeb8f8) 
thrown [s\src\hotspot\share\prims\jni.cpp, line 516]
Event: 3.408 Thread 0x0000015c2eb0fe50 Exception <a 'java/lang/NoSuchMethodError'{0x00000000eb332948}: 'java.lang.Object java.lang.invoke.DirectMethodHandle$Holder.invokeStatic(java.lang.Object, java.lang.Object, long, java.lang.Object)'> (0x00000000eb332948) 
thrown [s\src\hotspot\share\interpreter\linkResolver.cpp, line 759]
Event: 3.408 Thread 0x0000015c2eb0fe50 Exception <a 'java/lang/NoSuchMethodError'{0x00000000eb336628}: 'java.lang.Object java.lang.invoke.DirectMethodHandle$Holder.invokeStaticInit(java.lang.Object, java.lang.Object, long, java.lang.Object)'> (0x00000000eb336628) 
thrown [s\src\hotspot\share\interpreter\linkResolver.cpp, line 759]
Event: 3.408 Thread 0x0000015c2eb0fe50 Exception <a 'java/lang/NoSuchMethodError'{0x00000000eb33ce78}: 'java.lang.Object java.lang.invoke.DirectMethodHandle$Holder.newInvokeSpecial(java.lang.Object, java.lang.Object, long)'> (0x00000000eb33ce78) 
thrown [s\src\hotspot\share\interpreter\linkResolver.cpp, line 759]
Event: 3.445 Thread 0x0000015c2eb0fe50 Exception <a 'java/lang/NoSuchMethodError'{0x00000000eb518fa0}: 'void java.lang.invoke.DirectMethodHandle$Holder.invokeStatic(java.lang.Object, java.lang.Object, java.lang.Object, java.lang.Object)'> (0x00000000eb518fa0) 
thrown [s\src\hotspot\share\interpreter\linkResolver.cpp, line 759]

VM Operations (20 events):
Event: 2.805 Executing VM operation: ParallelGCFailedAllocation
Event: 2.808 Executing VM operation: ParallelGCFailedAllocation done
Event: 2.829 Executing VM operation: HandshakeAllThreads
Event: 2.829 Executing VM operation: HandshakeAllThreads done
Event: 2.888 Executing VM operation: HandshakeAllThreads
Event: 2.888 Executing VM operation: HandshakeAllThreads done
Event: 2.940 Executing VM operation: HandshakeAllThreads
Event: 2.940 Executing VM operation: HandshakeAllThreads done
Event: 2.991 Executing VM operation: HandshakeAllThreads
Event: 2.991 Executing VM operation: HandshakeAllThreads done
Event: 3.030 Executing VM operation: HandshakeAllThreads
Event: 3.030 Executing VM operation: HandshakeAllThreads done
Event: 3.033 Executing VM operation: HandshakeAllThreads
Event: 3.034 Executing VM operation: HandshakeAllThreads done
Event: 3.061 Executing VM operation: HandshakeAllThreads
Event: 3.061 Executing VM operation: HandshakeAllThreads done
Event: 3.264 Executing VM operation: HandshakeAllThreads
Event: 3.264 Executing VM operation: HandshakeAllThreads done
Event: 3.264 Executing VM operation: CollectForMetadataAllocation
Event: 3.283 Executing VM operation: CollectForMetadataAllocation done

Events (20 events):
Event: 3.437 loading class sun/reflect/generics/tree/Signature done
Event: 3.437 loading class sun/reflect/generics/tree/MethodTypeSignature done
Event: 3.438 loading class sun/reflect/generics/reflectiveObjects/ParameterizedTypeImpl
Event: 3.438 loading class java/lang/reflect/ParameterizedType
Event: 3.438 loading class java/lang/reflect/ParameterizedType done
Event: 3.438 loading class sun/reflect/generics/reflectiveObjects/ParameterizedTypeImpl done
Event: 3.438 loading class sun/reflect/generics/repository/ClassRepository
Event: 3.438 loading class sun/reflect/generics/repository/ClassRepository done
Event: 3.438 loading class sun/reflect/generics/tree/ClassSignature
Event: 3.438 loading class sun/reflect/generics/tree/ClassSignature done
Event: 3.438 loading class sun/reflect/generics/tree/TypeVariableSignature
Event: 3.438 loading class sun/reflect/generics/tree/TypeVariableSignature done
Event: 3.438 loading class sun/reflect/generics/reflectiveObjects/TypeVariableImpl
Event: 3.438 loading class sun/reflect/generics/reflectiveObjects/LazyReflectiveObjectGenerator
Event: 3.438 loading class sun/reflect/generics/reflectiveObjects/LazyReflectiveObjectGenerator done
Event: 3.438 loading class sun/reflect/generics/reflectiveObjects/TypeVariableImpl done
Event: 3.445 loading class java/lang/Deprecated
Event: 3.445 loading class java/lang/Deprecated done
Event: 3.446 loading class jdk/internal/vm/annotation/IntrinsicCandidate
Event: 3.446 loading class jdk/internal/vm/annotation/IntrinsicCandidate done


Dynamic libraries:
0x00007ff6ac220000 - 0x00007ff6ac22e000 	c:\Users\USER\.vscode\extensions\redhat.java-1.28.1-win32-x64\jre\17.0.10-win32-x86_64\bin\java.exe
0x00007ffdbec70000 - 0x00007ffdbee87000 	C:\WINDOWS\SYSTEM32\ntdll.dll
0x00007ffdbcf50000 - 0x00007ffdbd014000 	C:\WINDOWS\System32\KERNEL32.DLL
0x00007ffdbc390000 - 0x00007ffdbc736000 	C:\WINDOWS\System32\KERNELBASE.dll
0x00007ffdbbfb0000 - 0x00007ffdbc0c1000 	C:\WINDOWS\System32\ucrtbase.dll
0x00007ffdabc90000 - 0x00007ffdabca7000 	c:\Users\USER\.vscode\extensions\redhat.java-1.28.1-win32-x64\jre\17.0.10-win32-x86_64\bin\jli.dll
0x00007ffda7f00000 - 0x00007ffda7f1b000 	c:\Users\USER\.vscode\extensions\redhat.java-1.28.1-win32-x64\jre\17.0.10-win32-x86_64\bin\VCRUNTIME140.dll
0x00007ffdbe1a0000 - 0x00007ffdbe34e000 	C:\WINDOWS\System32\USER32.dll
0x00007ffda4dd0000 - 0x00007ffda5063000 	C:\WINDOWS\WinSxS\amd64_microsoft.windows.common-controls_6595b64144ccf1df_6.0.22621.2506_none_270c5ae97388e100\COMCTL32.dll
0x00007ffdbc2f0000 - 0x00007ffdbc316000 	C:\WINDOWS\System32\win32u.dll
0x00007ffdbd0d0000 - 0x00007ffdbd177000 	C:\WINDOWS\System32\msvcrt.dll
0x00007ffdbd200000 - 0x00007ffdbd229000 	C:\WINDOWS\System32\GDI32.dll
0x00007ffdbc8a0000 - 0x00007ffdbc9b8000 	C:\WINDOWS\System32\gdi32full.dll
0x00007ffdbc800000 - 0x00007ffdbc89a000 	C:\WINDOWS\System32\msvcp_win.dll
0x00007ffdbc9c0000 - 0x00007ffdbc9f1000 	C:\WINDOWS\System32\IMM32.DLL
0x00007ffdb70c0000 - 0x00007ffdb70cc000 	c:\Users\USER\.vscode\extensions\redhat.java-1.28.1-win32-x64\jre\17.0.10-win32-x86_64\bin\vcruntime140_1.dll
0x00007ffd9ec80000 - 0x00007ffd9ed0d000 	c:\Users\USER\.vscode\extensions\redhat.java-1.28.1-win32-x64\jre\17.0.10-win32-x86_64\bin\msvcp140.dll
0x00007ffd67520000 - 0x00007ffd68182000 	c:\Users\USER\.vscode\extensions\redhat.java-1.28.1-win32-x64\jre\17.0.10-win32-x86_64\bin\server\jvm.dll
0x00007ffdbe8e0000 - 0x00007ffdbe993000 	C:\WINDOWS\System32\ADVAPI32.dll
0x00007ffdbd020000 - 0x00007ffdbd0c8000 	C:\WINDOWS\System32\sechost.dll
0x00007ffdbc2c0000 - 0x00007ffdbc2e8000 	C:\WINDOWS\System32\bcrypt.dll
0x00007ffdbe350000 - 0x00007ffdbe467000 	C:\WINDOWS\System32\RPCRT4.dll
0x00007ffdb6eb0000 - 0x00007ffdb6eb9000 	C:\WINDOWS\SYSTEM32\WSOCK32.dll
0x00007ffdb4ff0000 - 0x00007ffdb5024000 	C:\WINDOWS\SYSTEM32\WINMM.dll
0x00007ffdbae60000 - 0x00007ffdbaead000 	C:\WINDOWS\SYSTEM32\POWRPROF.dll
0x00007ffdb3740000 - 0x00007ffdb374a000 	C:\WINDOWS\SYSTEM32\VERSION.dll
0x00007ffdbcc70000 - 0x00007ffdbcce1000 	C:\WINDOWS\System32\WS2_32.dll
0x00007ffdbae20000 - 0x00007ffdbae33000 	C:\WINDOWS\SYSTEM32\UMPDC.dll
0x00007ffdbb0e0000 - 0x00007ffdbb0f8000 	C:\WINDOWS\SYSTEM32\kernel.appcore.dll
0x00007ffdb6b50000 - 0x00007ffdb6b5a000 	c:\Users\USER\.vscode\extensions\redhat.java-1.28.1-win32-x64\jre\17.0.10-win32-x86_64\bin\jimage.dll
0x00007ffdb92b0000 - 0x00007ffdb94e3000 	C:\WINDOWS\SYSTEM32\DBGHELP.DLL
0x00007ffdbe550000 - 0x00007ffdbe8d9000 	C:\WINDOWS\System32\combase.dll
0x00007ffdbeb40000 - 0x00007ffdbec17000 	C:\WINDOWS\System32\OLEAUT32.dll
0x00007ffdabc30000 - 0x00007ffdabc62000 	C:\WINDOWS\SYSTEM32\dbgcore.DLL
0x00007ffdbc240000 - 0x00007ffdbc2ba000 	C:\WINDOWS\System32\bcryptPrimitives.dll
0x00007ffdb67a0000 - 0x00007ffdb67ae000 	c:\Users\USER\.vscode\extensions\redhat.java-1.28.1-win32-x64\jre\17.0.10-win32-x86_64\bin\instrument.dll
0x00007ffda7cf0000 - 0x00007ffda7d15000 	c:\Users\USER\.vscode\extensions\redhat.java-1.28.1-win32-x64\jre\17.0.10-win32-x86_64\bin\java.dll
0x00007ffda7cd0000 - 0x00007ffda7ce8000 	c:\Users\USER\.vscode\extensions\redhat.java-1.28.1-win32-x64\jre\17.0.10-win32-x86_64\bin\zip.dll
0x00007ffdbd7d0000 - 0x00007ffdbe02b000 	C:\WINDOWS\System32\SHELL32.dll
0x00007ffdb9ee0000 - 0x00007ffdba7d6000 	C:\WINDOWS\SYSTEM32\windows.storage.dll
0x00007ffdb9da0000 - 0x00007ffdb9ede000 	C:\WINDOWS\SYSTEM32\wintypes.dll
0x00007ffdbccf0000 - 0x00007ffdbcde3000 	C:\WINDOWS\System32\SHCORE.dll
0x00007ffdbd6d0000 - 0x00007ffdbd72e000 	C:\WINDOWS\System32\shlwapi.dll
0x00007ffdbbee0000 - 0x00007ffdbbf06000 	C:\WINDOWS\SYSTEM32\profapi.dll
0x00007ffda7c90000 - 0x00007ffda7ca9000 	C:\Users\USER\.vscode\extensions\redhat.java-1.28.1-win32-x64\jre\17.0.10-win32-x86_64\bin\net.dll
0x00007ffdb5650000 - 0x00007ffdb5787000 	C:\WINDOWS\SYSTEM32\WINHTTP.dll
0x00007ffdbb560000 - 0x00007ffdbb5c9000 	C:\WINDOWS\system32\mswsock.dll
0x00007ffda7ab0000 - 0x00007ffda7ac6000 	C:\Users\USER\.vscode\extensions\redhat.java-1.28.1-win32-x64\jre\17.0.10-win32-x86_64\bin\nio.dll
0x00007ffdb5e80000 - 0x00007ffdb5e90000 	c:\Users\USER\.vscode\extensions\redhat.java-1.28.1-win32-x64\jre\17.0.10-win32-x86_64\bin\verify.dll
0x00007ffd9c290000 - 0x00007ffd9c2ce000 	C:\Users\USER\AppData\Roaming\Code\User\globalStorage\redhat.java\1.28.1\config_win\org.eclipse.equinox.launcher\org.eclipse.equinox.launcher.win32.win32.x86_64_1.2.900.v20240129-1338\eclipse_11900.dll
0x00007ffdbe9a0000 - 0x00007ffdbeb40000 	C:\WINDOWS\System32\ole32.dll
0x00007ffdbb7b0000 - 0x00007ffdbb7cb000 	C:\WINDOWS\SYSTEM32\CRYPTSP.dll
0x00007ffdbb040000 - 0x00007ffdbb075000 	C:\WINDOWS\system32\rsaenh.dll
0x00007ffdbb650000 - 0x00007ffdbb67c000 	C:\WINDOWS\SYSTEM32\USERENV.dll
0x00007ffdbb7d0000 - 0x00007ffdbb7dc000 	C:\WINDOWS\SYSTEM32\CRYPTBASE.dll
0x00007ffdbaae0000 - 0x00007ffdbab0d000 	C:\WINDOWS\SYSTEM32\IPHLPAPI.DLL
0x00007ffdbd7c0000 - 0x00007ffdbd7c9000 	C:\WINDOWS\System32\NSI.dll
0x00007ffdb5460000 - 0x00007ffdb5479000 	C:\WINDOWS\SYSTEM32\dhcpcsvc6.DLL
0x00007ffdb5440000 - 0x00007ffdb545f000 	C:\WINDOWS\SYSTEM32\dhcpcsvc.DLL
0x00007ffdbab50000 - 0x00007ffdbac49000 	C:\WINDOWS\SYSTEM32\DNSAPI.dll
0x00007ffd9a5c0000 - 0x00007ffd9a605000 	C:\Users\USER\AppData\Local\Temp\jna-2614219\jna2331350961989030752.dll
0x00007ffdbe4c0000 - 0x00007ffdbe4c8000 	C:\WINDOWS\System32\PSAPI.DLL

dbghelp: loaded successfully - version: 4.0.5 - missing functions: none
symbol engine: initialized successfully - sym options: 0x614 - pdb path: .;c:\Users\USER\.vscode\extensions\redhat.java-1.28.1-win32-x64\jre\17.0.10-win32-x86_64\bin;C:\WINDOWS\SYSTEM32;C:\WINDOWS\WinSxS\amd64_microsoft.windows.common-controls_6595b64144ccf1df_6.0.22621.2506_none_270c5ae97388e100;c:\Users\USER\.vscode\extensions\redhat.java-1.28.1-win32-x64\jre\17.0.10-win32-x86_64\bin\server;C:\Users\USER\AppData\Roaming\Code\User\globalStorage\redhat.java\1.28.1\config_win\org.eclipse.equinox.launcher\org.eclipse.equinox.launcher.win32.win32.x86_64_1.2.900.v20240129-1338;C:\Users\USER\AppData\Local\Temp\jna-2614219

VM Arguments:
jvm_args: --add-modules=ALL-SYSTEM --add-opens=java.base/java.util=ALL-UNNAMED --add-opens=java.base/java.lang=ALL-UNNAMED --add-opens=java.base/sun.nio.fs=ALL-UNNAMED -Declipse.application=org.eclipse.jdt.ls.core.id1 -Dosgi.bundles.defaultStartLevel=4 -Declipse.product=org.eclipse.jdt.ls.core.product -Djava.import.generatesMetadataFilesAtProjectRoot=false -DDetectVMInstallationsJob.disabled=true -Dfile.encoding=utf8 -XX:+UseParallelGC -XX:GCTimeRatio=4 -XX:AdaptiveSizePolicyWeight=90 -Dsun.zip.disableMemoryMapping=true -Xmx1G -Xms100m -Xlog:disable -javaagent:c:\Users\USER\.vscode\extensions\redhat.java-1.28.1-win32-x64\lombok\lombok-1.18.31.jar -XX:+HeapDumpOnOutOfMemoryError -XX:HeapDumpPath=c:\Users\USER\AppData\Roaming\Code\User\workspaceStorage\2bc9def59a76bb2c09dd8f23c0cd6ce8\redhat.java -Daether.dependencyCollector.impl=bf 
java_command: c:\Users\USER\.vscode\extensions\redhat.java-1.28.1-win32-x64\server\plugins\org.eclipse.equinox.launcher_1.6.700.v20231214-2017.jar -configuration c:\Users\USER\AppData\Roaming\Code\User\globalStorage\redhat.java\1.28.1\config_win -data c:\Users\USER\AppData\Roaming\Code\User\workspaceStorage\2bc9def59a76bb2c09dd8f23c0cd6ce8\redhat.java\jdt_ws --stdio
java_class_path (initial): c:\Users\USER\.vscode\extensions\redhat.java-1.28.1-win32-x64\server\plugins\org.eclipse.equinox.launcher_1.6.700.v20231214-2017.jar
Launcher Type: SUN_STANDARD

[Global flags]
    uintx AdaptiveSizePolicyWeight                 = 90                                        {product} {command line}
     intx CICompilerCount                          = 4                                         {product} {ergonomic}
    uintx GCTimeRatio                              = 4                                         {product} {command line}
     bool HeapDumpOnOutOfMemoryError               = true                                   {manageable} {command line}
    ccstr HeapDumpPath                             = c:\Users\USER\AppData\Roaming\Code\User\workspaceStorage\2bc9def59a76bb2c09dd8f23c0cd6ce8\redhat.java         {manageable} {command line}
   size_t InitialHeapSize                          = 104857600                                 {product} {command line}
   size_t MaxHeapSize                              = 1073741824                                {product} {command line}
   size_t MaxNewSize                               = 357564416                                 {product} {ergonomic}
   size_t MinHeapDeltaBytes                        = 524288                                    {product} {ergonomic}
   size_t MinHeapSize                              = 104857600                                 {product} {command line}
   size_t NewSize                                  = 34603008                                  {product} {ergonomic}
    uintx NonNMethodCodeHeapSize                   = 5839372                                {pd product} {ergonomic}
    uintx NonProfiledCodeHeapSize                  = 122909434                              {pd product} {ergonomic}
   size_t OldSize                                  = 70254592                                  {product} {ergonomic}
    uintx ProfiledCodeHeapSize                     = 122909434                              {pd product} {ergonomic}
    uintx ReservedCodeCacheSize                    = 251658240                              {pd product} {ergonomic}
     bool SegmentedCodeCache                       = true                                      {product} {ergonomic}
   size_t SoftMaxHeapSize                          = 1073741824                             {manageable} {ergonomic}
     bool UseCompressedClassPointers               = true                           {product lp64_product} {ergonomic}
     bool UseCompressedOops                        = true                           {product lp64_product} {ergonomic}
     bool UseLargePagesIndividualAllocation        = false                                  {pd product} {ergonomic}
     bool UseParallelGC                            = true                                      {product} {command line}

Logging:
Log output configuration:
 #0: stdout all=off uptime,level,tags
 #1: stderr all=off uptime,level,tags

Environment Variables:
PATH=C:\Program Files\Common Files\Oracle\Java\javapath;C:\Windows\system32;C:\Windows;C:\Windows\System32\Wbem;C:\Windows\System32\WindowsPowerShell\v1.0\;C:\Windows\System32\OpenSSH\;C:\Program Files (x86)\NVIDIA Corporation\PhysX\Common;C:\Program Files\NVIDIA Corporation\NVIDIA NvDLISR;C:\WINDOWS\system32;C:\WINDOWS;C:\WINDOWS\System32\Wbem;C:\WINDOWS\System32\WindowsPowerShell\v1.0\;C:\WINDOWS\System32\OpenSSH\;C:\Program Files\Git\cmd;C:\Program Files\dotnet\;C:\MinGW\bin;C:\Users\USER\AppData\Local\Microsoft\WindowsApps;;C:\Users\USER\AppData\Local\Programs\Microsoft VS Code\bin
USERNAME=USER
OS=Windows_NT
PROCESSOR_IDENTIFIER=Intel64 Family 6 Model 154 Stepping 3, GenuineIntel
TMP=C:\Users\USER\AppData\Local\Temp
TEMP=C:\Users\USER\AppData\Local\Temp



Periodic native trim disabled


---------------  S Y S T E M  ---------------

OS:
 Windows 11 , 64 bit Build 22621 (10.0.22621.3085)
OS uptime: 0 days 7:06 hours
Hyper-V role detected

CPU: total 12 (initial active 12) (6 cores per cpu, 2 threads per core) family 6 model 154 stepping 3 microcode 0x41c, cx8, cmov, fxsr, ht, mmx, 3dnowpref, sse, sse2, sse3, ssse3, sse4.1, sse4.2, popcnt, lzcnt, tsc, tscinvbit, avx, avx2, aes, erms, clmul, bmi1, bmi2, adx, sha, fma, vzeroupper, clflush, clflushopt, clwb, hv
Processor Information for processor 0
  Max Mhz: 2000, Current Mhz: 2000, Mhz Limit: 2000
Processor Information for processor 1
  Max Mhz: 2000, Current Mhz: 2000, Mhz Limit: 2000
Processor Information for processor 2
  Max Mhz: 2000, Current Mhz: 2000, Mhz Limit: 2000
Processor Information for processor 3
  Max Mhz: 2000, Current Mhz: 2000, Mhz Limit: 2000
Processor Information for processor 4
  Max Mhz: 2000, Current Mhz: 2000, Mhz Limit: 2000
Processor Information for processor 5
  Max Mhz: 2000, Current Mhz: 2000, Mhz Limit: 2000
Processor Information for processor 6
  Max Mhz: 2000, Current Mhz: 2000, Mhz Limit: 2000
Processor Information for processor 7
  Max Mhz: 2000, Current Mhz: 2000, Mhz Limit: 2000
Processor Information for processor 8
  Max Mhz: 2000, Current Mhz: 1500, Mhz Limit: 1500
Processor Information for processor 9
  Max Mhz: 2000, Current Mhz: 1500, Mhz Limit: 1500
Processor Information for processor 10
  Max Mhz: 2000, Current Mhz: 1500, Mhz Limit: 1500
Processor Information for processor 11
  Max Mhz: 2000, Current Mhz: 1500, Mhz Limit: 1500

Memory: 4k page, system-wide physical 7814M (851M free)
TotalPageFile size 31366M (AvailPageFile size 3M)
current process WorkingSet (physical memory assigned to process): 176M, peak: 176M
current process commit charge ("private bytes"): 282M, peak: 282M

vm_info: OpenJDK 64-Bit Server VM (17.0.10+7) for windows-amd64 JRE (17.0.10+7), built on Jan 16 2024 23:25:11 by "admin" with MS VC++ 16.10 / 16.11 (VS2019)

END.
