#
# There is insufficient memory for the Java Runtime Environment to continue.
# Native memory allocation (malloc) failed to allocate 353776 bytes for Chunk::new
# Possible reasons:
#   The system is out of physical RAM or swap space
#   The process is running with CompressedOops enabled, and the Java Heap may be blocking the growth of the native heap
# Possible solutions:
#   Reduce memory load on the system
#   Increase physical memory or swap space
#   Check if swap backing store is full
#   Decrease Java heap size (-Xmx/-Xms)
#   Decrease number of Java threads
#   Decrease Java thread stack sizes (-Xss)
#   Set larger code cache with -XX:ReservedCodeCacheSize=
#   JVM is running with Unscaled Compressed Oops mode in which the Java heap is
#     placed in the first 4GB address space. The Java Heap base address is the
#     maximum limit for the native heap growth. Please use -XX:HeapBaseMinAddress
#     to set the Java Heap base and to place the Java Heap above 4GB virtual address.
# This output file may be truncated or incomplete.
#
#  Out of Memory Error (arena.cpp:191), pid=15904, tid=16792
#
# JRE version: OpenJDK Runtime Environment Temurin-17.0.10+7 (17.0.10+7) (build 17.0.10+7)
# Java VM: OpenJDK 64-Bit Server VM Temurin-17.0.10+7 (17.0.10+7, mixed mode, tiered, compressed oops, compressed class ptrs, parallel gc, windows-amd64)
# No core dump will be written. Minidumps are not enabled by default on client versions of Windows
#

---------------  S U M M A R Y ------------

Command Line: --add-modules=ALL-SYSTEM --add-opens=java.base/java.util=ALL-UNNAMED --add-opens=java.base/java.lang=ALL-UNNAMED --add-opens=java.base/sun.nio.fs=ALL-UNNAMED -Declipse.application=org.eclipse.jdt.ls.core.id1 -Dosgi.bundles.defaultStartLevel=4 -Declipse.product=org.eclipse.jdt.ls.core.product -Djava.import.generatesMetadataFilesAtProjectRoot=false -DDetectVMInstallationsJob.disabled=true -Dfile.encoding=utf8 -XX:+UseParallelGC -XX:GCTimeRatio=4 -XX:AdaptiveSizePolicyWeight=90 -Dsun.zip.disableMemoryMapping=true -Xmx1G -Xms100m -Xlog:disable -javaagent:c:\Users\USER\.vscode\extensions\redhat.java-1.28.1-win32-x64\lombok\lombok-1.18.31.jar c:\Users\USER\.vscode\extensions\redhat.java-1.28.1-win32-x64\server\plugins\org.eclipse.equinox.launcher_1.6.700.v20231214-2017.jar -configuration c:\Users\USER\AppData\Roaming\Code\User\globalStorage\redhat.java\1.28.1\config_ss_win -data c:\Users\USER\AppData\Roaming\Code\User\workspaceStorage\2bc9def59a76bb2c09dd8f23c0cd6ce8\redhat.java\ss_ws --stdio

Host: 12th Gen Intel(R) Core(TM) i5-12450H, 12 cores, 7G,  Windows 11 , 64 bit Build 22621 (10.0.22621.3085)
Time: Wed Feb 21 23:01:06 2024 SE Asia Standard Time elapsed time: 0.621992 seconds (0d 0h 0m 0s)

---------------  T H R E A D  ---------------

Current thread (0x000002297eb6a600):  JavaThread "C2 CompilerThread2" daemon [_thread_in_native, id=16792, stack(0x000000327b400000,0x000000327b500000)]


Current CompileTask:
C2:    622 1085       4       lombok.launch.PackageShader::apply (252 bytes)

Stack: [0x000000327b400000,0x000000327b500000]
Native frames: (J=compiled Java code, j=interpreted, Vv=VM code, C=native code)
V  [jvm.dll+0x67d2c9]
V  [jvm.dll+0x834afa]
V  [jvm.dll+0x8365be]
V  [jvm.dll+0x836c23]
V  [jvm.dll+0x2477ff]
V  [jvm.dll+0xac514]
V  [jvm.dll+0xacb5c]
V  [jvm.dll+0x366782]
V  [jvm.dll+0x330bfa]
V  [jvm.dll+0x33009a]
V  [jvm.dll+0x219ef1]
V  [jvm.dll+0x219311]
V  [jvm.dll+0x1a502d]
V  [jvm.dll+0x2290de]
V  [jvm.dll+0x2272ac]
V  [jvm.dll+0x7e9bb7]
V  [jvm.dll+0x7e3fba]
V  [jvm.dll+0x67c1b5]
C  [ucrtbase.dll+0x29363]
C  [KERNEL32.DLL+0x1257d]
C  [ntdll.dll+0x5aa58]


---------------  P R O C E S S  ---------------

Threads class SMR info:
_java_thread_list=0x000002297d521530, length=14, elements={
0x00000229753be0a0, 0x000002297c192010, 0x000002297c195140, 0x000002297d245cf0,
0x000002297c19dfb0, 0x000002297c19eae0, 0x000002297d26a860, 0x000002297d252900,
0x000002297d253210, 0x000002297d2542c0, 0x000002297d2804a0, 0x000002297d3a9880,
0x000002297d555350, 0x000002297eb6a600
}

Java Threads: ( => current thread )
  0x00000229753be0a0 JavaThread "main" [_thread_in_vm, id=15940, stack(0x000000327a400000,0x000000327a500000)]
  0x000002297c192010 JavaThread "Reference Handler" daemon [_thread_blocked, id=12216, stack(0x000000327a700000,0x000000327a800000)]
  0x000002297c195140 JavaThread "Finalizer" daemon [_thread_blocked, id=14004, stack(0x000000327a800000,0x000000327a900000)]
  0x000002297d245cf0 JavaThread "Signal Dispatcher" daemon [_thread_blocked, id=17980, stack(0x000000327a900000,0x000000327aa00000)]
  0x000002297c19dfb0 JavaThread "Attach Listener" daemon [_thread_blocked, id=1448, stack(0x000000327aa00000,0x000000327ab00000)]
  0x000002297c19eae0 JavaThread "Service Thread" daemon [_thread_blocked, id=16268, stack(0x000000327ab00000,0x000000327ac00000)]
  0x000002297d26a860 JavaThread "Monitor Deflation Thread" daemon [_thread_blocked, id=1304, stack(0x000000327ac00000,0x000000327ad00000)]
  0x000002297d252900 JavaThread "C2 CompilerThread0" daemon [_thread_in_native, id=19176, stack(0x000000327ad00000,0x000000327ae00000)]
  0x000002297d253210 JavaThread "C1 CompilerThread0" daemon [_thread_blocked, id=14636, stack(0x000000327ae00000,0x000000327af00000)]
  0x000002297d2542c0 JavaThread "Sweeper thread" daemon [_thread_blocked, id=1896, stack(0x000000327af00000,0x000000327b000000)]
  0x000002297d2804a0 JavaThread "Common-Cleaner" daemon [_thread_blocked, id=2984, stack(0x000000327b000000,0x000000327b100000)]
  0x000002297d3a9880 JavaThread "C2 CompilerThread1" daemon [_thread_blocked, id=11748, stack(0x000000327b100000,0x000000327b200000)]
  0x000002297d555350 JavaThread "Notification Thread" daemon [_thread_blocked, id=19180, stack(0x000000327b200000,0x000000327b300000)]
=>0x000002297eb6a600 JavaThread "C2 CompilerThread2" daemon [_thread_in_native, id=16792, stack(0x000000327b400000,0x000000327b500000)]

Other Threads:
  0x0000022975469cd0 VMThread "VM Thread" [stack: 0x000000327a600000,0x000000327a700000] [id=10544]
  0x000002297d555830 WatcherThread [stack: 0x000000327b300000,0x000000327b400000] [id=12496]
  0x00000229753d1af0 GCTaskThread "GC Thread#0" [stack: 0x000000327a500000,0x000000327a600000] [id=16664]
  0x000002291302b2a0 GCTaskThread "GC Thread#1" [stack: 0x000000327b500000,0x000000327b600000] [id=12500]
  0x000002297f1bd250 GCTaskThread "GC Thread#2" [stack: 0x000000327b600000,0x000000327b700000] [id=2572]
  0x000002297f1bd510 GCTaskThread "GC Thread#3" [stack: 0x000000327b700000,0x000000327b800000] [id=17872]
  0x000002297f1bd7d0 GCTaskThread "GC Thread#4" [stack: 0x000000327b800000,0x000000327b900000] [id=6732]
  0x000002297f1bda90 GCTaskThread "GC Thread#5" [stack: 0x000000327b900000,0x000000327ba00000] [id=18116]
  0x000002297f1bdd50 GCTaskThread "GC Thread#6" [stack: 0x000000327ba00000,0x000000327bb00000] [id=13464]

Threads with active compile tasks:
C2 CompilerThread0      633 1100       4       jdk.internal.jimage.ImageLocation::verify (218 bytes)
C2 CompilerThread2      634 1085       4       lombok.launch.PackageShader::apply (252 bytes)

VM state: not at safepoint (normal execution)

VM Mutex/Monitor currently owned by a thread: None

Heap address: 0x00000000c0000000, size: 1024 MB, Compressed Oops mode: 32-bit

CDS archive(s) not mapped
Compressed class space mapped at: 0x0000000100000000-0x0000000140000000, reserved size: 1073741824
Narrow klass base: 0x0000000000000000, Narrow klass shift: 3, Narrow klass range: 0x140000000

GC Precious Log:
 CPUs: 12 total, 12 available
 Memory: 7814M
 Large Page Support: Disabled
 NUMA Support: Disabled
 Compressed Oops: Enabled (32-bit)
 Alignments: Space 512K, Generation 512K, Heap 2M
 Heap Min Capacity: 100M
 Heap Initial Capacity: 100M
 Heap Max Capacity: 1G
 Pre-touch: Disabled
 Parallel Workers: 10

Heap:
 PSYoungGen      total 29696K, used 9466K [0x00000000eab00000, 0x00000000ecc00000, 0x0000000100000000)
  eden space 25600K, 24% used [0x00000000eab00000,0x00000000eb129100,0x00000000ec400000)
  from space 4096K, 77% used [0x00000000ec400000,0x00000000ec715720,0x00000000ec800000)
  to   space 4096K, 0% used [0x00000000ec800000,0x00000000ec800000,0x00000000ecc00000)
 ParOldGen       total 68608K, used 16K [0x00000000c0000000, 0x00000000c4300000, 0x00000000eab00000)
  object space 68608K, 0% used [0x00000000c0000000,0x00000000c0004000,0x00000000c4300000)
 Metaspace       used 12081K, committed 12224K, reserved 1114112K
  class space    used 1191K, committed 1280K, reserved 1048576K

Card table byte_map: [0x0000022979a10000,0x0000022979c20000] _byte_map_base: 0x0000022979410000

Marking Bits: (ParMarkBitMap*) 0x00007ffd680bd7d0
 Begin Bits: [0x0000022979d80000, 0x000002297ad80000)
 End Bits:   [0x000002297ad80000, 0x000002297bd80000)

Polling page: 0x0000022975470000

Metaspace:

Usage:
  Non-class:     10.64 MB used.
      Class:      1.16 MB used.
       Both:     11.80 MB used.

Virtual space:
  Non-class space:       64.00 MB reserved,      10.69 MB ( 17%) committed,  1 nodes.
      Class space:        1.00 GB reserved,       1.25 MB ( <1%) committed,  1 nodes.
             Both:        1.06 GB reserved,      11.94 MB (  1%) committed. 

Chunk freelists:
   Non-Class:  4.45 MB
       Class:  14.61 MB
        Both:  19.06 MB

MaxMetaspaceSize: unlimited
CompressedClassSpaceSize: 1.00 GB
Initial GC threshold: 21.00 MB
Current GC threshold: 21.00 MB
CDS: off
MetaspaceReclaimPolicy: balanced
 - commit_granule_bytes: 65536.
 - commit_granule_words: 8192.
 - virtual_space_node_default_size: 8388608.
 - enlarge_chunks_in_place: 1.
 - new_chunks_are_fully_committed: 0.
 - uncommit_free_chunks: 1.
 - use_allocation_guard: 0.
 - handle_deallocations: 1.


Internal statistics:

num_allocs_failed_limit: 0.
num_arena_births: 30.
num_arena_deaths: 0.
num_vsnodes_births: 2.
num_vsnodes_deaths: 0.
num_space_committed: 191.
num_space_uncommitted: 0.
num_chunks_returned_to_freelist: 0.
num_chunks_taken_from_freelist: 135.
num_chunk_merges: 0.
num_chunk_splits: 93.
num_chunks_enlarged: 81.
num_inconsistent_stats: 0.

CodeHeap 'non-profiled nmethods': size=120000Kb used=448Kb max_used=448Kb free=119551Kb
 bounds [0x0000022907ad0000, 0x0000022907d40000, 0x000002290f000000]
CodeHeap 'profiled nmethods': size=120000Kb used=1923Kb max_used=1923Kb free=118076Kb
 bounds [0x0000022900000000, 0x0000022900270000, 0x0000022907530000]
CodeHeap 'non-nmethods': size=5760Kb used=1145Kb max_used=1174Kb free=4614Kb
 bounds [0x0000022907530000, 0x00000229077a0000, 0x0000022907ad0000]
 total_blobs=1543 nmethods=1105 adapters=353
 compilation: enabled
              stopped_count=0, restarted_count=0
 full_count=0

Compilation events (20 events):
Event: 0.603 Thread 0x000002297d253210 1084       3       sun.net.util.IPAddressUtil::checkHostString (54 bytes)
Event: 0.603 Thread 0x000002297eb6a600 1085       4       lombok.launch.PackageShader::apply (252 bytes)
Event: 0.603 Thread 0x000002297d253210 nmethod 1084 0x00000229001cfa90 code [0x00000229001cfd40, 0x00000229001d08c8]
Event: 0.607 Thread 0x000002297d3a9880 nmethod 1072 0x0000022907b3b090 code [0x0000022907b3b2a0, 0x0000022907b3c130]
Event: 0.608 Thread 0x000002297d253210 1086       3       org.lombokweb.asm.ClassReader::readUnsignedShort (26 bytes)
Event: 0.608 Thread 0x000002297d253210 nmethod 1086 0x00000229001d0d10 code [0x00000229001d0ea0, 0x00000229001d1018]
Event: 0.609 Thread 0x000002297d253210 1087       3       java.lang.ClassLoader::defineClass (43 bytes)
Event: 0.610 Thread 0x000002297d253210 nmethod 1087 0x00000229001d1110 code [0x00000229001d1300, 0x00000229001d17f8]
Event: 0.610 Thread 0x000002297d253210 1088       3       java.lang.ClassLoader::preDefineClass (118 bytes)
Event: 0.611 Thread 0x000002297d253210 nmethod 1088 0x00000229001d1a90 code [0x00000229001d1e00, 0x00000229001d30b8]
Event: 0.611 Thread 0x000002297d253210 1090       3       java.io.WinNTFileSystem::normalizePrefix (132 bytes)
Event: 0.613 Thread 0x000002297d253210 nmethod 1090 0x00000229001d3790 code [0x00000229001d3bc0, 0x00000229001d5c48]
Event: 0.613 Thread 0x000002297d253210 1089       3       java.lang.ClassLoader::checkCerts (121 bytes)
Event: 0.614 Thread 0x000002297d253210 nmethod 1089 0x00000229001d6890 code [0x00000229001d6b80, 0x00000229001d79a8]
Event: 0.614 Thread 0x000002297d253210 1091       3       java.lang.ClassLoader::getNamedPackage (73 bytes)
Event: 0.614 Thread 0x000002297d253210 nmethod 1091 0x00000229001d7f10 code [0x00000229001d8100, 0x00000229001d8648]
Event: 0.616 Thread 0x000002297d252900 nmethod 1056 0x0000022907b3ca10 code [0x0000022907b3cc60, 0x0000022907b3e980]
Event: 0.617 Thread 0x000002297d253210 1092       3       java.io.FileSystem::hasBooleanAttributes (17 bytes)
Event: 0.617 Thread 0x000002297d253210 nmethod 1092 0x00000229001d8810 code [0x00000229001d89c0, 0x00000229001d8b68]
Event: 0.620 Thread 0x000002297d253210 1094       3       java.util.WeakHashMap::get (75 bytes)

GC Heap History (2 events):
Event: 0.544 GC heap before
{Heap before GC invocations=1 (full 0):
 PSYoungGen      total 29696K, used 25600K [0x00000000eab00000, 0x00000000ecc00000, 0x0000000100000000)
  eden space 25600K, 100% used [0x00000000eab00000,0x00000000ec400000,0x00000000ec400000)
  from space 4096K, 0% used [0x00000000ec800000,0x00000000ec800000,0x00000000ecc00000)
  to   space 4096K, 0% used [0x00000000ec400000,0x00000000ec400000,0x00000000ec800000)
 ParOldGen       total 68608K, used 0K [0x00000000c0000000, 0x00000000c4300000, 0x00000000eab00000)
  object space 68608K, 0% used [0x00000000c0000000,0x00000000c0000000,0x00000000c4300000)
 Metaspace       used 10997K, committed 11200K, reserved 1114112K
  class space    used 1098K, committed 1216K, reserved 1048576K
}
Event: 0.547 GC heap after
{Heap after GC invocations=1 (full 0):
 PSYoungGen      total 29696K, used 3157K [0x00000000eab00000, 0x00000000ecc00000, 0x0000000100000000)
  eden space 25600K, 0% used [0x00000000eab00000,0x00000000eab00000,0x00000000ec400000)
  from space 4096K, 77% used [0x00000000ec400000,0x00000000ec715720,0x00000000ec800000)
  to   space 4096K, 0% used [0x00000000ec800000,0x00000000ec800000,0x00000000ecc00000)
 ParOldGen       total 68608K, used 16K [0x00000000c0000000, 0x00000000c4300000, 0x00000000eab00000)
  object space 68608K, 0% used [0x00000000c0000000,0x00000000c0004000,0x00000000c4300000)
 Metaspace       used 10997K, committed 11200K, reserved 1114112K
  class space    used 1098K, committed 1216K, reserved 1048576K
}

Dll operation events (8 events):
Event: 0.008 Loaded shared library c:\Users\USER\.vscode\extensions\redhat.java-1.28.1-win32-x64\jre\17.0.10-win32-x86_64\bin\java.dll
Event: 0.102 Loaded shared library c:\Users\USER\.vscode\extensions\redhat.java-1.28.1-win32-x64\jre\17.0.10-win32-x86_64\bin\zip.dll
Event: 0.104 Loaded shared library C:\Users\USER\.vscode\extensions\redhat.java-1.28.1-win32-x64\jre\17.0.10-win32-x86_64\bin\instrument.dll
Event: 0.112 Loaded shared library C:\Users\USER\.vscode\extensions\redhat.java-1.28.1-win32-x64\jre\17.0.10-win32-x86_64\bin\net.dll
Event: 0.114 Loaded shared library C:\Users\USER\.vscode\extensions\redhat.java-1.28.1-win32-x64\jre\17.0.10-win32-x86_64\bin\nio.dll
Event: 0.117 Loaded shared library C:\Users\USER\.vscode\extensions\redhat.java-1.28.1-win32-x64\jre\17.0.10-win32-x86_64\bin\zip.dll
Event: 0.128 Loaded shared library C:\Users\USER\.vscode\extensions\redhat.java-1.28.1-win32-x64\jre\17.0.10-win32-x86_64\bin\jimage.dll
Event: 0.170 Loaded shared library c:\Users\USER\.vscode\extensions\redhat.java-1.28.1-win32-x64\jre\17.0.10-win32-x86_64\bin\verify.dll

Deoptimization events (20 events):
Event: 0.512 Thread 0x00000229753be0a0 DEOPT PACKING pc=0x0000022907b15514 sp=0x000000327a4fdf80
Event: 0.512 Thread 0x00000229753be0a0 DEOPT UNPACKING pc=0x00000229075866a3 sp=0x000000327a4fdf18 mode 2
Event: 0.588 Thread 0x00000229753be0a0 Uncommon trap: trap_request=0xffffff45 fr.pc=0x0000022907b36260 relative=0x00000000000001e0
Event: 0.588 Thread 0x00000229753be0a0 Uncommon trap: reason=unstable_if action=reinterpret pc=0x0000022907b36260 method=java.io.BufferedInputStream.read()I @ 8 c2
Event: 0.588 Thread 0x00000229753be0a0 DEOPT PACKING pc=0x0000022907b36260 sp=0x000000327a4fded0
Event: 0.588 Thread 0x00000229753be0a0 DEOPT UNPACKING pc=0x00000229075866a3 sp=0x000000327a4fde88 mode 2
Event: 0.602 Thread 0x00000229753be0a0 Uncommon trap: trap_request=0xffffff45 fr.pc=0x0000022907b0e650 relative=0x0000000000000f30
Event: 0.602 Thread 0x00000229753be0a0 Uncommon trap: reason=unstable_if action=reinterpret pc=0x0000022907b0e650 method=lombok.patcher.PatchScript.classMatches(Ljava/lang/String;Ljava/util/Collection;)Z @ 25 c2
Event: 0.602 Thread 0x00000229753be0a0 DEOPT PACKING pc=0x0000022907b0e650 sp=0x000000327a4f82a0
Event: 0.602 Thread 0x00000229753be0a0 DEOPT UNPACKING pc=0x00000229075866a3 sp=0x000000327a4f8208 mode 2
Event: 0.602 Thread 0x00000229753be0a0 Uncommon trap: trap_request=0xffffff45 fr.pc=0x0000022907b2526c relative=0x000000000000044c
Event: 0.602 Thread 0x00000229753be0a0 Uncommon trap: reason=unstable_if action=reinterpret pc=0x0000022907b2526c method=java.lang.String.<init>([BIILjava/nio/charset/Charset;)V @ 47 c2
Event: 0.602 Thread 0x00000229753be0a0 DEOPT PACKING pc=0x0000022907b2526c sp=0x000000327a4f7670
Event: 0.602 Thread 0x00000229753be0a0 DEOPT UNPACKING pc=0x00000229075866a3 sp=0x000000327a4f7628 mode 2
Event: 0.603 Thread 0x00000229753be0a0 DEOPT PACKING pc=0x000002290006ca45 sp=0x000000327a4f7740
Event: 0.603 Thread 0x00000229753be0a0 DEOPT UNPACKING pc=0x0000022907586e43 sp=0x000000327a4f6bf0 mode 0
Event: 0.611 Thread 0x00000229753be0a0 DEOPT PACKING pc=0x000002290006ca45 sp=0x000000327a4f3b20
Event: 0.611 Thread 0x00000229753be0a0 DEOPT UNPACKING pc=0x0000022907586e43 sp=0x000000327a4f2fd0 mode 0
Event: 0.616 Thread 0x00000229753be0a0 DEOPT PACKING pc=0x000002290006ca45 sp=0x000000327a4f3b20
Event: 0.616 Thread 0x00000229753be0a0 DEOPT UNPACKING pc=0x0000022907586e43 sp=0x000000327a4f2fd0 mode 0

Classes unloaded (0 events):
No events

Classes redefined (0 events):
No events

Internal exceptions (20 events):
Event: 0.366 Thread 0x00000229753be0a0 Exception <a 'java/io/FileNotFoundException'{0x00000000eb869698}> (0x00000000eb869698) 
thrown [s\src\hotspot\share\prims\jni.cpp, line 516]
Event: 0.366 Thread 0x00000229753be0a0 Exception <a 'java/io/FileNotFoundException'{0x00000000eb86a388}> (0x00000000eb86a388) 
thrown [s\src\hotspot\share\prims\jni.cpp, line 516]
Event: 0.366 Thread 0x00000229753be0a0 Exception <a 'java/io/FileNotFoundException'{0x00000000eb86b048}> (0x00000000eb86b048) 
thrown [s\src\hotspot\share\prims\jni.cpp, line 516]
Event: 0.372 Thread 0x00000229753be0a0 Implicit null exception at 0x0000022907af34f2 to 0x0000022907af3a18
Event: 0.374 Thread 0x00000229753be0a0 Exception <a 'java/io/FileNotFoundException'{0x00000000eb8a5b68}> (0x00000000eb8a5b68) 
thrown [s\src\hotspot\share\prims\jni.cpp, line 516]
Event: 0.491 Thread 0x00000229753be0a0 Exception <a 'java/lang/ClassNotFoundException'{0x00000000ec0aa6b0}: sun/net/www/protocol/c/Handler> (0x00000000ec0aa6b0) 
thrown [s\src\hotspot\share\classfile\systemDictionary.cpp, line 256]
Event: 0.491 Thread 0x00000229753be0a0 Exception <a 'java/lang/ClassNotFoundException'{0x00000000ec0aba40}: sun/net/www/protocol/c/Handler> (0x00000000ec0aba40) 
thrown [s\src\hotspot\share\classfile\systemDictionary.cpp, line 256]
Event: 0.491 Thread 0x00000229753be0a0 Exception <a 'java/lang/ClassNotFoundException'{0x00000000ec0acc30}: sun/net/www/protocol/c/Handler> (0x00000000ec0acc30) 
thrown [s\src\hotspot\share\classfile\systemDictionary.cpp, line 256]
Event: 0.496 Thread 0x00000229753be0a0 Exception <a 'java/io/FileNotFoundException'{0x00000000ec0d0280}> (0x00000000ec0d0280) 
thrown [s\src\hotspot\share\prims\jni.cpp, line 516]
Event: 0.511 Thread 0x00000229753be0a0 Implicit null exception at 0x0000022907b290fb to 0x0000022907b29afc
Event: 0.511 Thread 0x00000229753be0a0 Implicit null exception at 0x0000022907b1d7ec to 0x0000022907b1d9c8
Event: 0.512 Thread 0x00000229753be0a0 Implicit null exception at 0x0000022907b2316c to 0x0000022907b23350
Event: 0.512 Thread 0x00000229753be0a0 Implicit null exception at 0x0000022907b1548f to 0x0000022907b15505
Event: 0.537 Thread 0x00000229753be0a0 Exception <a 'java/lang/NoSuchMethodError'{0x00000000ec3a1e60}: 'int java.lang.invoke.DirectMethodHandle$Holder.invokeStaticInit(java.lang.Object, java.lang.Object, java.lang.Object, java.lang.Object)'> (0x00000000ec3a1e60) 
thrown [s\src\hotspot\share\interpreter\linkResolver.cpp, line 759]
Event: 0.537 Thread 0x00000229753be0a0 Exception <a 'java/lang/NoSuchMethodError'{0x00000000ec3ac4d0}: 'java.lang.Object java.lang.invoke.DirectMethodHandle$Holder.invokeInterface(java.lang.Object, java.lang.Object)'> (0x00000000ec3ac4d0) 
thrown [s\src\hotspot\share\interpreter\linkResolver.cpp, line 759]
Event: 0.538 Thread 0x00000229753be0a0 Exception <a 'java/lang/IncompatibleClassChangeError'{0x00000000ec3afcc8}: Found class java.lang.Object, but interface was expected> (0x00000000ec3afcc8) 
thrown [s\src\hotspot\share\interpreter\linkResolver.cpp, line 826]
Event: 0.538 Thread 0x00000229753be0a0 Exception <a 'java/lang/NoSuchMethodError'{0x00000000ec3b41b8}: 'void java.lang.invoke.DirectMethodHandle$Holder.invokeStatic(java.lang.Object, java.lang.Object)'> (0x00000000ec3b41b8) 
thrown [s\src\hotspot\share\interpreter\linkResolver.cpp, line 759]
Event: 0.538 Thread 0x00000229753be0a0 Exception <a 'java/lang/NoSuchMethodError'{0x00000000ec3b79b8}: 'void java.lang.invoke.DirectMethodHandle$Holder.invokeStaticInit(java.lang.Object, java.lang.Object)'> (0x00000000ec3b79b8) 
thrown [s\src\hotspot\share\interpreter\linkResolver.cpp, line 759]
Event: 0.539 Thread 0x00000229753be0a0 Exception <a 'java/lang/NoSuchMethodError'{0x00000000ec3bf180}: 'int java.lang.invoke.DirectMethodHandle$Holder.invokeStaticInit(java.lang.Object, java.lang.Object)'> (0x00000000ec3bf180) 
thrown [s\src\hotspot\share\interpreter\linkResolver.cpp, line 759]
Event: 0.562 Thread 0x00000229753be0a0 Exception <a 'java/lang/NoSuchMethodError'{0x00000000eabea750}: 'void java.lang.invoke.DirectMethodHandle$Holder.invokeSpecial(java.lang.Object, java.lang.Object, java.lang.Object)'> (0x00000000eabea750) 
thrown [s\src\hotspot\share\interpreter\linkResolver.cpp, line 759]

VM Operations (12 events):
Event: 0.091 Executing VM operation: HandshakeAllThreads
Event: 0.091 Executing VM operation: HandshakeAllThreads done
Event: 0.138 Executing VM operation: HandshakeAllThreads
Event: 0.138 Executing VM operation: HandshakeAllThreads done
Event: 0.339 Executing VM operation: HandshakeAllThreads
Event: 0.339 Executing VM operation: HandshakeAllThreads done
Event: 0.356 Executing VM operation: HandshakeAllThreads
Event: 0.356 Executing VM operation: HandshakeAllThreads done
Event: 0.495 Executing VM operation: ICBufferFull
Event: 0.495 Executing VM operation: ICBufferFull done
Event: 0.544 Executing VM operation: ParallelGCFailedAllocation
Event: 0.547 Executing VM operation: ParallelGCFailedAllocation done

Events (20 events):
Event: 0.582 loading class java/util/concurrent/Semaphore$NonfairSync
Event: 0.582 loading class java/util/concurrent/Semaphore$Sync
Event: 0.582 loading class java/util/concurrent/Semaphore$Sync done
Event: 0.582 loading class java/util/concurrent/Semaphore$NonfairSync done
Event: 0.601 loading class java/security/InvalidKeyException
Event: 0.601 loading class java/security/KeyException
Event: 0.601 loading class java/security/GeneralSecurityException
Event: 0.601 loading class java/security/GeneralSecurityException done
Event: 0.601 loading class java/security/KeyException done
Event: 0.601 loading class java/security/InvalidKeyException done
Event: 0.601 loading class java/security/SignatureException
Event: 0.602 loading class java/security/SignatureException done
Event: 0.602 loading class java/security/cert/CertificateException
Event: 0.602 loading class java/security/cert/CertificateException done
Event: 0.602 loading class java/security/NoSuchAlgorithmException
Event: 0.602 loading class java/security/NoSuchAlgorithmException done
Event: 0.602 loading class java/security/NoSuchProviderException
Event: 0.602 loading class java/security/NoSuchProviderException done
Event: 0.618 loading class java/lang/TypeNotPresentException
Event: 0.618 loading class java/lang/TypeNotPresentException done


Dynamic libraries:
0x00007ff6ac220000 - 0x00007ff6ac22e000 	c:\Users\USER\.vscode\extensions\redhat.java-1.28.1-win32-x64\jre\17.0.10-win32-x86_64\bin\java.exe
0x00007ffdbec70000 - 0x00007ffdbee87000 	C:\WINDOWS\SYSTEM32\ntdll.dll
0x00007ffdbcf50000 - 0x00007ffdbd014000 	C:\WINDOWS\System32\KERNEL32.DLL
0x00007ffdbc390000 - 0x00007ffdbc736000 	C:\WINDOWS\System32\KERNELBASE.dll
0x00007ffdbbfb0000 - 0x00007ffdbc0c1000 	C:\WINDOWS\System32\ucrtbase.dll
0x00007ffda7f00000 - 0x00007ffda7f1b000 	c:\Users\USER\.vscode\extensions\redhat.java-1.28.1-win32-x64\jre\17.0.10-win32-x86_64\bin\VCRUNTIME140.dll
0x00007ffdabc90000 - 0x00007ffdabca7000 	c:\Users\USER\.vscode\extensions\redhat.java-1.28.1-win32-x64\jre\17.0.10-win32-x86_64\bin\jli.dll
0x00007ffdbe1a0000 - 0x00007ffdbe34e000 	C:\WINDOWS\System32\USER32.dll
0x00007ffda4dd0000 - 0x00007ffda5063000 	C:\WINDOWS\WinSxS\amd64_microsoft.windows.common-controls_6595b64144ccf1df_6.0.22621.2506_none_270c5ae97388e100\COMCTL32.dll
0x00007ffdbc2f0000 - 0x00007ffdbc316000 	C:\WINDOWS\System32\win32u.dll
0x00007ffdbd0d0000 - 0x00007ffdbd177000 	C:\WINDOWS\System32\msvcrt.dll
0x00007ffdbd200000 - 0x00007ffdbd229000 	C:\WINDOWS\System32\GDI32.dll
0x00007ffdbc8a0000 - 0x00007ffdbc9b8000 	C:\WINDOWS\System32\gdi32full.dll
0x00007ffdbc800000 - 0x00007ffdbc89a000 	C:\WINDOWS\System32\msvcp_win.dll
0x00007ffdbc9c0000 - 0x00007ffdbc9f1000 	C:\WINDOWS\System32\IMM32.DLL
0x00007ffdb70c0000 - 0x00007ffdb70cc000 	c:\Users\USER\.vscode\extensions\redhat.java-1.28.1-win32-x64\jre\17.0.10-win32-x86_64\bin\vcruntime140_1.dll
0x00007ffd9ec80000 - 0x00007ffd9ed0d000 	c:\Users\USER\.vscode\extensions\redhat.java-1.28.1-win32-x64\jre\17.0.10-win32-x86_64\bin\msvcp140.dll
0x00007ffd67520000 - 0x00007ffd68182000 	c:\Users\USER\.vscode\extensions\redhat.java-1.28.1-win32-x64\jre\17.0.10-win32-x86_64\bin\server\jvm.dll
0x00007ffdbe8e0000 - 0x00007ffdbe993000 	C:\WINDOWS\System32\ADVAPI32.dll
0x00007ffdbd020000 - 0x00007ffdbd0c8000 	C:\WINDOWS\System32\sechost.dll
0x00007ffdbc2c0000 - 0x00007ffdbc2e8000 	C:\WINDOWS\System32\bcrypt.dll
0x00007ffdbe350000 - 0x00007ffdbe467000 	C:\WINDOWS\System32\RPCRT4.dll
0x00007ffdb6eb0000 - 0x00007ffdb6eb9000 	C:\WINDOWS\SYSTEM32\WSOCK32.dll
0x00007ffdbae60000 - 0x00007ffdbaead000 	C:\WINDOWS\SYSTEM32\POWRPROF.dll
0x00007ffdb4ff0000 - 0x00007ffdb5024000 	C:\WINDOWS\SYSTEM32\WINMM.dll
0x00007ffdb3740000 - 0x00007ffdb374a000 	C:\WINDOWS\SYSTEM32\VERSION.dll
0x00007ffdbcc70000 - 0x00007ffdbcce1000 	C:\WINDOWS\System32\WS2_32.dll
0x00007ffdbae20000 - 0x00007ffdbae33000 	C:\WINDOWS\SYSTEM32\UMPDC.dll
0x00007ffdbb0e0000 - 0x00007ffdbb0f8000 	C:\WINDOWS\SYSTEM32\kernel.appcore.dll
0x00007ffdb6b50000 - 0x00007ffdb6b5a000 	c:\Users\USER\.vscode\extensions\redhat.java-1.28.1-win32-x64\jre\17.0.10-win32-x86_64\bin\jimage.dll
0x00007ffdb92b0000 - 0x00007ffdb94e3000 	C:\WINDOWS\SYSTEM32\DBGHELP.DLL
0x00007ffdbe550000 - 0x00007ffdbe8d9000 	C:\WINDOWS\System32\combase.dll
0x00007ffdbeb40000 - 0x00007ffdbec17000 	C:\WINDOWS\System32\OLEAUT32.dll
0x00007ffdabc30000 - 0x00007ffdabc62000 	C:\WINDOWS\SYSTEM32\dbgcore.DLL
0x00007ffdbc240000 - 0x00007ffdbc2ba000 	C:\WINDOWS\System32\bcryptPrimitives.dll
0x00007ffdb67a0000 - 0x00007ffdb67ae000 	c:\Users\USER\.vscode\extensions\redhat.java-1.28.1-win32-x64\jre\17.0.10-win32-x86_64\bin\instrument.dll
0x00007ffda7cf0000 - 0x00007ffda7d15000 	c:\Users\USER\.vscode\extensions\redhat.java-1.28.1-win32-x64\jre\17.0.10-win32-x86_64\bin\java.dll
0x00007ffda7cd0000 - 0x00007ffda7ce8000 	c:\Users\USER\.vscode\extensions\redhat.java-1.28.1-win32-x64\jre\17.0.10-win32-x86_64\bin\zip.dll
0x00007ffdbd7d0000 - 0x00007ffdbe02b000 	C:\WINDOWS\System32\SHELL32.dll
0x00007ffdb9ee0000 - 0x00007ffdba7d6000 	C:\WINDOWS\SYSTEM32\windows.storage.dll
0x00007ffdb9da0000 - 0x00007ffdb9ede000 	C:\WINDOWS\SYSTEM32\wintypes.dll
0x00007ffdbccf0000 - 0x00007ffdbcde3000 	C:\WINDOWS\System32\SHCORE.dll
0x00007ffdbd6d0000 - 0x00007ffdbd72e000 	C:\WINDOWS\System32\shlwapi.dll
0x00007ffdbbee0000 - 0x00007ffdbbf06000 	C:\WINDOWS\SYSTEM32\profapi.dll
0x00007ffda7c90000 - 0x00007ffda7ca9000 	C:\Users\USER\.vscode\extensions\redhat.java-1.28.1-win32-x64\jre\17.0.10-win32-x86_64\bin\net.dll
0x00007ffdb5650000 - 0x00007ffdb5787000 	C:\WINDOWS\SYSTEM32\WINHTTP.dll
0x00007ffdbb560000 - 0x00007ffdbb5c9000 	C:\WINDOWS\system32\mswsock.dll
0x00007ffda7ab0000 - 0x00007ffda7ac6000 	C:\Users\USER\.vscode\extensions\redhat.java-1.28.1-win32-x64\jre\17.0.10-win32-x86_64\bin\nio.dll
0x00007ffdb5e80000 - 0x00007ffdb5e90000 	c:\Users\USER\.vscode\extensions\redhat.java-1.28.1-win32-x64\jre\17.0.10-win32-x86_64\bin\verify.dll

dbghelp: loaded successfully - version: 4.0.5 - missing functions: none
symbol engine: initialized successfully - sym options: 0x614 - pdb path: .;c:\Users\USER\.vscode\extensions\redhat.java-1.28.1-win32-x64\jre\17.0.10-win32-x86_64\bin;C:\WINDOWS\SYSTEM32;C:\WINDOWS\WinSxS\amd64_microsoft.windows.common-controls_6595b64144ccf1df_6.0.22621.2506_none_270c5ae97388e100;c:\Users\USER\.vscode\extensions\redhat.java-1.28.1-win32-x64\jre\17.0.10-win32-x86_64\bin\server

VM Arguments:
jvm_args: --add-modules=ALL-SYSTEM --add-opens=java.base/java.util=ALL-UNNAMED --add-opens=java.base/java.lang=ALL-UNNAMED --add-opens=java.base/sun.nio.fs=ALL-UNNAMED -Declipse.application=org.eclipse.jdt.ls.core.id1 -Dosgi.bundles.defaultStartLevel=4 -Declipse.product=org.eclipse.jdt.ls.core.product -Djava.import.generatesMetadataFilesAtProjectRoot=false -DDetectVMInstallationsJob.disabled=true -Dfile.encoding=utf8 -XX:+UseParallelGC -XX:GCTimeRatio=4 -XX:AdaptiveSizePolicyWeight=90 -Dsun.zip.disableMemoryMapping=true -Xmx1G -Xms100m -Xlog:disable -javaagent:c:\Users\USER\.vscode\extensions\redhat.java-1.28.1-win32-x64\lombok\lombok-1.18.31.jar 
java_command: c:\Users\USER\.vscode\extensions\redhat.java-1.28.1-win32-x64\server\plugins\org.eclipse.equinox.launcher_1.6.700.v20231214-2017.jar -configuration c:\Users\USER\AppData\Roaming\Code\User\globalStorage\redhat.java\1.28.1\config_ss_win -data c:\Users\USER\AppData\Roaming\Code\User\workspaceStorage\2bc9def59a76bb2c09dd8f23c0cd6ce8\redhat.java\ss_ws --stdio
java_class_path (initial): c:\Users\USER\.vscode\extensions\redhat.java-1.28.1-win32-x64\server\plugins\org.eclipse.equinox.launcher_1.6.700.v20231214-2017.jar
Launcher Type: SUN_STANDARD

[Global flags]
    uintx AdaptiveSizePolicyWeight                 = 90                                        {product} {command line}
     intx CICompilerCount                          = 4                                         {product} {ergonomic}
    uintx GCTimeRatio                              = 4                                         {product} {command line}
   size_t InitialHeapSize                          = 104857600                                 {product} {command line}
   size_t MaxHeapSize                              = 1073741824                                {product} {command line}
   size_t MaxNewSize                               = 357564416                                 {product} {ergonomic}
   size_t MinHeapDeltaBytes                        = 524288                                    {product} {ergonomic}
   size_t MinHeapSize                              = 104857600                                 {product} {command line}
   size_t NewSize                                  = 34603008                                  {product} {ergonomic}
    uintx NonNMethodCodeHeapSize                   = 5839372                                {pd product} {ergonomic}
    uintx NonProfiledCodeHeapSize                  = 122909434                              {pd product} {ergonomic}
   size_t OldSize                                  = 70254592                                  {product} {ergonomic}
    uintx ProfiledCodeHeapSize                     = 122909434                              {pd product} {ergonomic}
    uintx ReservedCodeCacheSize                    = 251658240                              {pd product} {ergonomic}
     bool SegmentedCodeCache                       = true                                      {product} {ergonomic}
   size_t SoftMaxHeapSize                          = 1073741824                             {manageable} {ergonomic}
     bool UseCompressedClassPointers               = true                           {product lp64_product} {ergonomic}
     bool UseCompressedOops                        = true                           {product lp64_product} {ergonomic}
     bool UseLargePagesIndividualAllocation        = false                                  {pd product} {ergonomic}
     bool UseParallelGC                            = true                                      {product} {command line}

Logging:
Log output configuration:
 #0: stdout all=off uptime,level,tags
 #1: stderr all=off uptime,level,tags

Environment Variables:
PATH=C:\Program Files\Common Files\Oracle\Java\javapath;C:\Windows\system32;C:\Windows;C:\Windows\System32\Wbem;C:\Windows\System32\WindowsPowerShell\v1.0\;C:\Windows\System32\OpenSSH\;C:\Program Files (x86)\NVIDIA Corporation\PhysX\Common;C:\Program Files\NVIDIA Corporation\NVIDIA NvDLISR;C:\WINDOWS\system32;C:\WINDOWS;C:\WINDOWS\System32\Wbem;C:\WINDOWS\System32\WindowsPowerShell\v1.0\;C:\WINDOWS\System32\OpenSSH\;C:\Program Files\Git\cmd;C:\Program Files\dotnet\;C:\MinGW\bin;C:\Users\USER\AppData\Local\Microsoft\WindowsApps;;C:\Users\USER\AppData\Local\Programs\Microsoft VS Code\bin
USERNAME=USER
OS=Windows_NT
PROCESSOR_IDENTIFIER=Intel64 Family 6 Model 154 Stepping 3, GenuineIntel
TMP=C:\Users\USER\AppData\Local\Temp
TEMP=C:\Users\USER\AppData\Local\Temp



Periodic native trim disabled


---------------  S Y S T E M  ---------------

OS:
 Windows 11 , 64 bit Build 22621 (10.0.22621.3085)
OS uptime: 0 days 7:06 hours
Hyper-V role detected

CPU: total 12 (initial active 12) (6 cores per cpu, 2 threads per core) family 6 model 154 stepping 3 microcode 0x41c, cx8, cmov, fxsr, ht, mmx, 3dnowpref, sse, sse2, sse3, ssse3, sse4.1, sse4.2, popcnt, lzcnt, tsc, tscinvbit, avx, avx2, aes, erms, clmul, bmi1, bmi2, adx, sha, fma, vzeroupper, clflush, clflushopt, clwb, hv
Processor Information for processor 0
  Max Mhz: 2000, Current Mhz: 2000, Mhz Limit: 2000
Processor Information for processor 1
  Max Mhz: 2000, Current Mhz: 2000, Mhz Limit: 2000
Processor Information for processor 2
  Max Mhz: 2000, Current Mhz: 2000, Mhz Limit: 2000
Processor Information for processor 3
  Max Mhz: 2000, Current Mhz: 2000, Mhz Limit: 2000
Processor Information for processor 4
  Max Mhz: 2000, Current Mhz: 2000, Mhz Limit: 2000
Processor Information for processor 5
  Max Mhz: 2000, Current Mhz: 2000, Mhz Limit: 2000
Processor Information for processor 6
  Max Mhz: 2000, Current Mhz: 2000, Mhz Limit: 2000
Processor Information for processor 7
  Max Mhz: 2000, Current Mhz: 2000, Mhz Limit: 2000
Processor Information for processor 8
  Max Mhz: 2000, Current Mhz: 1500, Mhz Limit: 1500
Processor Information for processor 9
  Max Mhz: 2000, Current Mhz: 1500, Mhz Limit: 1500
Processor Information for processor 10
  Max Mhz: 2000, Current Mhz: 1500, Mhz Limit: 1500
Processor Information for processor 11
  Max Mhz: 2000, Current Mhz: 1500, Mhz Limit: 1500

Memory: 4k page, system-wide physical 7814M (829M free)
TotalPageFile size 31366M (AvailPageFile size 9M)
current process WorkingSet (physical memory assigned to process): 81M, peak: 81M
current process commit charge ("private bytes"): 209M, peak: 209M

vm_info: OpenJDK 64-Bit Server VM (17.0.10+7) for windows-amd64 JRE (17.0.10+7), built on Jan 16 2024 23:25:11 by "admin" with MS VC++ 16.10 / 16.11 (VS2019)

END.
