#
# There is insufficient memory for the Java Runtime Environment to continue.
# Native memory allocation (malloc) failed to allocate 385456 bytes for Chunk::new
# Possible reasons:
#   The system is out of physical RAM or swap space
#   The process is running with CompressedOops enabled, and the Java Heap may be blocking the growth of the native heap
# Possible solutions:
#   Reduce memory load on the system
#   Increase physical memory or swap space
#   Check if swap backing store is full
#   Decrease Java heap size (-Xmx/-Xms)
#   Decrease number of Java threads
#   Decrease Java thread stack sizes (-Xss)
#   Set larger code cache with -XX:ReservedCodeCacheSize=
#   JVM is running with Unscaled Compressed Oops mode in which the Java heap is
#     placed in the first 4GB address space. The Java Heap base address is the
#     maximum limit for the native heap growth. Please use -XX:HeapBaseMinAddress
#     to set the Java Heap base and to place the Java Heap above 4GB virtual address.
# This output file may be truncated or incomplete.
#
#  Out of Memory Error (arena.cpp:191), pid=13528, tid=13040
#
# JRE version: OpenJDK Runtime Environment Temurin-17.0.10+7 (17.0.10+7) (build 17.0.10+7)
# Java VM: OpenJDK 64-Bit Server VM Temurin-17.0.10+7 (17.0.10+7, mixed mode, tiered, compressed oops, compressed class ptrs, parallel gc, windows-amd64)
# No core dump will be written. Minidumps are not enabled by default on client versions of Windows
#

---------------  S U M M A R Y ------------

Command Line: --add-modules=ALL-SYSTEM --add-opens=java.base/java.util=ALL-UNNAMED --add-opens=java.base/java.lang=ALL-UNNAMED --add-opens=java.base/sun.nio.fs=ALL-UNNAMED -Declipse.application=org.eclipse.jdt.ls.core.id1 -Dosgi.bundles.defaultStartLevel=4 -Declipse.product=org.eclipse.jdt.ls.core.product -Djava.import.generatesMetadataFilesAtProjectRoot=false -DDetectVMInstallationsJob.disabled=true -Dfile.encoding=utf8 -XX:+UseParallelGC -XX:GCTimeRatio=4 -XX:AdaptiveSizePolicyWeight=90 -Dsun.zip.disableMemoryMapping=true -Xmx1G -Xms100m -Xlog:disable -javaagent:c:\Users\USER\.vscode\extensions\redhat.java-1.28.1-win32-x64\lombok\lombok-1.18.31.jar c:\Users\USER\.vscode\extensions\redhat.java-1.28.1-win32-x64\server\plugins\org.eclipse.equinox.launcher_1.6.700.v20231214-2017.jar -configuration c:\Users\USER\AppData\Roaming\Code\User\globalStorage\redhat.java\1.28.1\config_ss_win -data c:\Users\USER\AppData\Roaming\Code\User\workspaceStorage\2bc9def59a76bb2c09dd8f23c0cd6ce8\redhat.java\ss_ws --stdio

Host: 12th Gen Intel(R) Core(TM) i5-12450H, 12 cores, 7G,  Windows 11 , 64 bit Build 22621 (10.0.22621.3085)
Time: Wed Feb 21 23:01:05 2024 SE Asia Standard Time elapsed time: 0.631033 seconds (0d 0h 0m 0s)

---------------  T H R E A D  ---------------

Current thread (0x000001a5acd9b480):  JavaThread "C2 CompilerThread0" daemon [_thread_in_native, id=13040, stack(0x0000003f19400000,0x0000003f19500000)]


Current CompileTask:
C2:    631 1095       4       jdk.internal.jimage.ImageLocation::verify (218 bytes)

Stack: [0x0000003f19400000,0x0000003f19500000]
Native frames: (J=compiled Java code, j=interpreted, Vv=VM code, C=native code)
V  [jvm.dll+0x67d2c9]
V  [jvm.dll+0x834afa]
V  [jvm.dll+0x8365be]
V  [jvm.dll+0x836c23]
V  [jvm.dll+0x2477ff]
V  [jvm.dll+0xac514]
V  [jvm.dll+0xacb5c]
V  [jvm.dll+0x366782]
V  [jvm.dll+0x330bfa]
V  [jvm.dll+0x33009a]
V  [jvm.dll+0x219ef1]
V  [jvm.dll+0x219311]
V  [jvm.dll+0x1a502d]
V  [jvm.dll+0x2290de]
V  [jvm.dll+0x2272ac]
V  [jvm.dll+0x7e9bb7]
V  [jvm.dll+0x7e3fba]
V  [jvm.dll+0x67c1b5]
C  [ucrtbase.dll+0x29363]
C  [KERNEL32.DLL+0x1257d]
C  [ntdll.dll+0x5aa58]


---------------  P R O C E S S  ---------------

Threads class SMR info:
_java_thread_list=0x000001a5ae6ded70, length=14, elements={
0x000001a593e1ea90, 0x000001a5a7c9f020, 0x000001a5a7ca0290, 0x000001a5a7cad4b0,
0x000001a5a7cade80, 0x000001a5a7caea90, 0x000001a5acd98240, 0x000001a5acd9b480,
0x000001a5acda6590, 0x000001a5acdaa0f0, 0x000001a593e81080, 0x000001a5acda55a0,
0x000001a5ae56dbf0, 0x000001a5acda5af0
}

Java Threads: ( => current thread )
  0x000001a593e1ea90 JavaThread "main" [_thread_in_native, id=19280, stack(0x0000003f18b00000,0x0000003f18c00000)]
  0x000001a5a7c9f020 JavaThread "Reference Handler" daemon [_thread_blocked, id=19040, stack(0x0000003f18e00000,0x0000003f18f00000)]
  0x000001a5a7ca0290 JavaThread "Finalizer" daemon [_thread_blocked, id=11720, stack(0x0000003f18f00000,0x0000003f19000000)]
  0x000001a5a7cad4b0 JavaThread "Signal Dispatcher" daemon [_thread_blocked, id=19172, stack(0x0000003f19000000,0x0000003f19100000)]
  0x000001a5a7cade80 JavaThread "Attach Listener" daemon [_thread_blocked, id=10640, stack(0x0000003f19100000,0x0000003f19200000)]
  0x000001a5a7caea90 JavaThread "Service Thread" daemon [_thread_blocked, id=8496, stack(0x0000003f19200000,0x0000003f19300000)]
  0x000001a5acd98240 JavaThread "Monitor Deflation Thread" daemon [_thread_blocked, id=1840, stack(0x0000003f19300000,0x0000003f19400000)]
=>0x000001a5acd9b480 JavaThread "C2 CompilerThread0" daemon [_thread_in_native, id=13040, stack(0x0000003f19400000,0x0000003f19500000)]
  0x000001a5acda6590 JavaThread "C1 CompilerThread0" daemon [_thread_blocked, id=8100, stack(0x0000003f19500000,0x0000003f19600000)]
  0x000001a5acdaa0f0 JavaThread "Sweeper thread" daemon [_thread_blocked, id=9616, stack(0x0000003f19600000,0x0000003f19700000)]
  0x000001a593e81080 JavaThread "Common-Cleaner" daemon [_thread_blocked, id=17432, stack(0x0000003f19700000,0x0000003f19800000)]
  0x000001a5acda55a0 JavaThread "C2 CompilerThread1" daemon [_thread_in_native, id=11172, stack(0x0000003f19800000,0x0000003f19900000)]
  0x000001a5ae56dbf0 JavaThread "Notification Thread" daemon [_thread_blocked, id=16632, stack(0x0000003f19900000,0x0000003f19a00000)]
  0x000001a5acda5af0 JavaThread "C2 CompilerThread2" daemon [_thread_blocked, id=12884, stack(0x0000003f19b00000,0x0000003f19c00000)]

Other Threads:
  0x000001a593ecec70 VMThread "VM Thread" [stack: 0x0000003f18d00000,0x0000003f18e00000] [id=14360]
  0x000001a5ae5cef30 WatcherThread [stack: 0x0000003f19a00000,0x0000003f19b00000] [id=8472]
  0x000001a593e336a0 GCTaskThread "GC Thread#0" [stack: 0x0000003f18c00000,0x0000003f18d00000] [id=7264]
  0x000001a5aedfdfa0 GCTaskThread "GC Thread#1" [stack: 0x0000003f19c00000,0x0000003f19d00000] [id=13048]
  0x000001a5ae90bf60 GCTaskThread "GC Thread#2" [stack: 0x0000003f19d00000,0x0000003f19e00000] [id=15848]
  0x000001a5ae90c220 GCTaskThread "GC Thread#3" [stack: 0x0000003f19e00000,0x0000003f19f00000] [id=9188]
  0x000001a5ae8e97f0 GCTaskThread "GC Thread#4" [stack: 0x0000003f19f00000,0x0000003f1a000000] [id=10920]
  0x000001a5ae8e9ab0 GCTaskThread "GC Thread#5" [stack: 0x0000003f1a000000,0x0000003f1a100000] [id=4240]
  0x000001a5ae9716e0 GCTaskThread "GC Thread#6" [stack: 0x0000003f1a100000,0x0000003f1a200000] [id=10140]

Threads with active compile tasks:
C2 CompilerThread0      643 1095       4       jdk.internal.jimage.ImageLocation::verify (218 bytes)
C1 CompilerThread0      643 1111       3       jdk.internal.module.Resources::toPackageName (39 bytes)
C2 CompilerThread1      643 1110       4       java.lang.AbstractStringBuilder::append (45 bytes)

VM state: not at safepoint (normal execution)

VM Mutex/Monitor currently owned by a thread: None

Heap address: 0x00000000c0000000, size: 1024 MB, Compressed Oops mode: 32-bit

CDS archive(s) not mapped
Compressed class space mapped at: 0x0000000100000000-0x0000000140000000, reserved size: 1073741824
Narrow klass base: 0x0000000000000000, Narrow klass shift: 3, Narrow klass range: 0x140000000

GC Precious Log:
 CPUs: 12 total, 12 available
 Memory: 7814M
 Large Page Support: Disabled
 NUMA Support: Disabled
 Compressed Oops: Enabled (32-bit)
 Alignments: Space 512K, Generation 512K, Heap 2M
 Heap Min Capacity: 100M
 Heap Initial Capacity: 100M
 Heap Max Capacity: 1G
 Pre-touch: Disabled
 Parallel Workers: 10

Heap:
 PSYoungGen      total 29696K, used 10879K [0x00000000eab00000, 0x00000000ecc00000, 0x0000000100000000)
  eden space 25600K, 30% used [0x00000000eab00000,0x00000000eb286870,0x00000000ec400000)
  from space 4096K, 77% used [0x00000000ec400000,0x00000000ec719710,0x00000000ec800000)
  to   space 4096K, 0% used [0x00000000ec800000,0x00000000ec800000,0x00000000ecc00000)
 ParOldGen       total 68608K, used 16K [0x00000000c0000000, 0x00000000c4300000, 0x00000000eab00000)
  object space 68608K, 0% used [0x00000000c0000000,0x00000000c0004000,0x00000000c4300000)
 Metaspace       used 12159K, committed 12352K, reserved 1114112K
  class space    used 1191K, committed 1280K, reserved 1048576K

Card table byte_map: [0x000001a5937b0000,0x000001a5939c0000] _byte_map_base: 0x000001a5931b0000

Marking Bits: (ParMarkBitMap*) 0x00007ffd680bd7d0
 Begin Bits: [0x000001a5a5ab0000, 0x000001a5a6ab0000)
 End Bits:   [0x000001a5a6ab0000, 0x000001a5a7ab0000)

Polling page: 0x000001a591bc0000

Metaspace:

Usage:
  Non-class:     10.71 MB used.
      Class:      1.16 MB used.
       Both:     11.87 MB used.

Virtual space:
  Non-class space:       64.00 MB reserved,      10.81 MB ( 17%) committed,  1 nodes.
      Class space:        1.00 GB reserved,       1.25 MB ( <1%) committed,  1 nodes.
             Both:        1.06 GB reserved,      12.06 MB (  1%) committed. 

Chunk freelists:
   Non-Class:  4.39 MB
       Class:  14.61 MB
        Both:  19.00 MB

MaxMetaspaceSize: unlimited
CompressedClassSpaceSize: 1.00 GB
Initial GC threshold: 21.00 MB
Current GC threshold: 21.00 MB
CDS: off
MetaspaceReclaimPolicy: balanced
 - commit_granule_bytes: 65536.
 - commit_granule_words: 8192.
 - virtual_space_node_default_size: 8388608.
 - enlarge_chunks_in_place: 1.
 - new_chunks_are_fully_committed: 0.
 - uncommit_free_chunks: 1.
 - use_allocation_guard: 0.
 - handle_deallocations: 1.


Internal statistics:

num_allocs_failed_limit: 0.
num_arena_births: 30.
num_arena_deaths: 0.
num_vsnodes_births: 2.
num_vsnodes_deaths: 0.
num_space_committed: 193.
num_space_uncommitted: 0.
num_chunks_returned_to_freelist: 0.
num_chunks_taken_from_freelist: 137.
num_chunk_merges: 0.
num_chunk_splits: 95.
num_chunks_enlarged: 83.
num_inconsistent_stats: 0.

CodeHeap 'non-profiled nmethods': size=120000Kb used=464Kb max_used=464Kb free=119535Kb
 bounds [0x000001a59e580000, 0x000001a59e7f0000, 0x000001a5a5ab0000]
CodeHeap 'profiled nmethods': size=120000Kb used=1929Kb max_used=1929Kb free=118070Kb
 bounds [0x000001a596ab0000, 0x000001a596d20000, 0x000001a59dfe0000]
CodeHeap 'non-nmethods': size=5760Kb used=1145Kb max_used=1172Kb free=4614Kb
 bounds [0x000001a59dfe0000, 0x000001a59e250000, 0x000001a59e580000]
 total_blobs=1546 nmethods=1108 adapters=353
 compilation: enabled
              stopped_count=0, restarted_count=0
 full_count=0

Compilation events (20 events):
Event: 0.615 Thread 0x000001a5acda55a0 1093       4       java.net.URI::match (56 bytes)
Event: 0.615 Thread 0x000001a5acda6590 1094       3       java.net.URI::quote (214 bytes)
Event: 0.615 Thread 0x000001a5acd9b480 1095       4       jdk.internal.jimage.ImageLocation::verify (218 bytes)
Event: 0.615 Thread 0x000001a5acda55a0 nmethod 1093 0x000001a59e5f0590 code [0x000001a59e5f0700, 0x000001a59e5f07d8]
Event: 0.616 Thread 0x000001a5acda6590 nmethod 1094 0x000001a596c87890 code [0x000001a596c87c60, 0x000001a596c89538]
Event: 0.616 Thread 0x000001a5acda6590 1096       3       java.io.File::isDirectory (34 bytes)
Event: 0.617 Thread 0x000001a5acda6590 nmethod 1096 0x000001a596c89f10 code [0x000001a596c8a100, 0x000001a596c8a628]
Event: 0.621 Thread 0x000001a5acda6590 1097       3       org.lombokweb.asm.ClassReader::readUtf (44 bytes)
Event: 0.621 Thread 0x000001a5acda6590 nmethod 1097 0x000001a596c8a810 code [0x000001a596c8a9e0, 0x000001a596c8ad78]
Event: 0.621 Thread 0x000001a5acda6590 1098       3       org.lombokweb.asm.ClassReader::readUtf (161 bytes)
Event: 0.622 Thread 0x000001a5acda6590 nmethod 1098 0x000001a596c8af10 code [0x000001a596c8b0e0, 0x000001a596c8b548]
Event: 0.622 Thread 0x000001a5acda6590 1099       3       org.lombokweb.asm.ClassReader::getItem (7 bytes)
Event: 0.622 Thread 0x000001a5acda6590 nmethod 1099 0x000001a596c8b810 code [0x000001a596c8b9a0, 0x000001a596c8bad8]
Event: 0.622 Thread 0x000001a5acda6590 1100       3       org.lombokweb.asm.Symbol::<init> (38 bytes)
Event: 0.622 Thread 0x000001a5acda6590 nmethod 1100 0x000001a596c8bb90 code [0x000001a596c8bd20, 0x000001a596c8bed8]
Event: 0.622 Thread 0x000001a5acda6590 1101       3       org.lombokweb.asm.SymbolTable::add (39 bytes)
Event: 0.622 Thread 0x000001a5acda6590 nmethod 1101 0x000001a596c8c010 code [0x000001a596c8c1c0, 0x000001a596c8c478]
Event: 0.622 Thread 0x000001a5acda6590 1102       3       org.lombokweb.asm.ClassReader::readUTF8 (23 bytes)
Event: 0.622 Thread 0x000001a5acda6590 nmethod 1102 0x000001a596c8c590 code [0x000001a596c8c740, 0x000001a596c8c998]
Event: 0.626 Thread 0x000001a5acda5af0 nmethod 1080 0x000001a59e5f0890 code [0x000001a59e5f0ba0, 0x000001a59e5f27a8]

GC Heap History (2 events):
Event: 0.540 GC heap before
{Heap before GC invocations=1 (full 0):
 PSYoungGen      total 29696K, used 25600K [0x00000000eab00000, 0x00000000ecc00000, 0x0000000100000000)
  eden space 25600K, 100% used [0x00000000eab00000,0x00000000ec400000,0x00000000ec400000)
  from space 4096K, 0% used [0x00000000ec800000,0x00000000ec800000,0x00000000ecc00000)
  to   space 4096K, 0% used [0x00000000ec400000,0x00000000ec400000,0x00000000ec800000)
 ParOldGen       total 68608K, used 0K [0x00000000c0000000, 0x00000000c4300000, 0x00000000eab00000)
  object space 68608K, 0% used [0x00000000c0000000,0x00000000c0000000,0x00000000c4300000)
 Metaspace       used 11005K, committed 11200K, reserved 1114112K
  class space    used 1098K, committed 1216K, reserved 1048576K
}
Event: 0.545 GC heap after
{Heap after GC invocations=1 (full 0):
 PSYoungGen      total 29696K, used 3173K [0x00000000eab00000, 0x00000000ecc00000, 0x0000000100000000)
  eden space 25600K, 0% used [0x00000000eab00000,0x00000000eab00000,0x00000000ec400000)
  from space 4096K, 77% used [0x00000000ec400000,0x00000000ec719710,0x00000000ec800000)
  to   space 4096K, 0% used [0x00000000ec800000,0x00000000ec800000,0x00000000ecc00000)
 ParOldGen       total 68608K, used 16K [0x00000000c0000000, 0x00000000c4300000, 0x00000000eab00000)
  object space 68608K, 0% used [0x00000000c0000000,0x00000000c0004000,0x00000000c4300000)
 Metaspace       used 11005K, committed 11200K, reserved 1114112K
  class space    used 1098K, committed 1216K, reserved 1048576K
}

Dll operation events (8 events):
Event: 0.009 Loaded shared library c:\Users\USER\.vscode\extensions\redhat.java-1.28.1-win32-x64\jre\17.0.10-win32-x86_64\bin\java.dll
Event: 0.102 Loaded shared library c:\Users\USER\.vscode\extensions\redhat.java-1.28.1-win32-x64\jre\17.0.10-win32-x86_64\bin\zip.dll
Event: 0.105 Loaded shared library C:\Users\USER\.vscode\extensions\redhat.java-1.28.1-win32-x64\jre\17.0.10-win32-x86_64\bin\instrument.dll
Event: 0.117 Loaded shared library C:\Users\USER\.vscode\extensions\redhat.java-1.28.1-win32-x64\jre\17.0.10-win32-x86_64\bin\net.dll
Event: 0.120 Loaded shared library C:\Users\USER\.vscode\extensions\redhat.java-1.28.1-win32-x64\jre\17.0.10-win32-x86_64\bin\nio.dll
Event: 0.124 Loaded shared library C:\Users\USER\.vscode\extensions\redhat.java-1.28.1-win32-x64\jre\17.0.10-win32-x86_64\bin\zip.dll
Event: 0.135 Loaded shared library C:\Users\USER\.vscode\extensions\redhat.java-1.28.1-win32-x64\jre\17.0.10-win32-x86_64\bin\jimage.dll
Event: 0.174 Loaded shared library c:\Users\USER\.vscode\extensions\redhat.java-1.28.1-win32-x64\jre\17.0.10-win32-x86_64\bin\verify.dll

Deoptimization events (20 events):
Event: 0.585 Thread 0x000001a593e1ea90 Uncommon trap: trap_request=0xffffff45 fr.pc=0x000001a59e5e75e0 relative=0x00000000000001e0
Event: 0.585 Thread 0x000001a593e1ea90 Uncommon trap: reason=unstable_if action=reinterpret pc=0x000001a59e5e75e0 method=java.io.BufferedInputStream.read()I @ 8 c2
Event: 0.585 Thread 0x000001a593e1ea90 DEOPT PACKING pc=0x000001a59e5e75e0 sp=0x0000003f18bfdea0
Event: 0.585 Thread 0x000001a593e1ea90 DEOPT UNPACKING pc=0x000001a59e0366a3 sp=0x0000003f18bfde50 mode 2
Event: 0.597 Thread 0x000001a593e1ea90 Uncommon trap: trap_request=0xffffff45 fr.pc=0x000001a59e5bc738 relative=0x0000000000000ff8
Event: 0.597 Thread 0x000001a593e1ea90 Uncommon trap: reason=unstable_if action=reinterpret pc=0x000001a59e5bc738 method=lombok.patcher.PatchScript.classMatches(Ljava/lang/String;Ljava/util/Collection;)Z @ 25 c2
Event: 0.597 Thread 0x000001a593e1ea90 DEOPT PACKING pc=0x000001a59e5bc738 sp=0x0000003f18bf8200
Event: 0.597 Thread 0x000001a593e1ea90 DEOPT UNPACKING pc=0x000001a59e0366a3 sp=0x0000003f18bf8168 mode 2
Event: 0.599 Thread 0x000001a593e1ea90 DEOPT PACKING pc=0x000001a596b1c8c5 sp=0x0000003f18bf76a0
Event: 0.599 Thread 0x000001a593e1ea90 DEOPT UNPACKING pc=0x000001a59e036e43 sp=0x0000003f18bf6b50 mode 0
Event: 0.607 Thread 0x000001a593e1ea90 DEOPT PACKING pc=0x000001a596b1c8c5 sp=0x0000003f18bf3a80
Event: 0.607 Thread 0x000001a593e1ea90 DEOPT UNPACKING pc=0x000001a59e036e43 sp=0x0000003f18bf2f30 mode 0
Event: 0.609 Thread 0x000001a593e1ea90 DEOPT PACKING pc=0x000001a596b1c8c5 sp=0x0000003f18bf3a80
Event: 0.609 Thread 0x000001a593e1ea90 DEOPT UNPACKING pc=0x000001a59e036e43 sp=0x0000003f18bf2f30 mode 0
Event: 0.614 Thread 0x000001a593e1ea90 DEOPT PACKING pc=0x000001a596b1c8c5 sp=0x0000003f18bf3a80
Event: 0.614 Thread 0x000001a593e1ea90 DEOPT UNPACKING pc=0x000001a59e036e43 sp=0x0000003f18bf2f30 mode 0
Event: 0.617 Thread 0x000001a593e1ea90 DEOPT PACKING pc=0x000001a596b1c8c5 sp=0x0000003f18bf75b0
Event: 0.617 Thread 0x000001a593e1ea90 DEOPT UNPACKING pc=0x000001a59e036e43 sp=0x0000003f18bf6a60 mode 0
Event: 0.623 Thread 0x000001a593e1ea90 DEOPT PACKING pc=0x000001a596b1c8c5 sp=0x0000003f18bf3a90
Event: 0.623 Thread 0x000001a593e1ea90 DEOPT UNPACKING pc=0x000001a59e036e43 sp=0x0000003f18bf2f40 mode 0

Classes unloaded (0 events):
No events

Classes redefined (0 events):
No events

Internal exceptions (20 events):
Event: 0.348 Thread 0x000001a593e1ea90 Exception <a 'java/io/FileNotFoundException'{0x00000000eb870b98}> (0x00000000eb870b98) 
thrown [s\src\hotspot\share\prims\jni.cpp, line 516]
Event: 0.348 Thread 0x000001a593e1ea90 Exception <a 'java/io/FileNotFoundException'{0x00000000eb871888}> (0x00000000eb871888) 
thrown [s\src\hotspot\share\prims\jni.cpp, line 516]
Event: 0.348 Thread 0x000001a593e1ea90 Exception <a 'java/io/FileNotFoundException'{0x00000000eb872548}> (0x00000000eb872548) 
thrown [s\src\hotspot\share\prims\jni.cpp, line 516]
Event: 0.352 Thread 0x000001a593e1ea90 Implicit null exception at 0x000001a59e5a2f72 to 0x000001a59e5a3498
Event: 0.355 Thread 0x000001a593e1ea90 Exception <a 'java/io/FileNotFoundException'{0x00000000eb8ad070}> (0x00000000eb8ad070) 
thrown [s\src\hotspot\share\prims\jni.cpp, line 516]
Event: 0.468 Thread 0x000001a593e1ea90 Exception <a 'java/lang/ClassNotFoundException'{0x00000000ec0b34c8}: sun/net/www/protocol/c/Handler> (0x00000000ec0b34c8) 
thrown [s\src\hotspot\share\classfile\systemDictionary.cpp, line 256]
Event: 0.468 Thread 0x000001a593e1ea90 Exception <a 'java/lang/ClassNotFoundException'{0x00000000ec0b4858}: sun/net/www/protocol/c/Handler> (0x00000000ec0b4858) 
thrown [s\src\hotspot\share\classfile\systemDictionary.cpp, line 256]
Event: 0.468 Thread 0x000001a593e1ea90 Exception <a 'java/lang/ClassNotFoundException'{0x00000000ec0b5a48}: sun/net/www/protocol/c/Handler> (0x00000000ec0b5a48) 
thrown [s\src\hotspot\share\classfile\systemDictionary.cpp, line 256]
Event: 0.474 Thread 0x000001a593e1ea90 Exception <a 'java/io/FileNotFoundException'{0x00000000ec0d9098}> (0x00000000ec0d9098) 
thrown [s\src\hotspot\share\prims\jni.cpp, line 516]
Event: 0.497 Thread 0x000001a593e1ea90 Implicit null exception at 0x000001a59e5d547b to 0x000001a59e5d5e00
Event: 0.497 Thread 0x000001a593e1ea90 Implicit null exception at 0x000001a59e5cbcec to 0x000001a59e5cbec8
Event: 0.497 Thread 0x000001a593e1ea90 Implicit null exception at 0x000001a59e5ce26c to 0x000001a59e5ce43c
Event: 0.497 Thread 0x000001a593e1ea90 Implicit null exception at 0x000001a59e589a8f to 0x000001a59e589b05
Event: 0.526 Thread 0x000001a593e1ea90 Exception <a 'java/lang/NoSuchMethodError'{0x00000000ec3aaf48}: 'int java.lang.invoke.DirectMethodHandle$Holder.invokeStaticInit(java.lang.Object, java.lang.Object, java.lang.Object, java.lang.Object)'> (0x00000000ec3aaf48) 
thrown [s\src\hotspot\share\interpreter\linkResolver.cpp, line 759]
Event: 0.528 Thread 0x000001a593e1ea90 Exception <a 'java/lang/NoSuchMethodError'{0x00000000ec3b55b8}: 'java.lang.Object java.lang.invoke.DirectMethodHandle$Holder.invokeInterface(java.lang.Object, java.lang.Object)'> (0x00000000ec3b55b8) 
thrown [s\src\hotspot\share\interpreter\linkResolver.cpp, line 759]
Event: 0.528 Thread 0x000001a593e1ea90 Exception <a 'java/lang/IncompatibleClassChangeError'{0x00000000ec3b8db0}: Found class java.lang.Object, but interface was expected> (0x00000000ec3b8db0) 
thrown [s\src\hotspot\share\interpreter\linkResolver.cpp, line 826]
Event: 0.529 Thread 0x000001a593e1ea90 Exception <a 'java/lang/NoSuchMethodError'{0x00000000ec3bd2a0}: 'void java.lang.invoke.DirectMethodHandle$Holder.invokeStatic(java.lang.Object, java.lang.Object)'> (0x00000000ec3bd2a0) 
thrown [s\src\hotspot\share\interpreter\linkResolver.cpp, line 759]
Event: 0.530 Thread 0x000001a593e1ea90 Exception <a 'java/lang/NoSuchMethodError'{0x00000000ec3c0aa0}: 'void java.lang.invoke.DirectMethodHandle$Holder.invokeStaticInit(java.lang.Object, java.lang.Object)'> (0x00000000ec3c0aa0) 
thrown [s\src\hotspot\share\interpreter\linkResolver.cpp, line 759]
Event: 0.531 Thread 0x000001a593e1ea90 Exception <a 'java/lang/NoSuchMethodError'{0x00000000ec3c8200}: 'int java.lang.invoke.DirectMethodHandle$Holder.invokeStaticInit(java.lang.Object, java.lang.Object)'> (0x00000000ec3c8200) 
thrown [s\src\hotspot\share\interpreter\linkResolver.cpp, line 759]
Event: 0.561 Thread 0x000001a593e1ea90 Exception <a 'java/lang/NoSuchMethodError'{0x00000000eac32ed8}: 'void java.lang.invoke.DirectMethodHandle$Holder.invokeSpecial(java.lang.Object, java.lang.Object, java.lang.Object)'> (0x00000000eac32ed8) 
thrown [s\src\hotspot\share\interpreter\linkResolver.cpp, line 759]

VM Operations (10 events):
Event: 0.091 Executing VM operation: HandshakeAllThreads
Event: 0.091 Executing VM operation: HandshakeAllThreads done
Event: 0.328 Executing VM operation: HandshakeAllThreads
Event: 0.328 Executing VM operation: HandshakeAllThreads done
Event: 0.340 Executing VM operation: HandshakeAllThreads
Event: 0.340 Executing VM operation: HandshakeAllThreads done
Event: 0.498 Executing VM operation: ICBufferFull
Event: 0.498 Executing VM operation: ICBufferFull done
Event: 0.539 Executing VM operation: ParallelGCFailedAllocation
Event: 0.545 Executing VM operation: ParallelGCFailedAllocation done

Events (20 events):
Event: 0.572 loading class java/util/concurrent/SynchronousQueue$TransferStack
Event: 0.572 loading class java/util/concurrent/SynchronousQueue$Transferer
Event: 0.572 loading class java/util/concurrent/SynchronousQueue$Transferer done
Event: 0.572 loading class java/util/concurrent/SynchronousQueue$TransferStack done
Event: 0.572 loading class java/util/concurrent/SynchronousQueue$TransferStack$SNode
Event: 0.572 loading class java/util/concurrent/ForkJoinPool$ManagedBlocker
Event: 0.572 loading class java/util/concurrent/ForkJoinPool$ManagedBlocker done
Event: 0.572 loading class java/util/concurrent/SynchronousQueue$TransferStack$SNode done
Event: 0.572 loading class java/util/concurrent/RejectedExecutionHandler
Event: 0.572 loading class java/util/concurrent/RejectedExecutionHandler done
Event: 0.572 loading class java/util/concurrent/LinkedBlockingQueue
Event: 0.572 loading class java/util/concurrent/LinkedBlockingQueue done
Event: 0.572 loading class java/util/concurrent/LinkedBlockingQueue$Node
Event: 0.573 loading class java/util/concurrent/LinkedBlockingQueue$Node done
Event: 0.578 loading class java/util/concurrent/Semaphore$NonfairSync
Event: 0.578 loading class java/util/concurrent/Semaphore$Sync
Event: 0.578 loading class java/util/concurrent/Semaphore$Sync done
Event: 0.578 loading class java/util/concurrent/Semaphore$NonfairSync done
Event: 0.611 loading class java/lang/TypeNotPresentException
Event: 0.611 loading class java/lang/TypeNotPresentException done


Dynamic libraries:
0x00007ff6ac220000 - 0x00007ff6ac22e000 	c:\Users\USER\.vscode\extensions\redhat.java-1.28.1-win32-x64\jre\17.0.10-win32-x86_64\bin\java.exe
0x00007ffdbec70000 - 0x00007ffdbee87000 	C:\WINDOWS\SYSTEM32\ntdll.dll
0x00007ffdbcf50000 - 0x00007ffdbd014000 	C:\WINDOWS\System32\KERNEL32.DLL
0x00007ffdbc390000 - 0x00007ffdbc736000 	C:\WINDOWS\System32\KERNELBASE.dll
0x00007ffdbbfb0000 - 0x00007ffdbc0c1000 	C:\WINDOWS\System32\ucrtbase.dll
0x00007ffdabc90000 - 0x00007ffdabca7000 	c:\Users\USER\.vscode\extensions\redhat.java-1.28.1-win32-x64\jre\17.0.10-win32-x86_64\bin\jli.dll
0x00007ffda7f00000 - 0x00007ffda7f1b000 	c:\Users\USER\.vscode\extensions\redhat.java-1.28.1-win32-x64\jre\17.0.10-win32-x86_64\bin\VCRUNTIME140.dll
0x00007ffdbe1a0000 - 0x00007ffdbe34e000 	C:\WINDOWS\System32\USER32.dll
0x00007ffdbc2f0000 - 0x00007ffdbc316000 	C:\WINDOWS\System32\win32u.dll
0x00007ffda4dd0000 - 0x00007ffda5063000 	C:\WINDOWS\WinSxS\amd64_microsoft.windows.common-controls_6595b64144ccf1df_6.0.22621.2506_none_270c5ae97388e100\COMCTL32.dll
0x00007ffdbd200000 - 0x00007ffdbd229000 	C:\WINDOWS\System32\GDI32.dll
0x00007ffdbc8a0000 - 0x00007ffdbc9b8000 	C:\WINDOWS\System32\gdi32full.dll
0x00007ffdbd0d0000 - 0x00007ffdbd177000 	C:\WINDOWS\System32\msvcrt.dll
0x00007ffdbc800000 - 0x00007ffdbc89a000 	C:\WINDOWS\System32\msvcp_win.dll
0x00007ffdbc9c0000 - 0x00007ffdbc9f1000 	C:\WINDOWS\System32\IMM32.DLL
0x00007ffdb70c0000 - 0x00007ffdb70cc000 	c:\Users\USER\.vscode\extensions\redhat.java-1.28.1-win32-x64\jre\17.0.10-win32-x86_64\bin\vcruntime140_1.dll
0x00007ffd9ec80000 - 0x00007ffd9ed0d000 	c:\Users\USER\.vscode\extensions\redhat.java-1.28.1-win32-x64\jre\17.0.10-win32-x86_64\bin\msvcp140.dll
0x00007ffd67520000 - 0x00007ffd68182000 	c:\Users\USER\.vscode\extensions\redhat.java-1.28.1-win32-x64\jre\17.0.10-win32-x86_64\bin\server\jvm.dll
0x00007ffdbe8e0000 - 0x00007ffdbe993000 	C:\WINDOWS\System32\ADVAPI32.dll
0x00007ffdbd020000 - 0x00007ffdbd0c8000 	C:\WINDOWS\System32\sechost.dll
0x00007ffdbc2c0000 - 0x00007ffdbc2e8000 	C:\WINDOWS\System32\bcrypt.dll
0x00007ffdbe350000 - 0x00007ffdbe467000 	C:\WINDOWS\System32\RPCRT4.dll
0x00007ffdb6eb0000 - 0x00007ffdb6eb9000 	C:\WINDOWS\SYSTEM32\WSOCK32.dll
0x00007ffdbae60000 - 0x00007ffdbaead000 	C:\WINDOWS\SYSTEM32\POWRPROF.dll
0x00007ffdbcc70000 - 0x00007ffdbcce1000 	C:\WINDOWS\System32\WS2_32.dll
0x00007ffdb4ff0000 - 0x00007ffdb5024000 	C:\WINDOWS\SYSTEM32\WINMM.dll
0x00007ffdb3740000 - 0x00007ffdb374a000 	C:\WINDOWS\SYSTEM32\VERSION.dll
0x00007ffdbae20000 - 0x00007ffdbae33000 	C:\WINDOWS\SYSTEM32\UMPDC.dll
0x00007ffdbb0e0000 - 0x00007ffdbb0f8000 	C:\WINDOWS\SYSTEM32\kernel.appcore.dll
0x00007ffdb6b50000 - 0x00007ffdb6b5a000 	c:\Users\USER\.vscode\extensions\redhat.java-1.28.1-win32-x64\jre\17.0.10-win32-x86_64\bin\jimage.dll
0x00007ffdb92b0000 - 0x00007ffdb94e3000 	C:\WINDOWS\SYSTEM32\DBGHELP.DLL
0x00007ffdbe550000 - 0x00007ffdbe8d9000 	C:\WINDOWS\System32\combase.dll
0x00007ffdbeb40000 - 0x00007ffdbec17000 	C:\WINDOWS\System32\OLEAUT32.dll
0x00007ffdabc30000 - 0x00007ffdabc62000 	C:\WINDOWS\SYSTEM32\dbgcore.DLL
0x00007ffdbc240000 - 0x00007ffdbc2ba000 	C:\WINDOWS\System32\bcryptPrimitives.dll
0x00007ffdb67a0000 - 0x00007ffdb67ae000 	c:\Users\USER\.vscode\extensions\redhat.java-1.28.1-win32-x64\jre\17.0.10-win32-x86_64\bin\instrument.dll
0x00007ffda7cf0000 - 0x00007ffda7d15000 	c:\Users\USER\.vscode\extensions\redhat.java-1.28.1-win32-x64\jre\17.0.10-win32-x86_64\bin\java.dll
0x00007ffda7cd0000 - 0x00007ffda7ce8000 	c:\Users\USER\.vscode\extensions\redhat.java-1.28.1-win32-x64\jre\17.0.10-win32-x86_64\bin\zip.dll
0x00007ffdbd7d0000 - 0x00007ffdbe02b000 	C:\WINDOWS\System32\SHELL32.dll
0x00007ffdb9ee0000 - 0x00007ffdba7d6000 	C:\WINDOWS\SYSTEM32\windows.storage.dll
0x00007ffdb9da0000 - 0x00007ffdb9ede000 	C:\WINDOWS\SYSTEM32\wintypes.dll
0x00007ffdbccf0000 - 0x00007ffdbcde3000 	C:\WINDOWS\System32\SHCORE.dll
0x00007ffdbd6d0000 - 0x00007ffdbd72e000 	C:\WINDOWS\System32\shlwapi.dll
0x00007ffdbbee0000 - 0x00007ffdbbf06000 	C:\WINDOWS\SYSTEM32\profapi.dll
0x00007ffda7c90000 - 0x00007ffda7ca9000 	C:\Users\USER\.vscode\extensions\redhat.java-1.28.1-win32-x64\jre\17.0.10-win32-x86_64\bin\net.dll
0x00007ffdb5650000 - 0x00007ffdb5787000 	C:\WINDOWS\SYSTEM32\WINHTTP.dll
0x00007ffdbb560000 - 0x00007ffdbb5c9000 	C:\WINDOWS\system32\mswsock.dll
0x00007ffda7ab0000 - 0x00007ffda7ac6000 	C:\Users\USER\.vscode\extensions\redhat.java-1.28.1-win32-x64\jre\17.0.10-win32-x86_64\bin\nio.dll
0x00007ffdb5e80000 - 0x00007ffdb5e90000 	c:\Users\USER\.vscode\extensions\redhat.java-1.28.1-win32-x64\jre\17.0.10-win32-x86_64\bin\verify.dll

dbghelp: loaded successfully - version: 4.0.5 - missing functions: none
symbol engine: initialized successfully - sym options: 0x614 - pdb path: .;c:\Users\USER\.vscode\extensions\redhat.java-1.28.1-win32-x64\jre\17.0.10-win32-x86_64\bin;C:\WINDOWS\SYSTEM32;C:\WINDOWS\WinSxS\amd64_microsoft.windows.common-controls_6595b64144ccf1df_6.0.22621.2506_none_270c5ae97388e100;c:\Users\USER\.vscode\extensions\redhat.java-1.28.1-win32-x64\jre\17.0.10-win32-x86_64\bin\server

VM Arguments:
jvm_args: --add-modules=ALL-SYSTEM --add-opens=java.base/java.util=ALL-UNNAMED --add-opens=java.base/java.lang=ALL-UNNAMED --add-opens=java.base/sun.nio.fs=ALL-UNNAMED -Declipse.application=org.eclipse.jdt.ls.core.id1 -Dosgi.bundles.defaultStartLevel=4 -Declipse.product=org.eclipse.jdt.ls.core.product -Djava.import.generatesMetadataFilesAtProjectRoot=false -DDetectVMInstallationsJob.disabled=true -Dfile.encoding=utf8 -XX:+UseParallelGC -XX:GCTimeRatio=4 -XX:AdaptiveSizePolicyWeight=90 -Dsun.zip.disableMemoryMapping=true -Xmx1G -Xms100m -Xlog:disable -javaagent:c:\Users\USER\.vscode\extensions\redhat.java-1.28.1-win32-x64\lombok\lombok-1.18.31.jar 
java_command: c:\Users\USER\.vscode\extensions\redhat.java-1.28.1-win32-x64\server\plugins\org.eclipse.equinox.launcher_1.6.700.v20231214-2017.jar -configuration c:\Users\USER\AppData\Roaming\Code\User\globalStorage\redhat.java\1.28.1\config_ss_win -data c:\Users\USER\AppData\Roaming\Code\User\workspaceStorage\2bc9def59a76bb2c09dd8f23c0cd6ce8\redhat.java\ss_ws --stdio
java_class_path (initial): c:\Users\USER\.vscode\extensions\redhat.java-1.28.1-win32-x64\server\plugins\org.eclipse.equinox.launcher_1.6.700.v20231214-2017.jar
Launcher Type: SUN_STANDARD

[Global flags]
    uintx AdaptiveSizePolicyWeight                 = 90                                        {product} {command line}
     intx CICompilerCount                          = 4                                         {product} {ergonomic}
    uintx GCTimeRatio                              = 4                                         {product} {command line}
   size_t InitialHeapSize                          = 104857600                                 {product} {command line}
   size_t MaxHeapSize                              = 1073741824                                {product} {command line}
   size_t MaxNewSize                               = 357564416                                 {product} {ergonomic}
   size_t MinHeapDeltaBytes                        = 524288                                    {product} {ergonomic}
   size_t MinHeapSize                              = 104857600                                 {product} {command line}
   size_t NewSize                                  = 34603008                                  {product} {ergonomic}
    uintx NonNMethodCodeHeapSize                   = 5839372                                {pd product} {ergonomic}
    uintx NonProfiledCodeHeapSize                  = 122909434                              {pd product} {ergonomic}
   size_t OldSize                                  = 70254592                                  {product} {ergonomic}
    uintx ProfiledCodeHeapSize                     = 122909434                              {pd product} {ergonomic}
    uintx ReservedCodeCacheSize                    = 251658240                              {pd product} {ergonomic}
     bool SegmentedCodeCache                       = true                                      {product} {ergonomic}
   size_t SoftMaxHeapSize                          = 1073741824                             {manageable} {ergonomic}
     bool UseCompressedClassPointers               = true                           {product lp64_product} {ergonomic}
     bool UseCompressedOops                        = true                           {product lp64_product} {ergonomic}
     bool UseLargePagesIndividualAllocation        = false                                  {pd product} {ergonomic}
     bool UseParallelGC                            = true                                      {product} {command line}

Logging:
Log output configuration:
 #0: stdout all=off uptime,level,tags
 #1: stderr all=off uptime,level,tags

Environment Variables:
PATH=C:\Program Files\Common Files\Oracle\Java\javapath;C:\Windows\system32;C:\Windows;C:\Windows\System32\Wbem;C:\Windows\System32\WindowsPowerShell\v1.0\;C:\Windows\System32\OpenSSH\;C:\Program Files (x86)\NVIDIA Corporation\PhysX\Common;C:\Program Files\NVIDIA Corporation\NVIDIA NvDLISR;C:\WINDOWS\system32;C:\WINDOWS;C:\WINDOWS\System32\Wbem;C:\WINDOWS\System32\WindowsPowerShell\v1.0\;C:\WINDOWS\System32\OpenSSH\;C:\Program Files\Git\cmd;C:\Program Files\dotnet\;C:\MinGW\bin;C:\Users\USER\AppData\Local\Microsoft\WindowsApps;;C:\Users\USER\AppData\Local\Programs\Microsoft VS Code\bin
USERNAME=USER
OS=Windows_NT
PROCESSOR_IDENTIFIER=Intel64 Family 6 Model 154 Stepping 3, GenuineIntel
TMP=C:\Users\USER\AppData\Local\Temp
TEMP=C:\Users\USER\AppData\Local\Temp



Periodic native trim disabled


---------------  S Y S T E M  ---------------

OS:
 Windows 11 , 64 bit Build 22621 (10.0.22621.3085)
OS uptime: 0 days 7:06 hours
Hyper-V role detected

CPU: total 12 (initial active 12) (6 cores per cpu, 2 threads per core) family 6 model 154 stepping 3 microcode 0x41c, cx8, cmov, fxsr, ht, mmx, 3dnowpref, sse, sse2, sse3, ssse3, sse4.1, sse4.2, popcnt, lzcnt, tsc, tscinvbit, avx, avx2, aes, erms, clmul, bmi1, bmi2, adx, sha, fma, vzeroupper, clflush, clflushopt, clwb, hv
Processor Information for processor 0
  Max Mhz: 2000, Current Mhz: 2000, Mhz Limit: 2000
Processor Information for processor 1
  Max Mhz: 2000, Current Mhz: 2000, Mhz Limit: 2000
Processor Information for processor 2
  Max Mhz: 2000, Current Mhz: 2000, Mhz Limit: 2000
Processor Information for processor 3
  Max Mhz: 2000, Current Mhz: 2000, Mhz Limit: 2000
Processor Information for processor 4
  Max Mhz: 2000, Current Mhz: 2000, Mhz Limit: 2000
Processor Information for processor 5
  Max Mhz: 2000, Current Mhz: 2000, Mhz Limit: 2000
Processor Information for processor 6
  Max Mhz: 2000, Current Mhz: 2000, Mhz Limit: 2000
Processor Information for processor 7
  Max Mhz: 2000, Current Mhz: 2000, Mhz Limit: 2000
Processor Information for processor 8
  Max Mhz: 2000, Current Mhz: 1500, Mhz Limit: 1500
Processor Information for processor 9
  Max Mhz: 2000, Current Mhz: 1500, Mhz Limit: 1500
Processor Information for processor 10
  Max Mhz: 2000, Current Mhz: 1500, Mhz Limit: 1500
Processor Information for processor 11
  Max Mhz: 2000, Current Mhz: 1500, Mhz Limit: 1500

Memory: 4k page, system-wide physical 7814M (810M free)
TotalPageFile size 31366M (AvailPageFile size 3M)
current process WorkingSet (physical memory assigned to process): 81M, peak: 81M
current process commit charge ("private bytes"): 209M, peak: 210M

vm_info: OpenJDK 64-Bit Server VM (17.0.10+7) for windows-amd64 JRE (17.0.10+7), built on Jan 16 2024 23:25:11 by "admin" with MS VC++ 16.10 / 16.11 (VS2019)

END.
