#
# There is insufficient memory for the Java Runtime Environment to continue.
# Native memory allocation (malloc) failed to allocate 695376 bytes for Chunk::new
# Possible reasons:
#   The system is out of physical RAM or swap space
#   The process is running with CompressedOops enabled, and the Java Heap may be blocking the growth of the native heap
# Possible solutions:
#   Reduce memory load on the system
#   Increase physical memory or swap space
#   Check if swap backing store is full
#   Decrease Java heap size (-Xmx/-Xms)
#   Decrease number of Java threads
#   Decrease Java thread stack sizes (-Xss)
#   Set larger code cache with -XX:ReservedCodeCacheSize=
#   JVM is running with Unscaled Compressed Oops mode in which the Java heap is
#     placed in the first 4GB address space. The Java Heap base address is the
#     maximum limit for the native heap growth. Please use -XX:HeapBaseMinAddress
#     to set the Java Heap base and to place the Java Heap above 4GB virtual address.
# This output file may be truncated or incomplete.
#
#  Out of Memory Error (arena.cpp:191), pid=5840, tid=12060
#
# JRE version: OpenJDK Runtime Environment Temurin-17.0.10+7 (17.0.10+7) (build 17.0.10+7)
# Java VM: OpenJDK 64-Bit Server VM Temurin-17.0.10+7 (17.0.10+7, mixed mode, tiered, compressed oops, compressed class ptrs, parallel gc, windows-amd64)
# No core dump will be written. Minidumps are not enabled by default on client versions of Windows
#

---------------  S U M M A R Y ------------

Command Line: --add-modules=ALL-SYSTEM --add-opens=java.base/java.util=ALL-UNNAMED --add-opens=java.base/java.lang=ALL-UNNAMED --add-opens=java.base/sun.nio.fs=ALL-UNNAMED -Declipse.application=org.eclipse.jdt.ls.core.id1 -Dosgi.bundles.defaultStartLevel=4 -Declipse.product=org.eclipse.jdt.ls.core.product -Djava.import.generatesMetadataFilesAtProjectRoot=false -DDetectVMInstallationsJob.disabled=true -Dfile.encoding=utf8 -XX:+UseParallelGC -XX:GCTimeRatio=4 -XX:AdaptiveSizePolicyWeight=90 -Dsun.zip.disableMemoryMapping=true -Xmx1G -Xms100m -Xlog:disable -javaagent:c:\Users\USER\.vscode\extensions\redhat.java-1.28.1-win32-x64\lombok\lombok-1.18.31.jar c:\Users\USER\.vscode\extensions\redhat.java-1.28.1-win32-x64\server\plugins\org.eclipse.equinox.launcher_1.6.700.v20231214-2017.jar -configuration c:\Users\USER\AppData\Roaming\Code\User\globalStorage\redhat.java\1.28.1\config_ss_win -data c:\Users\USER\AppData\Roaming\Code\User\workspaceStorage\2bc9def59a76bb2c09dd8f23c0cd6ce8\redhat.java\ss_ws --stdio

Host: 12th Gen Intel(R) Core(TM) i5-12450H, 12 cores, 7G,  Windows 11 , 64 bit Build 22621 (10.0.22621.3085)
Time: Wed Feb 21 23:01:03 2024 SE Asia Standard Time elapsed time: 2.063178 seconds (0d 0h 0m 2s)

---------------  T H R E A D  ---------------

Current thread (0x000001ca5461b070):  JavaThread "C2 CompilerThread0" daemon [_thread_in_native, id=12060, stack(0x000000822ed00000,0x000000822ee00000)]


Current CompileTask:
C2:   2063 2301       4       org.lombokweb.asm.ClassReader::readMethod (1066 bytes)

Stack: [0x000000822ed00000,0x000000822ee00000]
Native frames: (J=compiled Java code, j=interpreted, Vv=VM code, C=native code)
V  [jvm.dll+0x67d2c9]
V  [jvm.dll+0x834afa]
V  [jvm.dll+0x8365be]
V  [jvm.dll+0x836c23]
V  [jvm.dll+0x2477ff]
V  [jvm.dll+0xac514]
V  [jvm.dll+0xacb5c]
V  [jvm.dll+0x2aed1f]
V  [jvm.dll+0x584b67]
V  [jvm.dll+0x2228a2]
V  [jvm.dll+0x21ba9e]
V  [jvm.dll+0x219201]
V  [jvm.dll+0x1a502d]
V  [jvm.dll+0x2290de]
V  [jvm.dll+0x2272ac]
V  [jvm.dll+0x7e9bb7]
V  [jvm.dll+0x7e3fba]
V  [jvm.dll+0x67c1b5]
C  [ucrtbase.dll+0x29363]
C  [KERNEL32.DLL+0x1257d]
C  [ntdll.dll+0x5aa58]


---------------  P R O C E S S  ---------------

Threads class SMR info:
_java_thread_list=0x000001ca56804f00, length=22, elements={
0x000001ca3969e970, 0x000001ca4f46f020, 0x000001ca4f470550, 0x000001ca4f47e290,
0x000001ca54614170, 0x000001ca546155a0, 0x000001ca54618f90, 0x000001ca5461b070,
0x000001ca5462aec0, 0x000001ca5462f950, 0x000001ca396ff9c0, 0x000001ca54629980,
0x000001ca55d9ee10, 0x000001ca56529fb0, 0x000001ca565dd590, 0x000001ca5685e270,
0x000001ca567fd870, 0x000001ca565fead0, 0x000001ca5665bfa0, 0x000001ca5665c4b0,
0x000001ca5665b070, 0x000001ca5462a420
}

Java Threads: ( => current thread )
  0x000001ca3969e970 JavaThread "main" [_thread_blocked, id=15236, stack(0x000000822e400000,0x000000822e500000)]
  0x000001ca4f46f020 JavaThread "Reference Handler" daemon [_thread_blocked, id=19308, stack(0x000000822e700000,0x000000822e800000)]
  0x000001ca4f470550 JavaThread "Finalizer" daemon [_thread_blocked, id=15680, stack(0x000000822e800000,0x000000822e900000)]
  0x000001ca4f47e290 JavaThread "Signal Dispatcher" daemon [_thread_blocked, id=10760, stack(0x000000822e900000,0x000000822ea00000)]
  0x000001ca54614170 JavaThread "Attach Listener" daemon [_thread_blocked, id=9088, stack(0x000000822ea00000,0x000000822eb00000)]
  0x000001ca546155a0 JavaThread "Service Thread" daemon [_thread_blocked, id=16716, stack(0x000000822eb00000,0x000000822ec00000)]
  0x000001ca54618f90 JavaThread "Monitor Deflation Thread" daemon [_thread_blocked, id=17292, stack(0x000000822ec00000,0x000000822ed00000)]
=>0x000001ca5461b070 JavaThread "C2 CompilerThread0" daemon [_thread_in_native, id=12060, stack(0x000000822ed00000,0x000000822ee00000)]
  0x000001ca5462aec0 JavaThread "C1 CompilerThread0" daemon [_thread_blocked, id=4848, stack(0x000000822ee00000,0x000000822ef00000)]
  0x000001ca5462f950 JavaThread "Sweeper thread" daemon [_thread_blocked, id=3032, stack(0x000000822ef00000,0x000000822f000000)]
  0x000001ca396ff9c0 JavaThread "Common-Cleaner" daemon [_thread_blocked, id=16940, stack(0x000000822f000000,0x000000822f100000)]
  0x000001ca54629980 JavaThread "C2 CompilerThread1" daemon [_thread_in_native, id=6416, stack(0x000000822f100000,0x000000822f200000)]
  0x000001ca55d9ee10 JavaThread "Notification Thread" daemon [_thread_blocked, id=10220, stack(0x000000822f200000,0x000000822f300000)]
  0x000001ca56529fb0 JavaThread "Active Thread: Equinox Container: 30eda833-57ac-4d51-b662-37dbc90d62a5" [_thread_blocked, id=18388, stack(0x000000822fb00000,0x000000822fc00000)]
  0x000001ca565dd590 JavaThread "Framework Event Dispatcher: Equinox Container: 30eda833-57ac-4d51-b662-37dbc90d62a5" daemon [_thread_blocked, id=9388, stack(0x000000822fc00000,0x000000822fd00000)]
  0x000001ca5685e270 JavaThread "Start Level: Equinox Container: 30eda833-57ac-4d51-b662-37dbc90d62a5" daemon [_thread_in_native, id=14576, stack(0x000000822fd00000,0x000000822fe00000)]
  0x000001ca567fd870 JavaThread "SCR Component Actor" daemon [_thread_blocked, id=6088, stack(0x000000822fe00000,0x000000822ff00000)]
  0x000001ca565fead0 JavaThread "SCR Component Registry" daemon [_thread_blocked, id=2696, stack(0x0000008230000000,0x0000008230100000)]
  0x000001ca5665bfa0 JavaThread "Worker-JM" [_thread_blocked, id=18012, stack(0x000000822f400000,0x000000822f500000)]
  0x000001ca5665c4b0 JavaThread "Worker-0" [_thread_blocked, id=4060, stack(0x0000008230300000,0x0000008230400000)]
  0x000001ca5665b070 JavaThread "Worker-1" [_thread_blocked, id=17744, stack(0x0000008230400000,0x0000008230500000)]
  0x000001ca5462a420 JavaThread "C2 CompilerThread2" daemon [_thread_in_native, id=1988, stack(0x0000008230500000,0x0000008230600000)]

Other Threads:
  0x000001ca39725e50 VMThread "VM Thread" [stack: 0x000000822e600000,0x000000822e700000] [id=7896]
  0x000001ca54936560 WatcherThread [stack: 0x000000822f300000,0x000000822f400000] [id=2976]
  0x000001ca396b2ac0 GCTaskThread "GC Thread#0" [stack: 0x000000822e500000,0x000000822e600000] [id=3560]
  0x000001ca5629eec0 GCTaskThread "GC Thread#1" [stack: 0x000000822f500000,0x000000822f600000] [id=6628]
  0x000001ca5629f180 GCTaskThread "GC Thread#2" [stack: 0x000000822f600000,0x000000822f700000] [id=4248]
  0x000001ca561a2d30 GCTaskThread "GC Thread#3" [stack: 0x000000822f700000,0x000000822f800000] [id=17864]
  0x000001ca561a2ff0 GCTaskThread "GC Thread#4" [stack: 0x000000822f800000,0x000000822f900000] [id=14064]
  0x000001ca561a32b0 GCTaskThread "GC Thread#5" [stack: 0x000000822f900000,0x000000822fa00000] [id=1716]
  0x000001ca561a3570 GCTaskThread "GC Thread#6" [stack: 0x000000822fa00000,0x000000822fb00000] [id=10644]
  0x000001ca56614a20 GCTaskThread "GC Thread#7" [stack: 0x000000822ff00000,0x0000008230000000] [id=14076]
  0x000001ca566ce9d0 GCTaskThread "GC Thread#8" [stack: 0x0000008230100000,0x0000008230200000] [id=380]
  0x000001ca566cec90 GCTaskThread "GC Thread#9" [stack: 0x0000008230200000,0x0000008230300000] [id=7160]

Threads with active compile tasks:
C2 CompilerThread0     2079 2301       4       org.lombokweb.asm.ClassReader::readMethod (1066 bytes)
C2 CompilerThread1     2079 2322       4       org.lombokweb.asm.ClassWriter::visitMethod (57 bytes)
C2 CompilerThread2     2079 2326       4       org.lombokweb.asm.ClassVisitor::visitMethod (24 bytes)

VM state: not at safepoint (normal execution)

VM Mutex/Monitor currently owned by a thread: None

Heap address: 0x00000000c0000000, size: 1024 MB, Compressed Oops mode: 32-bit

CDS archive(s) not mapped
Compressed class space mapped at: 0x0000000100000000-0x0000000140000000, reserved size: 1073741824
Narrow klass base: 0x0000000000000000, Narrow klass shift: 3, Narrow klass range: 0x140000000

GC Precious Log:
 CPUs: 12 total, 12 available
 Memory: 7814M
 Large Page Support: Disabled
 NUMA Support: Disabled
 Compressed Oops: Enabled (32-bit)
 Alignments: Space 512K, Generation 512K, Heap 2M
 Heap Min Capacity: 100M
 Heap Initial Capacity: 100M
 Heap Max Capacity: 1G
 Pre-touch: Disabled
 Parallel Workers: 10

Heap:
 PSYoungGen      total 26112K, used 7500K [0x00000000eab00000, 0x00000000ec880000, 0x0000000100000000)
  eden space 25088K, 26% used [0x00000000eab00000,0x00000000eb19b618,0x00000000ec380000)
  from space 1024K, 71% used [0x00000000ec400000,0x00000000ec4b7c80,0x00000000ec500000)
  to   space 2560K, 0% used [0x00000000ec600000,0x00000000ec600000,0x00000000ec880000)
 ParOldGen       total 68608K, used 6621K [0x00000000c0000000, 0x00000000c4300000, 0x00000000eab00000)
  object space 68608K, 9% used [0x00000000c0000000,0x00000000c0677510,0x00000000c4300000)
 Metaspace       used 25382K, committed 25856K, reserved 1114112K
  class space    used 2486K, committed 2688K, reserved 1048576K

Card table byte_map: [0x000001ca4ccf0000,0x000001ca4cf00000] _byte_map_base: 0x000001ca4c6f0000

Marking Bits: (ParMarkBitMap*) 0x00007ffd680bd7d0
 Begin Bits: [0x000001ca4d060000, 0x000001ca4e060000)
 End Bits:   [0x000001ca4e060000, 0x000001ca4f060000)

Polling page: 0x000001ca39750000

Metaspace:

Usage:
  Non-class:     22.36 MB used.
      Class:      2.43 MB used.
       Both:     24.79 MB used.

Virtual space:
  Non-class space:       64.00 MB reserved,      22.62 MB ( 35%) committed,  1 nodes.
      Class space:        1.00 GB reserved,       2.62 MB ( <1%) committed,  1 nodes.
             Both:        1.06 GB reserved,      25.25 MB (  2%) committed. 

Chunk freelists:
   Non-Class:  8.91 MB
       Class:  13.39 MB
        Both:  22.30 MB

MaxMetaspaceSize: unlimited
CompressedClassSpaceSize: 1.00 GB
Initial GC threshold: 21.00 MB
Current GC threshold: 35.00 MB
CDS: off
MetaspaceReclaimPolicy: balanced
 - commit_granule_bytes: 65536.
 - commit_granule_words: 8192.
 - virtual_space_node_default_size: 8388608.
 - enlarge_chunks_in_place: 1.
 - new_chunks_are_fully_committed: 0.
 - uncommit_free_chunks: 1.
 - use_allocation_guard: 0.
 - handle_deallocations: 1.


Internal statistics:

num_allocs_failed_limit: 3.
num_arena_births: 272.
num_arena_deaths: 14.
num_vsnodes_births: 2.
num_vsnodes_deaths: 0.
num_space_committed: 404.
num_space_uncommitted: 0.
num_chunks_returned_to_freelist: 17.
num_chunks_taken_from_freelist: 939.
num_chunk_merges: 5.
num_chunk_splits: 609.
num_chunks_enlarged: 429.
num_inconsistent_stats: 0.

CodeHeap 'non-profiled nmethods': size=120000Kb used=938Kb max_used=938Kb free=119062Kb
 bounds [0x000001ca455d0000, 0x000001ca45840000, 0x000001ca4cb00000]
CodeHeap 'profiled nmethods': size=120000Kb used=4596Kb max_used=4596Kb free=115403Kb
 bounds [0x000001ca3db00000, 0x000001ca3df80000, 0x000001ca45030000]
CodeHeap 'non-nmethods': size=5760Kb used=1214Kb max_used=1225Kb free=4545Kb
 bounds [0x000001ca45030000, 0x000001ca452a0000, 0x000001ca455d0000]
 total_blobs=2858 nmethods=2334 adapters=438
 compilation: enabled
              stopped_count=0, restarted_count=0
 full_count=0

Compilation events (20 events):
Event: 2.037 Thread 0x000001ca54629980 2322       4       org.lombokweb.asm.ClassWriter::visitMethod (57 bytes)
Event: 2.038 Thread 0x000001ca5462aec0 nmethod 2320 0x000001ca3df6e990 code [0x000001ca3df6eb40, 0x000001ca3df6edb8]
Event: 2.038 Thread 0x000001ca5462a420 nmethod 2321 0x000001ca456b9b10 code [0x000001ca456b9c80, 0x000001ca456b9d38]
Event: 2.038 Thread 0x000001ca5462a420 2323       4       org.lombokweb.asm.ByteVector::putByteArray (49 bytes)
Event: 2.038 Thread 0x000001ca5462aec0 2324       3       java.lang.Enum::hashCode (5 bytes)
Event: 2.038 Thread 0x000001ca5462aec0 nmethod 2324 0x000001ca3df6ef10 code [0x000001ca3df6f0a0, 0x000001ca3df6f1e8]
Event: 2.038 Thread 0x000001ca5462aec0 2325 %     3       org.lombokweb.asm.ClassReader::<init> @ 110 (371 bytes)
Event: 2.040 Thread 0x000001ca5462a420 nmethod 2323 0x000001ca456b9e10 code [0x000001ca456b9f80, 0x000001ca456ba0d8]
Event: 2.040 Thread 0x000001ca5462aec0 nmethod 2325% 0x000001ca3df6f290 code [0x000001ca3df6f580, 0x000001ca3df708d8]
Event: 2.040 Thread 0x000001ca5462a420 2326       4       org.lombokweb.asm.ClassVisitor::visitMethod (24 bytes)
Event: 2.041 Thread 0x000001ca5462aec0 2327       3       java.util.regex.Pattern$GroupTail::match (111 bytes)
Event: 2.041 Thread 0x000001ca5462aec0 nmethod 2327 0x000001ca3df70e90 code [0x000001ca3df71060, 0x000001ca3df71408]
Event: 2.041 Thread 0x000001ca5462aec0 2329       3       java.lang.String::split (327 bytes)
Event: 2.045 Thread 0x000001ca5462aec0 nmethod 2329 0x000001ca3df71610 code [0x000001ca3df71bc0, 0x000001ca3df74ef8]
Event: 2.045 Thread 0x000001ca5462aec0 2330       3       org.lombokweb.asm.MethodWriter::visitLineNumber (50 bytes)
Event: 2.046 Thread 0x000001ca5462aec0 nmethod 2330 0x000001ca3df76190 code [0x000001ca3df76360, 0x000001ca3df76738]
Event: 2.046 Thread 0x000001ca5462aec0 2328       3       java.lang.String::split (7 bytes)
Event: 2.046 Thread 0x000001ca5462aec0 nmethod 2328 0x000001ca3df76910 code [0x000001ca3df76aa0, 0x000001ca3df76be8]
Event: 2.046 Thread 0x000001ca5462aec0 2332       1       java.util.concurrent.atomic.AtomicLong::get (5 bytes)
Event: 2.046 Thread 0x000001ca5462aec0 nmethod 2332 0x000001ca456ba210 code [0x000001ca456ba3a0, 0x000001ca456ba478]

GC Heap History (12 events):
Event: 0.904 GC heap before
{Heap before GC invocations=1 (full 0):
 PSYoungGen      total 29696K, used 25600K [0x00000000eab00000, 0x00000000ecc00000, 0x0000000100000000)
  eden space 25600K, 100% used [0x00000000eab00000,0x00000000ec400000,0x00000000ec400000)
  from space 4096K, 0% used [0x00000000ec800000,0x00000000ec800000,0x00000000ecc00000)
  to   space 4096K, 0% used [0x00000000ec400000,0x00000000ec400000,0x00000000ec800000)
 ParOldGen       total 68608K, used 0K [0x00000000c0000000, 0x00000000c4300000, 0x00000000eab00000)
  object space 68608K, 0% used [0x00000000c0000000,0x00000000c0000000,0x00000000c4300000)
 Metaspace       used 11014K, committed 11200K, reserved 1114112K
  class space    used 1098K, committed 1216K, reserved 1048576K
}
Event: 0.911 GC heap after
{Heap after GC invocations=1 (full 0):
 PSYoungGen      total 29696K, used 3188K [0x00000000eab00000, 0x00000000ecc00000, 0x0000000100000000)
  eden space 25600K, 0% used [0x00000000eab00000,0x00000000eab00000,0x00000000ec400000)
  from space 4096K, 77% used [0x00000000ec400000,0x00000000ec71d150,0x00000000ec800000)
  to   space 4096K, 0% used [0x00000000ec800000,0x00000000ec800000,0x00000000ecc00000)
 ParOldGen       total 68608K, used 16K [0x00000000c0000000, 0x00000000c4300000, 0x00000000eab00000)
  object space 68608K, 0% used [0x00000000c0000000,0x00000000c0004000,0x00000000c4300000)
 Metaspace       used 11014K, committed 11200K, reserved 1114112K
  class space    used 1098K, committed 1216K, reserved 1048576K
}
Event: 1.350 GC heap before
{Heap before GC invocations=2 (full 0):
 PSYoungGen      total 29696K, used 28788K [0x00000000eab00000, 0x00000000ecc00000, 0x0000000100000000)
  eden space 25600K, 100% used [0x00000000eab00000,0x00000000ec400000,0x00000000ec400000)
  from space 4096K, 77% used [0x00000000ec400000,0x00000000ec71d150,0x00000000ec800000)
  to   space 4096K, 0% used [0x00000000ec800000,0x00000000ec800000,0x00000000ecc00000)
 ParOldGen       total 68608K, used 16K [0x00000000c0000000, 0x00000000c4300000, 0x00000000eab00000)
  object space 68608K, 0% used [0x00000000c0000000,0x00000000c0004000,0x00000000c4300000)
 Metaspace       used 15029K, committed 15296K, reserved 1114112K
  class space    used 1526K, committed 1664K, reserved 1048576K
}
Event: 1.354 GC heap after
{Heap after GC invocations=2 (full 0):
 PSYoungGen      total 29696K, used 4089K [0x00000000eab00000, 0x00000000ecc00000, 0x0000000100000000)
  eden space 25600K, 0% used [0x00000000eab00000,0x00000000eab00000,0x00000000ec400000)
  from space 4096K, 99% used [0x00000000ec800000,0x00000000ecbfe630,0x00000000ecc00000)
  to   space 4096K, 0% used [0x00000000ec400000,0x00000000ec400000,0x00000000ec800000)
 ParOldGen       total 68608K, used 760K [0x00000000c0000000, 0x00000000c4300000, 0x00000000eab00000)
  object space 68608K, 1% used [0x00000000c0000000,0x00000000c00be340,0x00000000c4300000)
 Metaspace       used 15029K, committed 15296K, reserved 1114112K
  class space    used 1526K, committed 1664K, reserved 1048576K
}
Event: 1.776 GC heap before
{Heap before GC invocations=3 (full 0):
 PSYoungGen      total 29696K, used 29689K [0x00000000eab00000, 0x00000000ecc00000, 0x0000000100000000)
  eden space 25600K, 100% used [0x00000000eab00000,0x00000000ec400000,0x00000000ec400000)
  from space 4096K, 99% used [0x00000000ec800000,0x00000000ecbfe630,0x00000000ecc00000)
  to   space 4096K, 0% used [0x00000000ec400000,0x00000000ec400000,0x00000000ec800000)
 ParOldGen       total 68608K, used 760K [0x00000000c0000000, 0x00000000c4300000, 0x00000000eab00000)
  object space 68608K, 1% used [0x00000000c0000000,0x00000000c00be340,0x00000000c4300000)
 Metaspace       used 20058K, committed 20416K, reserved 1114112K
  class space    used 2044K, committed 2176K, reserved 1048576K
}
Event: 1.780 GC heap after
{Heap after GC invocations=3 (full 0):
 PSYoungGen      total 29696K, used 4089K [0x00000000eab00000, 0x00000000ecc00000, 0x0000000100000000)
  eden space 25600K, 0% used [0x00000000eab00000,0x00000000eab00000,0x00000000ec400000)
  from space 4096K, 99% used [0x00000000ec400000,0x00000000ec7fe690,0x00000000ec800000)
  to   space 4096K, 0% used [0x00000000ec800000,0x00000000ec800000,0x00000000ecc00000)
 ParOldGen       total 68608K, used 2512K [0x00000000c0000000, 0x00000000c4300000, 0x00000000eab00000)
  object space 68608K, 3% used [0x00000000c0000000,0x00000000c02743c0,0x00000000c4300000)
 Metaspace       used 20058K, committed 20416K, reserved 1114112K
  class space    used 2044K, committed 2176K, reserved 1048576K
}
Event: 1.857 GC heap before
{Heap before GC invocations=4 (full 0):
 PSYoungGen      total 29696K, used 10687K [0x00000000eab00000, 0x00000000ecc00000, 0x0000000100000000)
  eden space 25600K, 25% used [0x00000000eab00000,0x00000000eb171698,0x00000000ec400000)
  from space 4096K, 99% used [0x00000000ec400000,0x00000000ec7fe690,0x00000000ec800000)
  to   space 4096K, 0% used [0x00000000ec800000,0x00000000ec800000,0x00000000ecc00000)
 ParOldGen       total 68608K, used 2512K [0x00000000c0000000, 0x00000000c4300000, 0x00000000eab00000)
  object space 68608K, 3% used [0x00000000c0000000,0x00000000c02743c0,0x00000000c4300000)
 Metaspace       used 21110K, committed 21504K, reserved 1114112K
  class space    used 2165K, committed 2368K, reserved 1048576K
}
Event: 1.859 GC heap after
{Heap after GC invocations=4 (full 0):
 PSYoungGen      total 29696K, used 4072K [0x00000000eab00000, 0x00000000ecc00000, 0x0000000100000000)
  eden space 25600K, 0% used [0x00000000eab00000,0x00000000eab00000,0x00000000ec400000)
  from space 4096K, 99% used [0x00000000ec800000,0x00000000ecbfa328,0x00000000ecc00000)
  to   space 4096K, 0% used [0x00000000ec400000,0x00000000ec400000,0x00000000ec800000)
 ParOldGen       total 68608K, used 2712K [0x00000000c0000000, 0x00000000c4300000, 0x00000000eab00000)
  object space 68608K, 3% used [0x00000000c0000000,0x00000000c02a63c0,0x00000000c4300000)
 Metaspace       used 21110K, committed 21504K, reserved 1114112K
  class space    used 2165K, committed 2368K, reserved 1048576K
}
Event: 1.859 GC heap before
{Heap before GC invocations=5 (full 1):
 PSYoungGen      total 29696K, used 4072K [0x00000000eab00000, 0x00000000ecc00000, 0x0000000100000000)
  eden space 25600K, 0% used [0x00000000eab00000,0x00000000eab00000,0x00000000ec400000)
  from space 4096K, 99% used [0x00000000ec800000,0x00000000ecbfa328,0x00000000ecc00000)
  to   space 4096K, 0% used [0x00000000ec400000,0x00000000ec400000,0x00000000ec800000)
 ParOldGen       total 68608K, used 2712K [0x00000000c0000000, 0x00000000c4300000, 0x00000000eab00000)
  object space 68608K, 3% used [0x00000000c0000000,0x00000000c02a63c0,0x00000000c4300000)
 Metaspace       used 21110K, committed 21504K, reserved 1114112K
  class space    used 2165K, committed 2368K, reserved 1048576K
}
Event: 1.872 GC heap after
{Heap after GC invocations=5 (full 1):
 PSYoungGen      total 29696K, used 0K [0x00000000eab00000, 0x00000000ecc00000, 0x0000000100000000)
  eden space 25600K, 0% used [0x00000000eab00000,0x00000000eab00000,0x00000000ec400000)
  from space 4096K, 0% used [0x00000000ec800000,0x00000000ec800000,0x00000000ecc00000)
  to   space 4096K, 0% used [0x00000000ec400000,0x00000000ec400000,0x00000000ec800000)
 ParOldGen       total 68608K, used 6621K [0x00000000c0000000, 0x00000000c4300000, 0x00000000eab00000)
  object space 68608K, 9% used [0x00000000c0000000,0x00000000c0677510,0x00000000c4300000)
 Metaspace       used 21097K, committed 21504K, reserved 1114112K
  class space    used 2161K, committed 2368K, reserved 1048576K
}
Event: 1.996 GC heap before
{Heap before GC invocations=6 (full 1):
 PSYoungGen      total 29696K, used 25600K [0x00000000eab00000, 0x00000000ecc00000, 0x0000000100000000)
  eden space 25600K, 100% used [0x00000000eab00000,0x00000000ec400000,0x00000000ec400000)
  from space 4096K, 0% used [0x00000000ec800000,0x00000000ec800000,0x00000000ecc00000)
  to   space 4096K, 0% used [0x00000000ec400000,0x00000000ec400000,0x00000000ec800000)
 ParOldGen       total 68608K, used 6621K [0x00000000c0000000, 0x00000000c4300000, 0x00000000eab00000)
  object space 68608K, 9% used [0x00000000c0000000,0x00000000c0677510,0x00000000c4300000)
 Metaspace       used 24110K, committed 24576K, reserved 1114112K
  class space    used 2369K, committed 2560K, reserved 1048576K
}
Event: 1.997 GC heap after
{Heap after GC invocations=6 (full 1):
 PSYoungGen      total 26112K, used 735K [0x00000000eab00000, 0x00000000ec880000, 0x0000000100000000)
  eden space 25088K, 0% used [0x00000000eab00000,0x00000000eab00000,0x00000000ec380000)
  from space 1024K, 71% used [0x00000000ec400000,0x00000000ec4b7c80,0x00000000ec500000)
  to   space 2560K, 0% used [0x00000000ec600000,0x00000000ec600000,0x00000000ec880000)
 ParOldGen       total 68608K, used 6621K [0x00000000c0000000, 0x00000000c4300000, 0x00000000eab00000)
  object space 68608K, 9% used [0x00000000c0000000,0x00000000c0677510,0x00000000c4300000)
 Metaspace       used 24110K, committed 24576K, reserved 1114112K
  class space    used 2369K, committed 2560K, reserved 1048576K
}

Dll operation events (9 events):
Event: 0.010 Loaded shared library c:\Users\USER\.vscode\extensions\redhat.java-1.28.1-win32-x64\jre\17.0.10-win32-x86_64\bin\java.dll
Event: 0.183 Loaded shared library c:\Users\USER\.vscode\extensions\redhat.java-1.28.1-win32-x64\jre\17.0.10-win32-x86_64\bin\zip.dll
Event: 0.187 Loaded shared library C:\Users\USER\.vscode\extensions\redhat.java-1.28.1-win32-x64\jre\17.0.10-win32-x86_64\bin\instrument.dll
Event: 0.203 Loaded shared library C:\Users\USER\.vscode\extensions\redhat.java-1.28.1-win32-x64\jre\17.0.10-win32-x86_64\bin\net.dll
Event: 0.208 Loaded shared library C:\Users\USER\.vscode\extensions\redhat.java-1.28.1-win32-x64\jre\17.0.10-win32-x86_64\bin\nio.dll
Event: 0.218 Loaded shared library C:\Users\USER\.vscode\extensions\redhat.java-1.28.1-win32-x64\jre\17.0.10-win32-x86_64\bin\zip.dll
Event: 0.246 Loaded shared library C:\Users\USER\.vscode\extensions\redhat.java-1.28.1-win32-x64\jre\17.0.10-win32-x86_64\bin\jimage.dll
Event: 0.312 Loaded shared library c:\Users\USER\.vscode\extensions\redhat.java-1.28.1-win32-x64\jre\17.0.10-win32-x86_64\bin\verify.dll
Event: 1.276 Loaded shared library C:\Users\USER\AppData\Roaming\Code\User\globalStorage\redhat.java\1.28.1\config_ss_win\org.eclipse.equinox.launcher\org.eclipse.equinox.launcher.win32.win32.x86_64_1.2.900.v20240129-1338\eclipse_11900.dll

Deoptimization events (20 events):
Event: 1.664 Thread 0x000001ca5685e270 Uncommon trap: trap_request=0xffffff45 fr.pc=0x000001ca4560f5cc relative=0x0000000000000eac
Event: 1.664 Thread 0x000001ca5685e270 Uncommon trap: reason=unstable_if action=reinterpret pc=0x000001ca4560f5cc method=lombok.patcher.PatchScript.classMatches(Ljava/lang/String;Ljava/util/Collection;)Z @ 25 c2
Event: 1.664 Thread 0x000001ca5685e270 DEOPT PACKING pc=0x000001ca4560f5cc sp=0x000000822fdf7180
Event: 1.664 Thread 0x000001ca5685e270 DEOPT UNPACKING pc=0x000001ca450866a3 sp=0x000000822fdf7140 mode 2
Event: 1.732 Thread 0x000001ca5685e270 Uncommon trap: trap_request=0xffffff45 fr.pc=0x000001ca456953bc relative=0x0000000000000f1c
Event: 1.732 Thread 0x000001ca5685e270 Uncommon trap: reason=unstable_if action=reinterpret pc=0x000001ca456953bc method=java.util.Properties.loadConvert([CIILjava/lang/StringBuilder;)Ljava/lang/String; @ 491 c2
Event: 1.732 Thread 0x000001ca5685e270 DEOPT PACKING pc=0x000001ca456953bc sp=0x000000822fdf7ea0
Event: 1.732 Thread 0x000001ca5685e270 DEOPT UNPACKING pc=0x000001ca450866a3 sp=0x000000822fdf7e80 mode 2
Event: 1.808 Thread 0x000001ca5685e270 Uncommon trap: trap_request=0xffffff45 fr.pc=0x000001ca456666c0 relative=0x0000000000000040
Event: 1.808 Thread 0x000001ca5685e270 Uncommon trap: reason=unstable_if action=reinterpret pc=0x000001ca456666c0 method=sun.nio.fs.WindowsPathParser.isSlash(C)Z @ 9 c2
Event: 1.808 Thread 0x000001ca5685e270 DEOPT PACKING pc=0x000001ca456666c0 sp=0x000000822fdf9510
Event: 1.808 Thread 0x000001ca5685e270 DEOPT UNPACKING pc=0x000001ca450866a3 sp=0x000000822fdf9498 mode 2
Event: 1.826 Thread 0x000001ca5685e270 Uncommon trap: trap_request=0xffffff45 fr.pc=0x000001ca4569bb4c relative=0x00000000000001ac
Event: 1.826 Thread 0x000001ca5685e270 Uncommon trap: reason=unstable_if action=reinterpret pc=0x000001ca4569bb4c method=java.net.URI$Parser.scan(IIJJ)I @ 42 c2
Event: 1.826 Thread 0x000001ca5685e270 DEOPT PACKING pc=0x000001ca4569bb4c sp=0x000000822fdf9020
Event: 1.826 Thread 0x000001ca5685e270 DEOPT UNPACKING pc=0x000001ca450866a3 sp=0x000000822fdf8fa0 mode 2
Event: 1.851 Thread 0x000001ca5665c4b0 Uncommon trap: trap_request=0xffffff45 fr.pc=0x000001ca456a7c8c relative=0x00000000000000ec
Event: 1.851 Thread 0x000001ca5665c4b0 Uncommon trap: reason=unstable_if action=reinterpret pc=0x000001ca456a7c8c method=java.lang.ThreadLocal.get()Ljava/lang/Object; @ 11 c2
Event: 1.851 Thread 0x000001ca5665c4b0 DEOPT PACKING pc=0x000001ca456a7c8c sp=0x00000082303fe7e0
Event: 1.851 Thread 0x000001ca5665c4b0 DEOPT UNPACKING pc=0x000001ca450866a3 sp=0x00000082303fe768 mode 2

Classes unloaded (7 events):
Event: 1.862 Thread 0x000001ca39725e50 Unloading class 0x000000010021a400 'java/lang/invoke/LambdaForm$MH+0x000000010021a400'
Event: 1.862 Thread 0x000001ca39725e50 Unloading class 0x000000010021a000 'java/lang/invoke/LambdaForm$MH+0x000000010021a000'
Event: 1.862 Thread 0x000001ca39725e50 Unloading class 0x0000000100219c00 'java/lang/invoke/LambdaForm$MH+0x0000000100219c00'
Event: 1.862 Thread 0x000001ca39725e50 Unloading class 0x0000000100219800 'java/lang/invoke/LambdaForm$MH+0x0000000100219800'
Event: 1.862 Thread 0x000001ca39725e50 Unloading class 0x0000000100219400 'java/lang/invoke/LambdaForm$BMH+0x0000000100219400'
Event: 1.862 Thread 0x000001ca39725e50 Unloading class 0x0000000100219000 'java/lang/invoke/LambdaForm$DMH+0x0000000100219000'
Event: 1.862 Thread 0x000001ca39725e50 Unloading class 0x0000000100214400 'java/lang/invoke/LambdaForm$DMH+0x0000000100214400'

Classes redefined (0 events):
No events

Internal exceptions (20 events):
Event: 1.685 Thread 0x000001ca5685e270 Exception <a 'java/lang/NoSuchMethodError'{0x00000000ebf03ef0}: 'int java.lang.invoke.DirectMethodHandle$Holder.invokeSpecial(java.lang.Object, java.lang.Object, java.lang.Object, int)'> (0x00000000ebf03ef0) 
thrown [s\src\hotspot\share\interpreter\linkResolver.cpp, line 759]
Event: 1.687 Thread 0x000001ca5685e270 Exception <a 'java/lang/NoSuchMethodError'{0x00000000ebf1fed8}: 'java.lang.Object java.lang.invoke.DirectMethodHandle$Holder.invokeStatic(java.lang.Object, java.lang.Object, java.lang.Object, java.lang.Object, int)'> (0x00000000ebf1fed8) 
thrown [s\src\hotspot\share\interpreter\linkResolver.cpp, line 759]
Event: 1.689 Thread 0x000001ca5685e270 Exception <a 'java/lang/NoSuchMethodError'{0x00000000ebf2bed0}: 'java.lang.Object java.lang.invoke.DelegatingMethodHandle$Holder.reinvoke_L(java.lang.Object, java.lang.Object, java.lang.Object, java.lang.Object, int, int)'> (0x00000000ebf2bed0) 
thrown [s\src\hotspot\share\interpreter\linkResolver.cpp, line 759]
Event: 1.690 Thread 0x000001ca5685e270 Exception <a 'java/lang/NoSuchMethodError'{0x00000000ebf40930}: 'java.lang.Object java.lang.invoke.Invokers$Holder.invokeExact_MT(java.lang.Object, java.lang.Object, java.lang.Object, java.lang.Object)'> (0x00000000ebf40930) 
thrown [s\src\hotspot\share\interpreter\linkResolver.cpp, line 759]
Event: 1.747 Thread 0x000001ca5685e270 Exception <a 'java/io/FileNotFoundException'{0x00000000ec1c4838}> (0x00000000ec1c4838) 
thrown [s\src\hotspot\share\prims\jni.cpp, line 516]
Event: 1.748 Thread 0x000001ca5685e270 Exception <a 'java/io/FileNotFoundException'{0x00000000ec1cb9d0}> (0x00000000ec1cb9d0) 
thrown [s\src\hotspot\share\prims\jni.cpp, line 516]
Event: 1.787 Thread 0x000001ca5685e270 Exception <a 'java/lang/NoSuchMethodError'{0x00000000eabc1778}: 'java.lang.Object java.lang.invoke.DirectMethodHandle$Holder.newInvokeSpecial(java.lang.Object, java.lang.Object, java.lang.Object, java.lang.Object, java.lang.Object)'> (0x00000000eabc1778) 
thrown [s\src\hotspot\share\interpreter\linkResolver.cpp, line 759]
Event: 1.833 Thread 0x000001ca5685e270 Exception <a 'java/lang/NoSuchMethodError'{0x00000000eaf39ac0}: 'java.lang.Object java.lang.invoke.DirectMethodHandle$Holder.invokeSpecial(java.lang.Object, java.lang.Object, java.lang.Object, long, java.lang.Object)'> (0x00000000eaf39ac0) 
thrown [s\src\hotspot\share\interpreter\linkResolver.cpp, line 759]
Event: 1.834 Thread 0x000001ca5685e270 Exception <a 'java/lang/NoSuchMethodError'{0x00000000eaf41c78}: 'java.lang.Object java.lang.invoke.DirectMethodHandle$Holder.newInvokeSpecial(java.lang.Object, java.lang.Object, java.lang.Object, long)'> (0x00000000eaf41c78) 
thrown [s\src\hotspot\share\interpreter\linkResolver.cpp, line 759]
Event: 1.834 Thread 0x000001ca5685e270 Exception <a 'java/lang/NoSuchMethodError'{0x00000000eaf46218}: 'java.lang.Object java.lang.invoke.DirectMethodHandle$Holder.invokeSpecial(java.lang.Object, java.lang.Object, java.lang.Object, java.lang.Object, long)'> (0x00000000eaf46218) 
thrown [s\src\hotspot\share\interpreter\linkResolver.cpp, line 759]
Event: 1.834 Thread 0x000001ca5685e270 Exception <a 'java/lang/NoSuchMethodError'{0x00000000eaf4a090}: 'java.lang.Object java.lang.invoke.Invokers$Holder.linkToTargetMethod(java.lang.Object, java.lang.Object, long, java.lang.Object)'> (0x00000000eaf4a090) 
thrown [s\src\hotspot\share\interpreter\linkResolver.cpp, line 759]
Event: 1.839 Thread 0x000001ca5685e270 Exception <a 'java/lang/NoSuchMethodError'{0x00000000eafc7de8}: 'int java.lang.invoke.DirectMethodHandle$Holder.invokeStaticInit(java.lang.Object, java.lang.Object, java.lang.Object)'> (0x00000000eafc7de8) 
thrown [s\src\hotspot\share\interpreter\linkResolver.cpp, line 759]
Event: 1.847 Thread 0x000001ca5685e270 Exception <a 'java/lang/IncompatibleClassChangeError'{0x00000000eb03c9e0}: Found class java.lang.Object, but interface was expected> (0x00000000eb03c9e0) 
thrown [s\src\hotspot\share\interpreter\linkResolver.cpp, line 826]
Event: 1.849 Thread 0x000001ca5685e270 Exception <a 'java/lang/NoSuchMethodError'{0x00000000eb0500b8}: 'java.lang.Object java.lang.invoke.DirectMethodHandle$Holder.invokeSpecial(java.lang.Object, java.lang.Object, java.lang.Object, int, java.lang.Object, java.lang.Object)'> (0x00000000eb0500b8) 
thrown [s\src\hotspot\share\interpreter\linkResolver.cpp, line 759]
Event: 1.849 Thread 0x000001ca5685e270 Exception <a 'java/lang/NoSuchMethodError'{0x00000000eb058840}: 'java.lang.Object java.lang.invoke.DirectMethodHandle$Holder.newInvokeSpecial(java.lang.Object, java.lang.Object, java.lang.Object, int, java.lang.Object)'> (0x00000000eb058840) 
thrown [s\src\hotspot\share\interpreter\linkResolver.cpp, line 759]
Event: 1.850 Thread 0x000001ca5685e270 Exception <a 'java/lang/NoSuchMethodError'{0x00000000eb05cc98}: 'java.lang.Object java.lang.invoke.DirectMethodHandle$Holder.invokeSpecial(java.lang.Object, java.lang.Object, java.lang.Object, java.lang.Object, int, java.lang.Object)'> (0x00000000eb05cc98) 
thrown [s\src\hotspot\share\interpreter\linkResolver.cpp, line 759]
Event: 1.850 Thread 0x000001ca5665c4b0 Exception <a 'java/lang/NoSuchMethodError'{0x00000000eaf792f8}: 'java.lang.Object java.lang.invoke.DirectMethodHandle$Holder.invokeSpecial(java.lang.Object, java.lang.Object, int, java.lang.Object, java.lang.Object)'> (0x00000000eaf792f8) 
thrown [s\src\hotspot\share\interpreter\linkResolver.cpp, line 759]
Event: 1.850 Thread 0x000001ca5665c4b0 Exception <a 'java/lang/NoSuchMethodError'{0x00000000eaf839f8}: 'java.lang.Object java.lang.invoke.DirectMethodHandle$Holder.newInvokeSpecial(java.lang.Object, java.lang.Object, int, java.lang.Object)'> (0x00000000eaf839f8) 
thrown [s\src\hotspot\share\interpreter\linkResolver.cpp, line 759]
Event: 1.851 Thread 0x000001ca5665c4b0 Exception <a 'java/lang/NoSuchMethodError'{0x00000000eaf87508}: 'java.lang.Object java.lang.invoke.DirectMethodHandle$Holder.invokeSpecial(java.lang.Object, java.lang.Object, java.lang.Object, int, java.lang.Object)'> (0x00000000eaf87508) 
thrown [s\src\hotspot\share\interpreter\linkResolver.cpp, line 759]
Event: 1.851 Thread 0x000001ca5665c4b0 Implicit null exception at 0x000001ca456a7bdd to 0x000001ca456a7c78

VM Operations (20 events):
Event: 1.180 Executing VM operation: HandshakeAllThreads
Event: 1.180 Executing VM operation: HandshakeAllThreads done
Event: 1.289 Executing VM operation: ICBufferFull
Event: 1.289 Executing VM operation: ICBufferFull done
Event: 1.326 Executing VM operation: HandshakeAllThreads
Event: 1.326 Executing VM operation: HandshakeAllThreads done
Event: 1.350 Executing VM operation: ParallelGCFailedAllocation
Event: 1.354 Executing VM operation: ParallelGCFailedAllocation done
Event: 1.593 Executing VM operation: HandshakeAllThreads
Event: 1.593 Executing VM operation: HandshakeAllThreads done
Event: 1.680 Executing VM operation: HandshakeAllThreads
Event: 1.680 Executing VM operation: HandshakeAllThreads done
Event: 1.776 Executing VM operation: ParallelGCFailedAllocation
Event: 1.780 Executing VM operation: ParallelGCFailedAllocation done
Event: 1.857 Executing VM operation: HandshakeAllThreads
Event: 1.857 Executing VM operation: HandshakeAllThreads done
Event: 1.857 Executing VM operation: CollectForMetadataAllocation
Event: 1.872 Executing VM operation: CollectForMetadataAllocation done
Event: 1.996 Executing VM operation: ParallelGCFailedAllocation
Event: 1.997 Executing VM operation: ParallelGCFailedAllocation done

Events (20 events):
Event: 1.898 loading class java/io/StringReader done
Event: 1.900 loading class java/util/zip/GZIPInputStream
Event: 1.900 loading class java/util/zip/GZIPInputStream done
Event: 1.902 loading class java/net/SocketTimeoutException
Event: 1.902 loading class java/io/InterruptedIOException
Event: 1.902 loading class java/io/InterruptedIOException done
Event: 1.902 loading class java/net/SocketTimeoutException done
Event: 1.902 loading class java/net/SocketException
Event: 1.902 loading class java/net/SocketException done
Event: 1.903 loading class java/net/UnknownHostException
Event: 1.903 loading class java/net/UnknownHostException done
Event: 1.903 loading class java/net/ProtocolException
Event: 1.903 loading class java/net/ProtocolException done
Event: 1.910 loading class java/lang/ThreadLocal$SuppliedThreadLocal
Event: 1.910 loading class java/lang/ThreadLocal$SuppliedThreadLocal done
Event: 1.928 Thread 0x000001ca5462a420 Thread added: 0x000001ca5462a420
Event: 1.935 loading class java/io/FileWriter
Event: 1.935 loading class java/io/FileWriter done
Event: 1.936 loading class java/lang/NegativeArraySizeException
Event: 1.936 loading class java/lang/NegativeArraySizeException done


Dynamic libraries:
0x00007ff6ac220000 - 0x00007ff6ac22e000 	c:\Users\USER\.vscode\extensions\redhat.java-1.28.1-win32-x64\jre\17.0.10-win32-x86_64\bin\java.exe
0x00007ffdbec70000 - 0x00007ffdbee87000 	C:\WINDOWS\SYSTEM32\ntdll.dll
0x00007ffdbcf50000 - 0x00007ffdbd014000 	C:\WINDOWS\System32\KERNEL32.DLL
0x00007ffdbc390000 - 0x00007ffdbc736000 	C:\WINDOWS\System32\KERNELBASE.dll
0x00007ffdbbfb0000 - 0x00007ffdbc0c1000 	C:\WINDOWS\System32\ucrtbase.dll
0x00007ffda7f00000 - 0x00007ffda7f1b000 	c:\Users\USER\.vscode\extensions\redhat.java-1.28.1-win32-x64\jre\17.0.10-win32-x86_64\bin\VCRUNTIME140.dll
0x00007ffdabc90000 - 0x00007ffdabca7000 	c:\Users\USER\.vscode\extensions\redhat.java-1.28.1-win32-x64\jre\17.0.10-win32-x86_64\bin\jli.dll
0x00007ffdbe1a0000 - 0x00007ffdbe34e000 	C:\WINDOWS\System32\USER32.dll
0x00007ffda4dd0000 - 0x00007ffda5063000 	C:\WINDOWS\WinSxS\amd64_microsoft.windows.common-controls_6595b64144ccf1df_6.0.22621.2506_none_270c5ae97388e100\COMCTL32.dll
0x00007ffdbc2f0000 - 0x00007ffdbc316000 	C:\WINDOWS\System32\win32u.dll
0x00007ffdbd0d0000 - 0x00007ffdbd177000 	C:\WINDOWS\System32\msvcrt.dll
0x00007ffdbd200000 - 0x00007ffdbd229000 	C:\WINDOWS\System32\GDI32.dll
0x00007ffdbc8a0000 - 0x00007ffdbc9b8000 	C:\WINDOWS\System32\gdi32full.dll
0x00007ffdbc800000 - 0x00007ffdbc89a000 	C:\WINDOWS\System32\msvcp_win.dll
0x00007ffdbc9c0000 - 0x00007ffdbc9f1000 	C:\WINDOWS\System32\IMM32.DLL
0x00007ffdb70c0000 - 0x00007ffdb70cc000 	c:\Users\USER\.vscode\extensions\redhat.java-1.28.1-win32-x64\jre\17.0.10-win32-x86_64\bin\vcruntime140_1.dll
0x00007ffd9ec80000 - 0x00007ffd9ed0d000 	c:\Users\USER\.vscode\extensions\redhat.java-1.28.1-win32-x64\jre\17.0.10-win32-x86_64\bin\msvcp140.dll
0x00007ffd67520000 - 0x00007ffd68182000 	c:\Users\USER\.vscode\extensions\redhat.java-1.28.1-win32-x64\jre\17.0.10-win32-x86_64\bin\server\jvm.dll
0x00007ffdbe8e0000 - 0x00007ffdbe993000 	C:\WINDOWS\System32\ADVAPI32.dll
0x00007ffdbd020000 - 0x00007ffdbd0c8000 	C:\WINDOWS\System32\sechost.dll
0x00007ffdbc2c0000 - 0x00007ffdbc2e8000 	C:\WINDOWS\System32\bcrypt.dll
0x00007ffdbe350000 - 0x00007ffdbe467000 	C:\WINDOWS\System32\RPCRT4.dll
0x00007ffdbae60000 - 0x00007ffdbaead000 	C:\WINDOWS\SYSTEM32\POWRPROF.dll
0x00007ffdb6eb0000 - 0x00007ffdb6eb9000 	C:\WINDOWS\SYSTEM32\WSOCK32.dll
0x00007ffdb4ff0000 - 0x00007ffdb5024000 	C:\WINDOWS\SYSTEM32\WINMM.dll
0x00007ffdb3740000 - 0x00007ffdb374a000 	C:\WINDOWS\SYSTEM32\VERSION.dll
0x00007ffdbcc70000 - 0x00007ffdbcce1000 	C:\WINDOWS\System32\WS2_32.dll
0x00007ffdbae20000 - 0x00007ffdbae33000 	C:\WINDOWS\SYSTEM32\UMPDC.dll
0x00007ffdbb0e0000 - 0x00007ffdbb0f8000 	C:\WINDOWS\SYSTEM32\kernel.appcore.dll
0x00007ffdb6b50000 - 0x00007ffdb6b5a000 	c:\Users\USER\.vscode\extensions\redhat.java-1.28.1-win32-x64\jre\17.0.10-win32-x86_64\bin\jimage.dll
0x00007ffdb92b0000 - 0x00007ffdb94e3000 	C:\WINDOWS\SYSTEM32\DBGHELP.DLL
0x00007ffdbe550000 - 0x00007ffdbe8d9000 	C:\WINDOWS\System32\combase.dll
0x00007ffdbeb40000 - 0x00007ffdbec17000 	C:\WINDOWS\System32\OLEAUT32.dll
0x00007ffdabc30000 - 0x00007ffdabc62000 	C:\WINDOWS\SYSTEM32\dbgcore.DLL
0x00007ffdbc240000 - 0x00007ffdbc2ba000 	C:\WINDOWS\System32\bcryptPrimitives.dll
0x00007ffdb67a0000 - 0x00007ffdb67ae000 	c:\Users\USER\.vscode\extensions\redhat.java-1.28.1-win32-x64\jre\17.0.10-win32-x86_64\bin\instrument.dll
0x00007ffda7cf0000 - 0x00007ffda7d15000 	c:\Users\USER\.vscode\extensions\redhat.java-1.28.1-win32-x64\jre\17.0.10-win32-x86_64\bin\java.dll
0x00007ffda7cd0000 - 0x00007ffda7ce8000 	c:\Users\USER\.vscode\extensions\redhat.java-1.28.1-win32-x64\jre\17.0.10-win32-x86_64\bin\zip.dll
0x00007ffdbd7d0000 - 0x00007ffdbe02b000 	C:\WINDOWS\System32\SHELL32.dll
0x00007ffdb9ee0000 - 0x00007ffdba7d6000 	C:\WINDOWS\SYSTEM32\windows.storage.dll
0x00007ffdb9da0000 - 0x00007ffdb9ede000 	C:\WINDOWS\SYSTEM32\wintypes.dll
0x00007ffdbccf0000 - 0x00007ffdbcde3000 	C:\WINDOWS\System32\SHCORE.dll
0x00007ffdbd6d0000 - 0x00007ffdbd72e000 	C:\WINDOWS\System32\shlwapi.dll
0x00007ffdbbee0000 - 0x00007ffdbbf06000 	C:\WINDOWS\SYSTEM32\profapi.dll
0x00007ffda7c90000 - 0x00007ffda7ca9000 	C:\Users\USER\.vscode\extensions\redhat.java-1.28.1-win32-x64\jre\17.0.10-win32-x86_64\bin\net.dll
0x00007ffdb5650000 - 0x00007ffdb5787000 	C:\WINDOWS\SYSTEM32\WINHTTP.dll
0x00007ffdbb560000 - 0x00007ffdbb5c9000 	C:\WINDOWS\system32\mswsock.dll
0x00007ffda7ab0000 - 0x00007ffda7ac6000 	C:\Users\USER\.vscode\extensions\redhat.java-1.28.1-win32-x64\jre\17.0.10-win32-x86_64\bin\nio.dll
0x00007ffdb5e80000 - 0x00007ffdb5e90000 	c:\Users\USER\.vscode\extensions\redhat.java-1.28.1-win32-x64\jre\17.0.10-win32-x86_64\bin\verify.dll
0x00007ffd9e7c0000 - 0x00007ffd9e7fe000 	C:\Users\USER\AppData\Roaming\Code\User\globalStorage\redhat.java\1.28.1\config_ss_win\org.eclipse.equinox.launcher\org.eclipse.equinox.launcher.win32.win32.x86_64_1.2.900.v20240129-1338\eclipse_11900.dll
0x00007ffdbe9a0000 - 0x00007ffdbeb40000 	C:\WINDOWS\System32\ole32.dll

dbghelp: loaded successfully - version: 4.0.5 - missing functions: none
symbol engine: initialized successfully - sym options: 0x614 - pdb path: .;c:\Users\USER\.vscode\extensions\redhat.java-1.28.1-win32-x64\jre\17.0.10-win32-x86_64\bin;C:\WINDOWS\SYSTEM32;C:\WINDOWS\WinSxS\amd64_microsoft.windows.common-controls_6595b64144ccf1df_6.0.22621.2506_none_270c5ae97388e100;c:\Users\USER\.vscode\extensions\redhat.java-1.28.1-win32-x64\jre\17.0.10-win32-x86_64\bin\server;C:\Users\USER\AppData\Roaming\Code\User\globalStorage\redhat.java\1.28.1\config_ss_win\org.eclipse.equinox.launcher\org.eclipse.equinox.launcher.win32.win32.x86_64_1.2.900.v20240129-1338

VM Arguments:
jvm_args: --add-modules=ALL-SYSTEM --add-opens=java.base/java.util=ALL-UNNAMED --add-opens=java.base/java.lang=ALL-UNNAMED --add-opens=java.base/sun.nio.fs=ALL-UNNAMED -Declipse.application=org.eclipse.jdt.ls.core.id1 -Dosgi.bundles.defaultStartLevel=4 -Declipse.product=org.eclipse.jdt.ls.core.product -Djava.import.generatesMetadataFilesAtProjectRoot=false -DDetectVMInstallationsJob.disabled=true -Dfile.encoding=utf8 -XX:+UseParallelGC -XX:GCTimeRatio=4 -XX:AdaptiveSizePolicyWeight=90 -Dsun.zip.disableMemoryMapping=true -Xmx1G -Xms100m -Xlog:disable -javaagent:c:\Users\USER\.vscode\extensions\redhat.java-1.28.1-win32-x64\lombok\lombok-1.18.31.jar 
java_command: c:\Users\USER\.vscode\extensions\redhat.java-1.28.1-win32-x64\server\plugins\org.eclipse.equinox.launcher_1.6.700.v20231214-2017.jar -configuration c:\Users\USER\AppData\Roaming\Code\User\globalStorage\redhat.java\1.28.1\config_ss_win -data c:\Users\USER\AppData\Roaming\Code\User\workspaceStorage\2bc9def59a76bb2c09dd8f23c0cd6ce8\redhat.java\ss_ws --stdio
java_class_path (initial): c:\Users\USER\.vscode\extensions\redhat.java-1.28.1-win32-x64\server\plugins\org.eclipse.equinox.launcher_1.6.700.v20231214-2017.jar
Launcher Type: SUN_STANDARD

[Global flags]
    uintx AdaptiveSizePolicyWeight                 = 90                                        {product} {command line}
     intx CICompilerCount                          = 4                                         {product} {ergonomic}
    uintx GCTimeRatio                              = 4                                         {product} {command line}
   size_t InitialHeapSize                          = 104857600                                 {product} {command line}
   size_t MaxHeapSize                              = 1073741824                                {product} {command line}
   size_t MaxNewSize                               = 357564416                                 {product} {ergonomic}
   size_t MinHeapDeltaBytes                        = 524288                                    {product} {ergonomic}
   size_t MinHeapSize                              = 104857600                                 {product} {command line}
   size_t NewSize                                  = 34603008                                  {product} {ergonomic}
    uintx NonNMethodCodeHeapSize                   = 5839372                                {pd product} {ergonomic}
    uintx NonProfiledCodeHeapSize                  = 122909434                              {pd product} {ergonomic}
   size_t OldSize                                  = 70254592                                  {product} {ergonomic}
    uintx ProfiledCodeHeapSize                     = 122909434                              {pd product} {ergonomic}
    uintx ReservedCodeCacheSize                    = 251658240                              {pd product} {ergonomic}
     bool SegmentedCodeCache                       = true                                      {product} {ergonomic}
   size_t SoftMaxHeapSize                          = 1073741824                             {manageable} {ergonomic}
     bool UseCompressedClassPointers               = true                           {product lp64_product} {ergonomic}
     bool UseCompressedOops                        = true                           {product lp64_product} {ergonomic}
     bool UseLargePagesIndividualAllocation        = false                                  {pd product} {ergonomic}
     bool UseParallelGC                            = true                                      {product} {command line}

Logging:
Log output configuration:
 #0: stdout all=off uptime,level,tags
 #1: stderr all=off uptime,level,tags

Environment Variables:
PATH=C:\Program Files\Common Files\Oracle\Java\javapath;C:\Windows\system32;C:\Windows;C:\Windows\System32\Wbem;C:\Windows\System32\WindowsPowerShell\v1.0\;C:\Windows\System32\OpenSSH\;C:\Program Files (x86)\NVIDIA Corporation\PhysX\Common;C:\Program Files\NVIDIA Corporation\NVIDIA NvDLISR;C:\WINDOWS\system32;C:\WINDOWS;C:\WINDOWS\System32\Wbem;C:\WINDOWS\System32\WindowsPowerShell\v1.0\;C:\WINDOWS\System32\OpenSSH\;C:\Program Files\Git\cmd;C:\Program Files\dotnet\;C:\MinGW\bin;C:\Users\USER\AppData\Local\Microsoft\WindowsApps;;C:\Users\USER\AppData\Local\Programs\Microsoft VS Code\bin
USERNAME=USER
OS=Windows_NT
PROCESSOR_IDENTIFIER=Intel64 Family 6 Model 154 Stepping 3, GenuineIntel
TMP=C:\Users\USER\AppData\Local\Temp
TEMP=C:\Users\USER\AppData\Local\Temp



Periodic native trim disabled


---------------  S Y S T E M  ---------------

OS:
 Windows 11 , 64 bit Build 22621 (10.0.22621.3085)
OS uptime: 0 days 7:06 hours
Hyper-V role detected

CPU: total 12 (initial active 12) (6 cores per cpu, 2 threads per core) family 6 model 154 stepping 3 microcode 0x41c, cx8, cmov, fxsr, ht, mmx, 3dnowpref, sse, sse2, sse3, ssse3, sse4.1, sse4.2, popcnt, lzcnt, tsc, tscinvbit, avx, avx2, aes, erms, clmul, bmi1, bmi2, adx, sha, fma, vzeroupper, clflush, clflushopt, clwb, hv
Processor Information for processor 0
  Max Mhz: 2000, Current Mhz: 2000, Mhz Limit: 2000
Processor Information for processor 1
  Max Mhz: 2000, Current Mhz: 2000, Mhz Limit: 2000
Processor Information for processor 2
  Max Mhz: 2000, Current Mhz: 2000, Mhz Limit: 2000
Processor Information for processor 3
  Max Mhz: 2000, Current Mhz: 2000, Mhz Limit: 2000
Processor Information for processor 4
  Max Mhz: 2000, Current Mhz: 2000, Mhz Limit: 2000
Processor Information for processor 5
  Max Mhz: 2000, Current Mhz: 2000, Mhz Limit: 2000
Processor Information for processor 6
  Max Mhz: 2000, Current Mhz: 2000, Mhz Limit: 2000
Processor Information for processor 7
  Max Mhz: 2000, Current Mhz: 2000, Mhz Limit: 2000
Processor Information for processor 8
  Max Mhz: 2000, Current Mhz: 1500, Mhz Limit: 1500
Processor Information for processor 9
  Max Mhz: 2000, Current Mhz: 1500, Mhz Limit: 1500
Processor Information for processor 10
  Max Mhz: 2000, Current Mhz: 1500, Mhz Limit: 1500
Processor Information for processor 11
  Max Mhz: 2000, Current Mhz: 1500, Mhz Limit: 1500

Memory: 4k page, system-wide physical 7814M (827M free)
TotalPageFile size 31366M (AvailPageFile size 5M)
current process WorkingSet (physical memory assigned to process): 126M, peak: 126M
current process commit charge ("private bytes"): 240M, peak: 241M

vm_info: OpenJDK 64-Bit Server VM (17.0.10+7) for windows-amd64 JRE (17.0.10+7), built on Jan 16 2024 23:25:11 by "admin" with MS VC++ 16.10 / 16.11 (VS2019)

END.
