#
# There is insufficient memory for the Java Runtime Environment to continue.
# Native memory allocation (malloc) failed to allocate 1016496 bytes for Chunk::new
# Possible reasons:
#   The system is out of physical RAM or swap space
#   The process is running with CompressedOops enabled, and the Java Heap may be blocking the growth of the native heap
# Possible solutions:
#   Reduce memory load on the system
#   Increase physical memory or swap space
#   Check if swap backing store is full
#   Decrease Java heap size (-Xmx/-Xms)
#   Decrease number of Java threads
#   Decrease Java thread stack sizes (-Xss)
#   Set larger code cache with -XX:ReservedCodeCacheSize=
#   JVM is running with Unscaled Compressed Oops mode in which the Java heap is
#     placed in the first 4GB address space. The Java Heap base address is the
#     maximum limit for the native heap growth. Please use -XX:HeapBaseMinAddress
#     to set the Java Heap base and to place the Java Heap above 4GB virtual address.
# This output file may be truncated or incomplete.
#
#  Out of Memory Error (arena.cpp:191), pid=18788, tid=1164
#
# JRE version: OpenJDK Runtime Environment Temurin-17.0.10+7 (17.0.10+7) (build 17.0.10+7)
# Java VM: OpenJDK 64-Bit Server VM Temurin-17.0.10+7 (17.0.10+7, mixed mode, tiered, compressed oops, compressed class ptrs, parallel gc, windows-amd64)
# No core dump will be written. Minidumps are not enabled by default on client versions of Windows
#

---------------  S U M M A R Y ------------

Command Line: --add-modules=ALL-SYSTEM --add-opens=java.base/java.util=ALL-UNNAMED --add-opens=java.base/java.lang=ALL-UNNAMED --add-opens=java.base/sun.nio.fs=ALL-UNNAMED -Declipse.application=org.eclipse.jdt.ls.core.id1 -Dosgi.bundles.defaultStartLevel=4 -Declipse.product=org.eclipse.jdt.ls.core.product -Djava.import.generatesMetadataFilesAtProjectRoot=false -DDetectVMInstallationsJob.disabled=true -Dfile.encoding=utf8 -XX:+UseParallelGC -XX:GCTimeRatio=4 -XX:AdaptiveSizePolicyWeight=90 -Dsun.zip.disableMemoryMapping=true -Xmx1G -Xms100m -Xlog:disable -javaagent:c:\Users\USER\.vscode\extensions\redhat.java-1.28.1-win32-x64\lombok\lombok-1.18.31.jar -XX:+HeapDumpOnOutOfMemoryError -XX:HeapDumpPath=c:\Users\USER\AppData\Roaming\Code\User\workspaceStorage\2bc9def59a76bb2c09dd8f23c0cd6ce8\redhat.java -Daether.dependencyCollector.impl=bf c:\Users\USER\.vscode\extensions\redhat.java-1.28.1-win32-x64\server\plugins\org.eclipse.equinox.launcher_1.6.700.v20231214-2017.jar -configuration c:\Users\USER\AppData\Roaming\Code\User\globalStorage\redhat.java\1.28.1\config_win -data c:\Users\USER\AppData\Roaming\Code\User\workspaceStorage\2bc9def59a76bb2c09dd8f23c0cd6ce8\redhat.java\jdt_ws --stdio

Host: 12th Gen Intel(R) Core(TM) i5-12450H, 12 cores, 7G,  Windows 11 , 64 bit Build 22621 (10.0.22621.3085)
Time: Wed Feb 21 23:01:05 2024 SE Asia Standard Time elapsed time: 2.427326 seconds (0d 0h 0m 2s)

---------------  T H R E A D  ---------------

Current thread (0x000001d5c4f4fb80):  JavaThread "C2 CompilerThread1" daemon [_thread_in_native, id=1164, stack(0x000000d32d600000,0x000000d32d700000)]


Current CompileTask:
C2:   2427 3564       4       org.lombokweb.asm.ClassReader::readMethod (1066 bytes)

Stack: [0x000000d32d600000,0x000000d32d700000]
Native frames: (J=compiled Java code, j=interpreted, Vv=VM code, C=native code)
V  [jvm.dll+0x67d2c9]
V  [jvm.dll+0x834afa]
V  [jvm.dll+0x8365be]
V  [jvm.dll+0x836c23]
V  [jvm.dll+0x2477ff]
V  [jvm.dll+0xac514]
V  [jvm.dll+0xacb5c]
V  [jvm.dll+0x2aed1f]
V  [jvm.dll+0x584b67]
V  [jvm.dll+0x2228a2]
V  [jvm.dll+0x222c8f]
V  [jvm.dll+0x21bdb6]
V  [jvm.dll+0x219201]
V  [jvm.dll+0x1a502d]
V  [jvm.dll+0x2290de]
V  [jvm.dll+0x2272ac]
V  [jvm.dll+0x7e9bb7]
V  [jvm.dll+0x7e3fba]
V  [jvm.dll+0x67c1b5]
C  [ucrtbase.dll+0x29363]
C  [KERNEL32.DLL+0x1257d]
C  [ntdll.dll+0x5aa58]


---------------  P R O C E S S  ---------------

Threads class SMR info:
_java_thread_list=0x000001d5c79895d0, length=23, elements={
0x000001d5abd91960, 0x000001d5c4d65560, 0x000001d5bfc038e0, 0x000001d5c4d81170,
0x000001d5c4d81a40, 0x000001d5c4d83680, 0x000001d5c4d848f0, 0x000001d5c4d896e0,
0x000001d5c4d8b7a0, 0x000001d5c4d8ec60, 0x000001d5abdfb7b0, 0x000001d5c4f4fb80,
0x000001d5c6580170, 0x000001d5c6d25fc0, 0x000001d5c6d999e0, 0x000001d5c6f78060,
0x000001d5c7036290, 0x000001d5c72d0920, 0x000001d5c7297400, 0x000001d5c7200cc0,
0x000001d5c71ff880, 0x000001d5c72011d0, 0x000001d5c4f4e640
}

Java Threads: ( => current thread )
  0x000001d5abd91960 JavaThread "main" [_thread_blocked, id=17428, stack(0x000000d32c900000,0x000000d32ca00000)]
  0x000001d5c4d65560 JavaThread "Reference Handler" daemon [_thread_blocked, id=2760, stack(0x000000d32cc00000,0x000000d32cd00000)]
  0x000001d5bfc038e0 JavaThread "Finalizer" daemon [_thread_blocked, id=3716, stack(0x000000d32cd00000,0x000000d32ce00000)]
  0x000001d5c4d81170 JavaThread "Signal Dispatcher" daemon [_thread_blocked, id=18480, stack(0x000000d32ce00000,0x000000d32cf00000)]
  0x000001d5c4d81a40 JavaThread "Attach Listener" daemon [_thread_blocked, id=17024, stack(0x000000d32cf00000,0x000000d32d000000)]
  0x000001d5c4d83680 JavaThread "Service Thread" daemon [_thread_blocked, id=9700, stack(0x000000d32d000000,0x000000d32d100000)]
  0x000001d5c4d848f0 JavaThread "Monitor Deflation Thread" daemon [_thread_blocked, id=13996, stack(0x000000d32d100000,0x000000d32d200000)]
  0x000001d5c4d896e0 JavaThread "C2 CompilerThread0" daemon [_thread_in_native, id=17624, stack(0x000000d32d200000,0x000000d32d300000)]
  0x000001d5c4d8b7a0 JavaThread "C1 CompilerThread0" daemon [_thread_blocked, id=3008, stack(0x000000d32d300000,0x000000d32d400000)]
  0x000001d5c4d8ec60 JavaThread "Sweeper thread" daemon [_thread_blocked, id=19276, stack(0x000000d32d400000,0x000000d32d500000)]
  0x000001d5abdfb7b0 JavaThread "Common-Cleaner" daemon [_thread_blocked, id=11372, stack(0x000000d32d500000,0x000000d32d600000)]
=>0x000001d5c4f4fb80 JavaThread "C2 CompilerThread1" daemon [_thread_in_native, id=1164, stack(0x000000d32d600000,0x000000d32d700000)]
  0x000001d5c6580170 JavaThread "Notification Thread" daemon [_thread_blocked, id=1064, stack(0x000000d32d700000,0x000000d32d800000)]
  0x000001d5c6d25fc0 JavaThread "Active Thread: Equinox Container: 7535d473-bcd3-4091-bfeb-227f49b9a36e" [_thread_blocked, id=11208, stack(0x000000d32e000000,0x000000d32e100000)]
  0x000001d5c6d999e0 JavaThread "Framework Event Dispatcher: Equinox Container: 7535d473-bcd3-4091-bfeb-227f49b9a36e" daemon [_thread_blocked, id=14936, stack(0x000000d32e100000,0x000000d32e200000)]
  0x000001d5c6f78060 JavaThread "Start Level: Equinox Container: 7535d473-bcd3-4091-bfeb-227f49b9a36e" daemon [_thread_in_vm, id=6392, stack(0x000000d32e200000,0x000000d32e300000)]
  0x000001d5c7036290 JavaThread "Bundle File Closer" daemon [_thread_blocked, id=4792, stack(0x000000d32e400000,0x000000d32e500000)]
  0x000001d5c72d0920 JavaThread "SCR Component Actor" daemon [_thread_blocked, id=7452, stack(0x000000d32e500000,0x000000d32e600000)]
  0x000001d5c7297400 JavaThread "SCR Component Registry" daemon [_thread_blocked, id=18028, stack(0x000000d32e800000,0x000000d32e900000)]
  0x000001d5c7200cc0 JavaThread "Worker-JM" [_thread_blocked, id=19208, stack(0x000000d32e900000,0x000000d32ea00000)]
  0x000001d5c71ff880 JavaThread "Worker-0" [_thread_blocked, id=15364, stack(0x000000d32ea00000,0x000000d32eb00000)]
  0x000001d5c72011d0 JavaThread "Worker-1" [_thread_blocked, id=2688, stack(0x000000d32eb00000,0x000000d32ec00000)]
  0x000001d5c4f4e640 JavaThread "C2 CompilerThread2" daemon [_thread_in_native, id=6968, stack(0x000000d32d900000,0x000000d32da00000)]

Other Threads:
  0x000001d5c4d52860 VMThread "VM Thread" [stack: 0x000000d32cb00000,0x000000d32cc00000] [id=10796]
  0x000001d5c657e9b0 WatcherThread [stack: 0x000000d32d800000,0x000000d32d900000] [id=15520]
  0x000001d5abda8db0 GCTaskThread "GC Thread#0" [stack: 0x000000d32ca00000,0x000000d32cb00000] [id=12364]
  0x000001d5c6b7fdc0 GCTaskThread "GC Thread#1" [stack: 0x000000d32da00000,0x000000d32db00000] [id=18228]
  0x000001d5c6f0f3e0 GCTaskThread "GC Thread#2" [stack: 0x000000d32db00000,0x000000d32dc00000] [id=2628]
  0x000001d5c6f0f6a0 GCTaskThread "GC Thread#3" [stack: 0x000000d32dc00000,0x000000d32dd00000] [id=1664]
  0x000001d5c6b7c7f0 GCTaskThread "GC Thread#4" [stack: 0x000000d32dd00000,0x000000d32de00000] [id=11440]
  0x000001d5c6b7ccc0 GCTaskThread "GC Thread#5" [stack: 0x000000d32de00000,0x000000d32df00000] [id=16444]
  0x000001d5c6b7cf80 GCTaskThread "GC Thread#6" [stack: 0x000000d32df00000,0x000000d32e000000] [id=14384]
  0x000001d5c6fe4070 GCTaskThread "GC Thread#7" [stack: 0x000000d32e300000,0x000000d32e400000] [id=19432]
  0x000001d5c6e94b50 GCTaskThread "GC Thread#8" [stack: 0x000000d32e600000,0x000000d32e700000] [id=2016]
  0x000001d5c6e94e10 GCTaskThread "GC Thread#9" [stack: 0x000000d32e700000,0x000000d32e800000] [id=14684]

Threads with active compile tasks:
C2 CompilerThread0     2441 3586       4       lombok.patcher.PatchScript$MethodPatcher::visitMethod (158 bytes)
C2 CompilerThread1     2441 3564       4       org.lombokweb.asm.ClassReader::readMethod (1066 bytes)
C2 CompilerThread2     2441 3617       4       java.io.DataInputStream::readUTF (501 bytes)

VM state: not at safepoint (normal execution)

VM Mutex/Monitor currently owned by a thread: None

Heap address: 0x00000000c0000000, size: 1024 MB, Compressed Oops mode: 32-bit

CDS archive(s) not mapped
Compressed class space mapped at: 0x0000000100000000-0x0000000140000000, reserved size: 1073741824
Narrow klass base: 0x0000000000000000, Narrow klass shift: 3, Narrow klass range: 0x140000000

GC Precious Log:
 CPUs: 12 total, 12 available
 Memory: 7814M
 Large Page Support: Disabled
 NUMA Support: Disabled
 Compressed Oops: Enabled (32-bit)
 Alignments: Space 512K, Generation 512K, Heap 2M
 Heap Min Capacity: 100M
 Heap Initial Capacity: 100M
 Heap Max Capacity: 1G
 Pre-touch: Disabled
 Parallel Workers: 10

Heap:
 PSYoungGen      total 26624K, used 5607K [0x00000000eab00000, 0x00000000ecc00000, 0x0000000100000000)
  eden space 23552K, 10% used [0x00000000eab00000,0x00000000ead7c390,0x00000000ec200000)
  from space 3072K, 99% used [0x00000000ec400000,0x00000000ec6fda58,0x00000000ec700000)
  to   space 5120K, 0% used [0x00000000ec700000,0x00000000ec700000,0x00000000ecc00000)
 ParOldGen       total 68608K, used 12507K [0x00000000c0000000, 0x00000000c4300000, 0x00000000eab00000)
  object space 68608K, 18% used [0x00000000c0000000,0x00000000c0c36f68,0x00000000c4300000)
 Metaspace       used 32608K, committed 33280K, reserved 1114112K
  class space    used 3179K, committed 3456K, reserved 1048576K

Card table byte_map: [0x000001d5ab720000,0x000001d5ab930000] _byte_map_base: 0x000001d5ab120000

Marking Bits: (ParMarkBitMap*) 0x00007ffd680bd7d0
 Begin Bits: [0x000001d5bda20000, 0x000001d5bea20000)
 End Bits:   [0x000001d5bea20000, 0x000001d5bfa20000)

Polling page: 0x000001d5a9ca0000

Metaspace:

Usage:
  Non-class:     28.75 MB used.
      Class:      3.11 MB used.
       Both:     31.86 MB used.

Virtual space:
  Non-class space:       64.00 MB reserved,      29.12 MB ( 46%) committed,  1 nodes.
      Class space:        1.00 GB reserved,       3.38 MB ( <1%) committed,  1 nodes.
             Both:        1.06 GB reserved,      32.50 MB (  3%) committed. 

Chunk freelists:
   Non-Class:  2.52 MB
       Class:  12.56 MB
        Both:  15.08 MB

MaxMetaspaceSize: unlimited
CompressedClassSpaceSize: 1.00 GB
Initial GC threshold: 21.00 MB
Current GC threshold: 35.00 MB
CDS: off
MetaspaceReclaimPolicy: balanced
 - commit_granule_bytes: 65536.
 - commit_granule_words: 8192.
 - virtual_space_node_default_size: 8388608.
 - enlarge_chunks_in_place: 1.
 - new_chunks_are_fully_committed: 0.
 - uncommit_free_chunks: 1.
 - use_allocation_guard: 0.
 - handle_deallocations: 1.


Internal statistics:

num_allocs_failed_limit: 3.
num_arena_births: 346.
num_arena_deaths: 0.
num_vsnodes_births: 2.
num_vsnodes_deaths: 0.
num_space_committed: 520.
num_space_uncommitted: 0.
num_chunks_returned_to_freelist: 3.
num_chunks_taken_from_freelist: 1285.
num_chunk_merges: 3.
num_chunk_splits: 858.
num_chunks_enlarged: 618.
num_inconsistent_stats: 0.

CodeHeap 'non-profiled nmethods': size=120000Kb used=1615Kb max_used=1615Kb free=118384Kb
 bounds [0x000001d5b64f0000, 0x000001d5b6760000, 0x000001d5bda20000]
CodeHeap 'profiled nmethods': size=120000Kb used=7525Kb max_used=7525Kb free=112474Kb
 bounds [0x000001d5aea20000, 0x000001d5af180000, 0x000001d5b5f50000]
CodeHeap 'non-nmethods': size=5760Kb used=1270Kb max_used=1270Kb free=4490Kb
 bounds [0x000001d5b5f50000, 0x000001d5b61c0000, 0x000001d5b64f0000]
 total_blobs=4191 nmethods=3622 adapters=480
 compilation: enabled
              stopped_count=0, restarted_count=0
 full_count=0

Compilation events (20 events):
Event: 2.403 Thread 0x000001d5c4d8b7a0 3607       3       org.eclipse.core.internal.preferences.EclipsePreferences::put (43 bytes)
Event: 2.404 Thread 0x000001d5c4d8b7a0 nmethod 3607 0x000001d5af165990 code [0x000001d5af165bc0, 0x000001d5af1665f8]
Event: 2.404 Thread 0x000001d5c4d8b7a0 3606       3       org.eclipse.core.runtime.preferences.IEclipsePreferences$PreferenceChangeEvent::<init> (41 bytes)
Event: 2.404 Thread 0x000001d5c4d8b7a0 nmethod 3606 0x000001d5af166910 code [0x000001d5af166ae0, 0x000001d5af167058]
Event: 2.404 Thread 0x000001d5c4d8b7a0 3610       3       org.eclipse.core.internal.preferences.EclipsePreferences::absolutePath (79 bytes)
Event: 2.409 Thread 0x000001d5c4d8b7a0 nmethod 3610 0x000001d5af167210 code [0x000001d5af167800, 0x000001d5af16afb8]
Event: 2.409 Thread 0x000001d5c4d8b7a0 3609   !   3       org.eclipse.core.internal.preferences.EclipsePreferences::getChild (106 bytes)
Event: 2.409 Thread 0x000001d5c4d8b7a0 nmethod 3609 0x000001d5af16c390 code [0x000001d5af16c5c0, 0x000001d5af16cfa8]
Event: 2.409 Thread 0x000001d5c4d8b7a0 3611       3       org.eclipse.core.internal.preferences.PreferencesService::getRootNode (4 bytes)
Event: 2.410 Thread 0x000001d5c4d8b7a0 nmethod 3611 0x000001d5af16d210 code [0x000001d5af16d3a0, 0x000001d5af16d4b8]
Event: 2.410 Thread 0x000001d5c4d8b7a0 3612       3       org.eclipse.core.internal.preferences.RootPreferences::node (7 bytes)
Event: 2.410 Thread 0x000001d5c4d8b7a0 nmethod 3612 0x000001d5af16d590 code [0x000001d5af16d720, 0x000001d5af16d868]
Event: 2.410 Thread 0x000001d5c4d8b7a0 3613       3       org.eclipse.core.internal.preferences.RootPreferences::getNode (161 bytes)
Event: 2.411 Thread 0x000001d5c4d8b7a0 nmethod 3613 0x000001d5af16d910 code [0x000001d5af16dca0, 0x000001d5af16f348]
Event: 2.411 Thread 0x000001d5c4d8b7a0 3615  s    3       org.eclipse.core.internal.preferences.RootPreferences::getChild (72 bytes)
Event: 2.411 Thread 0x000001d5c4d8b7a0 nmethod 3615 0x000001d5af16fb10 code [0x000001d5af16fd40, 0x000001d5af170738]
Event: 2.411 Thread 0x000001d5c4d8b7a0 3614       3       org.eclipse.core.internal.preferences.PreferencesService::getDefault (20 bytes)
Event: 2.412 Thread 0x000001d5c4d8b7a0 nmethod 3614 0x000001d5af170910 code [0x000001d5af170ac0, 0x000001d5af170cc8]
Event: 2.412 Thread 0x000001d5c4d8b7a0 3616       3       java.io.FileDescriptor::<init> (17 bytes)
Event: 2.412 Thread 0x000001d5c4d8b7a0 nmethod 3616 0x000001d5af170d90 code [0x000001d5af170f20, 0x000001d5af171098]

GC Heap History (20 events):
Event: 0.581 GC heap before
{Heap before GC invocations=1 (full 0):
 PSYoungGen      total 29696K, used 25600K [0x00000000eab00000, 0x00000000ecc00000, 0x0000000100000000)
  eden space 25600K, 100% used [0x00000000eab00000,0x00000000ec400000,0x00000000ec400000)
  from space 4096K, 0% used [0x00000000ec800000,0x00000000ec800000,0x00000000ecc00000)
  to   space 4096K, 0% used [0x00000000ec400000,0x00000000ec400000,0x00000000ec800000)
 ParOldGen       total 68608K, used 0K [0x00000000c0000000, 0x00000000c4300000, 0x00000000eab00000)
  object space 68608K, 0% used [0x00000000c0000000,0x00000000c0000000,0x00000000c4300000)
 Metaspace       used 11002K, committed 11200K, reserved 1114112K
  class space    used 1098K, committed 1216K, reserved 1048576K
}
Event: 0.586 GC heap after
{Heap after GC invocations=1 (full 0):
 PSYoungGen      total 29696K, used 3165K [0x00000000eab00000, 0x00000000ecc00000, 0x0000000100000000)
  eden space 25600K, 0% used [0x00000000eab00000,0x00000000eab00000,0x00000000ec400000)
  from space 4096K, 77% used [0x00000000ec400000,0x00000000ec7175c8,0x00000000ec800000)
  to   space 4096K, 0% used [0x00000000ec800000,0x00000000ec800000,0x00000000ecc00000)
 ParOldGen       total 68608K, used 16K [0x00000000c0000000, 0x00000000c4300000, 0x00000000eab00000)
  object space 68608K, 0% used [0x00000000c0000000,0x00000000c0004000,0x00000000c4300000)
 Metaspace       used 11002K, committed 11200K, reserved 1114112K
  class space    used 1098K, committed 1216K, reserved 1048576K
}
Event: 0.982 GC heap before
{Heap before GC invocations=2 (full 0):
 PSYoungGen      total 29696K, used 28765K [0x00000000eab00000, 0x00000000ecc00000, 0x0000000100000000)
  eden space 25600K, 100% used [0x00000000eab00000,0x00000000ec400000,0x00000000ec400000)
  from space 4096K, 77% used [0x00000000ec400000,0x00000000ec7175c8,0x00000000ec800000)
  to   space 4096K, 0% used [0x00000000ec800000,0x00000000ec800000,0x00000000ecc00000)
 ParOldGen       total 68608K, used 16K [0x00000000c0000000, 0x00000000c4300000, 0x00000000eab00000)
  object space 68608K, 0% used [0x00000000c0000000,0x00000000c0004000,0x00000000c4300000)
 Metaspace       used 14656K, committed 14912K, reserved 1114112K
  class space    used 1474K, committed 1600K, reserved 1048576K
}
Event: 0.987 GC heap after
{Heap after GC invocations=2 (full 0):
 PSYoungGen      total 29696K, used 4090K [0x00000000eab00000, 0x00000000ecc00000, 0x0000000100000000)
  eden space 25600K, 0% used [0x00000000eab00000,0x00000000eab00000,0x00000000ec400000)
  from space 4096K, 99% used [0x00000000ec800000,0x00000000ecbfe890,0x00000000ecc00000)
  to   space 4096K, 0% used [0x00000000ec400000,0x00000000ec400000,0x00000000ec800000)
 ParOldGen       total 68608K, used 1496K [0x00000000c0000000, 0x00000000c4300000, 0x00000000eab00000)
  object space 68608K, 2% used [0x00000000c0000000,0x00000000c0176020,0x00000000c4300000)
 Metaspace       used 14656K, committed 14912K, reserved 1114112K
  class space    used 1474K, committed 1600K, reserved 1048576K
}
Event: 1.304 GC heap before
{Heap before GC invocations=3 (full 0):
 PSYoungGen      total 29696K, used 29690K [0x00000000eab00000, 0x00000000ecc00000, 0x0000000100000000)
  eden space 25600K, 100% used [0x00000000eab00000,0x00000000ec400000,0x00000000ec400000)
  from space 4096K, 99% used [0x00000000ec800000,0x00000000ecbfe890,0x00000000ecc00000)
  to   space 4096K, 0% used [0x00000000ec400000,0x00000000ec400000,0x00000000ec800000)
 ParOldGen       total 68608K, used 1496K [0x00000000c0000000, 0x00000000c4300000, 0x00000000eab00000)
  object space 68608K, 2% used [0x00000000c0000000,0x00000000c0176020,0x00000000c4300000)
 Metaspace       used 16497K, committed 16768K, reserved 1114112K
  class space    used 1667K, committed 1792K, reserved 1048576K
}
Event: 1.309 GC heap after
{Heap after GC invocations=3 (full 0):
 PSYoungGen      total 29696K, used 4064K [0x00000000eab00000, 0x00000000ecc00000, 0x0000000100000000)
  eden space 25600K, 0% used [0x00000000eab00000,0x00000000eab00000,0x00000000ec400000)
  from space 4096K, 99% used [0x00000000ec400000,0x00000000ec7f83f0,0x00000000ec800000)
  to   space 4096K, 0% used [0x00000000ec800000,0x00000000ec800000,0x00000000ecc00000)
 ParOldGen       total 68608K, used 5061K [0x00000000c0000000, 0x00000000c4300000, 0x00000000eab00000)
  object space 68608K, 7% used [0x00000000c0000000,0x00000000c04f1730,0x00000000c4300000)
 Metaspace       used 16497K, committed 16768K, reserved 1114112K
  class space    used 1667K, committed 1792K, reserved 1048576K
}
Event: 1.590 GC heap before
{Heap before GC invocations=4 (full 0):
 PSYoungGen      total 29696K, used 29664K [0x00000000eab00000, 0x00000000ecc00000, 0x0000000100000000)
  eden space 25600K, 100% used [0x00000000eab00000,0x00000000ec400000,0x00000000ec400000)
  from space 4096K, 99% used [0x00000000ec400000,0x00000000ec7f83f0,0x00000000ec800000)
  to   space 4096K, 0% used [0x00000000ec800000,0x00000000ec800000,0x00000000ecc00000)
 ParOldGen       total 68608K, used 5061K [0x00000000c0000000, 0x00000000c4300000, 0x00000000eab00000)
  object space 68608K, 7% used [0x00000000c0000000,0x00000000c04f1730,0x00000000c4300000)
 Metaspace       used 20205K, committed 20608K, reserved 1114112K
  class space    used 2032K, committed 2176K, reserved 1048576K
}
Event: 1.593 GC heap after
{Heap after GC invocations=4 (full 0):
 PSYoungGen      total 29696K, used 4074K [0x00000000eab00000, 0x00000000ecc00000, 0x0000000100000000)
  eden space 25600K, 0% used [0x00000000eab00000,0x00000000eab00000,0x00000000ec400000)
  from space 4096K, 99% used [0x00000000ec800000,0x00000000ecbfab10,0x00000000ecc00000)
  to   space 4096K, 0% used [0x00000000ec400000,0x00000000ec400000,0x00000000ec800000)
 ParOldGen       total 68608K, used 6550K [0x00000000c0000000, 0x00000000c4300000, 0x00000000eab00000)
  object space 68608K, 9% used [0x00000000c0000000,0x00000000c0665b48,0x00000000c4300000)
 Metaspace       used 20205K, committed 20608K, reserved 1114112K
  class space    used 2032K, committed 2176K, reserved 1048576K
}
Event: 1.651 GC heap before
{Heap before GC invocations=5 (full 0):
 PSYoungGen      total 29696K, used 10308K [0x00000000eab00000, 0x00000000ecc00000, 0x0000000100000000)
  eden space 25600K, 24% used [0x00000000eab00000,0x00000000eb116530,0x00000000ec400000)
  from space 4096K, 99% used [0x00000000ec800000,0x00000000ecbfab10,0x00000000ecc00000)
  to   space 4096K, 0% used [0x00000000ec400000,0x00000000ec400000,0x00000000ec800000)
 ParOldGen       total 68608K, used 6550K [0x00000000c0000000, 0x00000000c4300000, 0x00000000eab00000)
  object space 68608K, 9% used [0x00000000c0000000,0x00000000c0665b48,0x00000000c4300000)
 Metaspace       used 21113K, committed 21504K, reserved 1114112K
  class space    used 2134K, committed 2304K, reserved 1048576K
}
Event: 1.653 GC heap after
{Heap after GC invocations=5 (full 0):
 PSYoungGen      total 29696K, used 4079K [0x00000000eab00000, 0x00000000ece00000, 0x0000000100000000)
  eden space 25600K, 0% used [0x00000000eab00000,0x00000000eab00000,0x00000000ec400000)
  from space 4096K, 99% used [0x00000000ec400000,0x00000000ec7fbde8,0x00000000ec800000)
  to   space 5120K, 0% used [0x00000000ec900000,0x00000000ec900000,0x00000000ece00000)
 ParOldGen       total 68608K, used 7104K [0x00000000c0000000, 0x00000000c4300000, 0x00000000eab00000)
  object space 68608K, 10% used [0x00000000c0000000,0x00000000c06f0370,0x00000000c4300000)
 Metaspace       used 21113K, committed 21504K, reserved 1114112K
  class space    used 2134K, committed 2304K, reserved 1048576K
}
Event: 1.653 GC heap before
{Heap before GC invocations=6 (full 1):
 PSYoungGen      total 29696K, used 4079K [0x00000000eab00000, 0x00000000ece00000, 0x0000000100000000)
  eden space 25600K, 0% used [0x00000000eab00000,0x00000000eab00000,0x00000000ec400000)
  from space 4096K, 99% used [0x00000000ec400000,0x00000000ec7fbde8,0x00000000ec800000)
  to   space 5120K, 0% used [0x00000000ec900000,0x00000000ec900000,0x00000000ece00000)
 ParOldGen       total 68608K, used 7104K [0x00000000c0000000, 0x00000000c4300000, 0x00000000eab00000)
  object space 68608K, 10% used [0x00000000c0000000,0x00000000c06f0370,0x00000000c4300000)
 Metaspace       used 21113K, committed 21504K, reserved 1114112K
  class space    used 2134K, committed 2304K, reserved 1048576K
}
Event: 1.670 GC heap after
{Heap after GC invocations=6 (full 1):
 PSYoungGen      total 29696K, used 0K [0x00000000eab00000, 0x00000000ece00000, 0x0000000100000000)
  eden space 25600K, 0% used [0x00000000eab00000,0x00000000eab00000,0x00000000ec400000)
  from space 4096K, 0% used [0x00000000ec400000,0x00000000ec400000,0x00000000ec800000)
  to   space 5120K, 0% used [0x00000000ec900000,0x00000000ec900000,0x00000000ece00000)
 ParOldGen       total 68608K, used 10831K [0x00000000c0000000, 0x00000000c4300000, 0x00000000eab00000)
  object space 68608K, 15% used [0x00000000c0000000,0x00000000c0a93d70,0x00000000c4300000)
 Metaspace       used 21113K, committed 21504K, reserved 1114112K
  class space    used 2134K, committed 2304K, reserved 1048576K
}
Event: 1.967 GC heap before
{Heap before GC invocations=7 (full 1):
 PSYoungGen      total 29696K, used 25600K [0x00000000eab00000, 0x00000000ece00000, 0x0000000100000000)
  eden space 25600K, 100% used [0x00000000eab00000,0x00000000ec400000,0x00000000ec400000)
  from space 4096K, 0% used [0x00000000ec400000,0x00000000ec400000,0x00000000ec800000)
  to   space 5120K, 0% used [0x00000000ec900000,0x00000000ec900000,0x00000000ece00000)
 ParOldGen       total 68608K, used 10831K [0x00000000c0000000, 0x00000000c4300000, 0x00000000eab00000)
  object space 68608K, 15% used [0x00000000c0000000,0x00000000c0a93d70,0x00000000c4300000)
 Metaspace       used 24422K, committed 24960K, reserved 1114112K
  class space    used 2485K, committed 2688K, reserved 1048576K
}
Event: 1.969 GC heap after
{Heap after GC invocations=7 (full 1):
 PSYoungGen      total 26112K, used 720K [0x00000000eab00000, 0x00000000eca00000, 0x0000000100000000)
  eden space 25088K, 0% used [0x00000000eab00000,0x00000000eab00000,0x00000000ec380000)
  from space 1024K, 70% used [0x00000000ec900000,0x00000000ec9b40a8,0x00000000eca00000)
  to   space 2560K, 0% used [0x00000000ec500000,0x00000000ec500000,0x00000000ec780000)
 ParOldGen       total 68608K, used 10839K [0x00000000c0000000, 0x00000000c4300000, 0x00000000eab00000)
  object space 68608K, 15% used [0x00000000c0000000,0x00000000c0a95d70,0x00000000c4300000)
 Metaspace       used 24422K, committed 24960K, reserved 1114112K
  class space    used 2485K, committed 2688K, reserved 1048576K
}
Event: 2.172 GC heap before
{Heap before GC invocations=8 (full 1):
 PSYoungGen      total 26112K, used 25808K [0x00000000eab00000, 0x00000000eca00000, 0x0000000100000000)
  eden space 25088K, 100% used [0x00000000eab00000,0x00000000ec380000,0x00000000ec380000)
  from space 1024K, 70% used [0x00000000ec900000,0x00000000ec9b40a8,0x00000000eca00000)
  to   space 2560K, 0% used [0x00000000ec500000,0x00000000ec500000,0x00000000ec780000)
 ParOldGen       total 68608K, used 10839K [0x00000000c0000000, 0x00000000c4300000, 0x00000000eab00000)
  object space 68608K, 15% used [0x00000000c0000000,0x00000000c0a95d70,0x00000000c4300000)
 Metaspace       used 27598K, committed 28224K, reserved 1114112K
  class space    used 2819K, committed 3072K, reserved 1048576K
}
Event: 2.173 GC heap after
{Heap after GC invocations=8 (full 1):
 PSYoungGen      total 27136K, used 2551K [0x00000000eab00000, 0x00000000eca00000, 0x0000000100000000)
  eden space 24576K, 0% used [0x00000000eab00000,0x00000000eab00000,0x00000000ec300000)
  from space 2560K, 99% used [0x00000000ec500000,0x00000000ec77dcc8,0x00000000ec780000)
  to   space 2560K, 0% used [0x00000000ec780000,0x00000000ec780000,0x00000000eca00000)
 ParOldGen       total 68608K, used 11047K [0x00000000c0000000, 0x00000000c4300000, 0x00000000eab00000)
  object space 68608K, 16% used [0x00000000c0000000,0x00000000c0ac9d70,0x00000000c4300000)
 Metaspace       used 27598K, committed 28224K, reserved 1114112K
  class space    used 2819K, committed 3072K, reserved 1048576K
}
Event: 2.281 GC heap before
{Heap before GC invocations=9 (full 1):
 PSYoungGen      total 27136K, used 27127K [0x00000000eab00000, 0x00000000eca00000, 0x0000000100000000)
  eden space 24576K, 100% used [0x00000000eab00000,0x00000000ec300000,0x00000000ec300000)
  from space 2560K, 99% used [0x00000000ec500000,0x00000000ec77dcc8,0x00000000ec780000)
  to   space 2560K, 0% used [0x00000000ec780000,0x00000000ec780000,0x00000000eca00000)
 ParOldGen       total 68608K, used 11047K [0x00000000c0000000, 0x00000000c4300000, 0x00000000eab00000)
  object space 68608K, 16% used [0x00000000c0000000,0x00000000c0ac9d70,0x00000000c4300000)
 Metaspace       used 30191K, committed 30848K, reserved 1114112K
  class space    used 2989K, committed 3264K, reserved 1048576K
}
Event: 2.281 GC heap after
{Heap after GC invocations=9 (full 1):
 PSYoungGen      total 26624K, used 2533K [0x00000000eab00000, 0x00000000eca00000, 0x0000000100000000)
  eden space 24064K, 0% used [0x00000000eab00000,0x00000000eab00000,0x00000000ec280000)
  from space 2560K, 98% used [0x00000000ec780000,0x00000000ec9f95d8,0x00000000eca00000)
  to   space 3072K, 0% used [0x00000000ec400000,0x00000000ec400000,0x00000000ec700000)
 ParOldGen       total 68608K, used 11191K [0x00000000c0000000, 0x00000000c4300000, 0x00000000eab00000)
  object space 68608K, 16% used [0x00000000c0000000,0x00000000c0aedd70,0x00000000c4300000)
 Metaspace       used 30191K, committed 30848K, reserved 1114112K
  class space    used 2989K, committed 3264K, reserved 1048576K
}
Event: 2.406 GC heap before
{Heap before GC invocations=10 (full 1):
 PSYoungGen      total 26624K, used 26597K [0x00000000eab00000, 0x00000000eca00000, 0x0000000100000000)
  eden space 24064K, 100% used [0x00000000eab00000,0x00000000ec280000,0x00000000ec280000)
  from space 2560K, 98% used [0x00000000ec780000,0x00000000ec9f95d8,0x00000000eca00000)
  to   space 3072K, 0% used [0x00000000ec400000,0x00000000ec400000,0x00000000ec700000)
 ParOldGen       total 68608K, used 11191K [0x00000000c0000000, 0x00000000c4300000, 0x00000000eab00000)
  object space 68608K, 16% used [0x00000000c0000000,0x00000000c0aedd70,0x00000000c4300000)
 Metaspace       used 32039K, committed 32640K, reserved 1114112K
  class space    used 3127K, committed 3392K, reserved 1048576K
}
Event: 2.408 GC heap after
{Heap after GC invocations=10 (full 1):
 PSYoungGen      total 26624K, used 3062K [0x00000000eab00000, 0x00000000ecc00000, 0x0000000100000000)
  eden space 23552K, 0% used [0x00000000eab00000,0x00000000eab00000,0x00000000ec200000)
  from space 3072K, 99% used [0x00000000ec400000,0x00000000ec6fda58,0x00000000ec700000)
  to   space 5120K, 0% used [0x00000000ec700000,0x00000000ec700000,0x00000000ecc00000)
 ParOldGen       total 68608K, used 12507K [0x00000000c0000000, 0x00000000c4300000, 0x00000000eab00000)
  object space 68608K, 18% used [0x00000000c0000000,0x00000000c0c36f68,0x00000000c4300000)
 Metaspace       used 32039K, committed 32640K, reserved 1114112K
  class space    used 3127K, committed 3392K, reserved 1048576K
}

Dll operation events (9 events):
Event: 0.008 Loaded shared library c:\Users\USER\.vscode\extensions\redhat.java-1.28.1-win32-x64\jre\17.0.10-win32-x86_64\bin\java.dll
Event: 0.095 Loaded shared library c:\Users\USER\.vscode\extensions\redhat.java-1.28.1-win32-x64\jre\17.0.10-win32-x86_64\bin\zip.dll
Event: 0.098 Loaded shared library C:\Users\USER\.vscode\extensions\redhat.java-1.28.1-win32-x64\jre\17.0.10-win32-x86_64\bin\instrument.dll
Event: 0.107 Loaded shared library C:\Users\USER\.vscode\extensions\redhat.java-1.28.1-win32-x64\jre\17.0.10-win32-x86_64\bin\net.dll
Event: 0.109 Loaded shared library C:\Users\USER\.vscode\extensions\redhat.java-1.28.1-win32-x64\jre\17.0.10-win32-x86_64\bin\nio.dll
Event: 0.114 Loaded shared library C:\Users\USER\.vscode\extensions\redhat.java-1.28.1-win32-x64\jre\17.0.10-win32-x86_64\bin\zip.dll
Event: 0.126 Loaded shared library C:\Users\USER\.vscode\extensions\redhat.java-1.28.1-win32-x64\jre\17.0.10-win32-x86_64\bin\jimage.dll
Event: 0.163 Loaded shared library c:\Users\USER\.vscode\extensions\redhat.java-1.28.1-win32-x64\jre\17.0.10-win32-x86_64\bin\verify.dll
Event: 0.921 Loaded shared library C:\Users\USER\AppData\Roaming\Code\User\globalStorage\redhat.java\1.28.1\config_win\org.eclipse.equinox.launcher\org.eclipse.equinox.launcher.win32.win32.x86_64_1.2.900.v20240129-1338\eclipse_11900.dll

Deoptimization events (20 events):
Event: 2.052 Thread 0x000001d5c6f78060 Uncommon trap: trap_request=0xffffff45 fr.pc=0x000001d5b650927c relative=0x000000000000035c
Event: 2.052 Thread 0x000001d5c6f78060 Uncommon trap: reason=unstable_if action=reinterpret pc=0x000001d5b650927c method=java.lang.StringLatin1.canEncode(I)Z @ 4 c2
Event: 2.052 Thread 0x000001d5c6f78060 DEOPT PACKING pc=0x000001d5b650927c sp=0x000000d32e2f2cd0
Event: 2.052 Thread 0x000001d5c6f78060 DEOPT UNPACKING pc=0x000001d5b5fa66a3 sp=0x000000d32e2f2bf8 mode 2
Event: 2.052 Thread 0x000001d5c6f78060 Uncommon trap: trap_request=0xffffff45 fr.pc=0x000001d5b6509b5c relative=0x000000000000033c
Event: 2.052 Thread 0x000001d5c6f78060 Uncommon trap: reason=unstable_if action=reinterpret pc=0x000001d5b6509b5c method=java.lang.AbstractStringBuilder.isLatin1()Z @ 10 c2
Event: 2.052 Thread 0x000001d5c6f78060 DEOPT PACKING pc=0x000001d5b6509b5c sp=0x000000d32e2f2ce0
Event: 2.052 Thread 0x000001d5c6f78060 DEOPT UNPACKING pc=0x000001d5b5fa66a3 sp=0x000000d32e2f2c60 mode 2
Event: 2.056 Thread 0x000001d5c6f78060 Uncommon trap: trap_request=0xffffff45 fr.pc=0x000001d5b6511cb8 relative=0x0000000000000038
Event: 2.056 Thread 0x000001d5c6f78060 Uncommon trap: reason=unstable_if action=reinterpret pc=0x000001d5b6511cb8 method=java.lang.StringLatin1.canEncode(I)Z @ 4 c2
Event: 2.056 Thread 0x000001d5c6f78060 DEOPT PACKING pc=0x000001d5b6511cb8 sp=0x000000d32e2f2c60
Event: 2.056 Thread 0x000001d5c6f78060 DEOPT UNPACKING pc=0x000001d5b5fa66a3 sp=0x000000d32e2f2bf0 mode 2
Event: 2.301 Thread 0x000001d5c6f78060 Uncommon trap: trap_request=0xffffff45 fr.pc=0x000001d5b6679a28 relative=0x0000000000000128
Event: 2.301 Thread 0x000001d5c6f78060 Uncommon trap: reason=unstable_if action=reinterpret pc=0x000001d5b6679a28 method=org.lombokweb.asm.ByteVector.putByteArray([BII)Lorg/lombokweb/asm/ByteVector; @ 20 c2
Event: 2.301 Thread 0x000001d5c6f78060 DEOPT PACKING pc=0x000001d5b6679a28 sp=0x000000d32e2f2c00
Event: 2.301 Thread 0x000001d5c6f78060 DEOPT UNPACKING pc=0x000001d5b5fa66a3 sp=0x000000d32e2f2bd0 mode 2
Event: 2.301 Thread 0x000001d5c6f78060 Uncommon trap: trap_request=0xffffff45 fr.pc=0x000001d5b667ab78 relative=0x00000000000002d8
Event: 2.301 Thread 0x000001d5c6f78060 Uncommon trap: reason=unstable_if action=reinterpret pc=0x000001d5b667ab78 method=org.lombokweb.asm.Label.resolve([BI)Z @ 80 c2
Event: 2.301 Thread 0x000001d5c6f78060 DEOPT PACKING pc=0x000001d5b667ab78 sp=0x000000d32e2f2c90
Event: 2.301 Thread 0x000001d5c6f78060 DEOPT UNPACKING pc=0x000001d5b5fa66a3 sp=0x000000d32e2f2b90 mode 2

Classes unloaded (0 events):
No events

Classes redefined (0 events):
No events

Internal exceptions (20 events):
Event: 1.646 Thread 0x000001d5c6f78060 Exception <a 'java/lang/NoSuchMethodError'{0x00000000eb019280}: 'java.lang.Object java.lang.invoke.DelegatingMethodHandle$Holder.reinvoke_L(java.lang.Object, java.lang.Object, java.lang.Object, java.lang.Object, int, int)'> (0x00000000eb019280) 
thrown [s\src\hotspot\share\interpreter\linkResolver.cpp, line 759]
Event: 1.647 Thread 0x000001d5c6f78060 Exception <a 'java/lang/NoSuchMethodError'{0x00000000eb02d850}: 'java.lang.Object java.lang.invoke.Invokers$Holder.invokeExact_MT(java.lang.Object, java.lang.Object, java.lang.Object, java.lang.Object)'> (0x00000000eb02d850) 
thrown [s\src\hotspot\share\interpreter\linkResolver.cpp, line 759]
Event: 1.695 Thread 0x000001d5c6f78060 Exception <a 'java/io/FileNotFoundException'{0x00000000ead1fc58}> (0x00000000ead1fc58) 
thrown [s\src\hotspot\share\prims\jni.cpp, line 516]
Event: 1.695 Thread 0x000001d5c6f78060 Exception <a 'java/io/FileNotFoundException'{0x00000000ead4a7c0}> (0x00000000ead4a7c0) 
thrown [s\src\hotspot\share\prims\jni.cpp, line 516]
Event: 1.730 Thread 0x000001d5c6f78060 Exception <a 'java/lang/NoSuchMethodError'{0x00000000eb0433b8}: 'java.lang.Object java.lang.invoke.DirectMethodHandle$Holder.newInvokeSpecial(java.lang.Object, java.lang.Object, java.lang.Object, java.lang.Object, java.lang.Object)'> (0x00000000eb0433b8) 
thrown [s\src\hotspot\share\interpreter\linkResolver.cpp, line 759]
Event: 1.787 Thread 0x000001d5c6f78060 Exception <a 'java/lang/NoSuchMethodError'{0x00000000eb437e88}: 'java.lang.Object java.lang.invoke.DirectMethodHandle$Holder.invokeSpecial(java.lang.Object, java.lang.Object, java.lang.Object, long, java.lang.Object)'> (0x00000000eb437e88) 
thrown [s\src\hotspot\share\interpreter\linkResolver.cpp, line 759]
Event: 1.788 Thread 0x000001d5c6f78060 Exception <a 'java/lang/NoSuchMethodError'{0x00000000eb4402e0}: 'java.lang.Object java.lang.invoke.DirectMethodHandle$Holder.newInvokeSpecial(java.lang.Object, java.lang.Object, java.lang.Object, long)'> (0x00000000eb4402e0) 
thrown [s\src\hotspot\share\interpreter\linkResolver.cpp, line 759]
Event: 1.788 Thread 0x000001d5c6f78060 Exception <a 'java/lang/NoSuchMethodError'{0x00000000eb444880}: 'java.lang.Object java.lang.invoke.DirectMethodHandle$Holder.invokeSpecial(java.lang.Object, java.lang.Object, java.lang.Object, java.lang.Object, long)'> (0x00000000eb444880) 
thrown [s\src\hotspot\share\interpreter\linkResolver.cpp, line 759]
Event: 1.788 Thread 0x000001d5c6f78060 Exception <a 'java/lang/NoSuchMethodError'{0x00000000eb4486f8}: 'java.lang.Object java.lang.invoke.Invokers$Holder.linkToTargetMethod(java.lang.Object, java.lang.Object, long, java.lang.Object)'> (0x00000000eb4486f8) 
thrown [s\src\hotspot\share\interpreter\linkResolver.cpp, line 759]
Event: 1.794 Thread 0x000001d5c6f78060 Exception <a 'java/lang/NoSuchMethodError'{0x00000000eb4c9c80}: 'int java.lang.invoke.DirectMethodHandle$Holder.invokeStaticInit(java.lang.Object, java.lang.Object, java.lang.Object)'> (0x00000000eb4c9c80) 
thrown [s\src\hotspot\share\interpreter\linkResolver.cpp, line 759]
Event: 1.799 Thread 0x000001d5c6f78060 Exception <a 'java/lang/IncompatibleClassChangeError'{0x00000000eb545960}: Found class java.lang.Object, but interface was expected> (0x00000000eb545960) 
thrown [s\src\hotspot\share\interpreter\linkResolver.cpp, line 826]
Event: 1.804 Thread 0x000001d5c6f78060 Exception <a 'java/lang/NoSuchMethodError'{0x00000000eb562a30}: 'java.lang.Object java.lang.invoke.DirectMethodHandle$Holder.invokeSpecial(java.lang.Object, java.lang.Object, java.lang.Object, int, java.lang.Object, java.lang.Object)'> (0x00000000eb562a30) 
thrown [s\src\hotspot\share\interpreter\linkResolver.cpp, line 759]
Event: 1.804 Thread 0x000001d5c6f78060 Exception <a 'java/lang/NoSuchMethodError'{0x00000000eb56b388}: 'java.lang.Object java.lang.invoke.DirectMethodHandle$Holder.newInvokeSpecial(java.lang.Object, java.lang.Object, java.lang.Object, int, java.lang.Object)'> (0x00000000eb56b388) 
thrown [s\src\hotspot\share\interpreter\linkResolver.cpp, line 759]
Event: 1.805 Thread 0x000001d5c6f78060 Exception <a 'java/lang/NoSuchMethodError'{0x00000000eb56f7e0}: 'java.lang.Object java.lang.invoke.DirectMethodHandle$Holder.invokeSpecial(java.lang.Object, java.lang.Object, java.lang.Object, java.lang.Object, int, java.lang.Object)'> (0x00000000eb56f7e0) 
thrown [s\src\hotspot\share\interpreter\linkResolver.cpp, line 759]
Event: 1.806 Thread 0x000001d5c71ff880 Exception <a 'java/lang/NoSuchMethodError'{0x00000000eb492e18}: 'java.lang.Object java.lang.invoke.DirectMethodHandle$Holder.invokeSpecial(java.lang.Object, java.lang.Object, int, java.lang.Object, java.lang.Object)'> (0x00000000eb492e18) 
thrown [s\src\hotspot\share\interpreter\linkResolver.cpp, line 759]
Event: 1.956 Thread 0x000001d5c6f78060 Exception <a 'java/lang/NoSuchMethodError'{0x00000000ec2dbdc0}: 'java.lang.Object java.lang.invoke.Invokers$Holder.linkToTargetMethod(java.lang.Object, long, java.lang.Object, java.lang.Object)'> (0x00000000ec2dbdc0) 
thrown [s\src\hotspot\share\interpreter\linkResolver.cpp, line 759]
Event: 2.017 Thread 0x000001d5c6f78060 Exception <a 'java/io/FileNotFoundException'{0x00000000eb15ae60}> (0x00000000eb15ae60) 
thrown [s\src\hotspot\share\prims\jni.cpp, line 516]
Event: 2.018 Thread 0x000001d5c6f78060 Exception <a 'java/lang/NoSuchMethodError'{0x00000000eb163ed8}: 'java.lang.Object java.lang.invoke.DirectMethodHandle$Holder.newInvokeSpecial(java.lang.Object, int, java.lang.Object, java.lang.Object)'> (0x00000000eb163ed8) 
thrown [s\src\hotspot\share\interpreter\linkResolver.cpp, line 759]
Event: 2.086 Thread 0x000001d5c6f78060 Exception <a 'java/lang/NoSuchMethodError'{0x00000000eb8c3e50}: 'void java.lang.invoke.DirectMethodHandle$Holder.invokeSpecial(java.lang.Object, java.lang.Object, java.lang.Object, int)'> (0x00000000eb8c3e50) 
thrown [s\src\hotspot\share\interpreter\linkResolver.cpp, line 759]
Event: 2.301 Thread 0x000001d5c6f78060 Implicit null exception at 0x000001d5b6679948 to 0x000001d5b6679a08

VM Operations (20 events):
Event: 1.815 Executing VM operation: HandshakeAllThreads
Event: 1.815 Executing VM operation: HandshakeAllThreads done
Event: 1.853 Executing VM operation: HandshakeAllThreads
Event: 1.853 Executing VM operation: HandshakeAllThreads done
Event: 1.877 Executing VM operation: HandshakeAllThreads
Event: 1.877 Executing VM operation: HandshakeAllThreads done
Event: 1.883 Executing VM operation: HandshakeAllThreads
Event: 1.883 Executing VM operation: HandshakeAllThreads done
Event: 1.967 Executing VM operation: ParallelGCFailedAllocation
Event: 1.969 Executing VM operation: ParallelGCFailedAllocation done
Event: 2.157 Executing VM operation: HandshakeAllThreads
Event: 2.157 Executing VM operation: HandshakeAllThreads done
Event: 2.172 Executing VM operation: ParallelGCFailedAllocation
Event: 2.173 Executing VM operation: ParallelGCFailedAllocation done
Event: 2.281 Executing VM operation: ParallelGCFailedAllocation
Event: 2.281 Executing VM operation: ParallelGCFailedAllocation done
Event: 2.406 Executing VM operation: ParallelGCFailedAllocation
Event: 2.408 Executing VM operation: ParallelGCFailedAllocation done
Event: 2.424 Executing VM operation: HandshakeAllThreads
Event: 2.424 Executing VM operation: HandshakeAllThreads done

Events (20 events):
Event: 2.153 loading class java/io/StringReader done
Event: 2.156 loading class java/net/SocketTimeoutException
Event: 2.156 loading class java/io/InterruptedIOException
Event: 2.156 loading class java/io/InterruptedIOException done
Event: 2.156 loading class java/net/SocketTimeoutException done
Event: 2.156 loading class java/net/SocketException
Event: 2.156 loading class java/net/SocketException done
Event: 2.156 loading class java/net/UnknownHostException
Event: 2.157 loading class java/net/UnknownHostException done
Event: 2.157 loading class java/net/ProtocolException
Event: 2.157 loading class java/net/ProtocolException done
Event: 2.168 loading class java/lang/ThreadLocal$SuppliedThreadLocal
Event: 2.168 loading class java/lang/ThreadLocal$SuppliedThreadLocal done
Event: 2.171 loading class java/io/FileWriter
Event: 2.171 loading class java/io/FileWriter done
Event: 2.171 loading class java/lang/NegativeArraySizeException
Event: 2.171 loading class java/lang/NegativeArraySizeException done
Event: 2.196 Thread 0x000001d5c4f4e640 Thread added: 0x000001d5c4f4e640
Event: 2.420 loading class org/w3c/dom/DOMException
Event: 2.420 loading class org/w3c/dom/DOMException done


Dynamic libraries:
0x00007ff6ac220000 - 0x00007ff6ac22e000 	c:\Users\USER\.vscode\extensions\redhat.java-1.28.1-win32-x64\jre\17.0.10-win32-x86_64\bin\java.exe
0x00007ffdbec70000 - 0x00007ffdbee87000 	C:\WINDOWS\SYSTEM32\ntdll.dll
0x00007ffdbcf50000 - 0x00007ffdbd014000 	C:\WINDOWS\System32\KERNEL32.DLL
0x00007ffdbc390000 - 0x00007ffdbc736000 	C:\WINDOWS\System32\KERNELBASE.dll
0x00007ffdbbfb0000 - 0x00007ffdbc0c1000 	C:\WINDOWS\System32\ucrtbase.dll
0x00007ffdabc90000 - 0x00007ffdabca7000 	c:\Users\USER\.vscode\extensions\redhat.java-1.28.1-win32-x64\jre\17.0.10-win32-x86_64\bin\jli.dll
0x00007ffda7f00000 - 0x00007ffda7f1b000 	c:\Users\USER\.vscode\extensions\redhat.java-1.28.1-win32-x64\jre\17.0.10-win32-x86_64\bin\VCRUNTIME140.dll
0x00007ffdbe1a0000 - 0x00007ffdbe34e000 	C:\WINDOWS\System32\USER32.dll
0x00007ffdbc2f0000 - 0x00007ffdbc316000 	C:\WINDOWS\System32\win32u.dll
0x00007ffda4dd0000 - 0x00007ffda5063000 	C:\WINDOWS\WinSxS\amd64_microsoft.windows.common-controls_6595b64144ccf1df_6.0.22621.2506_none_270c5ae97388e100\COMCTL32.dll
0x00007ffdbd200000 - 0x00007ffdbd229000 	C:\WINDOWS\System32\GDI32.dll
0x00007ffdbc8a0000 - 0x00007ffdbc9b8000 	C:\WINDOWS\System32\gdi32full.dll
0x00007ffdbd0d0000 - 0x00007ffdbd177000 	C:\WINDOWS\System32\msvcrt.dll
0x00007ffdbc800000 - 0x00007ffdbc89a000 	C:\WINDOWS\System32\msvcp_win.dll
0x00007ffdbc9c0000 - 0x00007ffdbc9f1000 	C:\WINDOWS\System32\IMM32.DLL
0x00007ffdb70c0000 - 0x00007ffdb70cc000 	c:\Users\USER\.vscode\extensions\redhat.java-1.28.1-win32-x64\jre\17.0.10-win32-x86_64\bin\vcruntime140_1.dll
0x00007ffd9ec80000 - 0x00007ffd9ed0d000 	c:\Users\USER\.vscode\extensions\redhat.java-1.28.1-win32-x64\jre\17.0.10-win32-x86_64\bin\msvcp140.dll
0x00007ffd67520000 - 0x00007ffd68182000 	c:\Users\USER\.vscode\extensions\redhat.java-1.28.1-win32-x64\jre\17.0.10-win32-x86_64\bin\server\jvm.dll
0x00007ffdbe8e0000 - 0x00007ffdbe993000 	C:\WINDOWS\System32\ADVAPI32.dll
0x00007ffdbd020000 - 0x00007ffdbd0c8000 	C:\WINDOWS\System32\sechost.dll
0x00007ffdbc2c0000 - 0x00007ffdbc2e8000 	C:\WINDOWS\System32\bcrypt.dll
0x00007ffdbe350000 - 0x00007ffdbe467000 	C:\WINDOWS\System32\RPCRT4.dll
0x00007ffdb6eb0000 - 0x00007ffdb6eb9000 	C:\WINDOWS\SYSTEM32\WSOCK32.dll
0x00007ffdb4ff0000 - 0x00007ffdb5024000 	C:\WINDOWS\SYSTEM32\WINMM.dll
0x00007ffdb3740000 - 0x00007ffdb374a000 	C:\WINDOWS\SYSTEM32\VERSION.dll
0x00007ffdbae60000 - 0x00007ffdbaead000 	C:\WINDOWS\SYSTEM32\POWRPROF.dll
0x00007ffdbcc70000 - 0x00007ffdbcce1000 	C:\WINDOWS\System32\WS2_32.dll
0x00007ffdbae20000 - 0x00007ffdbae33000 	C:\WINDOWS\SYSTEM32\UMPDC.dll
0x00007ffdbb0e0000 - 0x00007ffdbb0f8000 	C:\WINDOWS\SYSTEM32\kernel.appcore.dll
0x00007ffdb6b50000 - 0x00007ffdb6b5a000 	c:\Users\USER\.vscode\extensions\redhat.java-1.28.1-win32-x64\jre\17.0.10-win32-x86_64\bin\jimage.dll
0x00007ffdb92b0000 - 0x00007ffdb94e3000 	C:\WINDOWS\SYSTEM32\DBGHELP.DLL
0x00007ffdbe550000 - 0x00007ffdbe8d9000 	C:\WINDOWS\System32\combase.dll
0x00007ffdbeb40000 - 0x00007ffdbec17000 	C:\WINDOWS\System32\OLEAUT32.dll
0x00007ffdabc30000 - 0x00007ffdabc62000 	C:\WINDOWS\SYSTEM32\dbgcore.DLL
0x00007ffdbc240000 - 0x00007ffdbc2ba000 	C:\WINDOWS\System32\bcryptPrimitives.dll
0x00007ffdb67a0000 - 0x00007ffdb67ae000 	c:\Users\USER\.vscode\extensions\redhat.java-1.28.1-win32-x64\jre\17.0.10-win32-x86_64\bin\instrument.dll
0x00007ffda7cf0000 - 0x00007ffda7d15000 	c:\Users\USER\.vscode\extensions\redhat.java-1.28.1-win32-x64\jre\17.0.10-win32-x86_64\bin\java.dll
0x00007ffda7cd0000 - 0x00007ffda7ce8000 	c:\Users\USER\.vscode\extensions\redhat.java-1.28.1-win32-x64\jre\17.0.10-win32-x86_64\bin\zip.dll
0x00007ffdbd7d0000 - 0x00007ffdbe02b000 	C:\WINDOWS\System32\SHELL32.dll
0x00007ffdb9ee0000 - 0x00007ffdba7d6000 	C:\WINDOWS\SYSTEM32\windows.storage.dll
0x00007ffdb9da0000 - 0x00007ffdb9ede000 	C:\WINDOWS\SYSTEM32\wintypes.dll
0x00007ffdbccf0000 - 0x00007ffdbcde3000 	C:\WINDOWS\System32\SHCORE.dll
0x00007ffdbd6d0000 - 0x00007ffdbd72e000 	C:\WINDOWS\System32\shlwapi.dll
0x00007ffdbbee0000 - 0x00007ffdbbf06000 	C:\WINDOWS\SYSTEM32\profapi.dll
0x00007ffda7c90000 - 0x00007ffda7ca9000 	C:\Users\USER\.vscode\extensions\redhat.java-1.28.1-win32-x64\jre\17.0.10-win32-x86_64\bin\net.dll
0x00007ffdb5650000 - 0x00007ffdb5787000 	C:\WINDOWS\SYSTEM32\WINHTTP.dll
0x00007ffdbb560000 - 0x00007ffdbb5c9000 	C:\WINDOWS\system32\mswsock.dll
0x00007ffda7ab0000 - 0x00007ffda7ac6000 	C:\Users\USER\.vscode\extensions\redhat.java-1.28.1-win32-x64\jre\17.0.10-win32-x86_64\bin\nio.dll
0x00007ffdb5e80000 - 0x00007ffdb5e90000 	c:\Users\USER\.vscode\extensions\redhat.java-1.28.1-win32-x64\jre\17.0.10-win32-x86_64\bin\verify.dll
0x00007ffd9f9f0000 - 0x00007ffd9fa2e000 	C:\Users\USER\AppData\Roaming\Code\User\globalStorage\redhat.java\1.28.1\config_win\org.eclipse.equinox.launcher\org.eclipse.equinox.launcher.win32.win32.x86_64_1.2.900.v20240129-1338\eclipse_11900.dll
0x00007ffdbe9a0000 - 0x00007ffdbeb40000 	C:\WINDOWS\System32\ole32.dll

dbghelp: loaded successfully - version: 4.0.5 - missing functions: none
symbol engine: initialized successfully - sym options: 0x614 - pdb path: .;c:\Users\USER\.vscode\extensions\redhat.java-1.28.1-win32-x64\jre\17.0.10-win32-x86_64\bin;C:\WINDOWS\SYSTEM32;C:\WINDOWS\WinSxS\amd64_microsoft.windows.common-controls_6595b64144ccf1df_6.0.22621.2506_none_270c5ae97388e100;c:\Users\USER\.vscode\extensions\redhat.java-1.28.1-win32-x64\jre\17.0.10-win32-x86_64\bin\server;C:\Users\USER\AppData\Roaming\Code\User\globalStorage\redhat.java\1.28.1\config_win\org.eclipse.equinox.launcher\org.eclipse.equinox.launcher.win32.win32.x86_64_1.2.900.v20240129-1338

VM Arguments:
jvm_args: --add-modules=ALL-SYSTEM --add-opens=java.base/java.util=ALL-UNNAMED --add-opens=java.base/java.lang=ALL-UNNAMED --add-opens=java.base/sun.nio.fs=ALL-UNNAMED -Declipse.application=org.eclipse.jdt.ls.core.id1 -Dosgi.bundles.defaultStartLevel=4 -Declipse.product=org.eclipse.jdt.ls.core.product -Djava.import.generatesMetadataFilesAtProjectRoot=false -DDetectVMInstallationsJob.disabled=true -Dfile.encoding=utf8 -XX:+UseParallelGC -XX:GCTimeRatio=4 -XX:AdaptiveSizePolicyWeight=90 -Dsun.zip.disableMemoryMapping=true -Xmx1G -Xms100m -Xlog:disable -javaagent:c:\Users\USER\.vscode\extensions\redhat.java-1.28.1-win32-x64\lombok\lombok-1.18.31.jar -XX:+HeapDumpOnOutOfMemoryError -XX:HeapDumpPath=c:\Users\USER\AppData\Roaming\Code\User\workspaceStorage\2bc9def59a76bb2c09dd8f23c0cd6ce8\redhat.java -Daether.dependencyCollector.impl=bf 
java_command: c:\Users\USER\.vscode\extensions\redhat.java-1.28.1-win32-x64\server\plugins\org.eclipse.equinox.launcher_1.6.700.v20231214-2017.jar -configuration c:\Users\USER\AppData\Roaming\Code\User\globalStorage\redhat.java\1.28.1\config_win -data c:\Users\USER\AppData\Roaming\Code\User\workspaceStorage\2bc9def59a76bb2c09dd8f23c0cd6ce8\redhat.java\jdt_ws --stdio
java_class_path (initial): c:\Users\USER\.vscode\extensions\redhat.java-1.28.1-win32-x64\server\plugins\org.eclipse.equinox.launcher_1.6.700.v20231214-2017.jar
Launcher Type: SUN_STANDARD

[Global flags]
    uintx AdaptiveSizePolicyWeight                 = 90                                        {product} {command line}
     intx CICompilerCount                          = 4                                         {product} {ergonomic}
    uintx GCTimeRatio                              = 4                                         {product} {command line}
     bool HeapDumpOnOutOfMemoryError               = true                                   {manageable} {command line}
    ccstr HeapDumpPath                             = c:\Users\USER\AppData\Roaming\Code\User\workspaceStorage\2bc9def59a76bb2c09dd8f23c0cd6ce8\redhat.java         {manageable} {command line}
   size_t InitialHeapSize                          = 104857600                                 {product} {command line}
   size_t MaxHeapSize                              = 1073741824                                {product} {command line}
   size_t MaxNewSize                               = 357564416                                 {product} {ergonomic}
   size_t MinHeapDeltaBytes                        = 524288                                    {product} {ergonomic}
   size_t MinHeapSize                              = 104857600                                 {product} {command line}
   size_t NewSize                                  = 34603008                                  {product} {ergonomic}
    uintx NonNMethodCodeHeapSize                   = 5839372                                {pd product} {ergonomic}
    uintx NonProfiledCodeHeapSize                  = 122909434                              {pd product} {ergonomic}
   size_t OldSize                                  = 70254592                                  {product} {ergonomic}
    uintx ProfiledCodeHeapSize                     = 122909434                              {pd product} {ergonomic}
    uintx ReservedCodeCacheSize                    = 251658240                              {pd product} {ergonomic}
     bool SegmentedCodeCache                       = true                                      {product} {ergonomic}
   size_t SoftMaxHeapSize                          = 1073741824                             {manageable} {ergonomic}
     bool UseCompressedClassPointers               = true                           {product lp64_product} {ergonomic}
     bool UseCompressedOops                        = true                           {product lp64_product} {ergonomic}
     bool UseLargePagesIndividualAllocation        = false                                  {pd product} {ergonomic}
     bool UseParallelGC                            = true                                      {product} {command line}

Logging:
Log output configuration:
 #0: stdout all=off uptime,level,tags
 #1: stderr all=off uptime,level,tags

Environment Variables:
PATH=C:\Program Files\Common Files\Oracle\Java\javapath;C:\Windows\system32;C:\Windows;C:\Windows\System32\Wbem;C:\Windows\System32\WindowsPowerShell\v1.0\;C:\Windows\System32\OpenSSH\;C:\Program Files (x86)\NVIDIA Corporation\PhysX\Common;C:\Program Files\NVIDIA Corporation\NVIDIA NvDLISR;C:\WINDOWS\system32;C:\WINDOWS;C:\WINDOWS\System32\Wbem;C:\WINDOWS\System32\WindowsPowerShell\v1.0\;C:\WINDOWS\System32\OpenSSH\;C:\Program Files\Git\cmd;C:\Program Files\dotnet\;C:\MinGW\bin;C:\Users\USER\AppData\Local\Microsoft\WindowsApps;;C:\Users\USER\AppData\Local\Programs\Microsoft VS Code\bin
USERNAME=USER
OS=Windows_NT
PROCESSOR_IDENTIFIER=Intel64 Family 6 Model 154 Stepping 3, GenuineIntel
TMP=C:\Users\USER\AppData\Local\Temp
TEMP=C:\Users\USER\AppData\Local\Temp



Periodic native trim disabled


---------------  S Y S T E M  ---------------

OS:
 Windows 11 , 64 bit Build 22621 (10.0.22621.3085)
OS uptime: 0 days 7:06 hours
Hyper-V role detected

CPU: total 12 (initial active 12) (6 cores per cpu, 2 threads per core) family 6 model 154 stepping 3 microcode 0x41c, cx8, cmov, fxsr, ht, mmx, 3dnowpref, sse, sse2, sse3, ssse3, sse4.1, sse4.2, popcnt, lzcnt, tsc, tscinvbit, avx, avx2, aes, erms, clmul, bmi1, bmi2, adx, sha, fma, vzeroupper, clflush, clflushopt, clwb, hv
Processor Information for processor 0
  Max Mhz: 2000, Current Mhz: 2000, Mhz Limit: 2000
Processor Information for processor 1
  Max Mhz: 2000, Current Mhz: 2000, Mhz Limit: 2000
Processor Information for processor 2
  Max Mhz: 2000, Current Mhz: 2000, Mhz Limit: 2000
Processor Information for processor 3
  Max Mhz: 2000, Current Mhz: 2000, Mhz Limit: 2000
Processor Information for processor 4
  Max Mhz: 2000, Current Mhz: 2000, Mhz Limit: 2000
Processor Information for processor 5
  Max Mhz: 2000, Current Mhz: 2000, Mhz Limit: 2000
Processor Information for processor 6
  Max Mhz: 2000, Current Mhz: 2000, Mhz Limit: 2000
Processor Information for processor 7
  Max Mhz: 2000, Current Mhz: 2000, Mhz Limit: 2000
Processor Information for processor 8
  Max Mhz: 2000, Current Mhz: 1500, Mhz Limit: 1500
Processor Information for processor 9
  Max Mhz: 2000, Current Mhz: 1500, Mhz Limit: 1500
Processor Information for processor 10
  Max Mhz: 2000, Current Mhz: 1500, Mhz Limit: 1500
Processor Information for processor 11
  Max Mhz: 2000, Current Mhz: 1500, Mhz Limit: 1500

Memory: 4k page, system-wide physical 7814M (819M free)
TotalPageFile size 31366M (AvailPageFile size 3M)
current process WorkingSet (physical memory assigned to process): 157M, peak: 158M
current process commit charge ("private bytes"): 266M, peak: 267M

vm_info: OpenJDK 64-Bit Server VM (17.0.10+7) for windows-amd64 JRE (17.0.10+7), built on Jan 16 2024 23:25:11 by "admin" with MS VC++ 16.10 / 16.11 (VS2019)

END.
