#
# There is insufficient memory for the Java Runtime Environment to continue.
# Native memory allocation (malloc) failed to allocate 1944016 bytes for Chunk::new
# Possible reasons:
#   The system is out of physical RAM or swap space
#   The process is running with CompressedOops enabled, and the Java Heap may be blocking the growth of the native heap
# Possible solutions:
#   Reduce memory load on the system
#   Increase physical memory or swap space
#   Check if swap backing store is full
#   Decrease Java heap size (-Xmx/-Xms)
#   Decrease number of Java threads
#   Decrease Java thread stack sizes (-Xss)
#   Set larger code cache with -XX:ReservedCodeCacheSize=
#   JVM is running with Unscaled Compressed Oops mode in which the Java heap is
#     placed in the first 4GB address space. The Java Heap base address is the
#     maximum limit for the native heap growth. Please use -XX:HeapBaseMinAddress
#     to set the Java Heap base and to place the Java Heap above 4GB virtual address.
# This output file may be truncated or incomplete.
#
#  Out of Memory Error (arena.cpp:191), pid=7780, tid=9296
#
# JRE version: OpenJDK Runtime Environment Temurin-17.0.10+7 (17.0.10+7) (build 17.0.10+7)
# Java VM: OpenJDK 64-Bit Server VM Temurin-17.0.10+7 (17.0.10+7, mixed mode, tiered, compressed oops, compressed class ptrs, parallel gc, windows-amd64)
# No core dump will be written. Minidumps are not enabled by default on client versions of Windows
#

---------------  S U M M A R Y ------------

Command Line: --add-modules=ALL-SYSTEM --add-opens=java.base/java.util=ALL-UNNAMED --add-opens=java.base/java.lang=ALL-UNNAMED --add-opens=java.base/sun.nio.fs=ALL-UNNAMED -Declipse.application=org.eclipse.jdt.ls.core.id1 -Dosgi.bundles.defaultStartLevel=4 -Declipse.product=org.eclipse.jdt.ls.core.product -Djava.import.generatesMetadataFilesAtProjectRoot=false -DDetectVMInstallationsJob.disabled=true -Dfile.encoding=utf8 -XX:+UseParallelGC -XX:GCTimeRatio=4 -XX:AdaptiveSizePolicyWeight=90 -Dsun.zip.disableMemoryMapping=true -Xmx1G -Xms100m -Xlog:disable -javaagent:c:\Users\USER\.vscode\extensions\redhat.java-1.28.1-win32-x64\lombok\lombok-1.18.31.jar c:\Users\USER\.vscode\extensions\redhat.java-1.28.1-win32-x64\server\plugins\org.eclipse.equinox.launcher_1.6.700.v20231214-2017.jar -configuration c:\Users\USER\AppData\Roaming\Code\User\globalStorage\redhat.java\1.28.1\config_ss_win -data c:\Users\USER\AppData\Roaming\Code\User\workspaceStorage\2bc9def59a76bb2c09dd8f23c0cd6ce8\redhat.java\ss_ws --stdio

Host: 12th Gen Intel(R) Core(TM) i5-12450H, 12 cores, 7G,  Windows 11 , 64 bit Build 22621 (10.0.22621.3085)
Time: Wed Feb 21 23:01:04 2024 SE Asia Standard Time elapsed time: 1.756902 seconds (0d 0h 0m 1s)

---------------  T H R E A D  ---------------

Current thread (0x000001f50465a560):  JavaThread "C2 CompilerThread2" daemon [_thread_in_native, id=9296, stack(0x0000001fa8d00000,0x0000001fa8e00000)]


Current CompileTask:
C2:   1756 2291       4       org.lombokweb.asm.ClassReader::readMethod (1066 bytes)

Stack: [0x0000001fa8d00000,0x0000001fa8e00000]
Native frames: (J=compiled Java code, j=interpreted, Vv=VM code, C=native code)
V  [jvm.dll+0x67d2c9]
V  [jvm.dll+0x834afa]
V  [jvm.dll+0x8365be]
V  [jvm.dll+0x836c23]
V  [jvm.dll+0x2477ff]
V  [jvm.dll+0xac514]
V  [jvm.dll+0xacb5c]
V  [jvm.dll+0x366782]
V  [jvm.dll+0x1bcd86]
V  [jvm.dll+0x21a049]
V  [jvm.dll+0x219311]
V  [jvm.dll+0x1a502d]
V  [jvm.dll+0x2290de]
V  [jvm.dll+0x2272ac]
V  [jvm.dll+0x7e9bb7]
V  [jvm.dll+0x7e3fba]
V  [jvm.dll+0x67c1b5]
C  [ucrtbase.dll+0x29363]
C  [KERNEL32.DLL+0x1257d]
C  [ntdll.dll+0x5aa58]


---------------  P R O C E S S  ---------------

Threads class SMR info:
_java_thread_list=0x000001f505c22900, length=23, elements={
0x000001f569e4ed70, 0x000001f57dcd3020, 0x000001f57dcd4550, 0x000001f57dcde310,
0x000001f57ed75000, 0x000001f57ed764d0, 0x000001f57ed78850, 0x000001f57ed7edc0,
0x000001f57ed836e0, 0x000001f57ed83ff0, 0x000001f57eed0dc0, 0x000001f57ef47050,
0x000001f5045662d0, 0x000001f50465a560, 0x000001f5047a2cf0, 0x000001f5047a0e90,
0x000001f5047a18b0, 0x000001f5047a13a0, 0x000001f5047a22d0, 0x000001f5047a3710,
0x000001f50479ff60, 0x000001f5047a0470, 0x000001f5047a0980
}

Java Threads: ( => current thread )
  0x000001f569e4ed70 JavaThread "main" [_thread_blocked, id=13876, stack(0x0000001fa7d00000,0x0000001fa7e00000)]
  0x000001f57dcd3020 JavaThread "Reference Handler" daemon [_thread_blocked, id=18248, stack(0x0000001fa8000000,0x0000001fa8100000)]
  0x000001f57dcd4550 JavaThread "Finalizer" daemon [_thread_blocked, id=13252, stack(0x0000001fa8100000,0x0000001fa8200000)]
  0x000001f57dcde310 JavaThread "Signal Dispatcher" daemon [_thread_blocked, id=15032, stack(0x0000001fa8200000,0x0000001fa8300000)]
  0x000001f57ed75000 JavaThread "Attach Listener" daemon [_thread_blocked, id=8980, stack(0x0000001fa8300000,0x0000001fa8400000)]
  0x000001f57ed764d0 JavaThread "Service Thread" daemon [_thread_blocked, id=3980, stack(0x0000001fa8400000,0x0000001fa8500000)]
  0x000001f57ed78850 JavaThread "Monitor Deflation Thread" daemon [_thread_blocked, id=1428, stack(0x0000001fa8500000,0x0000001fa8600000)]
  0x000001f57ed7edc0 JavaThread "C2 CompilerThread0" daemon [_thread_blocked, id=14788, stack(0x0000001fa8600000,0x0000001fa8700000)]
  0x000001f57ed836e0 JavaThread "C1 CompilerThread0" daemon [_thread_in_vm, id=13124, stack(0x0000001fa8700000,0x0000001fa8800000)]
  0x000001f57ed83ff0 JavaThread "Sweeper thread" daemon [_thread_blocked, id=18508, stack(0x0000001fa8800000,0x0000001fa8900000)]
  0x000001f57eed0dc0 JavaThread "Common-Cleaner" daemon [_thread_blocked, id=15552, stack(0x0000001fa8900000,0x0000001fa8a00000)]
  0x000001f57ef47050 JavaThread "C2 CompilerThread1" daemon [_thread_blocked, id=3504, stack(0x0000001fa8a00000,0x0000001fa8b00000)]
  0x000001f5045662d0 JavaThread "Notification Thread" daemon [_thread_blocked, id=3760, stack(0x0000001fa8b00000,0x0000001fa8c00000)]
=>0x000001f50465a560 JavaThread "C2 CompilerThread2" daemon [_thread_in_native, id=9296, stack(0x0000001fa8d00000,0x0000001fa8e00000)]
  0x000001f5047a2cf0 JavaThread "Active Thread: Equinox Container: 3e23d1b0-9f11-4f0d-bfc5-1175152434eb" [_thread_blocked, id=5364, stack(0x0000001fa9400000,0x0000001fa9500000)]
  0x000001f5047a0e90 JavaThread "Framework Event Dispatcher: Equinox Container: 3e23d1b0-9f11-4f0d-bfc5-1175152434eb" daemon [_thread_blocked, id=15844, stack(0x0000001fa9500000,0x0000001fa9600000)]
  0x000001f5047a18b0 JavaThread "Start Level: Equinox Container: 3e23d1b0-9f11-4f0d-bfc5-1175152434eb" daemon [_thread_in_Java, id=7512, stack(0x0000001fa9600000,0x0000001fa9700000)]
  0x000001f5047a13a0 JavaThread "SCR Component Actor" daemon [_thread_blocked, id=7328, stack(0x0000001fa9700000,0x0000001fa9800000)]
  0x000001f5047a22d0 JavaThread "SCR Component Registry" daemon [_thread_blocked, id=10252, stack(0x0000001fa9900000,0x0000001fa9a00000)]
  0x000001f5047a3710 JavaThread "Worker-JM" [_thread_blocked, id=18396, stack(0x0000001fa9a00000,0x0000001fa9b00000)]
  0x000001f50479ff60 JavaThread "Worker-0" [_thread_blocked, id=7888, stack(0x0000001fa9d00000,0x0000001fa9e00000)]
  0x000001f5047a0470 JavaThread "Worker-1" [_thread_blocked, id=11252, stack(0x0000001fa9e00000,0x0000001fa9f00000)]
  0x000001f5047a0980 JavaThread "Java indexing" daemon [_thread_blocked, id=11616, stack(0x0000001fa9f00000,0x0000001faa000000)]

Other Threads:
  0x000001f57ed52860 VMThread "VM Thread" [stack: 0x0000001fa7f00000,0x0000001fa8000000] [id=7660]
  0x000001f57f067260 WatcherThread [stack: 0x0000001fa8c00000,0x0000001fa8d00000] [id=7720]
  0x000001f569e63050 GCTaskThread "GC Thread#0" [stack: 0x0000001fa7e00000,0x0000001fa7f00000] [id=6868]
  0x000001f5046dbe10 GCTaskThread "GC Thread#1" [stack: 0x0000001fa8e00000,0x0000001fa8f00000] [id=2276]
  0x000001f5046dc4f0 GCTaskThread "GC Thread#2" [stack: 0x0000001fa8f00000,0x0000001fa9000000] [id=8572]
  0x000001f504b81270 GCTaskThread "GC Thread#3" [stack: 0x0000001fa9000000,0x0000001fa9100000] [id=6412]
  0x000001f504b81740 GCTaskThread "GC Thread#4" [stack: 0x0000001fa9100000,0x0000001fa9200000] [id=1876]
  0x000001f504d25e40 GCTaskThread "GC Thread#5" [stack: 0x0000001fa9200000,0x0000001fa9300000] [id=14812]
  0x000001f504d26100 GCTaskThread "GC Thread#6" [stack: 0x0000001fa9300000,0x0000001fa9400000] [id=19416]
  0x000001f504d26c00 GCTaskThread "GC Thread#7" [stack: 0x0000001fa9800000,0x0000001fa9900000] [id=18636]
  0x000001f504d26680 GCTaskThread "GC Thread#8" [stack: 0x0000001fa9b00000,0x0000001fa9c00000] [id=15712]
  0x000001f504d25340 GCTaskThread "GC Thread#9" [stack: 0x0000001fa9c00000,0x0000001fa9d00000] [id=16136]

Threads with active compile tasks:
C2 CompilerThread2     1769 2291       4       org.lombokweb.asm.ClassReader::readMethod (1066 bytes)

VM state: not at safepoint (normal execution)

VM Mutex/Monitor currently owned by a thread: None

Heap address: 0x00000000c0000000, size: 1024 MB, Compressed Oops mode: 32-bit

CDS archive(s) not mapped
Compressed class space mapped at: 0x0000000100000000-0x0000000140000000, reserved size: 1073741824
Narrow klass base: 0x0000000000000000, Narrow klass shift: 3, Narrow klass range: 0x140000000

GC Precious Log:
 CPUs: 12 total, 12 available
 Memory: 7814M
 Large Page Support: Disabled
 NUMA Support: Disabled
 Compressed Oops: Enabled (32-bit)
 Alignments: Space 512K, Generation 512K, Heap 2M
 Heap Min Capacity: 100M
 Heap Initial Capacity: 100M
 Heap Max Capacity: 1G
 Pre-touch: Disabled
 Parallel Workers: 10

Heap:
 PSYoungGen      total 26624K, used 7602K [0x00000000eab00000, 0x00000000ec880000, 0x0000000100000000)
  eden space 24576K, 24% used [0x00000000eab00000,0x00000000eb0dcc98,0x00000000ec300000)
  from space 2048K, 78% used [0x00000000ec680000,0x00000000ec80fd30,0x00000000ec880000)
  to   space 2048K, 0% used [0x00000000ec480000,0x00000000ec480000,0x00000000ec680000)
 ParOldGen       total 68608K, used 7702K [0x00000000c0000000, 0x00000000c4300000, 0x00000000eab00000)
  object space 68608K, 11% used [0x00000000c0000000,0x00000000c0785bf8,0x00000000c4300000)
 Metaspace       used 27657K, committed 28096K, reserved 1114112K
  class space    used 2671K, committed 2880K, reserved 1048576K

Card table byte_map: [0x000001f5697e0000,0x000001f5699f0000] _byte_map_base: 0x000001f5691e0000

Marking Bits: (ParMarkBitMap*) 0x00007ffd680bd7d0
 Begin Bits: [0x000001f57bae0000, 0x000001f57cae0000)
 End Bits:   [0x000001f57cae0000, 0x000001f57dae0000)

Polling page: 0x000001f567db0000

Metaspace:

Usage:
  Non-class:     24.40 MB used.
      Class:      2.61 MB used.
       Both:     27.01 MB used.

Virtual space:
  Non-class space:       64.00 MB reserved,      24.62 MB ( 38%) committed,  1 nodes.
      Class space:        1.00 GB reserved,       2.81 MB ( <1%) committed,  1 nodes.
             Both:        1.06 GB reserved,      27.44 MB (  3%) committed. 

Chunk freelists:
   Non-Class:  7.31 MB
       Class:  13.02 MB
        Both:  20.33 MB

MaxMetaspaceSize: unlimited
CompressedClassSpaceSize: 1.00 GB
Initial GC threshold: 21.00 MB
Current GC threshold: 35.00 MB
CDS: off
MetaspaceReclaimPolicy: balanced
 - commit_granule_bytes: 65536.
 - commit_granule_words: 8192.
 - virtual_space_node_default_size: 8388608.
 - enlarge_chunks_in_place: 1.
 - new_chunks_are_fully_committed: 0.
 - uncommit_free_chunks: 1.
 - use_allocation_guard: 0.
 - handle_deallocations: 1.


Internal statistics:

num_allocs_failed_limit: 3.
num_arena_births: 282.
num_arena_deaths: 14.
num_vsnodes_births: 2.
num_vsnodes_deaths: 0.
num_space_committed: 439.
num_space_uncommitted: 0.
num_chunks_returned_to_freelist: 17.
num_chunks_taken_from_freelist: 1031.
num_chunk_merges: 7.
num_chunk_splits: 685.
num_chunks_enlarged: 480.
num_inconsistent_stats: 0.

CodeHeap 'non-profiled nmethods': size=120000Kb used=1021Kb max_used=1021Kb free=118978Kb
 bounds [0x000001f5745b0000, 0x000001f574820000, 0x000001f57bae0000]
CodeHeap 'profiled nmethods': size=120000Kb used=4851Kb max_used=4851Kb free=115149Kb
 bounds [0x000001f56cae0000, 0x000001f56cfa0000, 0x000001f574010000]
CodeHeap 'non-nmethods': size=5760Kb used=1227Kb max_used=1244Kb free=4532Kb
 bounds [0x000001f574010000, 0x000001f574280000, 0x000001f5745b0000]
 total_blobs=2976 nmethods=2434 adapters=456
 compilation: enabled
              stopped_count=0, restarted_count=0
 full_count=0

Compilation events (20 events):
Event: 1.746 Thread 0x000001f57ed836e0 2407       3       java.util.Properties$LineReader::readLine (584 bytes)
Event: 1.746 Thread 0x000001f57ed7edc0 nmethod 2408 0x000001f5746ad290 code [0x000001f5746ad400, 0x000001f5746ad498]
Event: 1.748 Thread 0x000001f57ed836e0 nmethod 2407 0x000001f56cf8c790 code [0x000001f56cf8cb60, 0x000001f56cf8f638]
Event: 1.748 Thread 0x000001f57ed836e0 2409       3       java.lang.AbstractStringBuilder::appendChars (130 bytes)
Event: 1.748 Thread 0x000001f57ed836e0 nmethod 2409 0x000001f56cf90310 code [0x000001f56cf90500, 0x000001f56cf90aa8]
Event: 1.748 Thread 0x000001f57ed836e0 2405       3       jdk.internal.org.objectweb.asm.Handler::putExceptionTable (63 bytes)
Event: 1.748 Thread 0x000001f57ed836e0 nmethod 2405 0x000001f56cf90d10 code [0x000001f56cf90f20, 0x000001f56cf91388]
Event: 1.748 Thread 0x000001f57ed836e0 2406       3       java.lang.invoke.MethodType::changeReturnType (20 bytes)
Event: 1.748 Thread 0x000001f57ed836e0 nmethod 2406 0x000001f56cf91690 code [0x000001f56cf91840, 0x000001f56cf91a08]
Event: 1.748 Thread 0x000001f57ed836e0 2410       3       java.lang.AbstractStringBuilder::setLength (66 bytes)
Event: 1.749 Thread 0x000001f57ed836e0 nmethod 2410 0x000001f56cf91a90 code [0x000001f56cf91c80, 0x000001f56cf92158]
Event: 1.749 Thread 0x000001f57ed836e0 2411   !   3       java.util.concurrent.ConcurrentHashMap::transfer (850 bytes)
Event: 1.749 Thread 0x000001f57ef47050 nmethod 2402 0x000001f5746ad590 code [0x000001f5746ad720, 0x000001f5746addb8]
Event: 1.751 Thread 0x000001f57ed836e0 nmethod 2411 0x000001f56cf92310 code [0x000001f56cf92720, 0x000001f56cf94a78]
Event: 1.751 Thread 0x000001f57ed836e0 2412       3       java.util.concurrent.ConcurrentHashMap$EntryIterator::next (5 bytes)
Event: 1.751 Thread 0x000001f57ed836e0 nmethod 2412 0x000001f56cf96110 code [0x000001f56cf962a0, 0x000001f56cf963e8]
Event: 1.751 Thread 0x000001f57ed836e0 2413       3       java.util.concurrent.ConcurrentHashMap$EntryIterator::next (51 bytes)
Event: 1.751 Thread 0x000001f57ed836e0 nmethod 2413 0x000001f56cf96490 code [0x000001f56cf96660, 0x000001f56cf96a38]
Event: 1.751 Thread 0x000001f57ed836e0 2414       3       java.util.concurrent.ConcurrentHashMap$MapEntry::<init> (20 bytes)
Event: 1.751 Thread 0x000001f57ed836e0 nmethod 2414 0x000001f56cf96c10 code [0x000001f56cf96da0, 0x000001f56cf96f58]

GC Heap History (14 events):
Event: 0.546 GC heap before
{Heap before GC invocations=1 (full 0):
 PSYoungGen      total 29696K, used 25600K [0x00000000eab00000, 0x00000000ecc00000, 0x0000000100000000)
  eden space 25600K, 100% used [0x00000000eab00000,0x00000000ec400000,0x00000000ec400000)
  from space 4096K, 0% used [0x00000000ec800000,0x00000000ec800000,0x00000000ecc00000)
  to   space 4096K, 0% used [0x00000000ec400000,0x00000000ec400000,0x00000000ec800000)
 ParOldGen       total 68608K, used 0K [0x00000000c0000000, 0x00000000c4300000, 0x00000000eab00000)
  object space 68608K, 0% used [0x00000000c0000000,0x00000000c0000000,0x00000000c4300000)
 Metaspace       used 10999K, committed 11200K, reserved 1114112K
  class space    used 1098K, committed 1216K, reserved 1048576K
}
Event: 0.550 GC heap after
{Heap after GC invocations=1 (full 0):
 PSYoungGen      total 29696K, used 3173K [0x00000000eab00000, 0x00000000ecc00000, 0x0000000100000000)
  eden space 25600K, 0% used [0x00000000eab00000,0x00000000eab00000,0x00000000ec400000)
  from space 4096K, 77% used [0x00000000ec400000,0x00000000ec719730,0x00000000ec800000)
  to   space 4096K, 0% used [0x00000000ec800000,0x00000000ec800000,0x00000000ecc00000)
 ParOldGen       total 68608K, used 16K [0x00000000c0000000, 0x00000000c4300000, 0x00000000eab00000)
  object space 68608K, 0% used [0x00000000c0000000,0x00000000c0004000,0x00000000c4300000)
 Metaspace       used 10999K, committed 11200K, reserved 1114112K
  class space    used 1098K, committed 1216K, reserved 1048576K
}
Event: 0.971 GC heap before
{Heap before GC invocations=2 (full 0):
 PSYoungGen      total 29696K, used 28773K [0x00000000eab00000, 0x00000000ecc00000, 0x0000000100000000)
  eden space 25600K, 100% used [0x00000000eab00000,0x00000000ec400000,0x00000000ec400000)
  from space 4096K, 77% used [0x00000000ec400000,0x00000000ec719730,0x00000000ec800000)
  to   space 4096K, 0% used [0x00000000ec800000,0x00000000ec800000,0x00000000ecc00000)
 ParOldGen       total 68608K, used 16K [0x00000000c0000000, 0x00000000c4300000, 0x00000000eab00000)
  object space 68608K, 0% used [0x00000000c0000000,0x00000000c0004000,0x00000000c4300000)
 Metaspace       used 14952K, committed 15232K, reserved 1114112K
  class space    used 1519K, committed 1664K, reserved 1048576K
}
Event: 0.974 GC heap after
{Heap after GC invocations=2 (full 0):
 PSYoungGen      total 29696K, used 4073K [0x00000000eab00000, 0x00000000ecc00000, 0x0000000100000000)
  eden space 25600K, 0% used [0x00000000eab00000,0x00000000eab00000,0x00000000ec400000)
  from space 4096K, 99% used [0x00000000ec800000,0x00000000ecbfa640,0x00000000ecc00000)
  to   space 4096K, 0% used [0x00000000ec400000,0x00000000ec400000,0x00000000ec800000)
 ParOldGen       total 68608K, used 754K [0x00000000c0000000, 0x00000000c4300000, 0x00000000eab00000)
  object space 68608K, 1% used [0x00000000c0000000,0x00000000c00bcb70,0x00000000c4300000)
 Metaspace       used 14952K, committed 15232K, reserved 1114112K
  class space    used 1519K, committed 1664K, reserved 1048576K
}
Event: 1.295 GC heap before
{Heap before GC invocations=3 (full 0):
 PSYoungGen      total 29696K, used 29673K [0x00000000eab00000, 0x00000000ecc00000, 0x0000000100000000)
  eden space 25600K, 100% used [0x00000000eab00000,0x00000000ec400000,0x00000000ec400000)
  from space 4096K, 99% used [0x00000000ec800000,0x00000000ecbfa640,0x00000000ecc00000)
  to   space 4096K, 0% used [0x00000000ec400000,0x00000000ec400000,0x00000000ec800000)
 ParOldGen       total 68608K, used 754K [0x00000000c0000000, 0x00000000c4300000, 0x00000000eab00000)
  object space 68608K, 1% used [0x00000000c0000000,0x00000000c00bcb70,0x00000000c4300000)
 Metaspace       used 19925K, committed 20352K, reserved 1114112K
  class space    used 2031K, committed 2176K, reserved 1048576K
}
Event: 1.299 GC heap after
{Heap after GC invocations=3 (full 0):
 PSYoungGen      total 29696K, used 4074K [0x00000000eab00000, 0x00000000ecc00000, 0x0000000100000000)
  eden space 25600K, 0% used [0x00000000eab00000,0x00000000eab00000,0x00000000ec400000)
  from space 4096K, 99% used [0x00000000ec400000,0x00000000ec7fa968,0x00000000ec800000)
  to   space 4096K, 0% used [0x00000000ec800000,0x00000000ec800000,0x00000000ecc00000)
 ParOldGen       total 68608K, used 2750K [0x00000000c0000000, 0x00000000c4300000, 0x00000000eab00000)
  object space 68608K, 4% used [0x00000000c0000000,0x00000000c02afbf0,0x00000000c4300000)
 Metaspace       used 19925K, committed 20352K, reserved 1114112K
  class space    used 2031K, committed 2176K, reserved 1048576K
}
Event: 1.424 GC heap before
{Heap before GC invocations=4 (full 0):
 PSYoungGen      total 29696K, used 10706K [0x00000000eab00000, 0x00000000ecc00000, 0x0000000100000000)
  eden space 25600K, 25% used [0x00000000eab00000,0x00000000eb17a248,0x00000000ec400000)
  from space 4096K, 99% used [0x00000000ec400000,0x00000000ec7fa968,0x00000000ec800000)
  to   space 4096K, 0% used [0x00000000ec800000,0x00000000ec800000,0x00000000ecc00000)
 ParOldGen       total 68608K, used 2750K [0x00000000c0000000, 0x00000000c4300000, 0x00000000eab00000)
  object space 68608K, 4% used [0x00000000c0000000,0x00000000c02afbf0,0x00000000c4300000)
 Metaspace       used 21014K, committed 21504K, reserved 1114112K
  class space    used 2147K, committed 2368K, reserved 1048576K
}
Event: 1.426 GC heap after
{Heap after GC invocations=4 (full 0):
 PSYoungGen      total 29696K, used 4074K [0x00000000eab00000, 0x00000000ecc00000, 0x0000000100000000)
  eden space 25600K, 0% used [0x00000000eab00000,0x00000000eab00000,0x00000000ec400000)
  from space 4096K, 99% used [0x00000000ec800000,0x00000000ecbfa968,0x00000000ecc00000)
  to   space 4096K, 0% used [0x00000000ec400000,0x00000000ec400000,0x00000000ec800000)
 ParOldGen       total 68608K, used 3015K [0x00000000c0000000, 0x00000000c4300000, 0x00000000eab00000)
  object space 68608K, 4% used [0x00000000c0000000,0x00000000c02f1fa8,0x00000000c4300000)
 Metaspace       used 21014K, committed 21504K, reserved 1114112K
  class space    used 2147K, committed 2368K, reserved 1048576K
}
Event: 1.426 GC heap before
{Heap before GC invocations=5 (full 1):
 PSYoungGen      total 29696K, used 4074K [0x00000000eab00000, 0x00000000ecc00000, 0x0000000100000000)
  eden space 25600K, 0% used [0x00000000eab00000,0x00000000eab00000,0x00000000ec400000)
  from space 4096K, 99% used [0x00000000ec800000,0x00000000ecbfa968,0x00000000ecc00000)
  to   space 4096K, 0% used [0x00000000ec400000,0x00000000ec400000,0x00000000ec800000)
 ParOldGen       total 68608K, used 3015K [0x00000000c0000000, 0x00000000c4300000, 0x00000000eab00000)
  object space 68608K, 4% used [0x00000000c0000000,0x00000000c02f1fa8,0x00000000c4300000)
 Metaspace       used 21014K, committed 21504K, reserved 1114112K
  class space    used 2147K, committed 2368K, reserved 1048576K
}
Event: 1.440 GC heap after
{Heap after GC invocations=5 (full 1):
 PSYoungGen      total 29696K, used 0K [0x00000000eab00000, 0x00000000ecc00000, 0x0000000100000000)
  eden space 25600K, 0% used [0x00000000eab00000,0x00000000eab00000,0x00000000ec400000)
  from space 4096K, 0% used [0x00000000ec800000,0x00000000ec800000,0x00000000ecc00000)
  to   space 4096K, 0% used [0x00000000ec400000,0x00000000ec400000,0x00000000ec800000)
 ParOldGen       total 68608K, used 6905K [0x00000000c0000000, 0x00000000c4300000, 0x00000000eab00000)
  object space 68608K, 10% used [0x00000000c0000000,0x00000000c06be6e8,0x00000000c4300000)
 Metaspace       used 21001K, committed 21504K, reserved 1114112K
  class space    used 2144K, committed 2368K, reserved 1048576K
}
Event: 1.569 GC heap before
{Heap before GC invocations=6 (full 1):
 PSYoungGen      total 29696K, used 25600K [0x00000000eab00000, 0x00000000ecc00000, 0x0000000100000000)
  eden space 25600K, 100% used [0x00000000eab00000,0x00000000ec400000,0x00000000ec400000)
  from space 4096K, 0% used [0x00000000ec800000,0x00000000ec800000,0x00000000ecc00000)
  to   space 4096K, 0% used [0x00000000ec400000,0x00000000ec400000,0x00000000ec800000)
 ParOldGen       total 68608K, used 6905K [0x00000000c0000000, 0x00000000c4300000, 0x00000000eab00000)
  object space 68608K, 10% used [0x00000000c0000000,0x00000000c06be6e8,0x00000000c4300000)
 Metaspace       used 24187K, committed 24704K, reserved 1114112K
  class space    used 2377K, committed 2560K, reserved 1048576K
}
Event: 1.570 GC heap after
{Heap after GC invocations=6 (full 1):
 PSYoungGen      total 25600K, used 483K [0x00000000eab00000, 0x00000000ec880000, 0x0000000100000000)
  eden space 25088K, 0% used [0x00000000eab00000,0x00000000eab00000,0x00000000ec380000)
  from space 512K, 94% used [0x00000000ec400000,0x00000000ec478f90,0x00000000ec480000)
  to   space 2048K, 0% used [0x00000000ec680000,0x00000000ec680000,0x00000000ec880000)
 ParOldGen       total 68608K, used 6913K [0x00000000c0000000, 0x00000000c4300000, 0x00000000eab00000)
  object space 68608K, 10% used [0x00000000c0000000,0x00000000c06c06e8,0x00000000c4300000)
 Metaspace       used 24187K, committed 24704K, reserved 1114112K
  class space    used 2377K, committed 2560K, reserved 1048576K
}
Event: 1.707 GC heap before
{Heap before GC invocations=7 (full 1):
 PSYoungGen      total 25600K, used 25571K [0x00000000eab00000, 0x00000000ec880000, 0x0000000100000000)
  eden space 25088K, 100% used [0x00000000eab00000,0x00000000ec380000,0x00000000ec380000)
  from space 512K, 94% used [0x00000000ec400000,0x00000000ec478f90,0x00000000ec480000)
  to   space 2048K, 0% used [0x00000000ec680000,0x00000000ec680000,0x00000000ec880000)
 ParOldGen       total 68608K, used 6913K [0x00000000c0000000, 0x00000000c4300000, 0x00000000eab00000)
  object space 68608K, 10% used [0x00000000c0000000,0x00000000c06c06e8,0x00000000c4300000)
 Metaspace       used 26674K, committed 27136K, reserved 1114112K
  class space    used 2575K, committed 2752K, reserved 1048576K
}
Event: 1.708 GC heap after
{Heap after GC invocations=7 (full 1):
 PSYoungGen      total 26624K, used 1599K [0x00000000eab00000, 0x00000000ec880000, 0x0000000100000000)
  eden space 24576K, 0% used [0x00000000eab00000,0x00000000eab00000,0x00000000ec300000)
  from space 2048K, 78% used [0x00000000ec680000,0x00000000ec80fd30,0x00000000ec880000)
  to   space 2048K, 0% used [0x00000000ec480000,0x00000000ec480000,0x00000000ec680000)
 ParOldGen       total 68608K, used 7702K [0x00000000c0000000, 0x00000000c4300000, 0x00000000eab00000)
  object space 68608K, 11% used [0x00000000c0000000,0x00000000c0785bf8,0x00000000c4300000)
 Metaspace       used 26674K, committed 27136K, reserved 1114112K
  class space    used 2575K, committed 2752K, reserved 1048576K
}

Dll operation events (9 events):
Event: 0.008 Loaded shared library c:\Users\USER\.vscode\extensions\redhat.java-1.28.1-win32-x64\jre\17.0.10-win32-x86_64\bin\java.dll
Event: 0.104 Loaded shared library c:\Users\USER\.vscode\extensions\redhat.java-1.28.1-win32-x64\jre\17.0.10-win32-x86_64\bin\zip.dll
Event: 0.107 Loaded shared library C:\Users\USER\.vscode\extensions\redhat.java-1.28.1-win32-x64\jre\17.0.10-win32-x86_64\bin\instrument.dll
Event: 0.115 Loaded shared library C:\Users\USER\.vscode\extensions\redhat.java-1.28.1-win32-x64\jre\17.0.10-win32-x86_64\bin\net.dll
Event: 0.116 Loaded shared library C:\Users\USER\.vscode\extensions\redhat.java-1.28.1-win32-x64\jre\17.0.10-win32-x86_64\bin\nio.dll
Event: 0.120 Loaded shared library C:\Users\USER\.vscode\extensions\redhat.java-1.28.1-win32-x64\jre\17.0.10-win32-x86_64\bin\zip.dll
Event: 0.131 Loaded shared library C:\Users\USER\.vscode\extensions\redhat.java-1.28.1-win32-x64\jre\17.0.10-win32-x86_64\bin\jimage.dll
Event: 0.175 Loaded shared library c:\Users\USER\.vscode\extensions\redhat.java-1.28.1-win32-x64\jre\17.0.10-win32-x86_64\bin\verify.dll
Event: 0.867 Loaded shared library C:\Users\USER\AppData\Roaming\Code\User\globalStorage\redhat.java\1.28.1\config_ss_win\org.eclipse.equinox.launcher\org.eclipse.equinox.launcher.win32.win32.x86_64_1.2.900.v20240129-1338\eclipse_11900.dll

Deoptimization events (20 events):
Event: 1.726 Thread 0x000001f5047a18b0 Uncommon trap: trap_request=0xffffffc6 fr.pc=0x000001f57463e888 relative=0x00000000000009c8
Event: 1.726 Thread 0x000001f5047a18b0 Uncommon trap: reason=bimorphic_or_optimized_type_check action=maybe_recompile pc=0x000001f57463e888 method=java.util.HashMap.putVal(ILjava/lang/Object;Ljava/lang/Object;ZZ)Ljava/lang/Object; @ 253 c2
Event: 1.726 Thread 0x000001f5047a18b0 DEOPT PACKING pc=0x000001f57463e888 sp=0x0000001fa96f9a70
Event: 1.726 Thread 0x000001f5047a18b0 DEOPT UNPACKING pc=0x000001f5740666a3 sp=0x0000001fa96f99f0 mode 2
Event: 1.745 Thread 0x000001f5047a18b0 Uncommon trap: trap_request=0xffffff45 fr.pc=0x000001f5745f40f4 relative=0x0000000000000074
Event: 1.745 Thread 0x000001f5047a18b0 Uncommon trap: reason=unstable_if action=reinterpret pc=0x000001f5745f40f4 method=jdk.internal.misc.Unsafe.convEndian(ZJ)J @ 4 c2
Event: 1.745 Thread 0x000001f5047a18b0 DEOPT PACKING pc=0x000001f5745f40f4 sp=0x0000001fa96f8990
Event: 1.745 Thread 0x000001f5047a18b0 DEOPT UNPACKING pc=0x000001f5740666a3 sp=0x0000001fa96f88b8 mode 2
Event: 1.745 Thread 0x000001f5047a18b0 Uncommon trap: trap_request=0xffffff45 fr.pc=0x000001f5745fe994 relative=0x0000000000000094
Event: 1.745 Thread 0x000001f5047a18b0 Uncommon trap: reason=unstable_if action=reinterpret pc=0x000001f5745fe994 method=jdk.internal.misc.Unsafe.getLongUnaligned(Ljava/lang/Object;J)J @ 7 c2
Event: 1.745 Thread 0x000001f5047a18b0 DEOPT PACKING pc=0x000001f5745fe994 sp=0x0000001fa96f8900
Event: 1.745 Thread 0x000001f5047a18b0 DEOPT UNPACKING pc=0x000001f5740666a3 sp=0x0000001fa96f88b0 mode 2
Event: 1.745 Thread 0x000001f5047a18b0 Uncommon trap: trap_request=0xffffff45 fr.pc=0x000001f5746aa8f8 relative=0x0000000000000938
Event: 1.745 Thread 0x000001f5047a18b0 Uncommon trap: reason=unstable_if action=reinterpret pc=0x000001f5746aa8f8 method=java.util.Properties$LineReader.readLine()I @ 25 c2
Event: 1.745 Thread 0x000001f5047a18b0 DEOPT PACKING pc=0x000001f5746aa8f8 sp=0x0000001fa96f8f00
Event: 1.745 Thread 0x000001f5047a18b0 DEOPT UNPACKING pc=0x000001f5740666a3 sp=0x0000001fa96f8eb0 mode 2
Event: 1.746 Thread 0x000001f5047a18b0 Uncommon trap: trap_request=0xffffff76 fr.pc=0x000001f5746808f0 relative=0x0000000000000df0
Event: 1.746 Thread 0x000001f5047a18b0 Uncommon trap: reason=predicate action=maybe_recompile pc=0x000001f5746808f0 method=java.util.Properties$LineReader.readLine()I @ 53 c2
Event: 1.746 Thread 0x000001f5047a18b0 DEOPT PACKING pc=0x000001f5746808f0 sp=0x0000001fa96f8f10
Event: 1.746 Thread 0x000001f5047a18b0 DEOPT UNPACKING pc=0x000001f5740666a3 sp=0x0000001fa96f8ec8 mode 2

Classes unloaded (7 events):
Event: 1.428 Thread 0x000001f57ed52860 Unloading class 0x000000010021c000 'java/lang/invoke/LambdaForm$MH+0x000000010021c000'
Event: 1.428 Thread 0x000001f57ed52860 Unloading class 0x000000010021bc00 'java/lang/invoke/LambdaForm$MH+0x000000010021bc00'
Event: 1.428 Thread 0x000001f57ed52860 Unloading class 0x000000010021b800 'java/lang/invoke/LambdaForm$MH+0x000000010021b800'
Event: 1.428 Thread 0x000001f57ed52860 Unloading class 0x000000010021b400 'java/lang/invoke/LambdaForm$MH+0x000000010021b400'
Event: 1.428 Thread 0x000001f57ed52860 Unloading class 0x000000010021b000 'java/lang/invoke/LambdaForm$BMH+0x000000010021b000'
Event: 1.428 Thread 0x000001f57ed52860 Unloading class 0x000000010021ac00 'java/lang/invoke/LambdaForm$DMH+0x000000010021ac00'
Event: 1.428 Thread 0x000001f57ed52860 Unloading class 0x0000000100218000 'java/lang/invoke/LambdaForm$DMH+0x0000000100218000'

Classes redefined (0 events):
No events

Internal exceptions (20 events):
Event: 1.283 Thread 0x000001f5047a18b0 Exception <a 'java/io/FileNotFoundException'{0x00000000ec318e80}> (0x00000000ec318e80) 
thrown [s\src\hotspot\share\prims\jni.cpp, line 516]
Event: 1.284 Thread 0x000001f5047a18b0 Exception <a 'java/io/FileNotFoundException'{0x00000000ec337f00}> (0x00000000ec337f00) 
thrown [s\src\hotspot\share\prims\jni.cpp, line 516]
Event: 1.341 Thread 0x000001f5047a18b0 Exception <a 'java/lang/NoSuchMethodError'{0x00000000ead24c60}: 'java.lang.Object java.lang.invoke.DirectMethodHandle$Holder.newInvokeSpecial(java.lang.Object, java.lang.Object, java.lang.Object, java.lang.Object, java.lang.Object)'> (0x00000000ead24c60) 
thrown [s\src\hotspot\share\interpreter\linkResolver.cpp, line 759]
Event: 1.412 Thread 0x000001f5047a18b0 Exception <a 'java/lang/NoSuchMethodError'{0x00000000eb09ee88}: 'java.lang.Object java.lang.invoke.DirectMethodHandle$Holder.invokeSpecial(java.lang.Object, java.lang.Object, java.lang.Object, long, java.lang.Object)'> (0x00000000eb09ee88) 
thrown [s\src\hotspot\share\interpreter\linkResolver.cpp, line 759]
Event: 1.414 Thread 0x000001f5047a18b0 Exception <a 'java/lang/NoSuchMethodError'{0x00000000eb0a7040}: 'java.lang.Object java.lang.invoke.DirectMethodHandle$Holder.newInvokeSpecial(java.lang.Object, java.lang.Object, java.lang.Object, long)'> (0x00000000eb0a7040) 
thrown [s\src\hotspot\share\interpreter\linkResolver.cpp, line 759]
Event: 1.414 Thread 0x000001f5047a18b0 Exception <a 'java/lang/NoSuchMethodError'{0x00000000eb0ab5e0}: 'java.lang.Object java.lang.invoke.DirectMethodHandle$Holder.invokeSpecial(java.lang.Object, java.lang.Object, java.lang.Object, java.lang.Object, long)'> (0x00000000eb0ab5e0) 
thrown [s\src\hotspot\share\interpreter\linkResolver.cpp, line 759]
Event: 1.414 Thread 0x000001f5047a18b0 Exception <a 'java/lang/NoSuchMethodError'{0x00000000eb0af458}: 'java.lang.Object java.lang.invoke.Invokers$Holder.linkToTargetMethod(java.lang.Object, java.lang.Object, long, java.lang.Object)'> (0x00000000eb0af458) 
thrown [s\src\hotspot\share\interpreter\linkResolver.cpp, line 759]
Event: 1.422 Thread 0x000001f5047a18b0 Exception <a 'java/lang/NoSuchMethodError'{0x00000000eb10d7b8}: 'int java.lang.invoke.DirectMethodHandle$Holder.invokeStaticInit(java.lang.Object, java.lang.Object, java.lang.Object)'> (0x00000000eb10d7b8) 
thrown [s\src\hotspot\share\interpreter\linkResolver.cpp, line 759]
Event: 1.445 Thread 0x000001f5047a18b0 Exception <a 'java/lang/IncompatibleClassChangeError'{0x00000000eab41820}: Found class java.lang.Object, but interface was expected> (0x00000000eab41820) 
thrown [s\src\hotspot\share\interpreter\linkResolver.cpp, line 826]
Event: 1.449 Thread 0x000001f5047a18b0 Exception <a 'java/lang/NoSuchMethodError'{0x00000000eab9f9c0}: 'java.lang.Object java.lang.invoke.DirectMethodHandle$Holder.invokeSpecial(java.lang.Object, java.lang.Object, java.lang.Object, int, java.lang.Object, java.lang.Object)'> (0x00000000eab9f9c0) 
thrown [s\src\hotspot\share\interpreter\linkResolver.cpp, line 759]
Event: 1.450 Thread 0x000001f5047a18b0 Exception <a 'java/lang/NoSuchMethodError'{0x00000000eaba8148}: 'java.lang.Object java.lang.invoke.DirectMethodHandle$Holder.newInvokeSpecial(java.lang.Object, java.lang.Object, java.lang.Object, int, java.lang.Object)'> (0x00000000eaba8148) 
thrown [s\src\hotspot\share\interpreter\linkResolver.cpp, line 759]
Event: 1.450 Thread 0x000001f5047a18b0 Exception <a 'java/lang/NoSuchMethodError'{0x00000000eabac5a0}: 'java.lang.Object java.lang.invoke.DirectMethodHandle$Holder.invokeSpecial(java.lang.Object, java.lang.Object, java.lang.Object, java.lang.Object, int, java.lang.Object)'> (0x00000000eabac5a0) 
thrown [s\src\hotspot\share\interpreter\linkResolver.cpp, line 759]
Event: 1.451 Thread 0x000001f50479ff60 Exception <a 'java/lang/NoSuchMethodError'{0x00000000eabdcb28}: 'java.lang.Object java.lang.invoke.DirectMethodHandle$Holder.invokeSpecial(java.lang.Object, java.lang.Object, int, java.lang.Object, java.lang.Object)'> (0x00000000eabdcb28) 
thrown [s\src\hotspot\share\interpreter\linkResolver.cpp, line 759]
Event: 1.452 Thread 0x000001f50479ff60 Exception <a 'java/lang/NoSuchMethodError'{0x00000000eabe41f8}: 'java.lang.Object java.lang.invoke.DirectMethodHandle$Holder.newInvokeSpecial(java.lang.Object, java.lang.Object, int, java.lang.Object)'> (0x00000000eabe41f8) 
thrown [s\src\hotspot\share\interpreter\linkResolver.cpp, line 759]
Event: 1.452 Thread 0x000001f50479ff60 Exception <a 'java/lang/NoSuchMethodError'{0x00000000eabe7d08}: 'java.lang.Object java.lang.invoke.DirectMethodHandle$Holder.invokeSpecial(java.lang.Object, java.lang.Object, java.lang.Object, int, java.lang.Object)'> (0x00000000eabe7d08) 
thrown [s\src\hotspot\share\interpreter\linkResolver.cpp, line 759]
Event: 1.626 Thread 0x000001f5047a18b0 Implicit null exception at 0x000001f57469f048 to 0x000001f57469f108
Event: 1.744 Thread 0x000001f5047a18b0 Exception <a 'java/lang/ClassNotFoundException'{0x00000000eae79e78}: com/sun/org/apache/xerces/internal/impl/msg/spi/DOMMessagesProvider> (0x00000000eae79e78) 
thrown [s\src\hotspot\share\classfile\systemDictionary.cpp, line 256]
Event: 1.746 Thread 0x000001f5047a18b0 Implicit null exception at 0x000001f57467fc00 to 0x000001f5746808a8
Event: 1.747 Thread 0x000001f5047a18b0 Exception <a 'java/lang/ClassNotFoundException'{0x00000000eaea6148}: com/sun/org/apache/xerces/internal/impl/msg/spi/XMLSerializerMessagesProvider> (0x00000000eaea6148) 
thrown [s\src\hotspot\share\classfile\systemDictionary.cpp, line 256]
Event: 1.747 Thread 0x000001f5047a18b0 Exception <a 'java/lang/ClassNotFoundException'{0x00000000eaeb33d0}: com/sun/org/apache/xerces/internal/impl/msg/spi/XMLMessagesProvider> (0x00000000eaeb33d0) 
thrown [s\src\hotspot\share\classfile\systemDictionary.cpp, line 256]

VM Operations (20 events):
Event: 0.939 Executing VM operation: HandshakeAllThreads
Event: 0.939 Executing VM operation: HandshakeAllThreads done
Event: 0.971 Executing VM operation: ParallelGCFailedAllocation
Event: 0.974 Executing VM operation: ParallelGCFailedAllocation done
Event: 1.160 Executing VM operation: HandshakeAllThreads
Event: 1.161 Executing VM operation: HandshakeAllThreads done
Event: 1.224 Executing VM operation: HandshakeAllThreads
Event: 1.224 Executing VM operation: HandshakeAllThreads done
Event: 1.294 Executing VM operation: ParallelGCFailedAllocation
Event: 1.300 Executing VM operation: ParallelGCFailedAllocation done
Event: 1.424 Executing VM operation: CollectForMetadataAllocation
Event: 1.440 Executing VM operation: CollectForMetadataAllocation done
Event: 1.461 Executing VM operation: HandshakeAllThreads
Event: 1.461 Executing VM operation: HandshakeAllThreads done
Event: 1.569 Executing VM operation: ParallelGCFailedAllocation
Event: 1.570 Executing VM operation: ParallelGCFailedAllocation done
Event: 1.707 Executing VM operation: ParallelGCFailedAllocation
Event: 1.708 Executing VM operation: ParallelGCFailedAllocation done
Event: 1.721 Executing VM operation: HandshakeAllThreads
Event: 1.721 Executing VM operation: HandshakeAllThreads done

Events (20 events):
Event: 1.747 loading class com/sun/org/apache/xerces/internal/impl/msg/XMLSerializerMessages_en
Event: 1.747 loading class com/sun/org/apache/xerces/internal/impl/msg/XMLSerializerMessages_en done
Event: 1.747 loading class com/sun/org/apache/xerces/internal/impl/msg/XMLSerializerMessages_en
Event: 1.747 loading class com/sun/org/apache/xerces/internal/impl/msg/XMLSerializerMessages_en done
Event: 1.747 loading class com/sun/org/apache/xerces/internal/impl/msg/XMLSerializerMessages_en_ID
Event: 1.747 loading class com/sun/org/apache/xerces/internal/impl/msg/XMLSerializerMessages_en_ID done
Event: 1.747 loading class com/sun/org/apache/xerces/internal/impl/msg/XMLSerializerMessages_en_ID
Event: 1.747 loading class com/sun/org/apache/xerces/internal/impl/msg/XMLSerializerMessages_en_ID done
Event: 1.747 loading class com/sun/org/apache/xerces/internal/impl/msg/XMLMessages
Event: 1.747 loading class com/sun/org/apache/xerces/internal/impl/msg/XMLMessages done
Event: 1.747 loading class com/sun/org/apache/xerces/internal/impl/msg/XMLMessages
Event: 1.747 loading class com/sun/org/apache/xerces/internal/impl/msg/XMLMessages done
Event: 1.749 loading class com/sun/org/apache/xerces/internal/impl/msg/XMLMessages_en
Event: 1.749 loading class com/sun/org/apache/xerces/internal/impl/msg/XMLMessages_en done
Event: 1.749 loading class com/sun/org/apache/xerces/internal/impl/msg/XMLMessages_en
Event: 1.749 loading class com/sun/org/apache/xerces/internal/impl/msg/XMLMessages_en done
Event: 1.749 loading class com/sun/org/apache/xerces/internal/impl/msg/XMLMessages_en_ID
Event: 1.749 loading class com/sun/org/apache/xerces/internal/impl/msg/XMLMessages_en_ID done
Event: 1.749 loading class com/sun/org/apache/xerces/internal/impl/msg/XMLMessages_en_ID
Event: 1.749 loading class com/sun/org/apache/xerces/internal/impl/msg/XMLMessages_en_ID done


Dynamic libraries:
0x00007ff6ac220000 - 0x00007ff6ac22e000 	c:\Users\USER\.vscode\extensions\redhat.java-1.28.1-win32-x64\jre\17.0.10-win32-x86_64\bin\java.exe
0x00007ffdbec70000 - 0x00007ffdbee87000 	C:\WINDOWS\SYSTEM32\ntdll.dll
0x00007ffdbcf50000 - 0x00007ffdbd014000 	C:\WINDOWS\System32\KERNEL32.DLL
0x00007ffdbc390000 - 0x00007ffdbc736000 	C:\WINDOWS\System32\KERNELBASE.dll
0x00007ffdbbfb0000 - 0x00007ffdbc0c1000 	C:\WINDOWS\System32\ucrtbase.dll
0x00007ffdabc90000 - 0x00007ffdabca7000 	c:\Users\USER\.vscode\extensions\redhat.java-1.28.1-win32-x64\jre\17.0.10-win32-x86_64\bin\jli.dll
0x00007ffda7f00000 - 0x00007ffda7f1b000 	c:\Users\USER\.vscode\extensions\redhat.java-1.28.1-win32-x64\jre\17.0.10-win32-x86_64\bin\VCRUNTIME140.dll
0x00007ffdbe1a0000 - 0x00007ffdbe34e000 	C:\WINDOWS\System32\USER32.dll
0x00007ffdbc2f0000 - 0x00007ffdbc316000 	C:\WINDOWS\System32\win32u.dll
0x00007ffda4dd0000 - 0x00007ffda5063000 	C:\WINDOWS\WinSxS\amd64_microsoft.windows.common-controls_6595b64144ccf1df_6.0.22621.2506_none_270c5ae97388e100\COMCTL32.dll
0x00007ffdbd200000 - 0x00007ffdbd229000 	C:\WINDOWS\System32\GDI32.dll
0x00007ffdbc8a0000 - 0x00007ffdbc9b8000 	C:\WINDOWS\System32\gdi32full.dll
0x00007ffdbd0d0000 - 0x00007ffdbd177000 	C:\WINDOWS\System32\msvcrt.dll
0x00007ffdbc800000 - 0x00007ffdbc89a000 	C:\WINDOWS\System32\msvcp_win.dll
0x00007ffdbc9c0000 - 0x00007ffdbc9f1000 	C:\WINDOWS\System32\IMM32.DLL
0x00007ffdb70c0000 - 0x00007ffdb70cc000 	c:\Users\USER\.vscode\extensions\redhat.java-1.28.1-win32-x64\jre\17.0.10-win32-x86_64\bin\vcruntime140_1.dll
0x00007ffd9ec80000 - 0x00007ffd9ed0d000 	c:\Users\USER\.vscode\extensions\redhat.java-1.28.1-win32-x64\jre\17.0.10-win32-x86_64\bin\msvcp140.dll
0x00007ffd67520000 - 0x00007ffd68182000 	c:\Users\USER\.vscode\extensions\redhat.java-1.28.1-win32-x64\jre\17.0.10-win32-x86_64\bin\server\jvm.dll
0x00007ffdbe8e0000 - 0x00007ffdbe993000 	C:\WINDOWS\System32\ADVAPI32.dll
0x00007ffdbd020000 - 0x00007ffdbd0c8000 	C:\WINDOWS\System32\sechost.dll
0x00007ffdbc2c0000 - 0x00007ffdbc2e8000 	C:\WINDOWS\System32\bcrypt.dll
0x00007ffdbe350000 - 0x00007ffdbe467000 	C:\WINDOWS\System32\RPCRT4.dll
0x00007ffdb6eb0000 - 0x00007ffdb6eb9000 	C:\WINDOWS\SYSTEM32\WSOCK32.dll
0x00007ffdbae60000 - 0x00007ffdbaead000 	C:\WINDOWS\SYSTEM32\POWRPROF.dll
0x00007ffdb4ff0000 - 0x00007ffdb5024000 	C:\WINDOWS\SYSTEM32\WINMM.dll
0x00007ffdbcc70000 - 0x00007ffdbcce1000 	C:\WINDOWS\System32\WS2_32.dll
0x00007ffdb3740000 - 0x00007ffdb374a000 	C:\WINDOWS\SYSTEM32\VERSION.dll
0x00007ffdbae20000 - 0x00007ffdbae33000 	C:\WINDOWS\SYSTEM32\UMPDC.dll
0x00007ffdbb0e0000 - 0x00007ffdbb0f8000 	C:\WINDOWS\SYSTEM32\kernel.appcore.dll
0x00007ffdb6b50000 - 0x00007ffdb6b5a000 	c:\Users\USER\.vscode\extensions\redhat.java-1.28.1-win32-x64\jre\17.0.10-win32-x86_64\bin\jimage.dll
0x00007ffdb92b0000 - 0x00007ffdb94e3000 	C:\WINDOWS\SYSTEM32\DBGHELP.DLL
0x00007ffdbe550000 - 0x00007ffdbe8d9000 	C:\WINDOWS\System32\combase.dll
0x00007ffdbeb40000 - 0x00007ffdbec17000 	C:\WINDOWS\System32\OLEAUT32.dll
0x00007ffdabc30000 - 0x00007ffdabc62000 	C:\WINDOWS\SYSTEM32\dbgcore.DLL
0x00007ffdbc240000 - 0x00007ffdbc2ba000 	C:\WINDOWS\System32\bcryptPrimitives.dll
0x00007ffdb67a0000 - 0x00007ffdb67ae000 	c:\Users\USER\.vscode\extensions\redhat.java-1.28.1-win32-x64\jre\17.0.10-win32-x86_64\bin\instrument.dll
0x00007ffda7cf0000 - 0x00007ffda7d15000 	c:\Users\USER\.vscode\extensions\redhat.java-1.28.1-win32-x64\jre\17.0.10-win32-x86_64\bin\java.dll
0x00007ffda7cd0000 - 0x00007ffda7ce8000 	c:\Users\USER\.vscode\extensions\redhat.java-1.28.1-win32-x64\jre\17.0.10-win32-x86_64\bin\zip.dll
0x00007ffdbd7d0000 - 0x00007ffdbe02b000 	C:\WINDOWS\System32\SHELL32.dll
0x00007ffdb9ee0000 - 0x00007ffdba7d6000 	C:\WINDOWS\SYSTEM32\windows.storage.dll
0x00007ffdb9da0000 - 0x00007ffdb9ede000 	C:\WINDOWS\SYSTEM32\wintypes.dll
0x00007ffdbccf0000 - 0x00007ffdbcde3000 	C:\WINDOWS\System32\SHCORE.dll
0x00007ffdbd6d0000 - 0x00007ffdbd72e000 	C:\WINDOWS\System32\shlwapi.dll
0x00007ffdbbee0000 - 0x00007ffdbbf06000 	C:\WINDOWS\SYSTEM32\profapi.dll
0x00007ffda7c90000 - 0x00007ffda7ca9000 	C:\Users\USER\.vscode\extensions\redhat.java-1.28.1-win32-x64\jre\17.0.10-win32-x86_64\bin\net.dll
0x00007ffdb5650000 - 0x00007ffdb5787000 	C:\WINDOWS\SYSTEM32\WINHTTP.dll
0x00007ffdbb560000 - 0x00007ffdbb5c9000 	C:\WINDOWS\system32\mswsock.dll
0x00007ffda7ab0000 - 0x00007ffda7ac6000 	C:\Users\USER\.vscode\extensions\redhat.java-1.28.1-win32-x64\jre\17.0.10-win32-x86_64\bin\nio.dll
0x00007ffdb5e80000 - 0x00007ffdb5e90000 	c:\Users\USER\.vscode\extensions\redhat.java-1.28.1-win32-x64\jre\17.0.10-win32-x86_64\bin\verify.dll
0x00007ffd9e7c0000 - 0x00007ffd9e7fe000 	C:\Users\USER\AppData\Roaming\Code\User\globalStorage\redhat.java\1.28.1\config_ss_win\org.eclipse.equinox.launcher\org.eclipse.equinox.launcher.win32.win32.x86_64_1.2.900.v20240129-1338\eclipse_11900.dll
0x00007ffdbe9a0000 - 0x00007ffdbeb40000 	C:\WINDOWS\System32\ole32.dll

dbghelp: loaded successfully - version: 4.0.5 - missing functions: none
symbol engine: initialized successfully - sym options: 0x614 - pdb path: .;c:\Users\USER\.vscode\extensions\redhat.java-1.28.1-win32-x64\jre\17.0.10-win32-x86_64\bin;C:\WINDOWS\SYSTEM32;C:\WINDOWS\WinSxS\amd64_microsoft.windows.common-controls_6595b64144ccf1df_6.0.22621.2506_none_270c5ae97388e100;c:\Users\USER\.vscode\extensions\redhat.java-1.28.1-win32-x64\jre\17.0.10-win32-x86_64\bin\server;C:\Users\USER\AppData\Roaming\Code\User\globalStorage\redhat.java\1.28.1\config_ss_win\org.eclipse.equinox.launcher\org.eclipse.equinox.launcher.win32.win32.x86_64_1.2.900.v20240129-1338

VM Arguments:
jvm_args: --add-modules=ALL-SYSTEM --add-opens=java.base/java.util=ALL-UNNAMED --add-opens=java.base/java.lang=ALL-UNNAMED --add-opens=java.base/sun.nio.fs=ALL-UNNAMED -Declipse.application=org.eclipse.jdt.ls.core.id1 -Dosgi.bundles.defaultStartLevel=4 -Declipse.product=org.eclipse.jdt.ls.core.product -Djava.import.generatesMetadataFilesAtProjectRoot=false -DDetectVMInstallationsJob.disabled=true -Dfile.encoding=utf8 -XX:+UseParallelGC -XX:GCTimeRatio=4 -XX:AdaptiveSizePolicyWeight=90 -Dsun.zip.disableMemoryMapping=true -Xmx1G -Xms100m -Xlog:disable -javaagent:c:\Users\USER\.vscode\extensions\redhat.java-1.28.1-win32-x64\lombok\lombok-1.18.31.jar 
java_command: c:\Users\USER\.vscode\extensions\redhat.java-1.28.1-win32-x64\server\plugins\org.eclipse.equinox.launcher_1.6.700.v20231214-2017.jar -configuration c:\Users\USER\AppData\Roaming\Code\User\globalStorage\redhat.java\1.28.1\config_ss_win -data c:\Users\USER\AppData\Roaming\Code\User\workspaceStorage\2bc9def59a76bb2c09dd8f23c0cd6ce8\redhat.java\ss_ws --stdio
java_class_path (initial): c:\Users\USER\.vscode\extensions\redhat.java-1.28.1-win32-x64\server\plugins\org.eclipse.equinox.launcher_1.6.700.v20231214-2017.jar
Launcher Type: SUN_STANDARD

[Global flags]
    uintx AdaptiveSizePolicyWeight                 = 90                                        {product} {command line}
     intx CICompilerCount                          = 4                                         {product} {ergonomic}
    uintx GCTimeRatio                              = 4                                         {product} {command line}
   size_t InitialHeapSize                          = 104857600                                 {product} {command line}
   size_t MaxHeapSize                              = 1073741824                                {product} {command line}
   size_t MaxNewSize                               = 357564416                                 {product} {ergonomic}
   size_t MinHeapDeltaBytes                        = 524288                                    {product} {ergonomic}
   size_t MinHeapSize                              = 104857600                                 {product} {command line}
   size_t NewSize                                  = 34603008                                  {product} {ergonomic}
    uintx NonNMethodCodeHeapSize                   = 5839372                                {pd product} {ergonomic}
    uintx NonProfiledCodeHeapSize                  = 122909434                              {pd product} {ergonomic}
   size_t OldSize                                  = 70254592                                  {product} {ergonomic}
    uintx ProfiledCodeHeapSize                     = 122909434                              {pd product} {ergonomic}
    uintx ReservedCodeCacheSize                    = 251658240                              {pd product} {ergonomic}
     bool SegmentedCodeCache                       = true                                      {product} {ergonomic}
   size_t SoftMaxHeapSize                          = 1073741824                             {manageable} {ergonomic}
     bool UseCompressedClassPointers               = true                           {product lp64_product} {ergonomic}
     bool UseCompressedOops                        = true                           {product lp64_product} {ergonomic}
     bool UseLargePagesIndividualAllocation        = false                                  {pd product} {ergonomic}
     bool UseParallelGC                            = true                                      {product} {command line}

Logging:
Log output configuration:
 #0: stdout all=off uptime,level,tags
 #1: stderr all=off uptime,level,tags

Environment Variables:
PATH=C:\Program Files\Common Files\Oracle\Java\javapath;C:\Windows\system32;C:\Windows;C:\Windows\System32\Wbem;C:\Windows\System32\WindowsPowerShell\v1.0\;C:\Windows\System32\OpenSSH\;C:\Program Files (x86)\NVIDIA Corporation\PhysX\Common;C:\Program Files\NVIDIA Corporation\NVIDIA NvDLISR;C:\WINDOWS\system32;C:\WINDOWS;C:\WINDOWS\System32\Wbem;C:\WINDOWS\System32\WindowsPowerShell\v1.0\;C:\WINDOWS\System32\OpenSSH\;C:\Program Files\Git\cmd;C:\Program Files\dotnet\;C:\MinGW\bin;C:\Users\USER\AppData\Local\Microsoft\WindowsApps;;C:\Users\USER\AppData\Local\Programs\Microsoft VS Code\bin
USERNAME=USER
OS=Windows_NT
PROCESSOR_IDENTIFIER=Intel64 Family 6 Model 154 Stepping 3, GenuineIntel
TMP=C:\Users\USER\AppData\Local\Temp
TEMP=C:\Users\USER\AppData\Local\Temp



Periodic native trim disabled


---------------  S Y S T E M  ---------------

OS:
 Windows 11 , 64 bit Build 22621 (10.0.22621.3085)
OS uptime: 0 days 7:06 hours
Hyper-V role detected

CPU: total 12 (initial active 12) (6 cores per cpu, 2 threads per core) family 6 model 154 stepping 3 microcode 0x41c, cx8, cmov, fxsr, ht, mmx, 3dnowpref, sse, sse2, sse3, ssse3, sse4.1, sse4.2, popcnt, lzcnt, tsc, tscinvbit, avx, avx2, aes, erms, clmul, bmi1, bmi2, adx, sha, fma, vzeroupper, clflush, clflushopt, clwb, hv
Processor Information for processor 0
  Max Mhz: 2000, Current Mhz: 2000, Mhz Limit: 2000
Processor Information for processor 1
  Max Mhz: 2000, Current Mhz: 2000, Mhz Limit: 2000
Processor Information for processor 2
  Max Mhz: 2000, Current Mhz: 2000, Mhz Limit: 2000
Processor Information for processor 3
  Max Mhz: 2000, Current Mhz: 2000, Mhz Limit: 2000
Processor Information for processor 4
  Max Mhz: 2000, Current Mhz: 2000, Mhz Limit: 2000
Processor Information for processor 5
  Max Mhz: 2000, Current Mhz: 2000, Mhz Limit: 2000
Processor Information for processor 6
  Max Mhz: 2000, Current Mhz: 2000, Mhz Limit: 2000
Processor Information for processor 7
  Max Mhz: 2000, Current Mhz: 2000, Mhz Limit: 2000
Processor Information for processor 8
  Max Mhz: 2000, Current Mhz: 1500, Mhz Limit: 1500
Processor Information for processor 9
  Max Mhz: 2000, Current Mhz: 1500, Mhz Limit: 1500
Processor Information for processor 10
  Max Mhz: 2000, Current Mhz: 1500, Mhz Limit: 1500
Processor Information for processor 11
  Max Mhz: 2000, Current Mhz: 1500, Mhz Limit: 1500

Memory: 4k page, system-wide physical 7814M (812M free)
TotalPageFile size 31366M (AvailPageFile size 0M)
current process WorkingSet (physical memory assigned to process): 130M, peak: 131M
current process commit charge ("private bytes"): 244M, peak: 246M

vm_info: OpenJDK 64-Bit Server VM (17.0.10+7) for windows-amd64 JRE (17.0.10+7), built on Jan 16 2024 23:25:11 by "admin" with MS VC++ 16.10 / 16.11 (VS2019)

END.
