#
# There is insufficient memory for the Java Runtime Environment to continue.
# Native memory allocation (mmap) failed to map 65536 bytes for Failed to commit metaspace.
# Possible reasons:
#   The system is out of physical RAM or swap space
#   The process is running with CompressedOops enabled, and the Java Heap may be blocking the growth of the native heap
# Possible solutions:
#   Reduce memory load on the system
#   Increase physical memory or swap space
#   Check if swap backing store is full
#   Decrease Java heap size (-Xmx/-Xms)
#   Decrease number of Java threads
#   Decrease Java thread stack sizes (-Xss)
#   Set larger code cache with -XX:ReservedCodeCacheSize=
#   JVM is running with Unscaled Compressed Oops mode in which the Java heap is
#     placed in the first 4GB address space. The Java Heap base address is the
#     maximum limit for the native heap growth. Please use -XX:HeapBaseMinAddress
#     to set the Java Heap base and to place the Java Heap above 4GB virtual address.
# This output file may be truncated or incomplete.
#
#  Out of Memory Error (virtualSpaceNode.cpp:110), pid=13336, tid=4564
#
# JRE version: OpenJDK Runtime Environment Temurin-17.0.10+7 (17.0.10+7) (build 17.0.10+7)
# Java VM: OpenJDK 64-Bit Server VM Temurin-17.0.10+7 (17.0.10+7, mixed mode, tiered, compressed oops, compressed class ptrs, parallel gc, windows-amd64)
# No core dump will be written. Minidumps are not enabled by default on client versions of Windows
#

---------------  S U M M A R Y ------------

Command Line: --add-modules=ALL-SYSTEM --add-opens=java.base/java.util=ALL-UNNAMED --add-opens=java.base/java.lang=ALL-UNNAMED --add-opens=java.base/sun.nio.fs=ALL-UNNAMED -Declipse.application=org.eclipse.jdt.ls.core.id1 -Dosgi.bundles.defaultStartLevel=4 -Declipse.product=org.eclipse.jdt.ls.core.product -Djava.import.generatesMetadataFilesAtProjectRoot=false -DDetectVMInstallationsJob.disabled=true -Dfile.encoding=utf8 -XX:+UseParallelGC -XX:GCTimeRatio=4 -XX:AdaptiveSizePolicyWeight=90 -Dsun.zip.disableMemoryMapping=true -Xmx1G -Xms100m -Xlog:disable -javaagent:c:\Users\USER\.vscode\extensions\redhat.java-1.28.1-win32-x64\lombok\lombok-1.18.31.jar c:\Users\USER\.vscode\extensions\redhat.java-1.28.1-win32-x64\server\plugins\org.eclipse.equinox.launcher_1.6.700.v20231214-2017.jar -configuration c:\Users\USER\AppData\Roaming\Code\User\globalStorage\redhat.java\1.28.1\config_ss_win -data c:\Users\USER\AppData\Roaming\Code\User\workspaceStorage\2bc9def59a76bb2c09dd8f23c0cd6ce8\redhat.java\ss_ws --stdio

Host: 12th Gen Intel(R) Core(TM) i5-12450H, 12 cores, 7G,  Windows 11 , 64 bit Build 22621 (10.0.22621.3085)
Time: Wed Feb 21 23:00:44 2024 SE Asia Standard Time elapsed time: 3.592214 seconds (0d 0h 0m 3s)

---------------  T H R E A D  ---------------

Current thread (0x0000021c6f4d4c30):  JavaThread "Worker-1: Initialize Workspace" [_thread_in_vm, id=4564, stack(0x000000f9fa900000,0x000000f9faa00000)]

Stack: [0x000000f9fa900000,0x000000f9faa00000]
Native frames: (J=compiled Java code, j=interpreted, Vv=VM code, C=native code)
V  [jvm.dll+0x67d2c9]
V  [jvm.dll+0x834afa]
V  [jvm.dll+0x8365be]
V  [jvm.dll+0x836c23]
V  [jvm.dll+0x2477ff]
V  [jvm.dll+0x8307bb]
V  [jvm.dll+0x621d16]
V  [jvm.dll+0x1c183e]
V  [jvm.dll+0x624671]
V  [jvm.dll+0x6226b6]
V  [jvm.dll+0x633599]
V  [jvm.dll+0x62c874]
V  [jvm.dll+0x382e71]
C  0x0000021c5e26c6e8

The last pc belongs to method entry point (kind = zerolocals) (printed below).
Java frames: (J=compiled Java code, j=interpreted, Vv=VM code)
j  org.eclipse.jdt.internal.core.JavaProject$$Lambda$223+0x0000000100337158.apply(Ljava/lang/Object;)Ljava/lang/Object;+0
j  org.eclipse.jdt.internal.core.JavaProject.internalDefaultRootModules(Ljava/lang/Iterable;Ljava/util/function/Function;Ljava/util/function/Function;)Ljava/util/List;+161
j  org.eclipse.jdt.internal.core.JavaProject.defaultRootModules(Ljava/lang/Iterable;)Ljava/util/List;+11
j  org.eclipse.jdt.internal.core.JavaProject.computePackageFragmentRoots(Lorg/eclipse/jdt/core/IClasspathEntry;Lorg/eclipse/jdt/internal/compiler/util/ObjectVector;Ljava/util/HashSet;Lorg/eclipse/jdt/core/IClasspathEntry;ZZLjava/util/Map;Z)V+376
j  org.eclipse.jdt.internal.core.JavaProject.computePackageFragmentRoots([Lorg/eclipse/jdt/core/IClasspathEntry;Lorg/eclipse/jdt/internal/compiler/util/ObjectVector;Ljava/util/HashSet;Lorg/eclipse/jdt/core/IClasspathEntry;ZZLjava/util/Map;Z)V+41
j  org.eclipse.jdt.internal.core.JavaProject.computePackageFragmentRoots([Lorg/eclipse/jdt/core/IClasspathEntry;ZZLjava/util/Map;Z)[Lorg/eclipse/jdt/core/IPackageFragmentRoot;+28
j  org.eclipse.jdt.internal.core.JavaProject.computePackageFragmentRoots([Lorg/eclipse/jdt/core/IClasspathEntry;ZZLjava/util/Map;)[Lorg/eclipse/jdt/core/IPackageFragmentRoot;+7
j  org.eclipse.jdt.internal.core.JavaProject.buildStructure(Lorg/eclipse/jdt/internal/core/OpenableElementInfo;Lorg/eclipse/core/runtime/IProgressMonitor;Ljava/util/Map;Lorg/eclipse/core/resources/IResource;)Z+12
j  org.eclipse.jdt.internal.core.Openable.generateInfos(Lorg/eclipse/jdt/internal/compiler/env/IElementInfo;Ljava/util/Map;Lorg/eclipse/core/runtime/IProgressMonitor;)V+117
j  org.eclipse.jdt.internal.core.JavaElement.openWhenClosed(Lorg/eclipse/jdt/internal/compiler/env/IElementInfo;ZLorg/eclipse/core/runtime/IProgressMonitor;)Lorg/eclipse/jdt/internal/compiler/env/IElementInfo;+24
j  org.eclipse.jdt.internal.core.JavaElement.getElementInfo(Lorg/eclipse/core/runtime/IProgressMonitor;)Lorg/eclipse/jdt/internal/compiler/env/IElementInfo;+23
j  org.eclipse.jdt.internal.core.JavaElement.getElementInfo()Lorg/eclipse/jdt/internal/compiler/env/IElementInfo;+2
j  org.eclipse.jdt.internal.core.JavaElement.getChildren()[Lorg/eclipse/jdt/core/IJavaElement;+1
j  org.eclipse.jdt.internal.core.JavaProject.getPackageFragmentRoots()[Lorg/eclipse/jdt/core/IPackageFragmentRoot;+1
j  org.eclipse.jdt.internal.core.JavaProject.getPackageFragments()[Lorg/eclipse/jdt/core/IPackageFragment;+1
j  org.eclipse.jdt.ls.core.internal.managers.ProjectsManager.cleanupResources(Lorg/eclipse/core/resources/IProject;)V+11
j  org.eclipse.jdt.ls.core.internal.managers.ProjectsManager.initializeProjects(Ljava/util/Collection;Lorg/eclipse/core/runtime/IProgressMonitor;)V+48
j  org.eclipse.jdt.ls.core.internal.syntaxserver.SyntaxInitHandler$1.runInWorkspace(Lorg/eclipse/core/runtime/IProgressMonitor;)Lorg/eclipse/core/runtime/IStatus;+16
j  org.eclipse.core.internal.resources.InternalWorkspaceJob.run(Lorg/eclipse/core/runtime/IProgressMonitor;)Lorg/eclipse/core/runtime/IStatus;+39
j  org.eclipse.core.internal.jobs.Worker.run()V+32
v  ~StubRoutines::call_stub
method entry point (kind = zerolocals)  [0x0000021c5e26c520, 0x0000021c5e26c8c0]  928 bytes
[MachCode]
  0x0000021c5e26c520: 488b 5308 | 0fb7 4a2c | 0fb7 522a | 2bd1 81fa | f501 0000 | 0f86 2500 | 0000 488b | c248 c1e0 
  0x0000021c5e26c540: 0348 83c0 | 5849 0387 | c003 0000 | 483b e00f | 870a 0000 | 0058 498b | e550 e921 | c3ff ff58 
  0x0000021c5e26c560: 4c8d 74cc | f885 d20f | 8e09 0000 | 0068 0000 | 0000 ffca | 7ff7 5055 | 488b ec41 | 5568 0000 
  0x0000021c5e26c580: 0000 4c8b | 6b08 4d8d | 6d30 5348 | 8b53 0848 | 8b52 0848 | 8b52 1848 | 8b52 7048 | 8b12 5248 
  0x0000021c5e26c5a0: 8b53 1048 | 85d2 0f84 | 0700 0000 | 4881 c208 | 0100 0052 | 488b 5308 | 488b 5208 | 488b 5210 
  0x0000021c5e26c5c0: 5241 5641 | 5568 0000 | 0000 4889 | 2424 41c6 | 8779 0300 | 0001 488b | 45d8 4885 | c00f 8484 
  0x0000021c5e26c5e0: 0000 008b | 48fc 85c9 | 0f88 7900 | 0000 4803 | c148 8b48 | 0848 83e9 | 0248 8b54 | c810 48f7 
  0x0000021c5e26c600: da49 8b14 | d648 85d2 | 7508 4883 | 4cc8 1801 | eb4f 8b52 | 0848 c1e2 | 0348 3354 | c818 48f7 
  0x0000021c5e26c620: c2fc ffff | ff74 3a48 | f7c2 0200 | 0000 7531 | 4881 7cc8 | 1800 0000 | 0074 2148 | 817c c818 
  0x0000021c5e26c640: 0100 0000 | 7416 4833 | 54c8 1848 | f7c2 fcff | ffff 740d | 4883 4cc8 | 1802 eb05 | 4889 54c8 
  0x0000021c5e26c660: 1848 83e9 | 0279 9248 | 8b43 1048 | 85c0 7420 | 8b88 cc00 | 0000 83c1 | 0289 88cc | 0000 0023 
  0x0000021c5e26c680: 88e0 0000 | 000f 8478 | 0100 00e9 | d100 0000 | 488b 4318 | 4885 c00f | 85b2 0000 | 00e8 0500 
  0x0000021c5e26c6a0: 0000 e99b | 0000 0048 | 8bd3 488d | 4424 084c | 896d c049 | 8bcf c5f8 | 7749 89af | a802 0000 
  0x0000021c5e26c6c0: 4989 8798 | 0200 0048 | 83ec 20f7 | c40f 0000 | 000f 841a | 0000 0048 | 83ec 0849 | ba50 2e8a 
  0x0000021c5e26c6e0: 67fd 7f00 | 0041 ffd2 | 4883 c408 | e90d 0000 | 0049 ba50 | 2e8a 67fd | 7f00 0041 | ffd2 4883 
  0x0000021c5e26c700: c420 49c7 | 8798 0200 | 0000 0000 | 0049 c787 | a802 0000 | 0000 0000 | 49c7 87a0 | 0200 0000 
  0x0000021c5e26c720: 0000 00c5 | f877 4981 | 7f08 0000 | 0000 0f84 | 0500 0000 | e9c7 47ff | ff4c 8b6d | c04c 8b75 
  0x0000021c5e26c740: c8c3 488b | 4318 4885 | c00f 8412 | 0000 008b | 4808 83c1 | 0289 4808 | 2348 200f | 84a2 0000 
  0x0000021c5e26c760: 0089 8424 | 00f0 ffff | 8984 2400 | e0ff ff89 | 8424 00d0 | ffff 8984 | 2400 c0ff | ff89 8424 
  0x0000021c5e26c780: 00b0 ffff | 8984 2400 | a0ff ff89 | 8424 0090 | ffff 41c6 | 8779 0300 | 0000 49ba | 7935 0a68 
  0x0000021c5e26c7a0: fd7f 0000 | 4180 3a00 | 0f84 4200 | 0000 488b | 55e8 498b | cf48 83ec | 20f7 c40f | 0000 000f 
  0x0000021c5e26c7c0: 841a 0000 | 0048 83ec | 0849 ba00 | 30c0 67fd | 7f00 0041 | ffd2 4883 | c408 e90d | 0000 0049 
  0x0000021c5e26c7e0: ba00 30c0 | 67fd 7f00 | 0041 ffd2 | 4883 c420 | 410f b65d | 0049 ba90 | a90c 68fd | 7f00 0041 
  0x0000021c5e26c800: ff24 daba | 0000 0000 | e805 0000 | 00e9 9800 | 0000 488d | 4424 084c | 896d c049 | 8bcf c5f8 
  0x0000021c5e26c820: 7749 89af | a802 0000 | 4989 8798 | 0200 0048 | 83ec 20f7 | c40f 0000 | 000f 841a | 0000 0048 
  0x0000021c5e26c840: 83ec 0849 | ba40 398a | 67fd 7f00 | 0041 ffd2 | 4883 c408 | e90d 0000 | 0049 ba40 | 398a 67fd 
  0x0000021c5e26c860: 7f00 0041 | ffd2 4883 | c420 49c7 | 8798 0200 | 0000 0000 | 0049 c787 | a802 0000 | 0000 0000 
  0x0000021c5e26c880: 49c7 87a0 | 0200 0000 | 0000 00c5 | f877 4981 | 7f08 0000 | 0000 0f84 | 0500 0000 | e95f 46ff 
  0x0000021c5e26c8a0: ff4c 8b6d | c04c 8b75 | c8c3 488b | 5de8 e9ae | feff ff0f | 1f44 0000 | 0000 0000 | 0000 0000 
[/MachCode]

---------------  P R O C E S S  ---------------

Threads class SMR info:
_java_thread_list=0x0000021c70294e70, length=25, elements={
0x0000021c5409d0a0, 0x0000021c67f26030, 0x0000021c67f275a0, 0x0000021c6d0a1f30,
0x0000021c6d0a2900, 0x0000021c6d0a34c0, 0x0000021c6d0a3f80, 0x0000021c6d0a4c70,
0x0000021c6d0a70f0, 0x0000021c6d0a82d0, 0x0000021c6d1b51e0, 0x0000021c6e832ca0,
0x0000021c6f0173a0, 0x0000021c6f380980, 0x0000021c6f286ca0, 0x0000021c6f253930,
0x0000021c6f2acc50, 0x0000021c6f4d6070, 0x0000021c6f4d5140, 0x0000021c6f4d4c30,
0x0000021c6f41fe80, 0x0000021c6f4d5b60, 0x0000021c6f4d3d00, 0x0000021c6f4d2dd0,
0x0000021c6f4d32e0
}

Java Threads: ( => current thread )
  0x0000021c5409d0a0 JavaThread "main" [_thread_blocked, id=9548, stack(0x000000f9f8800000,0x000000f9f8900000)]
  0x0000021c67f26030 JavaThread "Reference Handler" daemon [_thread_blocked, id=9244, stack(0x000000f9f8b00000,0x000000f9f8c00000)]
  0x0000021c67f275a0 JavaThread "Finalizer" daemon [_thread_blocked, id=5908, stack(0x000000f9f8c00000,0x000000f9f8d00000)]
  0x0000021c6d0a1f30 JavaThread "Signal Dispatcher" daemon [_thread_blocked, id=3580, stack(0x000000f9f8d00000,0x000000f9f8e00000)]
  0x0000021c6d0a2900 JavaThread "Attach Listener" daemon [_thread_blocked, id=14132, stack(0x000000f9f8e00000,0x000000f9f8f00000)]
  0x0000021c6d0a34c0 JavaThread "Service Thread" daemon [_thread_blocked, id=1788, stack(0x000000f9f8f00000,0x000000f9f9000000)]
  0x0000021c6d0a3f80 JavaThread "Monitor Deflation Thread" daemon [_thread_blocked, id=17740, stack(0x000000f9f9000000,0x000000f9f9100000)]
  0x0000021c6d0a4c70 JavaThread "C2 CompilerThread0" daemon [_thread_blocked, id=2788, stack(0x000000f9f9100000,0x000000f9f9200000)]
  0x0000021c6d0a70f0 JavaThread "C1 CompilerThread0" daemon [_thread_blocked, id=18668, stack(0x000000f9f9200000,0x000000f9f9300000)]
  0x0000021c6d0a82d0 JavaThread "Sweeper thread" daemon [_thread_blocked, id=11436, stack(0x000000f9f9300000,0x000000f9f9400000)]
  0x0000021c6d1b51e0 JavaThread "Common-Cleaner" daemon [_thread_blocked, id=10244, stack(0x000000f9f9400000,0x000000f9f9500000)]
  0x0000021c6e832ca0 JavaThread "Notification Thread" daemon [_thread_blocked, id=388, stack(0x000000f9f9600000,0x000000f9f9700000)]
  0x0000021c6f0173a0 JavaThread "Active Thread: Equinox Container: 2af09ce4-856d-4bef-8c29-b7e15da65647" [_thread_blocked, id=13396, stack(0x000000f9f9f00000,0x000000f9fa000000)]
  0x0000021c6f380980 JavaThread "Framework Event Dispatcher: Equinox Container: 2af09ce4-856d-4bef-8c29-b7e15da65647" daemon [_thread_blocked, id=12092, stack(0x000000f9fa000000,0x000000f9fa100000)]
  0x0000021c6f286ca0 JavaThread "Start Level: Equinox Container: 2af09ce4-856d-4bef-8c29-b7e15da65647" daemon [_thread_blocked, id=18512, stack(0x000000f9fa100000,0x000000f9fa200000)]
  0x0000021c6f253930 JavaThread "SCR Component Actor" daemon [_thread_blocked, id=18760, stack(0x000000f9fa200000,0x000000f9fa300000)]
  0x0000021c6f2acc50 JavaThread "SCR Component Registry" daemon [_thread_blocked, id=6320, stack(0x000000f9fa400000,0x000000f9fa500000)]
  0x0000021c6f4d6070 JavaThread "Worker-JM" [_thread_blocked, id=18236, stack(0x000000f9fa500000,0x000000f9fa600000)]
  0x0000021c6f4d5140 JavaThread "Worker-0" [_thread_blocked, id=15004, stack(0x000000f9fa800000,0x000000f9fa900000)]
=>0x0000021c6f4d4c30 JavaThread "Worker-1: Initialize Workspace" [_thread_in_vm, id=4564, stack(0x000000f9fa900000,0x000000f9faa00000)]
  0x0000021c6f41fe80 JavaThread "C2 CompilerThread1" daemon [_thread_blocked, id=17672, stack(0x000000f9f9500000,0x000000f9f9600000)]
  0x0000021c6f4d5b60 JavaThread "JNA Cleaner" daemon [_thread_blocked, id=13244, stack(0x000000f9faa00000,0x000000f9fab00000)]
  0x0000021c6f4d3d00 JavaThread "pool-2-thread-1" [_thread_blocked, id=13168, stack(0x000000f9f9800000,0x000000f9f9900000)]
  0x0000021c6f4d2dd0 JavaThread "WorkspaceEventsHandler" [_thread_blocked, id=17492, stack(0x000000f9fab00000,0x000000f9fac00000)]
  0x0000021c6f4d32e0 JavaThread "pool-1-thread-1" [_thread_blocked, id=14364, stack(0x000000f9fac00000,0x000000f9fad00000)]

Other Threads:
  0x0000021c6d073a50 VMThread "VM Thread" [stack: 0x000000f9f8a00000,0x000000f9f8b00000] [id=12632]
  0x0000021c6e8c6590 WatcherThread [stack: 0x000000f9f9700000,0x000000f9f9800000] [id=1372]
  0x0000021c540b2120 GCTaskThread "GC Thread#0" [stack: 0x000000f9f8900000,0x000000f9f8a00000] [id=14668]
  0x0000021c6ec33f30 GCTaskThread "GC Thread#1" [stack: 0x000000f9f9900000,0x000000f9f9a00000] [id=4900]
  0x0000021c6eaa3710 GCTaskThread "GC Thread#2" [stack: 0x000000f9f9a00000,0x000000f9f9b00000] [id=17988]
  0x0000021c6ec382b0 GCTaskThread "GC Thread#3" [stack: 0x000000f9f9b00000,0x000000f9f9c00000] [id=10564]
  0x0000021c6ec38570 GCTaskThread "GC Thread#4" [stack: 0x000000f9f9c00000,0x000000f9f9d00000] [id=17840]
  0x0000021c6ec38e40 GCTaskThread "GC Thread#5" [stack: 0x000000f9f9d00000,0x000000f9f9e00000] [id=6452]
  0x0000021c6ec39100 GCTaskThread "GC Thread#6" [stack: 0x000000f9f9e00000,0x000000f9f9f00000] [id=19428]
  0x0000021c6f2aa570 GCTaskThread "GC Thread#7" [stack: 0x000000f9fa300000,0x000000f9fa400000] [id=15856]
  0x0000021c6f3bea20 GCTaskThread "GC Thread#8" [stack: 0x000000f9fa600000,0x000000f9fa700000] [id=1476]
  0x0000021c6f3ae030 GCTaskThread "GC Thread#9" [stack: 0x000000f9fa700000,0x000000f9fa800000] [id=8708]

Threads with active compile tasks:

VM state: not at safepoint (normal execution)

VM Mutex/Monitor currently owned by a thread:  ([mutex/lock_event])
[0x0000021c51d9c460] Metaspace_lock - owner thread: 0x0000021c6f4d4c30

Heap address: 0x00000000c0000000, size: 1024 MB, Compressed Oops mode: 32-bit

CDS archive(s) not mapped
Compressed class space mapped at: 0x0000000100000000-0x0000000140000000, reserved size: 1073741824
Narrow klass base: 0x0000000000000000, Narrow klass shift: 3, Narrow klass range: 0x140000000

GC Precious Log:
 CPUs: 12 total, 12 available
 Memory: 7814M
 Large Page Support: Disabled
 NUMA Support: Disabled
 Compressed Oops: Enabled (32-bit)
 Alignments: Space 512K, Generation 512K, Heap 2M
 Heap Min Capacity: 100M
 Heap Initial Capacity: 100M
 Heap Max Capacity: 1G
 Pre-touch: Disabled
 Parallel Workers: 10

Heap:
 PSYoungGen      total 27136K, used 9683K [0x00000000eab00000, 0x00000000eca00000, 0x0000000100000000)
  eden space 23552K, 41% used [0x00000000eab00000,0x00000000eb474cf0,0x00000000ec200000)
  from space 3584K, 0% used [0x00000000ec200000,0x00000000ec200000,0x00000000ec580000)
  to   space 4096K, 0% used [0x00000000ec600000,0x00000000ec600000,0x00000000eca00000)
 ParOldGen       total 68608K, used 12770K [0x00000000c0000000, 0x00000000c4300000, 0x00000000eab00000)
  object space 68608K, 18% used [0x00000000c0000000,0x00000000c0c78a70,0x00000000c4300000)
 Metaspace       used 36107K, committed 36864K, reserved 1114112K
  class space    used 3662K, committed 4032K, reserved 1048576K

Card table byte_map: [0x0000021c53a30000,0x0000021c53c40000] _byte_map_base: 0x0000021c53430000

Marking Bits: (ParMarkBitMap*) 0x00007ffd680bd7d0
 Begin Bits: [0x0000021c65d30000, 0x0000021c66d30000)
 End Bits:   [0x0000021c66d30000, 0x0000021c67d30000)

Polling page: 0x0000021c52050000

Metaspace:

Usage:
  Non-class:     31.68 MB used.
      Class:      3.58 MB used.
       Both:     35.26 MB used.

Virtual space:
  Non-class space:       64.00 MB reserved,      32.06 MB ( 50%) committed,  1 nodes.
      Class space:        1.00 GB reserved,       3.94 MB ( <1%) committed,  1 nodes.
             Both:        1.06 GB reserved,      36.00 MB (  3%) committed. 

Chunk freelists:
   Non-Class:  15.80 MB
       Class:  12.10 MB
        Both:  27.89 MB

MaxMetaspaceSize: unlimited
CompressedClassSpaceSize: 1.00 GB
Initial GC threshold: 21.00 MB
Current GC threshold: 58.38 MB
CDS: off
MetaspaceReclaimPolicy: balanced
 - commit_granule_bytes: 65536.
 - commit_granule_words: 8192.
 - virtual_space_node_default_size: 8388608.
 - enlarge_chunks_in_place: 1.
 - new_chunks_are_fully_committed: 0.
 - uncommit_free_chunks: 1.
 - use_allocation_guard: 0.
 - handle_deallocations: 1.


Internal statistics:

num_allocs_failed_limit: 6.
num_arena_births: 362.
num_arena_deaths: 14.
num_vsnodes_births: 2.
num_vsnodes_deaths: 0.
num_space_committed: 576.
num_space_uncommitted: 0.
num_chunks_returned_to_freelist: 20.
num_chunks_taken_from_freelist: 1473.
num_chunk_merges: 8.
num_chunk_splits: 945.
num_chunks_enlarged: 620.
num_inconsistent_stats: 0.

CodeHeap 'non-profiled nmethods': size=120000Kb used=1506Kb max_used=1506Kb free=118493Kb
 bounds [0x0000021c5e800000, 0x0000021c5ea70000, 0x0000021c65d30000]
CodeHeap 'profiled nmethods': size=120000Kb used=6792Kb max_used=6792Kb free=113207Kb
 bounds [0x0000021c56d30000, 0x0000021c573e0000, 0x0000021c5e260000]
CodeHeap 'non-nmethods': size=5760Kb used=1269Kb max_used=1300Kb free=4490Kb
 bounds [0x0000021c5e260000, 0x0000021c5e4d0000, 0x0000021c5e800000]
 total_blobs=3964 nmethods=3374 adapters=503
 compilation: enabled
              stopped_count=0, restarted_count=0
 full_count=0

Compilation events (20 events):
Event: 3.588 Thread 0x0000021c6d0a70f0 nmethod 3362 0x0000021c573c9390 code [0x0000021c573c9520, 0x0000021c573c9668]
Event: 3.588 Thread 0x0000021c6d0a70f0 3363       3       java.util.stream.StreamSpliterators$WrappingSpliterator::initPartialTraversalState (46 bytes)
Event: 3.588 Thread 0x0000021c6d0a70f0 nmethod 3363 0x0000021c573c9710 code [0x0000021c573c9980, 0x0000021c573ca608]
Event: 3.588 Thread 0x0000021c6d0a70f0 3364       3       jdk.internal.jrtfs.JrtFileSystemProvider::newDirectoryStream (9 bytes)
Event: 3.589 Thread 0x0000021c6d0a70f0 nmethod 3364 0x0000021c573caa90 code [0x0000021c573caca0, 0x0000021c573cb348]
Event: 3.589 Thread 0x0000021c6d0a70f0 3350       3       jdk.internal.jrtfs.JrtFileAttributes::fileKey (9 bytes)
Event: 3.589 Thread 0x0000021c6d0a70f0 nmethod 3350 0x0000021c573cb590 code [0x0000021c573cb740, 0x0000021c573cb908]
Event: 3.589 Thread 0x0000021c6d0a70f0 3366       3       java.util.ArrayDeque::pop (5 bytes)
Event: 3.589 Thread 0x0000021c6d0a70f0 nmethod 3366 0x0000021c573cba10 code [0x0000021c573cbbe0, 0x0000021c573cbe78]
Event: 3.589 Thread 0x0000021c6d0a70f0 3367       3       java.util.ArrayDeque::removeFirst (19 bytes)
Event: 3.589 Thread 0x0000021c6d0a70f0 nmethod 3367 0x0000021c573cbf90 code [0x0000021c573cc140, 0x0000021c573cc398]
Event: 3.589 Thread 0x0000021c6d0a70f0 3368       3       java.util.Collections$UnmodifiableCollection::stream (10 bytes)
Event: 3.589 Thread 0x0000021c6d0a70f0 nmethod 3368 0x0000021c573cc490 code [0x0000021c573cc640, 0x0000021c573cc808]
Event: 3.589 Thread 0x0000021c6d0a70f0 3369       3       jdk.internal.jrtfs.JrtDirectoryStream::<init> (39 bytes)
Event: 3.590 Thread 0x0000021c6d0a70f0 nmethod 3369 0x0000021c573cc910 code [0x0000021c573ccb20, 0x0000021c573cd1f8]
Event: 3.590 Thread 0x0000021c6d0a70f0 3370       3       jdk.internal.jrtfs.JrtFileSystem::isDirectory (33 bytes)
Event: 3.590 Thread 0x0000021c6d0a70f0 nmethod 3370 0x0000021c573cd490 code [0x0000021c573cd680, 0x0000021c573cdb48]
Event: 3.590 Thread 0x0000021c6d0a70f0 3371  s!   3       jdk.internal.jrtfs.JrtDirectoryStream::iterator (76 bytes)
Event: 3.590 Thread 0x0000021c6d0a70f0 nmethod 3371 0x0000021c573cdd10 code [0x0000021c573cdf20, 0x0000021c573ce598]
Event: 3.590 Thread 0x0000021c6d0a70f0 3372       3       jdk.internal.jrtfs.JrtFileSystem::iteratorOf (98 bytes)

GC Heap History (20 events):
Event: 1.122 GC heap before
{Heap before GC invocations=2 (full 0):
 PSYoungGen      total 29696K, used 28797K [0x00000000eab00000, 0x00000000ecc00000, 0x0000000100000000)
  eden space 25600K, 100% used [0x00000000eab00000,0x00000000ec400000,0x00000000ec400000)
  from space 4096K, 78% used [0x00000000ec400000,0x00000000ec71f5a8,0x00000000ec800000)
  to   space 4096K, 0% used [0x00000000ec800000,0x00000000ec800000,0x00000000ecc00000)
 ParOldGen       total 68608K, used 16K [0x00000000c0000000, 0x00000000c4300000, 0x00000000eab00000)
  object space 68608K, 0% used [0x00000000c0000000,0x00000000c0004000,0x00000000c4300000)
 Metaspace       used 15037K, committed 15296K, reserved 1114112K
  class space    used 1529K, committed 1664K, reserved 1048576K
}
Event: 1.126 GC heap after
{Heap after GC invocations=2 (full 0):
 PSYoungGen      total 29696K, used 4093K [0x00000000eab00000, 0x00000000ecc00000, 0x0000000100000000)
  eden space 25600K, 0% used [0x00000000eab00000,0x00000000eab00000,0x00000000ec400000)
  from space 4096K, 99% used [0x00000000ec800000,0x00000000ecbff5a8,0x00000000ecc00000)
  to   space 4096K, 0% used [0x00000000ec400000,0x00000000ec400000,0x00000000ec800000)
 ParOldGen       total 68608K, used 758K [0x00000000c0000000, 0x00000000c4300000, 0x00000000eab00000)
  object space 68608K, 1% used [0x00000000c0000000,0x00000000c00bd810,0x00000000c4300000)
 Metaspace       used 15037K, committed 15296K, reserved 1114112K
  class space    used 1529K, committed 1664K, reserved 1048576K
}
Event: 1.584 GC heap before
{Heap before GC invocations=3 (full 0):
 PSYoungGen      total 29696K, used 29693K [0x00000000eab00000, 0x00000000ecc00000, 0x0000000100000000)
  eden space 25600K, 100% used [0x00000000eab00000,0x00000000ec400000,0x00000000ec400000)
  from space 4096K, 99% used [0x00000000ec800000,0x00000000ecbff5a8,0x00000000ecc00000)
  to   space 4096K, 0% used [0x00000000ec400000,0x00000000ec400000,0x00000000ec800000)
 ParOldGen       total 68608K, used 758K [0x00000000c0000000, 0x00000000c4300000, 0x00000000eab00000)
  object space 68608K, 1% used [0x00000000c0000000,0x00000000c00bd810,0x00000000c4300000)
 Metaspace       used 20092K, committed 20544K, reserved 1114112K
  class space    used 2048K, committed 2240K, reserved 1048576K
}
Event: 1.588 GC heap after
{Heap after GC invocations=3 (full 0):
 PSYoungGen      total 29696K, used 4073K [0x00000000eab00000, 0x00000000ecc00000, 0x0000000100000000)
  eden space 25600K, 0% used [0x00000000eab00000,0x00000000eab00000,0x00000000ec400000)
  from space 4096K, 99% used [0x00000000ec400000,0x00000000ec7fa670,0x00000000ec800000)
  to   space 4096K, 0% used [0x00000000ec800000,0x00000000ec800000,0x00000000ecc00000)
 ParOldGen       total 68608K, used 2558K [0x00000000c0000000, 0x00000000c4300000, 0x00000000eab00000)
  object space 68608K, 3% used [0x00000000c0000000,0x00000000c027fa30,0x00000000c4300000)
 Metaspace       used 20092K, committed 20544K, reserved 1114112K
  class space    used 2048K, committed 2240K, reserved 1048576K
}
Event: 1.684 GC heap before
{Heap before GC invocations=4 (full 0):
 PSYoungGen      total 29696K, used 10411K [0x00000000eab00000, 0x00000000ecc00000, 0x0000000100000000)
  eden space 25600K, 24% used [0x00000000eab00000,0x00000000eb1305b0,0x00000000ec400000)
  from space 4096K, 99% used [0x00000000ec400000,0x00000000ec7fa670,0x00000000ec800000)
  to   space 4096K, 0% used [0x00000000ec800000,0x00000000ec800000,0x00000000ecc00000)
 ParOldGen       total 68608K, used 2558K [0x00000000c0000000, 0x00000000c4300000, 0x00000000eab00000)
  object space 68608K, 3% used [0x00000000c0000000,0x00000000c027fa30,0x00000000c4300000)
 Metaspace       used 21106K, committed 21504K, reserved 1114112K
  class space    used 2165K, committed 2368K, reserved 1048576K
}
Event: 1.686 GC heap after
{Heap after GC invocations=4 (full 0):
 PSYoungGen      total 29696K, used 4095K [0x00000000eab00000, 0x00000000ecc00000, 0x0000000100000000)
  eden space 25600K, 0% used [0x00000000eab00000,0x00000000eab00000,0x00000000ec400000)
  from space 4096K, 99% used [0x00000000ec800000,0x00000000ecbffed0,0x00000000ecc00000)
  to   space 4096K, 0% used [0x00000000ec400000,0x00000000ec400000,0x00000000ec800000)
 ParOldGen       total 68608K, used 2742K [0x00000000c0000000, 0x00000000c4300000, 0x00000000eab00000)
  object space 68608K, 3% used [0x00000000c0000000,0x00000000c02ada30,0x00000000c4300000)
 Metaspace       used 21106K, committed 21504K, reserved 1114112K
  class space    used 2165K, committed 2368K, reserved 1048576K
}
Event: 1.686 GC heap before
{Heap before GC invocations=5 (full 1):
 PSYoungGen      total 29696K, used 4095K [0x00000000eab00000, 0x00000000ecc00000, 0x0000000100000000)
  eden space 25600K, 0% used [0x00000000eab00000,0x00000000eab00000,0x00000000ec400000)
  from space 4096K, 99% used [0x00000000ec800000,0x00000000ecbffed0,0x00000000ecc00000)
  to   space 4096K, 0% used [0x00000000ec400000,0x00000000ec400000,0x00000000ec800000)
 ParOldGen       total 68608K, used 2742K [0x00000000c0000000, 0x00000000c4300000, 0x00000000eab00000)
  object space 68608K, 3% used [0x00000000c0000000,0x00000000c02ada30,0x00000000c4300000)
 Metaspace       used 21106K, committed 21504K, reserved 1114112K
  class space    used 2165K, committed 2368K, reserved 1048576K
}
Event: 1.699 GC heap after
{Heap after GC invocations=5 (full 1):
 PSYoungGen      total 29696K, used 0K [0x00000000eab00000, 0x00000000ecc00000, 0x0000000100000000)
  eden space 25600K, 0% used [0x00000000eab00000,0x00000000eab00000,0x00000000ec400000)
  from space 4096K, 0% used [0x00000000ec800000,0x00000000ec800000,0x00000000ecc00000)
  to   space 4096K, 0% used [0x00000000ec400000,0x00000000ec400000,0x00000000ec800000)
 ParOldGen       total 68608K, used 6620K [0x00000000c0000000, 0x00000000c4300000, 0x00000000eab00000)
  object space 68608K, 9% used [0x00000000c0000000,0x00000000c06773e0,0x00000000c4300000)
 Metaspace       used 21093K, committed 21504K, reserved 1114112K
  class space    used 2162K, committed 2368K, reserved 1048576K
}
Event: 1.865 GC heap before
{Heap before GC invocations=6 (full 1):
 PSYoungGen      total 29696K, used 25600K [0x00000000eab00000, 0x00000000ecc00000, 0x0000000100000000)
  eden space 25600K, 100% used [0x00000000eab00000,0x00000000ec400000,0x00000000ec400000)
  from space 4096K, 0% used [0x00000000ec800000,0x00000000ec800000,0x00000000ecc00000)
  to   space 4096K, 0% used [0x00000000ec400000,0x00000000ec400000,0x00000000ec800000)
 ParOldGen       total 68608K, used 6620K [0x00000000c0000000, 0x00000000c4300000, 0x00000000eab00000)
  object space 68608K, 9% used [0x00000000c0000000,0x00000000c06773e0,0x00000000c4300000)
 Metaspace       used 24196K, committed 24640K, reserved 1114112K
  class space    used 2377K, committed 2560K, reserved 1048576K
}
Event: 1.866 GC heap after
{Heap after GC invocations=6 (full 1):
 PSYoungGen      total 26112K, used 690K [0x00000000eab00000, 0x00000000ec880000, 0x0000000100000000)
  eden space 25088K, 0% used [0x00000000eab00000,0x00000000eab00000,0x00000000ec380000)
  from space 1024K, 67% used [0x00000000ec400000,0x00000000ec4acac0,0x00000000ec500000)
  to   space 2560K, 0% used [0x00000000ec600000,0x00000000ec600000,0x00000000ec880000)
 ParOldGen       total 68608K, used 6620K [0x00000000c0000000, 0x00000000c4300000, 0x00000000eab00000)
  object space 68608K, 9% used [0x00000000c0000000,0x00000000c06773e0,0x00000000c4300000)
 Metaspace       used 24196K, committed 24640K, reserved 1114112K
  class space    used 2377K, committed 2560K, reserved 1048576K
}
Event: 2.045 GC heap before
{Heap before GC invocations=7 (full 1):
 PSYoungGen      total 26112K, used 25778K [0x00000000eab00000, 0x00000000ec880000, 0x0000000100000000)
  eden space 25088K, 100% used [0x00000000eab00000,0x00000000ec380000,0x00000000ec380000)
  from space 1024K, 67% used [0x00000000ec400000,0x00000000ec4acac0,0x00000000ec500000)
  to   space 2560K, 0% used [0x00000000ec600000,0x00000000ec600000,0x00000000ec880000)
 ParOldGen       total 68608K, used 6620K [0x00000000c0000000, 0x00000000c4300000, 0x00000000eab00000)
  object space 68608K, 9% used [0x00000000c0000000,0x00000000c06773e0,0x00000000c4300000)
 Metaspace       used 26624K, committed 27072K, reserved 1114112K
  class space    used 2568K, committed 2752K, reserved 1048576K
}
Event: 2.046 GC heap after
{Heap after GC invocations=7 (full 1):
 PSYoungGen      total 27136K, used 2550K [0x00000000eab00000, 0x00000000ec900000, 0x0000000100000000)
  eden space 24576K, 0% used [0x00000000eab00000,0x00000000eab00000,0x00000000ec300000)
  from space 2560K, 99% used [0x00000000ec600000,0x00000000ec87d9c0,0x00000000ec880000)
  to   space 3072K, 0% used [0x00000000ec300000,0x00000000ec300000,0x00000000ec600000)
 ParOldGen       total 68608K, used 6628K [0x00000000c0000000, 0x00000000c4300000, 0x00000000eab00000)
  object space 68608K, 9% used [0x00000000c0000000,0x00000000c06793e0,0x00000000c4300000)
 Metaspace       used 26624K, committed 27072K, reserved 1114112K
  class space    used 2568K, committed 2752K, reserved 1048576K
}
Event: 2.887 GC heap before
{Heap before GC invocations=8 (full 1):
 PSYoungGen      total 27136K, used 27126K [0x00000000eab00000, 0x00000000ec900000, 0x0000000100000000)
  eden space 24576K, 100% used [0x00000000eab00000,0x00000000ec300000,0x00000000ec300000)
  from space 2560K, 99% used [0x00000000ec600000,0x00000000ec87d9c0,0x00000000ec880000)
  to   space 3072K, 0% used [0x00000000ec300000,0x00000000ec300000,0x00000000ec600000)
 ParOldGen       total 68608K, used 6628K [0x00000000c0000000, 0x00000000c4300000, 0x00000000eab00000)
  object space 68608K, 9% used [0x00000000c0000000,0x00000000c06793e0,0x00000000c4300000)
 Metaspace       used 30829K, committed 31360K, reserved 1114112K
  class space    used 3017K, committed 3264K, reserved 1048576K
}
Event: 2.890 GC heap after
{Heap after GC invocations=8 (full 1):
 PSYoungGen      total 27136K, used 3044K [0x00000000eab00000, 0x00000000ecc80000, 0x0000000100000000)
  eden space 24064K, 0% used [0x00000000eab00000,0x00000000eab00000,0x00000000ec280000)
  from space 3072K, 99% used [0x00000000ec300000,0x00000000ec5f90d8,0x00000000ec600000)
  to   space 5120K, 0% used [0x00000000ec780000,0x00000000ec780000,0x00000000ecc80000)
 ParOldGen       total 68608K, used 8221K [0x00000000c0000000, 0x00000000c4300000, 0x00000000eab00000)
  object space 68608K, 11% used [0x00000000c0000000,0x00000000c0807488,0x00000000c4300000)
 Metaspace       used 30829K, committed 31360K, reserved 1114112K
  class space    used 3017K, committed 3264K, reserved 1048576K
}
Event: 3.433 GC heap before
{Heap before GC invocations=9 (full 1):
 PSYoungGen      total 27136K, used 27108K [0x00000000eab00000, 0x00000000ecc80000, 0x0000000100000000)
  eden space 24064K, 100% used [0x00000000eab00000,0x00000000ec280000,0x00000000ec280000)
  from space 3072K, 99% used [0x00000000ec300000,0x00000000ec5f90d8,0x00000000ec600000)
  to   space 5120K, 0% used [0x00000000ec780000,0x00000000ec780000,0x00000000ecc80000)
 ParOldGen       total 68608K, used 8221K [0x00000000c0000000, 0x00000000c4300000, 0x00000000eab00000)
  object space 68608K, 11% used [0x00000000c0000000,0x00000000c0807488,0x00000000c4300000)
 Metaspace       used 34797K, committed 35392K, reserved 1114112K
  class space    used 3507K, committed 3776K, reserved 1048576K
}
Event: 3.437 GC heap after
{Heap after GC invocations=9 (full 1):
 PSYoungGen      total 28160K, used 4559K [0x00000000eab00000, 0x00000000ecc00000, 0x0000000100000000)
  eden space 23552K, 0% used [0x00000000eab00000,0x00000000eab00000,0x00000000ec200000)
  from space 4608K, 98% used [0x00000000ec780000,0x00000000ecbf3ed8,0x00000000ecc00000)
  to   space 5120K, 0% used [0x00000000ec200000,0x00000000ec200000,0x00000000ec700000)
 ParOldGen       total 68608K, used 8229K [0x00000000c0000000, 0x00000000c4300000, 0x00000000eab00000)
  object space 68608K, 11% used [0x00000000c0000000,0x00000000c0809488,0x00000000c4300000)
 Metaspace       used 34797K, committed 35392K, reserved 1114112K
  class space    used 3507K, committed 3776K, reserved 1048576K
}
Event: 3.472 GC heap before
{Heap before GC invocations=10 (full 1):
 PSYoungGen      total 28160K, used 7576K [0x00000000eab00000, 0x00000000ecc00000, 0x0000000100000000)
  eden space 23552K, 12% used [0x00000000eab00000,0x00000000eadf2170,0x00000000ec200000)
  from space 4608K, 98% used [0x00000000ec780000,0x00000000ecbf3ed8,0x00000000ecc00000)
  to   space 5120K, 0% used [0x00000000ec200000,0x00000000ec200000,0x00000000ec700000)
 ParOldGen       total 68608K, used 8229K [0x00000000c0000000, 0x00000000c4300000, 0x00000000eab00000)
  object space 68608K, 11% used [0x00000000c0000000,0x00000000c0809488,0x00000000c4300000)
 Metaspace       used 35187K, committed 35840K, reserved 1114112K
  class space    used 3560K, committed 3840K, reserved 1048576K
}
Event: 3.474 GC heap after
{Heap after GC invocations=10 (full 1):
 PSYoungGen      total 27136K, used 3422K [0x00000000eab00000, 0x00000000eca00000, 0x0000000100000000)
  eden space 23552K, 0% used [0x00000000eab00000,0x00000000eab00000,0x00000000ec200000)
  from space 3584K, 95% used [0x00000000ec200000,0x00000000ec557808,0x00000000ec580000)
  to   space 4096K, 0% used [0x00000000ec600000,0x00000000ec600000,0x00000000eca00000)
 ParOldGen       total 68608K, used 9723K [0x00000000c0000000, 0x00000000c4300000, 0x00000000eab00000)
  object space 68608K, 14% used [0x00000000c0000000,0x00000000c097ed38,0x00000000c4300000)
 Metaspace       used 35187K, committed 35840K, reserved 1114112K
  class space    used 3560K, committed 3840K, reserved 1048576K
}
Event: 3.474 GC heap before
{Heap before GC invocations=11 (full 2):
 PSYoungGen      total 27136K, used 3422K [0x00000000eab00000, 0x00000000eca00000, 0x0000000100000000)
  eden space 23552K, 0% used [0x00000000eab00000,0x00000000eab00000,0x00000000ec200000)
  from space 3584K, 95% used [0x00000000ec200000,0x00000000ec557808,0x00000000ec580000)
  to   space 4096K, 0% used [0x00000000ec600000,0x00000000ec600000,0x00000000eca00000)
 ParOldGen       total 68608K, used 9723K [0x00000000c0000000, 0x00000000c4300000, 0x00000000eab00000)
  object space 68608K, 14% used [0x00000000c0000000,0x00000000c097ed38,0x00000000c4300000)
 Metaspace       used 35187K, committed 35840K, reserved 1114112K
  class space    used 3560K, committed 3840K, reserved 1048576K
}
Event: 3.490 GC heap after
{Heap after GC invocations=11 (full 2):
 PSYoungGen      total 27136K, used 0K [0x00000000eab00000, 0x00000000eca00000, 0x0000000100000000)
  eden space 23552K, 0% used [0x00000000eab00000,0x00000000eab00000,0x00000000ec200000)
  from space 3584K, 0% used [0x00000000ec200000,0x00000000ec200000,0x00000000ec580000)
  to   space 4096K, 0% used [0x00000000ec600000,0x00000000ec600000,0x00000000eca00000)
 ParOldGen       total 68608K, used 12770K [0x00000000c0000000, 0x00000000c4300000, 0x00000000eab00000)
  object space 68608K, 18% used [0x00000000c0000000,0x00000000c0c78a70,0x00000000c4300000)
 Metaspace       used 35187K, committed 35840K, reserved 1114112K
  class space    used 3560K, committed 3840K, reserved 1048576K
}

Dll operation events (10 events):
Event: 0.006 Loaded shared library c:\Users\USER\.vscode\extensions\redhat.java-1.28.1-win32-x64\jre\17.0.10-win32-x86_64\bin\java.dll
Event: 0.089 Loaded shared library c:\Users\USER\.vscode\extensions\redhat.java-1.28.1-win32-x64\jre\17.0.10-win32-x86_64\bin\zip.dll
Event: 0.091 Loaded shared library C:\Users\USER\.vscode\extensions\redhat.java-1.28.1-win32-x64\jre\17.0.10-win32-x86_64\bin\instrument.dll
Event: 0.100 Loaded shared library C:\Users\USER\.vscode\extensions\redhat.java-1.28.1-win32-x64\jre\17.0.10-win32-x86_64\bin\net.dll
Event: 0.102 Loaded shared library C:\Users\USER\.vscode\extensions\redhat.java-1.28.1-win32-x64\jre\17.0.10-win32-x86_64\bin\nio.dll
Event: 0.106 Loaded shared library C:\Users\USER\.vscode\extensions\redhat.java-1.28.1-win32-x64\jre\17.0.10-win32-x86_64\bin\zip.dll
Event: 0.114 Loaded shared library C:\Users\USER\.vscode\extensions\redhat.java-1.28.1-win32-x64\jre\17.0.10-win32-x86_64\bin\jimage.dll
Event: 0.145 Loaded shared library c:\Users\USER\.vscode\extensions\redhat.java-1.28.1-win32-x64\jre\17.0.10-win32-x86_64\bin\verify.dll
Event: 1.000 Loaded shared library C:\Users\USER\AppData\Roaming\Code\User\globalStorage\redhat.java\1.28.1\config_ss_win\org.eclipse.equinox.launcher\org.eclipse.equinox.launcher.win32.win32.x86_64_1.2.900.v20240129-1338\eclipse_11900.dll
Event: 3.026 Loaded shared library C:\Users\USER\AppData\Local\Temp\jna-2614219\jna14159466468025504560.dll

Deoptimization events (20 events):
Event: 3.349 Thread 0x0000021c5409d0a0 Uncommon trap: trap_request=0xffffff45 fr.pc=0x0000021c5e955c5c relative=0x0000000000004edc
Event: 3.349 Thread 0x0000021c5409d0a0 Uncommon trap: reason=unstable_if action=reinterpret pc=0x0000021c5e955c5c method=jdk.internal.org.objectweb.asm.Frame.execute(IILjdk/internal/org/objectweb/asm/Symbol;Ljdk/internal/org/objectweb/asm/SymbolTable;)V @ 1 c2
Event: 3.349 Thread 0x0000021c5409d0a0 DEOPT PACKING pc=0x0000021c5e955c5c sp=0x000000f9f88fdb00
Event: 3.349 Thread 0x0000021c5409d0a0 DEOPT UNPACKING pc=0x0000021c5e2b66a3 sp=0x000000f9f88fdaa8 mode 2
Event: 3.349 Thread 0x0000021c5409d0a0 Uncommon trap: trap_request=0xffffff45 fr.pc=0x0000021c5e8c2a34 relative=0x0000000000000114
Event: 3.349 Thread 0x0000021c5409d0a0 Uncommon trap: reason=unstable_if action=reinterpret pc=0x0000021c5e8c2a34 method=jdk.internal.org.objectweb.asm.SymbolTable.put(Ljdk/internal/org/objectweb/asm/SymbolTable$Entry;)Ljdk/internal/org/objectweb/asm/SymbolTable$Entry; @ 13 c2
Event: 3.349 Thread 0x0000021c5409d0a0 DEOPT PACKING pc=0x0000021c5e8c2a34 sp=0x000000f9f88fdad0
Event: 3.349 Thread 0x0000021c5409d0a0 DEOPT UNPACKING pc=0x0000021c5e2b66a3 sp=0x000000f9f88fda30 mode 2
Event: 3.363 Thread 0x0000021c5409d0a0 Uncommon trap: trap_request=0xffffff45 fr.pc=0x0000021c5e82c0c8 relative=0x0000000000000048
Event: 3.363 Thread 0x0000021c5409d0a0 Uncommon trap: reason=unstable_if action=reinterpret pc=0x0000021c5e82c0c8 method=java.lang.CharacterData.of(I)Ljava/lang/CharacterData; @ 4 c2
Event: 3.363 Thread 0x0000021c5409d0a0 DEOPT PACKING pc=0x0000021c5e82c0c8 sp=0x000000f9f88fd570
Event: 3.363 Thread 0x0000021c5409d0a0 DEOPT UNPACKING pc=0x0000021c5e2b66a3 sp=0x000000f9f88fd508 mode 2
Event: 3.367 Thread 0x0000021c5409d0a0 Uncommon trap: trap_request=0xffffff45 fr.pc=0x0000021c5e81997c relative=0x000000000000035c
Event: 3.367 Thread 0x0000021c5409d0a0 Uncommon trap: reason=unstable_if action=reinterpret pc=0x0000021c5e81997c method=java.lang.StringLatin1.canEncode(I)Z @ 4 c2
Event: 3.367 Thread 0x0000021c5409d0a0 DEOPT PACKING pc=0x0000021c5e81997c sp=0x000000f9f88fdde0
Event: 3.367 Thread 0x0000021c5409d0a0 DEOPT UNPACKING pc=0x0000021c5e2b66a3 sp=0x000000f9f88fdd08 mode 2
Event: 3.367 Thread 0x0000021c5409d0a0 Uncommon trap: trap_request=0xffffff45 fr.pc=0x0000021c5e81a25c relative=0x000000000000033c
Event: 3.367 Thread 0x0000021c5409d0a0 Uncommon trap: reason=unstable_if action=reinterpret pc=0x0000021c5e81a25c method=java.lang.AbstractStringBuilder.isLatin1()Z @ 10 c2
Event: 3.367 Thread 0x0000021c5409d0a0 DEOPT PACKING pc=0x0000021c5e81a25c sp=0x000000f9f88fddf0
Event: 3.367 Thread 0x0000021c5409d0a0 DEOPT UNPACKING pc=0x0000021c5e2b66a3 sp=0x000000f9f88fdd70 mode 2

Classes unloaded (7 events):
Event: 1.688 Thread 0x0000021c6d073a50 Unloading class 0x000000010021a400 'java/lang/invoke/LambdaForm$MH+0x000000010021a400'
Event: 1.688 Thread 0x0000021c6d073a50 Unloading class 0x000000010021a000 'java/lang/invoke/LambdaForm$MH+0x000000010021a000'
Event: 1.688 Thread 0x0000021c6d073a50 Unloading class 0x0000000100219c00 'java/lang/invoke/LambdaForm$MH+0x0000000100219c00'
Event: 1.688 Thread 0x0000021c6d073a50 Unloading class 0x0000000100219800 'java/lang/invoke/LambdaForm$MH+0x0000000100219800'
Event: 1.688 Thread 0x0000021c6d073a50 Unloading class 0x0000000100219400 'java/lang/invoke/LambdaForm$BMH+0x0000000100219400'
Event: 1.688 Thread 0x0000021c6d073a50 Unloading class 0x0000000100219000 'java/lang/invoke/LambdaForm$DMH+0x0000000100219000'
Event: 1.688 Thread 0x0000021c6d073a50 Unloading class 0x0000000100214400 'java/lang/invoke/LambdaForm$DMH+0x0000000100214400'

Classes redefined (0 events):
No events

Internal exceptions (20 events):
Event: 2.752 Thread 0x0000021c6f286ca0 Implicit null exception at 0x0000021c5e8d1680 to 0x0000021c5e8d2328
Event: 2.785 Thread 0x0000021c6f286ca0 Exception <a 'java/lang/ClassNotFoundException'{0x00000000ebc4d690}: com/sun/org/apache/xml/internal/serializer/spi/XMLEntitiesProvider> (0x00000000ebc4d690) 
thrown [s\src\hotspot\share\classfile\systemDictionary.cpp, line 256]
Event: 2.908 Thread 0x0000021c6f286ca0 Exception <a 'java/io/FileNotFoundException'{0x00000000eab81ec0}> (0x00000000eab81ec0) 
thrown [s\src\hotspot\share\prims\jni.cpp, line 516]
Event: 3.057 Thread 0x0000021c6f286ca0 Exception <a 'java/lang/UnsatisfiedLinkError'{0x00000000eaf505a8}: The specified procedure could not be found.
> (0x00000000eaf505a8) 
thrown [s\src\hotspot\share\prims\jni.cpp, line 535]
Event: 3.064 Thread 0x0000021c6f286ca0 Exception <a 'java/io/FileNotFoundException'{0x00000000eaf750d0}> (0x00000000eaf750d0) 
thrown [s\src\hotspot\share\prims\jni.cpp, line 516]
Event: 3.075 Thread 0x0000021c6f286ca0 Exception <a 'java/io/FileNotFoundException'{0x00000000eafee0a0}> (0x00000000eafee0a0) 
thrown [s\src\hotspot\share\prims\jni.cpp, line 516]
Event: 3.085 Thread 0x0000021c6f286ca0 Exception <a 'java/lang/UnsatisfiedLinkError'{0x00000000eb07d300}: The specified procedure could not be found.
> (0x00000000eb07d300) 
thrown [s\src\hotspot\share\prims\jni.cpp, line 535]
Event: 3.127 Thread 0x0000021c5409d0a0 Exception <a 'java/lang/NoSuchMethodError'{0x00000000eb2679e8}: 'java.lang.Object java.lang.invoke.DirectMethodHandle$Holder.invokeStatic(java.lang.Object, java.lang.Object, long, java.lang.Object)'> (0x00000000eb2679e8) 
thrown [s\src\hotspot\share\interpreter\linkResolver.cpp, line 759]
Event: 3.127 Thread 0x0000021c5409d0a0 Exception <a 'java/lang/NoSuchMethodError'{0x00000000eb26b9d8}: 'java.lang.Object java.lang.invoke.DirectMethodHandle$Holder.invokeStaticInit(java.lang.Object, java.lang.Object, long, java.lang.Object)'> (0x00000000eb26b9d8) 
thrown [s\src\hotspot\share\interpreter\linkResolver.cpp, line 759]
Event: 3.128 Thread 0x0000021c5409d0a0 Exception <a 'java/lang/NoSuchMethodError'{0x00000000eb271fe8}: 'java.lang.Object java.lang.invoke.DirectMethodHandle$Holder.newInvokeSpecial(java.lang.Object, java.lang.Object, long)'> (0x00000000eb271fe8) 
thrown [s\src\hotspot\share\interpreter\linkResolver.cpp, line 759]
Event: 3.192 Thread 0x0000021c5409d0a0 Exception <a 'java/lang/NoSuchMethodError'{0x00000000eb434140}: 'void java.lang.invoke.DirectMethodHandle$Holder.invokeStatic(java.lang.Object, java.lang.Object, java.lang.Object, java.lang.Object)'> (0x00000000eb434140) 
thrown [s\src\hotspot\share\interpreter\linkResolver.cpp, line 759]
Event: 3.343 Thread 0x0000021c5409d0a0 Exception <a 'java/lang/NoSuchMethodError'{0x00000000ebc8aaa0}: 'void java.lang.invoke.DirectMethodHandle$Holder.invokeSpecial(java.lang.Object, java.lang.Object, java.lang.Object, java.lang.Object, java.lang.Object, java.lang.Object)'> (0x00000000ebc8aaa0) 
thrown [s\src\hotspot\share\interpreter\linkResolver.cpp, line 759]
Event: 3.345 Thread 0x0000021c5409d0a0 Exception <a 'java/lang/IncompatibleClassChangeError'{0x00000000ebc94460}: Found class java.lang.Object, but interface was expected> (0x00000000ebc94460) 
thrown [s\src\hotspot\share\interpreter\linkResolver.cpp, line 826]
Event: 3.440 Thread 0x0000021c6f4d32e0 Exception <a 'java/io/FileNotFoundException'{0x00000000eab14310}> (0x00000000eab14310) 
thrown [s\src\hotspot\share\prims\jni.cpp, line 516]
Event: 3.460 Thread 0x0000021c6f4d32e0 Exception <a 'sun/nio/fs/WindowsException'{0x00000000eacec660}> (0x00000000eacec660) 
thrown [s\src\hotspot\share\prims\jni.cpp, line 516]
Event: 3.464 Thread 0x0000021c6f4d5140 Exception <a 'java/io/FileNotFoundException'{0x00000000ead19dc8}> (0x00000000ead19dc8) 
thrown [s\src\hotspot\share\prims\jni.cpp, line 516]
Event: 3.465 Thread 0x0000021c6f4d5140 Exception <a 'java/io/FileNotFoundException'{0x00000000ead1adc0}> (0x00000000ead1adc0) 
thrown [s\src\hotspot\share\prims\jni.cpp, line 516]
Event: 3.465 Thread 0x0000021c6f4d5140 Exception <a 'java/io/FileNotFoundException'{0x00000000ead1bb30}> (0x00000000ead1bb30) 
thrown [s\src\hotspot\share\prims\jni.cpp, line 516]
Event: 3.516 Thread 0x0000021c6f4d32e0 Exception <a 'java/lang/NoSuchMethodError'{0x00000000eae6cc60}: 'int java.lang.invoke.DirectMethodHandle$Holder.invokeVirtual(java.lang.Object, java.lang.Object)'> (0x00000000eae6cc60) 
thrown [s\src\hotspot\share\interpreter\linkResolver.cpp, line 759]
Event: 3.519 Thread 0x0000021c6f4d4c30 Exception <a 'java/lang/NoSuchMethodError'{0x00000000eaecabf0}: 'java.lang.Object java.lang.invoke.Invokers$Holder.invoke_MT(java.lang.Object, java.lang.Object, java.lang.Object)'> (0x00000000eaecabf0) 
thrown [s\src\hotspot\share\interpreter\linkResolver.cpp, line 759]

VM Operations (20 events):
Event: 2.887 Executing VM operation: ParallelGCFailedAllocation
Event: 2.890 Executing VM operation: ParallelGCFailedAllocation done
Event: 3.043 Executing VM operation: HandshakeAllThreads
Event: 3.043 Executing VM operation: HandshakeAllThreads done
Event: 3.364 Executing VM operation: HandshakeAllThreads
Event: 3.364 Executing VM operation: HandshakeAllThreads done
Event: 3.429 Executing VM operation: HandshakeAllThreads
Event: 3.429 Executing VM operation: HandshakeAllThreads done
Event: 3.433 Executing VM operation: ParallelGCFailedAllocation
Event: 3.437 Executing VM operation: ParallelGCFailedAllocation done
Event: 3.472 Executing VM operation: CollectForMetadataAllocation
Event: 3.490 Executing VM operation: CollectForMetadataAllocation done
Event: 3.502 Executing VM operation: HandshakeAllThreads
Event: 3.502 Executing VM operation: HandshakeAllThreads done
Event: 3.532 Executing VM operation: HandshakeAllThreads
Event: 3.532 Executing VM operation: HandshakeAllThreads done
Event: 3.532 Executing VM operation: HandshakeAllThreads
Event: 3.532 Executing VM operation: HandshakeAllThreads done
Event: 3.584 Executing VM operation: HandshakeAllThreads
Event: 3.584 Executing VM operation: HandshakeAllThreads done

Events (20 events):
Event: 3.527 loading class java/nio/file/FileVisitOption
Event: 3.527 loading class java/nio/file/FileVisitOption done
Event: 3.527 loading class java/nio/file/FileTreeWalker
Event: 3.527 loading class java/nio/file/FileTreeWalker done
Event: 3.527 loading class java/util/RegularEnumSet$EnumSetIterator
Event: 3.527 loading class java/util/RegularEnumSet$EnumSetIterator done
Event: 3.530 loading class java/nio/ByteBufferAsIntBufferL
Event: 3.530 loading class java/nio/ByteBufferAsIntBufferL done
Event: 3.533 loading class jdk/internal/jimage/ImageReader$Directory
Event: 3.533 loading class jdk/internal/jimage/ImageReader$Directory done
Event: 3.558 loading class java/nio/file/FileTreeWalker$DirectoryNode
Event: 3.558 loading class java/nio/file/FileTreeWalker$DirectoryNode done
Event: 3.559 loading class java/nio/file/FileTreeWalker$Event
Event: 3.559 loading class java/nio/file/FileTreeWalker$Event done
Event: 3.559 loading class java/nio/file/FileTreeWalker$EventType
Event: 3.559 loading class java/nio/file/FileTreeWalker$EventType done
Event: 3.559 loading class java/nio/file/Files$3
Event: 3.559 loading class java/nio/file/Files$3 done
Event: 3.559 loading class java/nio/file/FileVisitResult
Event: 3.559 loading class java/nio/file/FileVisitResult done


Dynamic libraries:
0x00007ff6ac220000 - 0x00007ff6ac22e000 	c:\Users\USER\.vscode\extensions\redhat.java-1.28.1-win32-x64\jre\17.0.10-win32-x86_64\bin\java.exe
0x00007ffdbec70000 - 0x00007ffdbee87000 	C:\WINDOWS\SYSTEM32\ntdll.dll
0x00007ffdbcf50000 - 0x00007ffdbd014000 	C:\WINDOWS\System32\KERNEL32.DLL
0x00007ffdbc390000 - 0x00007ffdbc736000 	C:\WINDOWS\System32\KERNELBASE.dll
0x00007ffdbbfb0000 - 0x00007ffdbc0c1000 	C:\WINDOWS\System32\ucrtbase.dll
0x00007ffdabc90000 - 0x00007ffdabca7000 	c:\Users\USER\.vscode\extensions\redhat.java-1.28.1-win32-x64\jre\17.0.10-win32-x86_64\bin\jli.dll
0x00007ffda7f00000 - 0x00007ffda7f1b000 	c:\Users\USER\.vscode\extensions\redhat.java-1.28.1-win32-x64\jre\17.0.10-win32-x86_64\bin\VCRUNTIME140.dll
0x00007ffdbe1a0000 - 0x00007ffdbe34e000 	C:\WINDOWS\System32\USER32.dll
0x00007ffdbc2f0000 - 0x00007ffdbc316000 	C:\WINDOWS\System32\win32u.dll
0x00007ffda4dd0000 - 0x00007ffda5063000 	C:\WINDOWS\WinSxS\amd64_microsoft.windows.common-controls_6595b64144ccf1df_6.0.22621.2506_none_270c5ae97388e100\COMCTL32.dll
0x00007ffdbd200000 - 0x00007ffdbd229000 	C:\WINDOWS\System32\GDI32.dll
0x00007ffdbd0d0000 - 0x00007ffdbd177000 	C:\WINDOWS\System32\msvcrt.dll
0x00007ffdbc8a0000 - 0x00007ffdbc9b8000 	C:\WINDOWS\System32\gdi32full.dll
0x00007ffdbc800000 - 0x00007ffdbc89a000 	C:\WINDOWS\System32\msvcp_win.dll
0x00007ffdbc9c0000 - 0x00007ffdbc9f1000 	C:\WINDOWS\System32\IMM32.DLL
0x00007ffdb70c0000 - 0x00007ffdb70cc000 	c:\Users\USER\.vscode\extensions\redhat.java-1.28.1-win32-x64\jre\17.0.10-win32-x86_64\bin\vcruntime140_1.dll
0x00007ffd9ec80000 - 0x00007ffd9ed0d000 	c:\Users\USER\.vscode\extensions\redhat.java-1.28.1-win32-x64\jre\17.0.10-win32-x86_64\bin\msvcp140.dll
0x00007ffd67520000 - 0x00007ffd68182000 	c:\Users\USER\.vscode\extensions\redhat.java-1.28.1-win32-x64\jre\17.0.10-win32-x86_64\bin\server\jvm.dll
0x00007ffdbe8e0000 - 0x00007ffdbe993000 	C:\WINDOWS\System32\ADVAPI32.dll
0x00007ffdbd020000 - 0x00007ffdbd0c8000 	C:\WINDOWS\System32\sechost.dll
0x00007ffdbc2c0000 - 0x00007ffdbc2e8000 	C:\WINDOWS\System32\bcrypt.dll
0x00007ffdbe350000 - 0x00007ffdbe467000 	C:\WINDOWS\System32\RPCRT4.dll
0x00007ffdb6eb0000 - 0x00007ffdb6eb9000 	C:\WINDOWS\SYSTEM32\WSOCK32.dll
0x00007ffdb3740000 - 0x00007ffdb374a000 	C:\WINDOWS\SYSTEM32\VERSION.dll
0x00007ffdb4ff0000 - 0x00007ffdb5024000 	C:\WINDOWS\SYSTEM32\WINMM.dll
0x00007ffdbae60000 - 0x00007ffdbaead000 	C:\WINDOWS\SYSTEM32\POWRPROF.dll
0x00007ffdbcc70000 - 0x00007ffdbcce1000 	C:\WINDOWS\System32\WS2_32.dll
0x00007ffdbae20000 - 0x00007ffdbae33000 	C:\WINDOWS\SYSTEM32\UMPDC.dll
0x00007ffdbb0e0000 - 0x00007ffdbb0f8000 	C:\WINDOWS\SYSTEM32\kernel.appcore.dll
0x00007ffdb6b50000 - 0x00007ffdb6b5a000 	c:\Users\USER\.vscode\extensions\redhat.java-1.28.1-win32-x64\jre\17.0.10-win32-x86_64\bin\jimage.dll
0x00007ffdb92b0000 - 0x00007ffdb94e3000 	C:\WINDOWS\SYSTEM32\DBGHELP.DLL
0x00007ffdbe550000 - 0x00007ffdbe8d9000 	C:\WINDOWS\System32\combase.dll
0x00007ffdbeb40000 - 0x00007ffdbec17000 	C:\WINDOWS\System32\OLEAUT32.dll
0x00007ffdabc30000 - 0x00007ffdabc62000 	C:\WINDOWS\SYSTEM32\dbgcore.DLL
0x00007ffdbc240000 - 0x00007ffdbc2ba000 	C:\WINDOWS\System32\bcryptPrimitives.dll
0x00007ffdb67a0000 - 0x00007ffdb67ae000 	c:\Users\USER\.vscode\extensions\redhat.java-1.28.1-win32-x64\jre\17.0.10-win32-x86_64\bin\instrument.dll
0x00007ffda7cf0000 - 0x00007ffda7d15000 	c:\Users\USER\.vscode\extensions\redhat.java-1.28.1-win32-x64\jre\17.0.10-win32-x86_64\bin\java.dll
0x00007ffda7cd0000 - 0x00007ffda7ce8000 	c:\Users\USER\.vscode\extensions\redhat.java-1.28.1-win32-x64\jre\17.0.10-win32-x86_64\bin\zip.dll
0x00007ffdbd7d0000 - 0x00007ffdbe02b000 	C:\WINDOWS\System32\SHELL32.dll
0x00007ffdb9ee0000 - 0x00007ffdba7d6000 	C:\WINDOWS\SYSTEM32\windows.storage.dll
0x00007ffdb9da0000 - 0x00007ffdb9ede000 	C:\WINDOWS\SYSTEM32\wintypes.dll
0x00007ffdbccf0000 - 0x00007ffdbcde3000 	C:\WINDOWS\System32\SHCORE.dll
0x00007ffdbd6d0000 - 0x00007ffdbd72e000 	C:\WINDOWS\System32\shlwapi.dll
0x00007ffdbbee0000 - 0x00007ffdbbf06000 	C:\WINDOWS\SYSTEM32\profapi.dll
0x00007ffda7c90000 - 0x00007ffda7ca9000 	C:\Users\USER\.vscode\extensions\redhat.java-1.28.1-win32-x64\jre\17.0.10-win32-x86_64\bin\net.dll
0x00007ffdb5650000 - 0x00007ffdb5787000 	C:\WINDOWS\SYSTEM32\WINHTTP.dll
0x00007ffdbb560000 - 0x00007ffdbb5c9000 	C:\WINDOWS\system32\mswsock.dll
0x00007ffda7ab0000 - 0x00007ffda7ac6000 	C:\Users\USER\.vscode\extensions\redhat.java-1.28.1-win32-x64\jre\17.0.10-win32-x86_64\bin\nio.dll
0x00007ffdb5e80000 - 0x00007ffdb5e90000 	c:\Users\USER\.vscode\extensions\redhat.java-1.28.1-win32-x64\jre\17.0.10-win32-x86_64\bin\verify.dll
0x00007ffd9e7c0000 - 0x00007ffd9e7fe000 	C:\Users\USER\AppData\Roaming\Code\User\globalStorage\redhat.java\1.28.1\config_ss_win\org.eclipse.equinox.launcher\org.eclipse.equinox.launcher.win32.win32.x86_64_1.2.900.v20240129-1338\eclipse_11900.dll
0x00007ffdbe9a0000 - 0x00007ffdbeb40000 	C:\WINDOWS\System32\ole32.dll
0x00007ffdbb7b0000 - 0x00007ffdbb7cb000 	C:\WINDOWS\SYSTEM32\CRYPTSP.dll
0x00007ffdbb040000 - 0x00007ffdbb075000 	C:\WINDOWS\system32\rsaenh.dll
0x00007ffdbb650000 - 0x00007ffdbb67c000 	C:\WINDOWS\SYSTEM32\USERENV.dll
0x00007ffdbb7d0000 - 0x00007ffdbb7dc000 	C:\WINDOWS\SYSTEM32\CRYPTBASE.dll
0x00007ffdbaae0000 - 0x00007ffdbab0d000 	C:\WINDOWS\SYSTEM32\IPHLPAPI.DLL
0x00007ffdbd7c0000 - 0x00007ffdbd7c9000 	C:\WINDOWS\System32\NSI.dll
0x00007ffdb5460000 - 0x00007ffdb5479000 	C:\WINDOWS\SYSTEM32\dhcpcsvc6.DLL
0x00007ffdb5440000 - 0x00007ffdb545f000 	C:\WINDOWS\SYSTEM32\dhcpcsvc.DLL
0x00007ffdbab50000 - 0x00007ffdbac49000 	C:\WINDOWS\SYSTEM32\DNSAPI.dll
0x00007ffd9b170000 - 0x00007ffd9b1b5000 	C:\Users\USER\AppData\Local\Temp\jna-2614219\jna14159466468025504560.dll
0x00007ffdbe4c0000 - 0x00007ffdbe4c8000 	C:\WINDOWS\System32\PSAPI.DLL

dbghelp: loaded successfully - version: 4.0.5 - missing functions: none
symbol engine: initialized successfully - sym options: 0x614 - pdb path: .;c:\Users\USER\.vscode\extensions\redhat.java-1.28.1-win32-x64\jre\17.0.10-win32-x86_64\bin;C:\WINDOWS\SYSTEM32;C:\WINDOWS\WinSxS\amd64_microsoft.windows.common-controls_6595b64144ccf1df_6.0.22621.2506_none_270c5ae97388e100;c:\Users\USER\.vscode\extensions\redhat.java-1.28.1-win32-x64\jre\17.0.10-win32-x86_64\bin\server;C:\Users\USER\AppData\Roaming\Code\User\globalStorage\redhat.java\1.28.1\config_ss_win\org.eclipse.equinox.launcher\org.eclipse.equinox.launcher.win32.win32.x86_64_1.2.900.v20240129-1338;C:\Users\USER\AppData\Local\Temp\jna-2614219

VM Arguments:
jvm_args: --add-modules=ALL-SYSTEM --add-opens=java.base/java.util=ALL-UNNAMED --add-opens=java.base/java.lang=ALL-UNNAMED --add-opens=java.base/sun.nio.fs=ALL-UNNAMED -Declipse.application=org.eclipse.jdt.ls.core.id1 -Dosgi.bundles.defaultStartLevel=4 -Declipse.product=org.eclipse.jdt.ls.core.product -Djava.import.generatesMetadataFilesAtProjectRoot=false -DDetectVMInstallationsJob.disabled=true -Dfile.encoding=utf8 -XX:+UseParallelGC -XX:GCTimeRatio=4 -XX:AdaptiveSizePolicyWeight=90 -Dsun.zip.disableMemoryMapping=true -Xmx1G -Xms100m -Xlog:disable -javaagent:c:\Users\USER\.vscode\extensions\redhat.java-1.28.1-win32-x64\lombok\lombok-1.18.31.jar 
java_command: c:\Users\USER\.vscode\extensions\redhat.java-1.28.1-win32-x64\server\plugins\org.eclipse.equinox.launcher_1.6.700.v20231214-2017.jar -configuration c:\Users\USER\AppData\Roaming\Code\User\globalStorage\redhat.java\1.28.1\config_ss_win -data c:\Users\USER\AppData\Roaming\Code\User\workspaceStorage\2bc9def59a76bb2c09dd8f23c0cd6ce8\redhat.java\ss_ws --stdio
java_class_path (initial): c:\Users\USER\.vscode\extensions\redhat.java-1.28.1-win32-x64\server\plugins\org.eclipse.equinox.launcher_1.6.700.v20231214-2017.jar
Launcher Type: SUN_STANDARD

[Global flags]
    uintx AdaptiveSizePolicyWeight                 = 90                                        {product} {command line}
     intx CICompilerCount                          = 4                                         {product} {ergonomic}
    uintx GCTimeRatio                              = 4                                         {product} {command line}
   size_t InitialHeapSize                          = 104857600                                 {product} {command line}
   size_t MaxHeapSize                              = 1073741824                                {product} {command line}
   size_t MaxNewSize                               = 357564416                                 {product} {ergonomic}
   size_t MinHeapDeltaBytes                        = 524288                                    {product} {ergonomic}
   size_t MinHeapSize                              = 104857600                                 {product} {command line}
   size_t NewSize                                  = 34603008                                  {product} {ergonomic}
    uintx NonNMethodCodeHeapSize                   = 5839372                                {pd product} {ergonomic}
    uintx NonProfiledCodeHeapSize                  = 122909434                              {pd product} {ergonomic}
   size_t OldSize                                  = 70254592                                  {product} {ergonomic}
    uintx ProfiledCodeHeapSize                     = 122909434                              {pd product} {ergonomic}
    uintx ReservedCodeCacheSize                    = 251658240                              {pd product} {ergonomic}
     bool SegmentedCodeCache                       = true                                      {product} {ergonomic}
   size_t SoftMaxHeapSize                          = 1073741824                             {manageable} {ergonomic}
     bool UseCompressedClassPointers               = true                           {product lp64_product} {ergonomic}
     bool UseCompressedOops                        = true                           {product lp64_product} {ergonomic}
     bool UseLargePagesIndividualAllocation        = false                                  {pd product} {ergonomic}
     bool UseParallelGC                            = true                                      {product} {command line}

Logging:
Log output configuration:
 #0: stdout all=off uptime,level,tags
 #1: stderr all=off uptime,level,tags

Environment Variables:
PATH=C:\Program Files\Common Files\Oracle\Java\javapath;C:\Windows\system32;C:\Windows;C:\Windows\System32\Wbem;C:\Windows\System32\WindowsPowerShell\v1.0\;C:\Windows\System32\OpenSSH\;C:\Program Files (x86)\NVIDIA Corporation\PhysX\Common;C:\Program Files\NVIDIA Corporation\NVIDIA NvDLISR;C:\WINDOWS\system32;C:\WINDOWS;C:\WINDOWS\System32\Wbem;C:\WINDOWS\System32\WindowsPowerShell\v1.0\;C:\WINDOWS\System32\OpenSSH\;C:\Program Files\Git\cmd;C:\Program Files\dotnet\;C:\MinGW\bin;C:\Users\USER\AppData\Local\Microsoft\WindowsApps;;C:\Users\USER\AppData\Local\Programs\Microsoft VS Code\bin
USERNAME=USER
OS=Windows_NT
PROCESSOR_IDENTIFIER=Intel64 Family 6 Model 154 Stepping 3, GenuineIntel
TMP=C:\Users\USER\AppData\Local\Temp
TEMP=C:\Users\USER\AppData\Local\Temp



Periodic native trim disabled


---------------  S Y S T E M  ---------------

OS:
 Windows 11 , 64 bit Build 22621 (10.0.22621.3085)
OS uptime: 0 days 7:06 hours
Hyper-V role detected

CPU: total 12 (initial active 12) (6 cores per cpu, 2 threads per core) family 6 model 154 stepping 3 microcode 0x41c, cx8, cmov, fxsr, ht, mmx, 3dnowpref, sse, sse2, sse3, ssse3, sse4.1, sse4.2, popcnt, lzcnt, tsc, tscinvbit, avx, avx2, aes, erms, clmul, bmi1, bmi2, adx, sha, fma, vzeroupper, clflush, clflushopt, clwb, hv
Processor Information for processor 0
  Max Mhz: 2000, Current Mhz: 2000, Mhz Limit: 2000
Processor Information for processor 1
  Max Mhz: 2000, Current Mhz: 2000, Mhz Limit: 2000
Processor Information for processor 2
  Max Mhz: 2000, Current Mhz: 2000, Mhz Limit: 2000
Processor Information for processor 3
  Max Mhz: 2000, Current Mhz: 2000, Mhz Limit: 2000
Processor Information for processor 4
  Max Mhz: 2000, Current Mhz: 2000, Mhz Limit: 2000
Processor Information for processor 5
  Max Mhz: 2000, Current Mhz: 2000, Mhz Limit: 2000
Processor Information for processor 6
  Max Mhz: 2000, Current Mhz: 2000, Mhz Limit: 2000
Processor Information for processor 7
  Max Mhz: 2000, Current Mhz: 2000, Mhz Limit: 2000
Processor Information for processor 8
  Max Mhz: 2000, Current Mhz: 1500, Mhz Limit: 1500
Processor Information for processor 9
  Max Mhz: 2000, Current Mhz: 1500, Mhz Limit: 1500
Processor Information for processor 10
  Max Mhz: 2000, Current Mhz: 1500, Mhz Limit: 1500
Processor Information for processor 11
  Max Mhz: 2000, Current Mhz: 1500, Mhz Limit: 1500

Memory: 4k page, system-wide physical 7814M (1052M free)
TotalPageFile size 31366M (AvailPageFile size 178M)
current process WorkingSet (physical memory assigned to process): 162M, peak: 162M
current process commit charge ("private bytes"): 267M, peak: 267M

vm_info: OpenJDK 64-Bit Server VM (17.0.10+7) for windows-amd64 JRE (17.0.10+7), built on Jan 16 2024 23:25:11 by "admin" with MS VC++ 16.10 / 16.11 (VS2019)

END.
